 ------------------------------------------------------------------------------ 
 COSMOtherm Version C30-1701 (revision 3140)
 ------------------------------------------------------------------------------ 
 written by Frank Eckert, Andreas Klamt, Larissa Koch, Selman Terzi
 Copyright (C) 1999-2017, COSMOlogic GmbH & Co. KG

 Job-Name   : !! Calculation of Gfus of AZ13530968 in Butanone [MEK] (ID:41). !!
 Job-Date   : 03/21/2017
 Job-Time   : 11:16:22
 Hostname   : ukmcdwlx007
 OS-Type    : linux
 Executable : Linux 64-bit

 Reading COSMOtherm parameter file BP_TZVPD_FINE_C30_1701.ctd from directory /apps/cosmologic/COSMOthermX17/COSMOtherm/CTDATA-FILES/
 Info: # COSMOtherm parameter file BP_TZVPD_FINE_C30_1701.ctd for BP-TZVPD-FINE (BP-TZVP optimized) COSMO files                                              

 Reading COSMOtherm license key license.txt from directory /apps/cosmologic/COSMOthermX17/licensefiles/

 COSMOtherm license key expiration date 22-dec-2018
 COSMOtherm license key version 17.0
 Customer : AstraZeneca
 ID       : 100905

 License keys:
  product                   |    licensed version    | status
 ------------------------------------------------------------------------------ 
  COSMOtherm                |          17.0          | active
  TURBOMOLE                 |          7.1           | active
  COSMOconf                 |          4.1           | active
 ------------------------------------------------------------------------------ 


 Reading COSMO information for molecule 1 from file /dbs/AZcosmotherm/AZ_BP_TZVPD-FINE/a/AZ13530968_c0.cosmo
 Reading gas phase energy information for molecule 1 from file /dbs/AZcosmotherm/AZ_BP_TZVPD-FINE/a/AZ13530968_c0.energy

 Compound Information for compound 1 conformer 1 (COSMO file /dbs/AZcosmotherm/AZ_BP_TZVPD-FINE/a/AZ13530968_c0.cosmo)
 Atomic weights         : 111111111111111111111111111111111111111111111
 E_COSMO+dE             : -2.2047545908809612E+06 kcal/mol
 E_gas                  : -2.2047407758595427E+06 kcal/mol
 E_COSMO-E_gas+dE       : -1.3815021418500692E+01 kcal/mol
 E_diel                 : -1.8741097682544183E+01 kcal/mol
 Averaging corr dE      :  1.1080556917143740E+00 kcal/mol
 EvdW in continuum      : -3.5869582409676792E+02 kcal/mol
 Area                   :  3.4755790236900066E+02 A^2
 Volume                 :  4.0289052007962806E+02 A^3
 Molecular Weight       :  3.7629256400000003E+02 a.m.u.
 Total COSMO charge     :  2.8206111837914350E-03 a.u.
 Dipole moment (t,x,y,z):   7.17471E+00  4.88760E-01  7.15649E+00 -1.49195E-01 Debye                     
 Sigma moments (1-6)    :   6.62526E-14  1.26082E+02  4.57635E+01  2.08980E+02  1.75017E+02  5.52993E+02 
 H-bond moment (accept) :  6.7616750700730961E+00
 H-bond moment (donor)  :  2.3418698075613533E+00


 Reading COSMO information for molecule 2 from file /dbs/AZcosmotherm/AZ_BP_TZVPD-FINE/a/AZ13530968_c1.cosmo
 Reading gas phase energy information for molecule 2 from file /dbs/AZcosmotherm/AZ_BP_TZVPD-FINE/a/AZ13530968_c1.energy

 Compound Information for compound 1 conformer 2 (COSMO file /dbs/AZcosmotherm/AZ_BP_TZVPD-FINE/a/AZ13530968_c1.cosmo)
 Atomic weights         : 111111111111111111111111111111111111111111111
 E_COSMO+dE             : -2.2047512413992281E+06 kcal/mol
 E_gas                  : -2.2047383753013550E+06 kcal/mol
 E_COSMO-E_gas+dE       : -1.2866097873076797E+01 kcal/mol
 E_diel                 : -1.7660782740455844E+01 kcal/mol
 Averaging corr dE      :  1.0676646047629947E+00 kcal/mol
 EvdW in continuum      : -3.5141710084911767E+02 kcal/mol
 Area                   :  3.4092533972000086E+02 A^2
 Volume                 :  4.0306834173301530E+02 A^3
 Molecular Weight       :  3.7629256400000003E+02 a.m.u.
 Total COSMO charge     :  3.0803784690760063E-03 a.u.
 Dipole moment (t,x,y,z):   7.74371E+00 -4.36480E+00 -6.19843E+00  1.57892E+00 Debye                     
 Sigma moments (1-6)    :   1.61537E-14  1.15954E+02  3.55562E+01  1.85701E+02  1.44749E+02  4.84586E+02 
 H-bond moment (accept) :  5.5908276593953437E+00
 H-bond moment (donor)  :  2.1977940140201802E+00


 Reading COSMO information for molecule 3 from file /dbs/AZcosmotherm/AZ_BP_TZVPD-FINE/a/AZ13530968_c2.cosmo
 Reading gas phase energy information for molecule 3 from file /dbs/AZcosmotherm/AZ_BP_TZVPD-FINE/a/AZ13530968_c2.energy

 Compound Information for compound 1 conformer 3 (COSMO file /dbs/AZcosmotherm/AZ_BP_TZVPD-FINE/a/AZ13530968_c2.cosmo)
 Atomic weights         : 111111111111111111111111111111111111111111111
 E_COSMO+dE             : -2.2047494696116853E+06 kcal/mol
 E_gas                  : -2.2047358857822344E+06 kcal/mol
 E_COSMO-E_gas+dE       : -1.3583829450886697E+01 kcal/mol
 E_diel                 : -1.8510678826816303E+01 kcal/mol
 Averaging corr dE      :  1.0973693821534591E+00 kcal/mol
 EvdW in continuum      : -3.5676861025593655E+02 kcal/mol
 Area                   :  3.4596571778000055E+02 A^2
 Volume                 :  4.0336322930821598E+02 A^3
 Molecular Weight       :  3.7629256400000003E+02 a.m.u.
 Total COSMO charge     :  2.4033856911052707E-03 a.u.
 Dipole moment (t,x,y,z):   7.34088E+00 -4.69042E+00 -5.64665E+00 -6.21380E-02 Debye                     
 Sigma moments (1-6)    :   7.86905E-14  1.23492E+02  4.46705E+01  2.02476E+02  1.74512E+02  5.37388E+02 
 H-bond moment (accept) :  6.4082977499049703E+00
 H-bond moment (donor)  :  2.1788107554402876E+00


 Reading COSMO information for molecule 4 from file /apps/cosmologic/COSMOthermX17/COSMOtherm/DATABASE-COSMO/BP-TZVPD-FINE/b/butanone_c0.cosmo
 Reading gas phase energy information for molecule 4 from file /apps/cosmologic/COSMOthermX17/COSMOtherm/DATABASE-COSMO/BP-TZVPD-FINE/b/butanone_c0.energy
 Reading vapor pressure and property information for compound 2 from file /apps/cosmologic/COSMOthermX17/COSMOtherm/DATABASE-COSMO/BP-TZVPD-FINE/b/butanone.vap
 Free energy of fusion for pure compound 2 (DGFUS = 0.0000000000000000E+00 kcal/mol)
 Enthalpy of fusion for pure compound 2 (DHFUS = 2.0040630975143401E+00 kcal/mol)
 Wagner equation coefficients ([mbar]/[K]) for compound 2:     42070.0000       536.7800        -7.7148         1.7106        -3.6877        -0.7517
 Vapor Pressure [mbar] / Temperature [°C] input for compound 2:
                0.1000           -68.0000
               10.0000           -18.1000
             1000.0000            79.2000
 Antoine equation coefficients (in [mbar]/[K]) for compound 2:        16.6039      2929.8150       -50.1863
 Minimum interpolative temperature for vapor pressure estimation of compound 2:     205.150 K
 Maximum interpolative temperature for vapor pressure estimation of compound 2:     352.350 K
 Minimum temperature for vapor pressure estimation of pure compound 2 (TPVMIN = 2.5500000000000000E+02 K)
 Maximum temperature for vapor pressure estimation of pure compound 2 (TPVMAX = 5.3700000000000000E+02 K)
 UNIQUAC volume parameter for compound 2 (UNIQUAC_RI = 3.2479000000000000E+00)
 UNIQUAC surface parameter for compound 2 (UNIQUAC_QI = 2.8759999999999999E+00)
 Boiling temperature of compound 2 (TBOIL = 3.5264999999999998E+02 K)
 Melting temperature of compound 2 (TMELT = 1.8654999999999998E+02 K)
 Experimental dielectric constant for molecule 4   EPSILON = 1.8199999999999999E+01
 Critical temperature of compound 2 (TCRIT = 5.3550000000000000E+02 K)
 Critical pressure of compound 2 (PCRIT = 4.1500000000000000E+04 mbar)

 Compound Information for compound 2 (COSMO file /apps/cosmologic/COSMOthermX17/COSMOtherm/DATABASE-COSMO/BP-TZVPD-FINE/b/butanone_c0.cosmo)
 Atomic weights         : 1111111111111
 E_COSMO+dE             : -1.4594561453152570E+05 kcal/mol
 E_gas                  : -1.4594004486815346E+05 kcal/mol
 E_COSMO-E_gas+dE       : -5.5696633722400293E+00 kcal/mol
 E_diel                 : -7.8051330609140566E+00 kcal/mol
 Averaging corr dE      :  2.9293737475542847E-01 kcal/mol
 EvdW in continuum      : -1.1862566359759137E+02 kcal/mol
 Area                   :  1.2252579597799998E+02 A^2
 Volume                 :  1.0866829423209664E+02 A^3
 Molecular Weight       :  7.2106126000000003E+01 a.m.u.
 Total COSMO charge     :  3.9514389313183518E-04 a.u.
 Dipole moment (t,x,y,z):   4.18806E+00  6.98293E-01  4.20755E-01  4.10794E+00 Debye                     
 Sigma moments (1-6)    :   2.09832E-14  4.53958E+01  3.42883E+01  6.22031E+01  7.97453E+01  1.22250E+02 
 H-bond moment (accept) :  2.4963043582424862E+00
 H-bond moment (donor)  :  0.0000000000000000E+00


 Total number of processed compounds:    2
 Total number of processed molecules:    4


----------------
 START job     1
----------------

 ----------------------------------------------------
 Automatic computation of solubities in compound    2
 Computing liquid-liquid solubilities: Heats of fusion are assumed to be zero
 Computing heat of fusion from given reference solubility of AZ13530968         
 Reference solubility in given solvent =  4.135E-03 [g/g]   
 log(x_Ref) =   -3.101
 ----------------------------------------------------



 Results for mixture 1
 ---------------------
 Temperature          :    300.150 K

 Compound Nr.         :                       1                      2
 Compound             :  AZ13530968             butanone              
 Mole Fraction        :  1.0000000000000000E+00 0.0000000000000000E+00

 Compound:  1  (AZ13530968)
 Mole Fraction of the compound in the mixture      :  1.0000000000000000E+00
 Chemical potential of the compound in the mixture : -7.1710377574966913E+00 kcal/mol
 Log10(partial pressure [mbar])                    : -1.0164398645559938E+01
 Free energy of molecule in mix (E_COSMO+dE+Mu)    : -2.2047617619187185E+06 kcal/mol
 Total mean interaction energy in the mix (H_int)  : -1.8434460779094859E+01 kcal/mol
 Misfit interaction energy in the mix (H_MF)       :  5.3767897493174202E+00 kcal/mol
 H-Bond interaction energy in the mix (H_HB)       : -3.0728051661645113E+00 kcal/mol
 VdW interaction energy in the mix (H_vdW)         : -2.0754257339033753E+01 kcal/mol
 Ring correction                                   : -2.2232394000000002E+00 kcal/mol




 Results for mixture 2
 ---------------------
 Temperature          :    300.150 K

 Compound Nr.         :                       1                      2
 Compound             :  AZ13530968             butanone              
 Mole Fraction        :  0.0000000000000000E+00 1.0000000000000000E+00

 Compound:  2  (butanone)
 Mole Fraction of the compound in the mixture      :  1.0000000000000000E+00
 Chemical potential of the compound in the mixture : -9.3578600024570135E-01 kcal/mol
 Log10(partial pressure [mbar])                    :  1.9902166217760402E+00
 Free energy of molecule in mix (E_COSMO+dE+Mu)    : -1.4594655031752595E+05 kcal/mol
 Total mean interaction energy in the mix (H_int)  : -2.8072514283688048E+00 kcal/mol
 Misfit interaction energy in the mix (H_MF)       :  2.8071857837213665E+00 kcal/mol
 H-Bond interaction energy in the mix (H_HB)       : -3.9069128814226653E-04 kcal/mol
 VdW interaction energy in the mix (H_vdW)         : -5.6140465208020291E+00 kcal/mol
 Ring correction                                   :  0.0000000000000000E+00 kcal/mol




 Results for mixture 3
 ---------------------
 Temperature          :    298.150 K

 Compound Nr.         :                       1                      2
 Compound             :  AZ13530968             butanone              
 Mole Fraction        :  0.0000000000000000E+00 1.0000000000000000E+00

 Compound:  1  (AZ13530968)
 Mole Fraction of the compound in the mixture      :  0.0000000000000000E+00
 Chemical potential of the compound in the mixture : -7.3099639646143340E+00 kcal/mol
 Log10(partial pressure [mbar])                    : -1.0378371283859140E+01
 Free energy of molecule in mix (E_COSMO+dE+Mu)    : -2.2047619008449255E+06 kcal/mol
 Total mean interaction energy in the mix (H_int)  : -1.3343765635520450E+01 kcal/mol
 Misfit interaction energy in the mix (H_MF)       :  6.2357341575642780E+00 kcal/mol
 H-Bond interaction energy in the mix (H_HB)       : -1.4678628727583523E+00 kcal/mol
 VdW interaction energy in the mix (H_vdW)         : -1.8131536193430488E+01 kcal/mol
 Ring correction                                   : -2.2232394000000006E+00 kcal/mol

 Compound:  2  (butanone)
 Mole Fraction of the compound in the mixture      :  1.0000000000000000E+00
 Chemical potential of the compound in the mixture : -9.4829435258272199E-01 kcal/mol
 Log10(partial pressure [mbar])                    :  1.9507042450765777E+00
 Free energy of molecule in mix (E_COSMO+dE+Mu)    : -1.4594656282587830E+05 kcal/mol
 Total mean interaction energy in the mix (H_int)  : -2.8186610496351689E+00 kcal/mol
 Misfit interaction energy in the mix (H_MF)       :  2.8025852902807959E+00 kcal/mol
 H-Bond interaction energy in the mix (H_HB)       : -4.4971417542335730E-04 kcal/mol
 VdW interaction energy in the mix (H_vdW)         : -5.6207966257405415E+00 kcal/mol
 Ring correction                                   :  0.0000000000000000E+00 kcal/mol




 Results for mixture 4
 ---------------------
 Temperature          :    300.150 K

 Compound Nr.         :                       1                      2
 Compound             :  AZ13530968             butanone              
 Mole Fraction        :  7.9226435821321624E-04 9.9920773564178678E-01

 Compound:  1  (AZ13530968)
 Mole Fraction of the compound in the mixture      :  7.9226435821321624E-04
 Chemical potential of the compound in the mixture : -7.2314322843515857E+00 kcal/mol
 Log10(partial pressure [mbar])                    : -1.0208373173052303E+01
 Free energy of molecule in mix (E_COSMO+dE+Mu)    : -2.2047618223132454E+06 kcal/mol
 Total mean interaction energy in the mix (H_int)  : -1.3300340943332694E+01 kcal/mol
 Misfit interaction energy in the mix (H_MF)       :  6.2557858767132455E+00 kcal/mol
 H-Bond interaction energy in the mix (H_HB)       : -1.4609035771758310E+00 kcal/mol
 VdW interaction energy in the mix (H_vdW)         : -1.8115915312031103E+01 kcal/mol
 Ring correction                                   : -2.2232394000000006E+00 kcal/mol
 Log10(x_Solubility)                               : -3.1011298813440176E+00
 w_Solubility [g(Solute)/g(Solution)]              :  4.1377838877133836E-03

 Compound:  2  (butanone)
 Mole Fraction of the compound in the mixture      :  9.9920773564178678E-01
 Chemical potential of the compound in the mixture : -9.3578863972211357E-01 kcal/mol
 Log10(partial pressure [mbar])                    :  1.9902146999176518E+00
 Free energy of molecule in mix (E_COSMO+dE+Mu)    : -1.4594655032016544E+05 kcal/mol
 Total mean interaction energy in the mix (H_int)  : -2.8110652644775915E+00 kcal/mol
 Misfit interaction energy in the mix (H_MF)       :  2.8062965497466097E+00 kcal/mol
 H-Bond interaction energy in the mix (H_HB)       : -1.5328643430662131E-03 kcal/mol
 VdW interaction energy in the mix (H_vdW)         : -5.6158289498811351E+00 kcal/mol
 Ring correction                                   :  0.0000000000000000E+00 kcal/mol
 Log10(x_Solubility)                               :  0.0000000000000000E+00


----------------
 END job       1
----------------
