 ------------------------------------------------------------------------------ 
 COSMOtherm Version C30-1701 (revision 3140)
 ------------------------------------------------------------------------------ 
 written by Frank Eckert, Andreas Klamt, Larissa Koch, Selman Terzi
 Copyright (C) 1999-2017, COSMOlogic GmbH & Co. KG

 Job-Name   : !! Calculation of Gfus of AZ13530968 in DMF [N,N-Dimethylformamide] (ID:80). !!
 Job-Date   : 03/21/2017
 Job-Time   : 11:18:20
 Hostname   : ukmcdwlx007
 OS-Type    : linux
 Executable : Linux 64-bit

 Reading COSMOtherm parameter file BP_TZVPD_FINE_C30_1701.ctd from directory /apps/cosmologic/COSMOthermX17/COSMOtherm/CTDATA-FILES/
 Info: # COSMOtherm parameter file BP_TZVPD_FINE_C30_1701.ctd for BP-TZVPD-FINE (BP-TZVP optimized) COSMO files                                              

 Reading COSMOtherm license key license.txt from directory /apps/cosmologic/COSMOthermX17/licensefiles/

 COSMOtherm license key expiration date 22-dec-2018
 COSMOtherm license key version 17.0
 Customer : AstraZeneca
 ID       : 100905

 License keys:
  product                   |    licensed version    | status
 ------------------------------------------------------------------------------ 
  COSMOtherm                |          17.0          | active
  TURBOMOLE                 |          7.1           | active
  COSMOconf                 |          4.1           | active
 ------------------------------------------------------------------------------ 


 Reading COSMO information for molecule 1 from file /dbs/AZcosmotherm/AZ_BP_TZVPD-FINE/a/AZ13530968_c0.cosmo
 Reading gas phase energy information for molecule 1 from file /dbs/AZcosmotherm/AZ_BP_TZVPD-FINE/a/AZ13530968_c0.energy

 Compound Information for compound 1 conformer 1 (COSMO file /dbs/AZcosmotherm/AZ_BP_TZVPD-FINE/a/AZ13530968_c0.cosmo)
 Atomic weights         : 111111111111111111111111111111111111111111111
 E_COSMO+dE             : -2.2047545908809612E+06 kcal/mol
 E_gas                  : -2.2047407758595427E+06 kcal/mol
 E_COSMO-E_gas+dE       : -1.3815021418500692E+01 kcal/mol
 E_diel                 : -1.8741097682544183E+01 kcal/mol
 Averaging corr dE      :  1.1080556917143740E+00 kcal/mol
 EvdW in continuum      : -3.5869582409676792E+02 kcal/mol
 Area                   :  3.4755790236900066E+02 A^2
 Volume                 :  4.0289052007962806E+02 A^3
 Molecular Weight       :  3.7629256400000003E+02 a.m.u.
 Total COSMO charge     :  2.8206111837914350E-03 a.u.
 Dipole moment (t,x,y,z):   7.17471E+00  4.88760E-01  7.15649E+00 -1.49195E-01 Debye                     
 Sigma moments (1-6)    :   6.62526E-14  1.26082E+02  4.57635E+01  2.08980E+02  1.75017E+02  5.52993E+02 
 H-bond moment (accept) :  6.7616750700730961E+00
 H-bond moment (donor)  :  2.3418698075613533E+00


 Reading COSMO information for molecule 2 from file /dbs/AZcosmotherm/AZ_BP_TZVPD-FINE/a/AZ13530968_c1.cosmo
 Reading gas phase energy information for molecule 2 from file /dbs/AZcosmotherm/AZ_BP_TZVPD-FINE/a/AZ13530968_c1.energy

 Compound Information for compound 1 conformer 2 (COSMO file /dbs/AZcosmotherm/AZ_BP_TZVPD-FINE/a/AZ13530968_c1.cosmo)
 Atomic weights         : 111111111111111111111111111111111111111111111
 E_COSMO+dE             : -2.2047512413992281E+06 kcal/mol
 E_gas                  : -2.2047383753013550E+06 kcal/mol
 E_COSMO-E_gas+dE       : -1.2866097873076797E+01 kcal/mol
 E_diel                 : -1.7660782740455844E+01 kcal/mol
 Averaging corr dE      :  1.0676646047629947E+00 kcal/mol
 EvdW in continuum      : -3.5141710084911767E+02 kcal/mol
 Area                   :  3.4092533972000086E+02 A^2
 Volume                 :  4.0306834173301530E+02 A^3
 Molecular Weight       :  3.7629256400000003E+02 a.m.u.
 Total COSMO charge     :  3.0803784690760063E-03 a.u.
 Dipole moment (t,x,y,z):   7.74371E+00 -4.36480E+00 -6.19843E+00  1.57892E+00 Debye                     
 Sigma moments (1-6)    :   1.61537E-14  1.15954E+02  3.55562E+01  1.85701E+02  1.44749E+02  4.84586E+02 
 H-bond moment (accept) :  5.5908276593953437E+00
 H-bond moment (donor)  :  2.1977940140201802E+00


 Reading COSMO information for molecule 3 from file /dbs/AZcosmotherm/AZ_BP_TZVPD-FINE/a/AZ13530968_c2.cosmo
 Reading gas phase energy information for molecule 3 from file /dbs/AZcosmotherm/AZ_BP_TZVPD-FINE/a/AZ13530968_c2.energy

 Compound Information for compound 1 conformer 3 (COSMO file /dbs/AZcosmotherm/AZ_BP_TZVPD-FINE/a/AZ13530968_c2.cosmo)
 Atomic weights         : 111111111111111111111111111111111111111111111
 E_COSMO+dE             : -2.2047494696116853E+06 kcal/mol
 E_gas                  : -2.2047358857822344E+06 kcal/mol
 E_COSMO-E_gas+dE       : -1.3583829450886697E+01 kcal/mol
 E_diel                 : -1.8510678826816303E+01 kcal/mol
 Averaging corr dE      :  1.0973693821534591E+00 kcal/mol
 EvdW in continuum      : -3.5676861025593655E+02 kcal/mol
 Area                   :  3.4596571778000055E+02 A^2
 Volume                 :  4.0336322930821598E+02 A^3
 Molecular Weight       :  3.7629256400000003E+02 a.m.u.
 Total COSMO charge     :  2.4033856911052707E-03 a.u.
 Dipole moment (t,x,y,z):   7.34088E+00 -4.69042E+00 -5.64665E+00 -6.21380E-02 Debye                     
 Sigma moments (1-6)    :   7.86905E-14  1.23492E+02  4.46705E+01  2.02476E+02  1.74512E+02  5.37388E+02 
 H-bond moment (accept) :  6.4082977499049703E+00
 H-bond moment (donor)  :  2.1788107554402876E+00


 Reading COSMO information for molecule 4 from file /apps/cosmologic/COSMOthermX17/COSMOtherm/DATABASE-COSMO/BP-TZVPD-FINE/d/dimethylformamide_c0.cosmo
 Reading gas phase energy information for molecule 4 from file /apps/cosmologic/COSMOthermX17/COSMOtherm/DATABASE-COSMO/BP-TZVPD-FINE/d/dimethylformamide_c0.energy
 Reading vapor pressure and property information for compound 2 from file /apps/cosmologic/COSMOthermX17/COSMOtherm/DATABASE-COSMO/BP-TZVPD-FINE/d/dimethylformamide.vap
 Free energy of fusion for pure compound 2 (DGFUS = 0.0000000000000000E+00 kcal/mol)
 Enthalpy of fusion for pure compound 2 (DHFUS = 3.8609942638623322E+00 kcal/mol)
 Vapor Pressure [mbar] / Temperature [°C] input for compound 2:
                0.1000           -20.0000
               10.0000            38.0000
             1000.0000           152.6000
 Antoine equation coefficients (in [mbar]/[K]) for compound 2:        16.3459      3298.3461       -76.2807
 Minimum interpolative temperature for vapor pressure estimation of compound 2:     253.150 K
 Maximum interpolative temperature for vapor pressure estimation of compound 2:     425.750 K
 Boiling temperature of compound 2 (TBOIL = 4.2614999999999998E+02 K)
 Melting temperature of compound 2 (TMELT = 2.1274999999999997E+02 K)
 Experimental dielectric constant for molecule 4   EPSILON = 3.7200000000000003E+01
 Critical temperature of compound 2 (TCRIT = 6.4959999999999991E+02 K)
 Critical pressure of compound 2 (PCRIT = 4.2658200000000004E+04 mbar)

 Compound Information for compound 2 (COSMO file /apps/cosmologic/COSMOthermX17/COSMOtherm/DATABASE-COSMO/BP-TZVPD-FINE/d/dimethylformamide_c0.cosmo)
 Atomic weights         : 111111111111
 E_COSMO+dE             : -1.5602434629132040E+05 kcal/mol
 E_gas                  : -1.5601652358499172E+05 kcal/mol
 E_COSMO-E_gas+dE       : -7.8227063286758494E+00 kcal/mol
 E_diel                 : -1.1274034044536531E+01 kcal/mol
 Averaging corr dE      :  3.3945861482656564E-01 kcal/mol
 EvdW in continuum      : -1.1516899238610777E+02 kcal/mol
 Area                   :  1.1709288569099998E+02 A^2
 Volume                 :  1.0296021915836398E+02 A^3
 Molecular Weight       :  7.3094119000000006E+01 a.m.u.
 Total COSMO charge     : -2.6772303289292589E-04 a.u.
 Dipole moment (t,x,y,z):   5.86730E+00  5.74858E-01 -5.83907E+00  7.29225E-03 Debye                     
 Sigma moments (1-6)    :   5.74540E-15  6.00204E+01  5.65701E+01  1.07994E+02  1.57059E+02  2.60093E+02 
 H-bond moment (accept) :  4.0769258747025416E+00
 H-bond moment (donor)  :  0.0000000000000000E+00


 Total number of processed compounds:    2
 Total number of processed molecules:    4


----------------
 START job     1
----------------

 ----------------------------------------------------
 Automatic computation of solubities in compound    2
 Computing liquid-liquid solubilities: Heats of fusion are assumed to be zero
 Computing heat of fusion from given reference solubility of AZ13530968         
 Reference solubility in given solvent =  2.385E-02 [g/g]   
 log(x_Ref) =   -2.334
 ----------------------------------------------------



 Results for mixture 1
 ---------------------
 Temperature          :    300.150 K

 Compound Nr.         :                       1                      2
 Compound             :  AZ13530968             dimethylformamide     
 Mole Fraction        :  1.0000000000000000E+00 0.0000000000000000E+00

 Compound:  1  (AZ13530968)
 Mole Fraction of the compound in the mixture      :  1.0000000000000000E+00
 Chemical potential of the compound in the mixture : -7.1710377574966913E+00 kcal/mol
 Log10(partial pressure [mbar])                    : -1.0164398645559938E+01
 Free energy of molecule in mix (E_COSMO+dE+Mu)    : -2.2047617619187185E+06 kcal/mol
 Total mean interaction energy in the mix (H_int)  : -1.8434460779094859E+01 kcal/mol
 Misfit interaction energy in the mix (H_MF)       :  5.3767897493174202E+00 kcal/mol
 H-Bond interaction energy in the mix (H_HB)       : -3.0728051661645113E+00 kcal/mol
 VdW interaction energy in the mix (H_vdW)         : -2.0754257339033753E+01 kcal/mol
 Ring correction                                   : -2.2232394000000002E+00 kcal/mol




 Results for mixture 2
 ---------------------
 Temperature          :    300.150 K

 Compound Nr.         :                       1                      2
 Compound             :  AZ13530968             dimethylformamide     
 Mole Fraction        :  0.0000000000000000E+00 1.0000000000000000E+00

 Compound:  2  (dimethylformamide)
 Mole Fraction of the compound in the mixture      :  1.0000000000000000E+00
 Chemical potential of the compound in the mixture : -9.4333534266747510E-02 kcal/mol
 Log10(partial pressure [mbar])                    :  9.6240784400883195E-01
 Free energy of molecule in mix (E_COSMO+dE+Mu)    : -1.5602444062485467E+05 kcal/mol
 Total mean interaction energy in the mix (H_int)  : -2.1296735411413250E+00 kcal/mol
 Misfit interaction energy in the mix (H_MF)       :  3.5927823293778980E+00 kcal/mol
 H-Bond interaction energy in the mix (H_HB)       :  2.4403672803593086E-02 kcal/mol
 VdW interaction energy in the mix (H_vdW)         : -5.7468595433228167E+00 kcal/mol
 Ring correction                                   :  0.0000000000000000E+00 kcal/mol




 Results for mixture 3
 ---------------------
 Temperature          :    298.150 K

 Compound Nr.         :                       1                      2
 Compound             :  AZ13530968             dimethylformamide     
 Mole Fraction        :  0.0000000000000000E+00 1.0000000000000000E+00

 Compound:  1  (AZ13530968)
 Mole Fraction of the compound in the mixture      :  0.0000000000000000E+00
 Chemical potential of the compound in the mixture : -8.0201268688592808E+00 kcal/mol
 Log10(partial pressure [mbar])                    : -1.0898924477612418E+01
 Free energy of molecule in mix (E_COSMO+dE+Mu)    : -2.2047626110078301E+06 kcal/mol
 Total mean interaction energy in the mix (H_int)  : -1.3514752531583200E+01 kcal/mol
 Misfit interaction energy in the mix (H_MF)       :  7.2717447796948811E+00 kcal/mol
 H-Bond interaction energy in the mix (H_HB)       : -1.9794060661709716E+00 kcal/mol
 VdW interaction energy in the mix (H_vdW)         : -1.8824412995698300E+01 kcal/mol
 Ring correction                                   : -2.2232394000000002E+00 kcal/mol

 Compound:  2  (dimethylformamide)
 Mole Fraction of the compound in the mixture      :  1.0000000000000000E+00
 Chemical potential of the compound in the mixture : -1.0793672949439181E-01 kcal/mol
 Log10(partial pressure [mbar])                    :  9.1519836657069886E-01
 Free energy of molecule in mix (E_COSMO+dE+Mu)    : -1.5602445422804990E+05 kcal/mol
 Total mean interaction energy in the mix (H_int)  : -2.1419496477794677E+00 kcal/mol
 Misfit interaction energy in the mix (H_MF)       :  3.5876919985620601E+00 kcal/mol
 H-Bond interaction energy in the mix (H_HB)       :  2.4263535009460144E-02 kcal/mol
 VdW interaction energy in the mix (H_vdW)         : -5.7539051813509881E+00 kcal/mol
 Ring correction                                   :  0.0000000000000000E+00 kcal/mol




 Results for mixture 4
 ---------------------
 Temperature          :    300.150 K

 Compound Nr.         :                       1                      2
 Compound             :  AZ13530968             dimethylformamide     
 Mole Fraction        :  4.6319537307258395E-03 9.9536804626927411E-01

 Compound:  1  (AZ13530968)
 Mole Fraction of the compound in the mixture      :  4.6319537307258395E-03
 Chemical potential of the compound in the mixture : -7.9116901918767537E+00 kcal/mol
 Log10(partial pressure [mbar])                    : -1.0703683288292336E+01
 Free energy of molecule in mix (E_COSMO+dE+Mu)    : -2.2047625025711530E+06 kcal/mol
 Total mean interaction energy in the mix (H_int)  : -1.3532189936599138E+01 kcal/mol
 Misfit interaction energy in the mix (H_MF)       :  7.2729626728444776E+00 kcal/mol
 H-Bond interaction energy in the mix (H_HB)       : -1.9965104599985684E+00 kcal/mol
 VdW interaction energy in the mix (H_vdW)         : -1.8826718093593016E+01 kcal/mol
 Ring correction                                   : -2.2232394000000006E+00 kcal/mol
 Log10(x_Solubility)                               : -2.3342357874910720E+00
 w_Solubility [g(Solute)/g(Solution)]              :  2.3956519269461695E-02

 Compound:  2  (dimethylformamide)
 Mole Fraction of the compound in the mixture      :  9.9536804626927411E-01
 Chemical potential of the compound in the mixture : -9.4382725932439682E-02 kcal/mol
 Log10(partial pressure [mbar])                    :  9.6237202652059217E-01
 Free energy of molecule in mix (E_COSMO+dE+Mu)    : -1.5602444067404632E+05 kcal/mol
 Total mean interaction energy in the mix (H_int)  : -2.1583271545833318E+00 kcal/mol
 Misfit interaction energy in the mix (H_MF)       :  3.5814232617549102E+00 kcal/mol
 H-Bond interaction energy in the mix (H_HB)       :  1.4994997098844299E-02 kcal/mol
 VdW interaction energy in the mix (H_vdW)         : -5.7547454134370861E+00 kcal/mol
 Ring correction                                   :  0.0000000000000000E+00 kcal/mol
 Log10(x_Solubility)                               :  0.0000000000000000E+00


----------------
 END job       1
----------------
