 ------------------------------------------------------------------------------ 
 COSMOtherm Version C30-1701 (revision 3140)
 ------------------------------------------------------------------------------ 
 written by Frank Eckert, Andreas Klamt, Larissa Koch, Selman Terzi
 Copyright (C) 1999-2017, COSMOlogic GmbH & Co. KG

 Job-Name   : !! Solubility Calculation of Solute in Solvent 
 Job-Date   : 03/21/2017
 Job-Time   : 15:49:46
 Hostname   : ukmcdwlx007
 OS-Type    : linux
 Executable : Linux 64-bit

 Reading COSMOtherm parameter file BP_TZVPD_FINE_C30_1701.ctd from directory /apps/cosmologic/COSMOthermX17/COSMOtherm/CTDATA-FILES/
 Info: # COSMOtherm parameter file BP_TZVPD_FINE_C30_1701.ctd for BP-TZVPD-FINE (BP-TZVP optimized) COSMO files                                              

 Reading COSMOtherm license key license.txt from directory /apps/cosmologic/COSMOthermX17/licensefiles/

 COSMOtherm license key expiration date 22-dec-2018
 COSMOtherm license key version 17.0
 Customer : AstraZeneca
 ID       : 100905

 License keys:
  product                   |    licensed version    | status
 ------------------------------------------------------------------------------ 
  COSMOtherm                |          17.0          | active
  TURBOMOLE                 |          7.1           | active
  COSMOconf                 |          4.1           | active
 ------------------------------------------------------------------------------ 


 Reading COSMO information for molecule 1 from file /dbs/AZcosmotherm/AZ_BP_TZVPD-FINE/a/AZ13530968_c0.cosmo
 Reading gas phase energy information for molecule 1 from file /dbs/AZcosmotherm/AZ_BP_TZVPD-FINE/a/AZ13530968_c0.energy
 Reading vapor pressure and property information for compound 1 from file /dbs/AZcosmotherm/AZ_BP_TZVPD-FINE/a/AZ13530968.vap
 Note: Vapor Pressure / property file /dbs/AZcosmotherm/AZ_BP_TZVPD-FINE/a/AZ13530968.vap is empty
 Free energy of fusion for pure compound 1 (DGFUS = 4.31948 kcal/mol)

 Compound Information for compound 1 conformer 1 (COSMO file /dbs/AZcosmotherm/AZ_BP_TZVPD-FINE/a/AZ13530968_c0.cosmo)
 Atomic weights         : 111111111111111111111111111111111111111111111
 E_COSMO+dE             :   -2204754.5909 kcal/mol
 E_gas                  :   -2204740.7759 kcal/mol
 E_COSMO-E_gas+dE       :        -13.8150 kcal/mol
 E_diel                 :        -18.7411 kcal/mol
 Averaging corr dE      :          1.1081 kcal/mol
 EvdW in continuum      :       -358.6958 kcal/mol
 Area                   :        347.5579 A^2
 Volume                 :        402.8905 A^3
 Molecular Weight       :        376.2926 a.m.u.
 Total COSMO charge     :          0.0028 a.u.
 Dipole moment (t,x,y,z):          7.1747  0.488760  7.156487 -0.149195 Debye                            
 Sigma moments (1-6)    :          0.0000  1.26E+02  4.58E+01  2.09E+02  1.75E+02  5.53E+02              
 H-bond moment (accept) :          6.7617
 H-bond moment (donor)  :          2.3419


 Reading COSMO information for molecule 2 from file /dbs/AZcosmotherm/AZ_BP_TZVPD-FINE/a/AZ13530968_c1.cosmo
 Reading gas phase energy information for molecule 2 from file /dbs/AZcosmotherm/AZ_BP_TZVPD-FINE/a/AZ13530968_c1.energy

 Compound Information for compound 1 conformer 2 (COSMO file /dbs/AZcosmotherm/AZ_BP_TZVPD-FINE/a/AZ13530968_c1.cosmo)
 Atomic weights         : 111111111111111111111111111111111111111111111
 E_COSMO+dE             :   -2204751.2414 kcal/mol
 E_gas                  :   -2204738.3753 kcal/mol
 E_COSMO-E_gas+dE       :        -12.8661 kcal/mol
 E_diel                 :        -17.6608 kcal/mol
 Averaging corr dE      :          1.0677 kcal/mol
 EvdW in continuum      :       -351.4171 kcal/mol
 Area                   :        340.9253 A^2
 Volume                 :        403.0683 A^3
 Molecular Weight       :        376.2926 a.m.u.
 Total COSMO charge     :          0.0031 a.u.
 Dipole moment (t,x,y,z):          7.7437 -4.364802 -6.198433  1.578924 Debye                            
 Sigma moments (1-6)    :          0.0000  1.16E+02  3.56E+01  1.86E+02  1.45E+02  4.85E+02              
 H-bond moment (accept) :          5.5908
 H-bond moment (donor)  :          2.1978


 Reading COSMO information for molecule 3 from file /dbs/AZcosmotherm/AZ_BP_TZVPD-FINE/a/AZ13530968_c2.cosmo
 Reading gas phase energy information for molecule 3 from file /dbs/AZcosmotherm/AZ_BP_TZVPD-FINE/a/AZ13530968_c2.energy

 Compound Information for compound 1 conformer 3 (COSMO file /dbs/AZcosmotherm/AZ_BP_TZVPD-FINE/a/AZ13530968_c2.cosmo)
 Atomic weights         : 111111111111111111111111111111111111111111111
 E_COSMO+dE             :   -2204749.4696 kcal/mol
 E_gas                  :   -2204735.8858 kcal/mol
 E_COSMO-E_gas+dE       :        -13.5838 kcal/mol
 E_diel                 :        -18.5107 kcal/mol
 Averaging corr dE      :          1.0974 kcal/mol
 EvdW in continuum      :       -356.7686 kcal/mol
 Area                   :        345.9657 A^2
 Volume                 :        403.3632 A^3
 Molecular Weight       :        376.2926 a.m.u.
 Total COSMO charge     :          0.0024 a.u.
 Dipole moment (t,x,y,z):          7.3409 -4.690418 -5.646647 -0.062138 Debye                            
 Sigma moments (1-6)    :          0.0000  1.23E+02  4.47E+01  2.02E+02  1.75E+02  5.37E+02              
 H-bond moment (accept) :          6.4083
 H-bond moment (donor)  :          2.1788


 Reading COSMO information for molecule 4 from file /apps/cosmologic/COSMOthermX17/COSMOtherm/DATABASE-COSMO/BP-TZVPD-FINE/a/acetonitrile_c0.cosmo
 Reading gas phase energy information for molecule 4 from file /apps/cosmologic/COSMOthermX17/COSMOtherm/DATABASE-COSMO/BP-TZVPD-FINE/a/acetonitrile_c0.energy
 Reading vapor pressure and property information for compound 2 from file /apps/cosmologic/COSMOthermX17/COSMOtherm/DATABASE-COSMO/BP-TZVPD-FINE/a/acetonitrile.vap
 Free energy of fusion for pure compound 2 (DGFUS = 0.00000 kcal/mol)
 Enthalpy of fusion for pure compound 2 (DHFUS = 1.95196 kcal/mol)
 Vapor Pressure [mbar] / Temperature [°C] input for compound 2:
               10.0000           -20.0000
              100.0000            21.4000
             1000.0000            81.2000
 Antoine equation coefficients (in [mbar]/[K]) for compound 2:        17.2694      3407.9411       -25.4500
 Minimum interpolative temperature for vapor pressure estimation of compound 2:     253.150 K
 Maximum interpolative temperature for vapor pressure estimation of compound 2:     354.350 K
 UNIQUAC volume parameter for compound 2 (UNIQUAC_RI = 1.87010)
 UNIQUAC surface parameter for compound 2 (UNIQUAC_QI = 1.72400)
 Boiling temperature of compound 2 (TBOIL = 354.75000 K)
 Melting temperature of compound 2 (TMELT = 229.35000 K)
 Experimental dielectric constant for molecule 4   EPSILON = 35.70000
 Critical temperature of compound 2 (TCRIT = 545.50000 K)
 Critical pressure of compound 2 (PCRIT = 48332.00000 mbar)

 Compound Information for compound 2 (COSMO file /apps/cosmologic/COSMOthermX17/COSMOtherm/DATABASE-COSMO/BP-TZVPD-FINE/a/acetonitrile_c0.cosmo)
 Atomic weights         : 111111
 E_COSMO+dE             :     -83347.9385 kcal/mol
 E_gas                  :     -83340.8204 kcal/mol
 E_COSMO-E_gas+dE       :         -7.1181 kcal/mol
 E_diel                 :         -9.4575 kcal/mol
 Averaging corr dE      :          0.1986 kcal/mol
 EvdW in continuum      :        -88.3962 kcal/mol
 Area                   :         83.3211 A^2
 Volume                 :         65.4680 A^3
 Molecular Weight       :         41.0521 a.m.u.
 Total COSMO charge     :         -0.0003 a.u.
 Dipole moment (t,x,y,z):          5.1905  5.134010 -0.547709  0.532174 Debye                            
 Sigma moments (1-6)    :          0.0000  4.84E+01  1.71E+01  4.99E+01  3.49E+01  6.62E+01              
 H-bond moment (accept) :          0.9138
 H-bond moment (donor)  :          0.0000


 Total number of processed compounds:    2
 Total number of processed molecules:    4


----------------
 START job     1
----------------

 ----------------------------------------------------
 Automatic computation of solubities in compound    2
 Computing solids solubilities: Heats of fusion used as given in the input file
 Computed solubilities will be refined iteratively: Threshold = 1.00E-05
 ----------------------------------------------------



 Results for mixture 1
 ---------------------
 Temperature          :    293.150 K

 Compound Nr.         :          1         2
 Compound             :  AZ1353096 acetonitr
 Mole Fraction        :     1.0000    0.0000

 Compound:  1  (AZ13530968)
 Chemical potential of the compound in the mixture :        -7.43676 kcal/mol
 Log10(partial pressure [mbar])                    :       -10.76165
 Free energy of molecule in mix (E_COSMO+dE+Mu)    :  -2204762.02764 kcal/mol
 Total mean interaction energy in the mix (H_int)  :       -18.69267 kcal/mol
 Misfit interaction energy in the mix (H_MF)       :         5.30393 kcal/mol
 H-Bond interaction energy in the mix (H_HB)       :        -3.16842 kcal/mol
 VdW interaction energy in the mix (H_vdW)         :       -20.84183 kcal/mol
 Ring correction                                   :        -2.22324 kcal/mol




 Results for mixture 2
 ---------------------
 Temperature          :    293.150 K

 Compound Nr.         :          1         2
 Compound             :  AZ1353096 acetonitr
 Mole Fraction        :     0.0000    1.0000

 Compound:  2  (acetonitrile)
 Chemical potential of the compound in the mixture :         0.23370 kcal/mol
 Log10(partial pressure [mbar])                    :         1.59968
 Free energy of molecule in mix (E_COSMO+dE+Mu)    :    -83347.70485 kcal/mol
 Total mean interaction energy in the mix (H_int)  :        -1.12634 kcal/mol
 Misfit interaction energy in the mix (H_MF)       :         1.83736 kcal/mol
 H-Bond interaction energy in the mix (H_HB)       :         0.01996 kcal/mol
 VdW interaction energy in the mix (H_vdW)         :        -2.98365 kcal/mol
 Ring correction                                   :         0.00000 kcal/mol




 Results for mixture 3
 ---------------------
 Temperature          :    298.150 K

 Compound Nr.         :          1         2
 Compound             :  AZ1353096 acetonitr
 Mole Fraction        :     0.0000    1.0000

 Compound:  1  (AZ13530968)
 Chemical potential of the compound in the mixture :        -6.12829 kcal/mol
 Log10(partial pressure [mbar])                    :        -9.51220
 Free energy of molecule in mix (E_COSMO+dE+Mu)    :  -2204760.71917 kcal/mol
 Total mean interaction energy in the mix (H_int)  :        -9.75988 kcal/mol
 Misfit interaction energy in the mix (H_MF)       :         7.84591 kcal/mol
 H-Bond interaction energy in the mix (H_HB)       :        -0.58869 kcal/mol
 VdW interaction energy in the mix (H_vdW)         :       -17.03365 kcal/mol
 Ring correction                                   :        -2.22324 kcal/mol

 Compound:  2  (acetonitrile)
 Chemical potential of the compound in the mixture :         0.25664 kcal/mol
 Log10(partial pressure [mbar])                    :         1.69890
 Free energy of molecule in mix (E_COSMO+dE+Mu)    :    -83347.68191 kcal/mol
 Total mean interaction energy in the mix (H_int)  :        -1.09624 kcal/mol
 Misfit interaction energy in the mix (H_MF)       :         1.85565 kcal/mol
 H-Bond interaction energy in the mix (H_HB)       :         0.02000 kcal/mol
 VdW interaction energy in the mix (H_vdW)         :        -2.97190 kcal/mol
 Ring correction                                   :         0.00000 kcal/mol




 Results for mixture 4
 ---------------------
 Temperature          :    293.150 K

 Compound Nr.         :          1         2
 Compound             :  AZ1353096 acetonitr
 Mole Fraction        :     0.0000    1.0000

 Compound:  1  (AZ13530968)
 Chemical potential of the compound in the mixture :        -6.28084 kcal/mol
 Log10(partial pressure [mbar])                    :        -9.89991
 Free energy of molecule in mix (E_COSMO+dE+Mu)    :  -2204760.87173 kcal/mol
 Total mean interaction energy in the mix (H_int)  :        -9.90669 kcal/mol
 Misfit interaction energy in the mix (H_MF)       :         7.78479 kcal/mol
 H-Bond interaction energy in the mix (H_HB)       :        -0.61001 kcal/mol
 VdW interaction energy in the mix (H_vdW)         :       -17.09639 kcal/mol
 Ring correction                                   :        -2.22324 kcal/mol
 Log10(x_Solubility)                               :        -4.08195
 w_Solubility [g(Solute)/g(Solution)]              :  7.58484994E-04

 Compound:  2  (acetonitrile)
 Chemical potential of the compound in the mixture :         0.23370 kcal/mol
 Log10(partial pressure [mbar])                    :         1.59968
 Free energy of molecule in mix (E_COSMO+dE+Mu)    :    -83347.70485 kcal/mol
 Total mean interaction energy in the mix (H_int)  :        -1.12634 kcal/mol
 Misfit interaction energy in the mix (H_MF)       :         1.83736 kcal/mol
 H-Bond interaction energy in the mix (H_HB)       :         0.01996 kcal/mol
 VdW interaction energy in the mix (H_vdW)         :        -2.98365 kcal/mol
 Ring correction                                   :         0.00000 kcal/mol
 Log10(x_Solubility)                               :         0.00000




 Results for mixture 5
 ---------------------
 Temperature          :    293.150 K

 Compound Nr.         :          1         2
 Compound             :  AZ1353096 acetonitr
 Mole Fraction        :  8.280E-05    0.9999

 Compound:  1  (AZ13530968)
 Chemical potential of the compound in the mixture :        -6.25949 kcal/mol
 Log10(partial pressure [mbar])                    :        -9.88399
 Free energy of molecule in mix (E_COSMO+dE+Mu)    :  -2204760.85037 kcal/mol
 Total mean interaction energy in the mix (H_int)  :        -9.88958 kcal/mol
 Misfit interaction energy in the mix (H_MF)       :         7.80669 kcal/mol
 H-Bond interaction energy in the mix (H_HB)       :        -0.61346 kcal/mol
 VdW interaction energy in the mix (H_vdW)         :       -17.09781 kcal/mol
 Ring correction                                   :        -2.22324 kcal/mol
 Log10(x_Solubility)                               :        -4.09787
 w_Solubility [g(Solute)/g(Solution)]              :  7.31206586E-04

 Compound:  2  (acetonitrile)
 Chemical potential of the compound in the mixture :         0.23370 kcal/mol
 Log10(partial pressure [mbar])                    :         1.59968
 Free energy of molecule in mix (E_COSMO+dE+Mu)    :    -83347.70485 kcal/mol
 Total mean interaction energy in the mix (H_int)  :        -1.12678 kcal/mol
 Misfit interaction energy in the mix (H_MF)       :         1.83733 kcal/mol
 H-Bond interaction energy in the mix (H_HB)       :         0.01990 kcal/mol
 VdW interaction energy in the mix (H_vdW)         :        -2.98402 kcal/mol
 Ring correction                                   :         0.00000 kcal/mol




 Results for mixture 6
 ---------------------
 Temperature          :    293.150 K

 Compound Nr.         :          1         2
 Compound             :  AZ1353096 acetonitr
 Mole Fraction        :  7.982E-05    0.9999

 Compound:  1  (AZ13530968)
 Chemical potential of the compound in the mixture :        -6.25987 kcal/mol
 Log10(partial pressure [mbar])                    :        -9.88427
 Free energy of molecule in mix (E_COSMO+dE+Mu)    :  -2204760.85075 kcal/mol
 Total mean interaction energy in the mix (H_int)  :        -9.88978 kcal/mol
 Misfit interaction energy in the mix (H_MF)       :         7.80632 kcal/mol
 H-Bond interaction energy in the mix (H_HB)       :        -0.61334 kcal/mol
 VdW interaction energy in the mix (H_vdW)         :       -17.09776 kcal/mol
 Ring correction                                   :        -2.22324 kcal/mol
 Log10(x_Solubility)                               :        -4.09759
 w_Solubility [g(Solute)/g(Solution)]              :  7.31675116E-04

 Compound:  2  (acetonitrile)
 Chemical potential of the compound in the mixture :         0.23370 kcal/mol
 Log10(partial pressure [mbar])                    :         1.59968
 Free energy of molecule in mix (E_COSMO+dE+Mu)    :    -83347.70485 kcal/mol
 Total mean interaction energy in the mix (H_int)  :        -1.12677 kcal/mol
 Misfit interaction energy in the mix (H_MF)       :         1.83733 kcal/mol
 H-Bond interaction energy in the mix (H_HB)       :         0.01990 kcal/mol
 VdW interaction energy in the mix (H_vdW)         :        -2.98400 kcal/mol
 Ring correction                                   :         0.00000 kcal/mol




 Results for mixture 7
 ---------------------
 Temperature          :    293.150 K

 Compound Nr.         :          1         2
 Compound             :  AZ1353096 acetonitr
 Mole Fraction        :  7.988E-05    0.9999

 Compound:  1  (AZ13530968)
 Chemical potential of the compound in the mixture :        -6.25986 kcal/mol
 Log10(partial pressure [mbar])                    :        -9.88426
 Free energy of molecule in mix (E_COSMO+dE+Mu)    :  -2204760.85074 kcal/mol
 Total mean interaction energy in the mix (H_int)  :        -9.88977 kcal/mol
 Misfit interaction energy in the mix (H_MF)       :         7.80632 kcal/mol
 H-Bond interaction energy in the mix (H_HB)       :        -0.61334 kcal/mol
 VdW interaction energy in the mix (H_vdW)         :       -17.09776 kcal/mol
 Ring correction                                   :        -2.22324 kcal/mol
 Log10(x_Solubility)                               :        -4.09759
 w_Solubility [g(Solute)/g(Solution)]              :  7.31666956E-04

 Compound:  2  (acetonitrile)
 Chemical potential of the compound in the mixture :         0.23370 kcal/mol
 Log10(partial pressure [mbar])                    :         1.59968
 Free energy of molecule in mix (E_COSMO+dE+Mu)    :    -83347.70485 kcal/mol
 Total mean interaction energy in the mix (H_int)  :        -1.12677 kcal/mol
 Misfit interaction energy in the mix (H_MF)       :         1.83733 kcal/mol
 H-Bond interaction energy in the mix (H_HB)       :         0.01990 kcal/mol
 VdW interaction energy in the mix (H_vdW)         :        -2.98400 kcal/mol
 Ring correction                                   :         0.00000 kcal/mol


----------------
 END job       1
----------------
