 ------------------------------------------------------------------------------ 
 COSMOtherm Version C30-1701 (revision 3140)
 ------------------------------------------------------------------------------ 
 written by Frank Eckert, Andreas Klamt, Larissa Koch, Selman Terzi
 Copyright (C) 1999-2017, COSMOlogic GmbH & Co. KG

 Job-Name   : !! Solubility Calculation of Solute in Solvent 
 Job-Date   : 03/21/2017
 Job-Time   : 15:57:36
 Hostname   : ukmcdwlx007
 OS-Type    : linux
 Executable : Linux 64-bit

 Reading COSMOtherm parameter file BP_TZVPD_FINE_C30_1701.ctd from directory /apps/cosmologic/COSMOthermX17/COSMOtherm/CTDATA-FILES/
 Info: # COSMOtherm parameter file BP_TZVPD_FINE_C30_1701.ctd for BP-TZVPD-FINE (BP-TZVP optimized) COSMO files                                              

 Reading COSMOtherm license key license.txt from directory /apps/cosmologic/COSMOthermX17/licensefiles/

 COSMOtherm license key expiration date 22-dec-2018
 COSMOtherm license key version 17.0
 Customer : AstraZeneca
 ID       : 100905

 License keys:
  product                   |    licensed version    | status
 ------------------------------------------------------------------------------ 
  COSMOtherm                |          17.0          | active
  TURBOMOLE                 |          7.1           | active
  COSMOconf                 |          4.1           | active
 ------------------------------------------------------------------------------ 


 Reading COSMO information for molecule 1 from file /dbs/AZcosmotherm/AZ_BP_TZVPD-FINE/a/AZ13530968_c0.cosmo
 Reading gas phase energy information for molecule 1 from file /dbs/AZcosmotherm/AZ_BP_TZVPD-FINE/a/AZ13530968_c0.energy
 Reading vapor pressure and property information for compound 1 from file /dbs/AZcosmotherm/AZ_BP_TZVPD-FINE/a/AZ13530968.vap
 Note: Vapor Pressure / property file /dbs/AZcosmotherm/AZ_BP_TZVPD-FINE/a/AZ13530968.vap is empty
 Free energy of fusion for pure compound 1 (DGFUS = 2.56717 kcal/mol)

 Compound Information for compound 1 conformer 1 (COSMO file /dbs/AZcosmotherm/AZ_BP_TZVPD-FINE/a/AZ13530968_c0.cosmo)
 Atomic weights         : 111111111111111111111111111111111111111111111
 E_COSMO+dE             :   -2204754.5909 kcal/mol
 E_gas                  :   -2204740.7759 kcal/mol
 E_COSMO-E_gas+dE       :        -13.8150 kcal/mol
 E_diel                 :        -18.7411 kcal/mol
 Averaging corr dE      :          1.1081 kcal/mol
 EvdW in continuum      :       -358.6958 kcal/mol
 Area                   :        347.5579 A^2
 Volume                 :        402.8905 A^3
 Molecular Weight       :        376.2926 a.m.u.
 Total COSMO charge     :          0.0028 a.u.
 Dipole moment (t,x,y,z):          7.1747  0.488760  7.156487 -0.149195 Debye                            
 Sigma moments (1-6)    :          0.0000  1.26E+02  4.58E+01  2.09E+02  1.75E+02  5.53E+02              
 H-bond moment (accept) :          6.7617
 H-bond moment (donor)  :          2.3419


 Reading COSMO information for molecule 2 from file /dbs/AZcosmotherm/AZ_BP_TZVPD-FINE/a/AZ13530968_c1.cosmo
 Reading gas phase energy information for molecule 2 from file /dbs/AZcosmotherm/AZ_BP_TZVPD-FINE/a/AZ13530968_c1.energy

 Compound Information for compound 1 conformer 2 (COSMO file /dbs/AZcosmotherm/AZ_BP_TZVPD-FINE/a/AZ13530968_c1.cosmo)
 Atomic weights         : 111111111111111111111111111111111111111111111
 E_COSMO+dE             :   -2204751.2414 kcal/mol
 E_gas                  :   -2204738.3753 kcal/mol
 E_COSMO-E_gas+dE       :        -12.8661 kcal/mol
 E_diel                 :        -17.6608 kcal/mol
 Averaging corr dE      :          1.0677 kcal/mol
 EvdW in continuum      :       -351.4171 kcal/mol
 Area                   :        340.9253 A^2
 Volume                 :        403.0683 A^3
 Molecular Weight       :        376.2926 a.m.u.
 Total COSMO charge     :          0.0031 a.u.
 Dipole moment (t,x,y,z):          7.7437 -4.364802 -6.198433  1.578924 Debye                            
 Sigma moments (1-6)    :          0.0000  1.16E+02  3.56E+01  1.86E+02  1.45E+02  4.85E+02              
 H-bond moment (accept) :          5.5908
 H-bond moment (donor)  :          2.1978


 Reading COSMO information for molecule 3 from file /dbs/AZcosmotherm/AZ_BP_TZVPD-FINE/a/AZ13530968_c2.cosmo
 Reading gas phase energy information for molecule 3 from file /dbs/AZcosmotherm/AZ_BP_TZVPD-FINE/a/AZ13530968_c2.energy

 Compound Information for compound 1 conformer 3 (COSMO file /dbs/AZcosmotherm/AZ_BP_TZVPD-FINE/a/AZ13530968_c2.cosmo)
 Atomic weights         : 111111111111111111111111111111111111111111111
 E_COSMO+dE             :   -2204749.4696 kcal/mol
 E_gas                  :   -2204735.8858 kcal/mol
 E_COSMO-E_gas+dE       :        -13.5838 kcal/mol
 E_diel                 :        -18.5107 kcal/mol
 Averaging corr dE      :          1.0974 kcal/mol
 EvdW in continuum      :       -356.7686 kcal/mol
 Area                   :        345.9657 A^2
 Volume                 :        403.3632 A^3
 Molecular Weight       :        376.2926 a.m.u.
 Total COSMO charge     :          0.0024 a.u.
 Dipole moment (t,x,y,z):          7.3409 -4.690418 -5.646647 -0.062138 Debye                            
 Sigma moments (1-6)    :          0.0000  1.23E+02  4.47E+01  2.02E+02  1.75E+02  5.37E+02              
 H-bond moment (accept) :          6.4083
 H-bond moment (donor)  :          2.1788


 Reading COSMO information for molecule 4 from file /apps/cosmologic/COSMOthermX17/COSMOtherm/DATABASE-COSMO/BP-TZVPD-FINE/e/ethanol_c0.cosmo
 Reading gas phase energy information for molecule 4 from file /apps/cosmologic/COSMOthermX17/COSMOtherm/DATABASE-COSMO/BP-TZVPD-FINE/e/ethanol_c0.energy
 Reading vapor pressure and property information for compound 2 from file /apps/cosmologic/COSMOthermX17/COSMOtherm/DATABASE-COSMO/BP-TZVPD-FINE/e/ethanol.vap
 Free energy of fusion for pure compound 2 (DGFUS = 0.00000 kcal/mol)
 Enthalpy of fusion for pure compound 2 (DHFUS = 1.17854 kcal/mol)
 Wagner equation coefficients ([mbar]/[K]) for compound 2:     61370.0000       514.0000        -8.5184         0.3416        -5.7368         8.3258
 Vapor Pressure [mbar] / Temperature [°C] input for compound 2:
                0.1000           -56.0000
               10.0000            -7.0000
             1000.0000            78.0000
 Antoine equation coefficients (in [mbar]/[K]) for compound 2:        19.4441      3966.3450       -34.7611
 Minimum interpolative temperature for vapor pressure estimation of compound 2:     217.150 K
 Maximum interpolative temperature for vapor pressure estimation of compound 2:     351.150 K
 Minimum temperature for vapor pressure estimation of pure compound 2 (TPVMIN = 293.00000 K)
 Maximum temperature for vapor pressure estimation of pure compound 2 (TPVMAX = 514.00000 K)
 UNIQUAC volume parameter for compound 2 (UNIQUAC_RI = 2.10550)
 UNIQUAC surface parameter for compound 2 (UNIQUAC_QI = 1.97200)
 Boiling temperature of compound 2 (TBOIL = 351.35000 K)
 Melting temperature of compound 2 (TMELT = 159.05000 K)
 Experimental dielectric constant for molecule 4   EPSILON = 24.90000
 Critical temperature of compound 2 (TCRIT = 513.92000 K)
 Critical pressure of compound 2 (PCRIT = 61480.00000 mbar)

 Compound Information for compound 2 conformer 1 (COSMO file /apps/cosmologic/COSMOthermX17/COSMOtherm/DATABASE-COSMO/BP-TZVPD-FINE/e/ethanol_c0.cosmo)
 Atomic weights         : 111111111
 E_COSMO+dE             :     -97339.7715 kcal/mol
 E_gas                  :     -97335.0337 kcal/mol
 E_COSMO-E_gas+dE       :         -4.7379 kcal/mol
 E_diel                 :         -6.0942 kcal/mol
 Averaging corr dE      :          0.3577 kcal/mol
 EvdW in continuum      :        -86.4497 kcal/mol
 Area                   :         89.3069 A^2
 Volume                 :         71.4384 A^3
 Molecular Weight       :         46.0687 a.m.u.
 Total COSMO charge     :         -0.0002 a.u.
 Dipole moment (t,x,y,z):          2.2090  1.476378 -1.642101 -0.059694 Debye                            
 Sigma moments (1-6)    :          0.0000  4.65E+01  1.84E+01  8.76E+01  5.08E+01  2.06E+02              
 H-bond moment (accept) :          2.7670
 H-bond moment (donor)  :          1.3507


 Reading COSMO information for molecule 5 from file /apps/cosmologic/COSMOthermX17/COSMOtherm/DATABASE-COSMO/BP-TZVPD-FINE/e/ethanol_c1.cosmo
 Reading gas phase energy information for molecule 5 from file /apps/cosmologic/COSMOthermX17/COSMOtherm/DATABASE-COSMO/BP-TZVPD-FINE/e/ethanol_c1.energy
 Reading vapor pressure and property information for compound 2 from file /apps/cosmologic/COSMOthermX17/COSMOtherm/DATABASE-COSMO/BP-TZVPD-FINE/e/ethanol.vap
 Wagner equation coefficients ([mbar]/[K]) for compound 2:     61370.0000       514.0000        -8.5184         0.3416        -5.7368         8.3258
 Vapor Pressure [mbar] / Temperature [°C] input for compound 2:
                0.1000           -56.0000
               10.0000            -7.0000
             1000.0000            78.0000
 Antoine equation coefficients (in [mbar]/[K]) for compound 2:        19.4441      3966.3450       -34.7611
 UNIQUAC volume parameter for compound 2 (UNIQUAC_RI = 2.10550)
 UNIQUAC surface parameter for compound 2 (UNIQUAC_QI = 1.97200)
 Experimental dielectric constant for molecule 5   EPSILON = 24.90000

 Compound Information for compound 2 conformer 2 (COSMO file /apps/cosmologic/COSMOthermX17/COSMOtherm/DATABASE-COSMO/BP-TZVPD-FINE/e/ethanol_c1.cosmo)
 Atomic weights         : 111111111
 E_COSMO+dE             :     -97339.7331 kcal/mol
 E_gas                  :     -97335.0219 kcal/mol
 E_COSMO-E_gas+dE       :         -4.7111 kcal/mol
 E_diel                 :         -6.0843 kcal/mol
 Averaging corr dE      :          0.3704 kcal/mol
 EvdW in continuum      :        -86.3858 kcal/mol
 Area                   :         89.4093 A^2
 Volume                 :         71.2279 A^3
 Molecular Weight       :         46.0687 a.m.u.
 Total COSMO charge     :   2.6249187E-05 a.u.
 Dipole moment (t,x,y,z):          2.0932 -2.091503  0.083433 -0.000834 Debye                            
 Sigma moments (1-6)    :          0.0000  4.69E+01  1.79E+01  9.13E+01  5.13E+01  2.20E+02              
 H-bond moment (accept) :          2.9315
 H-bond moment (donor)  :          1.4636


 Total number of processed compounds:    2
 Total number of processed molecules:    5


----------------
 START job     1
----------------

 ----------------------------------------------------
 Automatic computation of solubities in compound    2
 Computing solids solubilities: Heats of fusion used as given in the input file
 Computed solubilities will be refined iteratively: Threshold = 1.00E-05
 ----------------------------------------------------



 Results for mixture 1
 ---------------------
 Temperature          :    293.150 K

 Compound Nr.         :          1         2
 Compound             :  AZ1353096   ethanol
 Mole Fraction        :     1.0000    0.0000

 Compound:  1  (AZ13530968)
 Chemical potential of the compound in the mixture :        -7.43676 kcal/mol
 Log10(partial pressure [mbar])                    :       -10.76165
 Free energy of molecule in mix (E_COSMO+dE+Mu)    :  -2204762.02764 kcal/mol
 Total mean interaction energy in the mix (H_int)  :       -18.69267 kcal/mol
 Misfit interaction energy in the mix (H_MF)       :         5.30393 kcal/mol
 H-Bond interaction energy in the mix (H_HB)       :        -3.16842 kcal/mol
 VdW interaction energy in the mix (H_vdW)         :       -20.84183 kcal/mol
 Ring correction                                   :        -2.22324 kcal/mol




 Results for mixture 2
 ---------------------
 Temperature          :    293.150 K

 Compound Nr.         :          1         2
 Compound             :  AZ1353096   ethanol
 Mole Fraction        :     0.0000    1.0000

 Compound:  2  (ethanol)
 Chemical potential of the compound in the mixture :        -2.38589 kcal/mol
 Log10(partial pressure [mbar])                    :         1.71793
 Free energy of molecule in mix (E_COSMO+dE+Mu)    :    -97342.15742 kcal/mol
 Total mean interaction energy in the mix (H_int)  :        -5.49208 kcal/mol
 Misfit interaction energy in the mix (H_MF)       :         1.42766 kcal/mol
 H-Bond interaction energy in the mix (H_HB)       :        -3.05174 kcal/mol
 VdW interaction energy in the mix (H_vdW)         :        -3.89043 kcal/mol
 Ring correction                                   :         0.00000 kcal/mol




 Results for mixture 3
 ---------------------
 Temperature          :    298.150 K

 Compound Nr.         :          1         2
 Compound             :  AZ1353096   ethanol
 Mole Fraction        :     0.0000    1.0000

 Compound:  1  (AZ13530968)
 Chemical potential of the compound in the mixture :        -8.20192 kcal/mol
 Log10(partial pressure [mbar])                    :       -11.03218
 Free energy of molecule in mix (E_COSMO+dE+Mu)    :  -2204762.79280 kcal/mol
 Total mean interaction energy in the mix (H_int)  :       -18.86549 kcal/mol
 Misfit interaction energy in the mix (H_MF)       :         5.24872 kcal/mol
 H-Bond interaction energy in the mix (H_HB)       :        -6.27747 kcal/mol
 VdW interaction energy in the mix (H_vdW)         :       -17.84731 kcal/mol
 Ring correction                                   :        -2.22324 kcal/mol

 Compound:  2  (ethanol)
 Chemical potential of the compound in the mixture :        -2.33336 kcal/mol
 Log10(partial pressure [mbar])                    :         1.84191
 Free energy of molecule in mix (E_COSMO+dE+Mu)    :    -97342.10489 kcal/mol
 Total mean interaction energy in the mix (H_int)  :        -5.43713 kcal/mol
 Misfit interaction energy in the mix (H_MF)       :         1.44029 kcal/mol
 H-Bond interaction energy in the mix (H_HB)       :        -3.02054 kcal/mol
 VdW interaction energy in the mix (H_vdW)         :        -3.87921 kcal/mol
 Ring correction                                   :         0.00000 kcal/mol




 Results for mixture 4
 ---------------------
 Temperature          :    293.150 K

 Compound Nr.         :          1         2
 Compound             :  AZ1353096   ethanol
 Mole Fraction        :     0.0000    1.0000

 Compound:  1  (AZ13530968)
 Chemical potential of the compound in the mixture :        -8.40848 kcal/mol
 Log10(partial pressure [mbar])                    :       -11.48607
 Free energy of molecule in mix (E_COSMO+dE+Mu)    :  -2204762.99936 kcal/mol
 Total mean interaction energy in the mix (H_int)  :       -19.06168 kcal/mol
 Misfit interaction energy in the mix (H_MF)       :         5.19939 kcal/mol
 H-Bond interaction energy in the mix (H_HB)       :        -6.37089 kcal/mol
 VdW interaction energy in the mix (H_vdW)         :       -17.89961 kcal/mol
 Ring correction                                   :        -2.22324 kcal/mol
 Log10(x_Solubility)                               :        -1.18942
 w_Solubility [g(Solute)/g(Solution)]              :         0.36085

 Compound:  2  (ethanol)
 Chemical potential of the compound in the mixture :        -2.38589 kcal/mol
 Log10(partial pressure [mbar])                    :         1.71793
 Free energy of molecule in mix (E_COSMO+dE+Mu)    :    -97342.15742 kcal/mol
 Total mean interaction energy in the mix (H_int)  :        -5.49208 kcal/mol
 Misfit interaction energy in the mix (H_MF)       :         1.42766 kcal/mol
 H-Bond interaction energy in the mix (H_HB)       :        -3.05174 kcal/mol
 VdW interaction energy in the mix (H_vdW)         :        -3.89043 kcal/mol
 Ring correction                                   :         0.00000 kcal/mol
 Log10(x_Solubility)                               :         0.00000




 Results for mixture 5
 ---------------------
 Temperature          :    293.150 K

 Compound Nr.         :          1         2
 Compound             :  AZ1353096   ethanol
 Mole Fraction        :     0.0647    0.9353

 Compound:  1  (AZ13530968)
 Chemical potential of the compound in the mixture :        -8.24152 kcal/mol
 Log10(partial pressure [mbar])                    :       -11.36161
 Free energy of molecule in mix (E_COSMO+dE+Mu)    :  -2204762.83240 kcal/mol
 Total mean interaction energy in the mix (H_int)  :       -19.47648 kcal/mol
 Misfit interaction energy in the mix (H_MF)       :         5.15241 kcal/mol
 H-Bond interaction energy in the mix (H_HB)       :        -6.11063 kcal/mol
 VdW interaction energy in the mix (H_vdW)         :       -18.52803 kcal/mol
 Ring correction                                   :        -2.22324 kcal/mol
 Log10(x_Solubility)                               :        -1.31389
 w_Solubility [g(Solute)/g(Solution)]              :         0.29414

 Compound:  2  (ethanol)
 Chemical potential of the compound in the mixture :        -2.39131 kcal/mol
 Log10(partial pressure [mbar])                    :         1.71389
 Free energy of molecule in mix (E_COSMO+dE+Mu)    :    -97342.16285 kcal/mol
 Total mean interaction energy in the mix (H_int)  :        -5.56769 kcal/mol
 Misfit interaction energy in the mix (H_MF)       :         1.41711 kcal/mol
 H-Bond interaction energy in the mix (H_HB)       :        -2.97726 kcal/mol
 VdW interaction energy in the mix (H_vdW)         :        -4.03050 kcal/mol
 Ring correction                                   :         0.00000 kcal/mol




 Results for mixture 6
 ---------------------
 Temperature          :    293.150 K

 Compound Nr.         :          1         2
 Compound             :  AZ1353096   ethanol
 Mole Fraction        :     0.0485    0.9515

 Compound:  1  (AZ13530968)
 Chemical potential of the compound in the mixture :        -8.28054 kcal/mol
 Log10(partial pressure [mbar])                    :       -11.39069
 Free energy of molecule in mix (E_COSMO+dE+Mu)    :  -2204762.87142 kcal/mol
 Total mean interaction energy in the mix (H_int)  :       -19.39644 kcal/mol
 Misfit interaction energy in the mix (H_MF)       :         5.16114 kcal/mol
 H-Bond interaction energy in the mix (H_HB)       :        -6.17532 kcal/mol
 VdW interaction energy in the mix (H_vdW)         :       -18.39195 kcal/mol
 Ring correction                                   :        -2.22324 kcal/mol
 Log10(x_Solubility)                               :        -1.28480
 w_Solubility [g(Solute)/g(Solution)]              :         0.30899

 Compound:  2  (ethanol)
 Chemical potential of the compound in the mixture :        -2.38899 kcal/mol
 Log10(partial pressure [mbar])                    :         1.71562
 Free energy of molecule in mix (E_COSMO+dE+Mu)    :    -97342.16052 kcal/mol
 Total mean interaction energy in the mix (H_int)  :        -5.55285 kcal/mol
 Misfit interaction energy in the mix (H_MF)       :         1.41899 kcal/mol
 H-Bond interaction energy in the mix (H_HB)       :        -2.99481 kcal/mol
 VdW interaction energy in the mix (H_vdW)         :        -3.99986 kcal/mol
 Ring correction                                   :         0.00000 kcal/mol




 Results for mixture 7
 ---------------------
 Temperature          :    293.150 K

 Compound Nr.         :          1         2
 Compound             :  AZ1353096   ethanol
 Mole Fraction        :     0.0519    0.9481

 Compound:  1  (AZ13530968)
 Chemical potential of the compound in the mixture :        -8.27227 kcal/mol
 Log10(partial pressure [mbar])                    :       -11.38453
 Free energy of molecule in mix (E_COSMO+dE+Mu)    :  -2204762.86315 kcal/mol
 Total mean interaction energy in the mix (H_int)  :       -19.41424 kcal/mol
 Misfit interaction energy in the mix (H_MF)       :         5.15919 kcal/mol
 H-Bond interaction energy in the mix (H_HB)       :        -6.16181 kcal/mol
 VdW interaction energy in the mix (H_vdW)         :       -18.42131 kcal/mol
 Ring correction                                   :        -2.22324 kcal/mol
 Log10(x_Solubility)                               :        -1.29096
 w_Solubility [g(Solute)/g(Solution)]              :         0.30581

 Compound:  2  (ethanol)
 Chemical potential of the compound in the mixture :        -2.38942 kcal/mol
 Log10(partial pressure [mbar])                    :         1.71530
 Free energy of molecule in mix (E_COSMO+dE+Mu)    :    -97342.16096 kcal/mol
 Total mean interaction energy in the mix (H_int)  :        -5.55613 kcal/mol
 Misfit interaction energy in the mix (H_MF)       :         1.41857 kcal/mol
 H-Bond interaction energy in the mix (H_HB)       :        -2.99109 kcal/mol
 VdW interaction energy in the mix (H_vdW)         :        -4.00646 kcal/mol
 Ring correction                                   :         0.00000 kcal/mol




 Results for mixture 8
 ---------------------
 Temperature          :    293.150 K

 Compound Nr.         :          1         2
 Compound             :  AZ1353096   ethanol
 Mole Fraction        :     0.0512    0.9488

 Compound:  1  (AZ13530968)
 Chemical potential of the compound in the mixture :        -8.27406 kcal/mol
 Log10(partial pressure [mbar])                    :       -11.38587
 Free energy of molecule in mix (E_COSMO+dE+Mu)    :  -2204762.86494 kcal/mol
 Total mean interaction energy in the mix (H_int)  :       -19.41042 kcal/mol
 Misfit interaction energy in the mix (H_MF)       :         5.15961 kcal/mol
 H-Bond interaction energy in the mix (H_HB)       :        -6.16475 kcal/mol
 VdW interaction energy in the mix (H_vdW)         :       -18.41497 kcal/mol
 Ring correction                                   :        -2.22324 kcal/mol
 Log10(x_Solubility)                               :        -1.28963
 w_Solubility [g(Solute)/g(Solution)]              :         0.30650

 Compound:  2  (ethanol)
 Chemical potential of the compound in the mixture :        -2.38933 kcal/mol
 Log10(partial pressure [mbar])                    :         1.71537
 Free energy of molecule in mix (E_COSMO+dE+Mu)    :    -97342.16086 kcal/mol
 Total mean interaction energy in the mix (H_int)  :        -5.55542 kcal/mol
 Misfit interaction energy in the mix (H_MF)       :         1.41866 kcal/mol
 H-Bond interaction energy in the mix (H_HB)       :        -2.99190 kcal/mol
 VdW interaction energy in the mix (H_vdW)         :        -4.00503 kcal/mol
 Ring correction                                   :         0.00000 kcal/mol




 Results for mixture 9
 ---------------------
 Temperature          :    293.150 K

 Compound Nr.         :          1         2
 Compound             :  AZ1353096   ethanol
 Mole Fraction        :     0.0513    0.9487

 Compound:  1  (AZ13530968)
 Chemical potential of the compound in the mixture :        -8.27368 kcal/mol
 Log10(partial pressure [mbar])                    :       -11.38558
 Free energy of molecule in mix (E_COSMO+dE+Mu)    :  -2204762.86456 kcal/mol
 Total mean interaction energy in the mix (H_int)  :       -19.41125 kcal/mol
 Misfit interaction energy in the mix (H_MF)       :         5.15951 kcal/mol
 H-Bond interaction energy in the mix (H_HB)       :        -6.16412 kcal/mol
 VdW interaction energy in the mix (H_vdW)         :       -18.41634 kcal/mol
 Ring correction                                   :        -2.22324 kcal/mol
 Log10(x_Solubility)                               :        -1.28992
 w_Solubility [g(Solute)/g(Solution)]              :         0.30635

 Compound:  2  (ethanol)
 Chemical potential of the compound in the mixture :        -2.38935 kcal/mol
 Log10(partial pressure [mbar])                    :         1.71535
 Free energy of molecule in mix (E_COSMO+dE+Mu)    :    -97342.16088 kcal/mol
 Total mean interaction energy in the mix (H_int)  :        -5.55558 kcal/mol
 Misfit interaction energy in the mix (H_MF)       :         1.41864 kcal/mol
 H-Bond interaction energy in the mix (H_HB)       :        -2.99172 kcal/mol
 VdW interaction energy in the mix (H_vdW)         :        -4.00534 kcal/mol
 Ring correction                                   :         0.00000 kcal/mol




 Results for mixture 10
 ----------------------
 Temperature          :    293.150 K

 Compound Nr.         :          1         2
 Compound             :  AZ1353096   ethanol
 Mole Fraction        :     0.0513    0.9487

 Compound:  1  (AZ13530968)
 Chemical potential of the compound in the mixture :        -8.27376 kcal/mol
 Log10(partial pressure [mbar])                    :       -11.38564
 Free energy of molecule in mix (E_COSMO+dE+Mu)    :  -2204762.86464 kcal/mol
 Total mean interaction energy in the mix (H_int)  :       -19.41107 kcal/mol
 Misfit interaction energy in the mix (H_MF)       :         5.15953 kcal/mol
 H-Bond interaction energy in the mix (H_HB)       :        -6.16425 kcal/mol
 VdW interaction energy in the mix (H_vdW)         :       -18.41604 kcal/mol
 Ring correction                                   :        -2.22324 kcal/mol
 Log10(x_Solubility)                               :        -1.28985
 w_Solubility [g(Solute)/g(Solution)]              :         0.30638

 Compound:  2  (ethanol)
 Chemical potential of the compound in the mixture :        -2.38934 kcal/mol
 Log10(partial pressure [mbar])                    :         1.71536
 Free energy of molecule in mix (E_COSMO+dE+Mu)    :    -97342.16088 kcal/mol
 Total mean interaction energy in the mix (H_int)  :        -5.55554 kcal/mol
 Misfit interaction energy in the mix (H_MF)       :         1.41864 kcal/mol
 H-Bond interaction energy in the mix (H_HB)       :        -2.99176 kcal/mol
 VdW interaction energy in the mix (H_vdW)         :        -4.00528 kcal/mol
 Ring correction                                   :         0.00000 kcal/mol




 Results for mixture 11
 ----------------------
 Temperature          :    293.150 K

 Compound Nr.         :          1         2
 Compound             :  AZ1353096   ethanol
 Mole Fraction        :     0.0513    0.9487

 Compound:  1  (AZ13530968)
 Chemical potential of the compound in the mixture :        -8.27374 kcal/mol
 Log10(partial pressure [mbar])                    :       -11.38563
 Free energy of molecule in mix (E_COSMO+dE+Mu)    :  -2204762.86462 kcal/mol
 Total mean interaction energy in the mix (H_int)  :       -19.41111 kcal/mol
 Misfit interaction energy in the mix (H_MF)       :         5.15953 kcal/mol
 H-Bond interaction energy in the mix (H_HB)       :        -6.16423 kcal/mol
 VdW interaction energy in the mix (H_vdW)         :       -18.41611 kcal/mol
 Ring correction                                   :        -2.22324 kcal/mol
 Log10(x_Solubility)                               :        -1.28987
 w_Solubility [g(Solute)/g(Solution)]              :         0.30637

 Compound:  2  (ethanol)
 Chemical potential of the compound in the mixture :        -2.38935 kcal/mol
 Log10(partial pressure [mbar])                    :         1.71536
 Free energy of molecule in mix (E_COSMO+dE+Mu)    :    -97342.16088 kcal/mol
 Total mean interaction energy in the mix (H_int)  :        -5.55555 kcal/mol
 Misfit interaction energy in the mix (H_MF)       :         1.41864 kcal/mol
 H-Bond interaction energy in the mix (H_HB)       :        -2.99175 kcal/mol
 VdW interaction energy in the mix (H_vdW)         :        -4.00529 kcal/mol
 Ring correction                                   :         0.00000 kcal/mol




 Results for mixture 12
 ----------------------
 Temperature          :    293.150 K

 Compound Nr.         :          1         2
 Compound             :  AZ1353096   ethanol
 Mole Fraction        :     0.0513    0.9487

 Compound:  1  (AZ13530968)
 Chemical potential of the compound in the mixture :        -8.27375 kcal/mol
 Log10(partial pressure [mbar])                    :       -11.38563
 Free energy of molecule in mix (E_COSMO+dE+Mu)    :  -2204762.86463 kcal/mol
 Total mean interaction energy in the mix (H_int)  :       -19.41110 kcal/mol
 Misfit interaction energy in the mix (H_MF)       :         5.15953 kcal/mol
 H-Bond interaction energy in the mix (H_HB)       :        -6.16423 kcal/mol
 VdW interaction energy in the mix (H_vdW)         :       -18.41609 kcal/mol
 Ring correction                                   :        -2.22324 kcal/mol
 Log10(x_Solubility)                               :        -1.28986
 w_Solubility [g(Solute)/g(Solution)]              :         0.30637

 Compound:  2  (ethanol)
 Chemical potential of the compound in the mixture :        -2.38934 kcal/mol
 Log10(partial pressure [mbar])                    :         1.71536
 Free energy of molecule in mix (E_COSMO+dE+Mu)    :    -97342.16088 kcal/mol
 Total mean interaction energy in the mix (H_int)  :        -5.55555 kcal/mol
 Misfit interaction energy in the mix (H_MF)       :         1.41864 kcal/mol
 H-Bond interaction energy in the mix (H_HB)       :        -2.99176 kcal/mol
 VdW interaction energy in the mix (H_vdW)         :        -4.00529 kcal/mol
 Ring correction                                   :         0.00000 kcal/mol


----------------
 END job       1
----------------
