 ------------------------------------------------------------------------------ 
 COSMOtherm Version C30-1701 (revision 3140)
 ------------------------------------------------------------------------------ 
 written by Frank Eckert, Andreas Klamt, Larissa Koch, Selman Terzi
 Copyright (C) 1999-2017, COSMOlogic GmbH & Co. KG

 Job-Name   : !! Solubility Calculation of Solute in Solvent 
 Job-Date   : 03/21/2017
 Job-Time   : 16:07:21
 Hostname   : ukmcdwlx007
 OS-Type    : linux
 Executable : Linux 64-bit

 Reading COSMOtherm parameter file BP_TZVPD_FINE_C30_1701.ctd from directory /apps/cosmologic/COSMOthermX17/COSMOtherm/CTDATA-FILES/
 Info: # COSMOtherm parameter file BP_TZVPD_FINE_C30_1701.ctd for BP-TZVPD-FINE (BP-TZVP optimized) COSMO files                                              

 Reading COSMOtherm license key license.txt from directory /apps/cosmologic/COSMOthermX17/licensefiles/

 COSMOtherm license key expiration date 22-dec-2018
 COSMOtherm license key version 17.0
 Customer : AstraZeneca
 ID       : 100905

 License keys:
  product                   |    licensed version    | status
 ------------------------------------------------------------------------------ 
  COSMOtherm                |          17.0          | active
  TURBOMOLE                 |          7.1           | active
  COSMOconf                 |          4.1           | active
 ------------------------------------------------------------------------------ 


 Reading COSMO information for molecule 1 from file /dbs/AZcosmotherm/AZ_BP_TZVPD-FINE/a/AZ13530968_c0.cosmo
 Reading gas phase energy information for molecule 1 from file /dbs/AZcosmotherm/AZ_BP_TZVPD-FINE/a/AZ13530968_c0.energy
 Reading vapor pressure and property information for compound 1 from file /dbs/AZcosmotherm/AZ_BP_TZVPD-FINE/a/AZ13530968.vap
 Note: Vapor Pressure / property file /dbs/AZcosmotherm/AZ_BP_TZVPD-FINE/a/AZ13530968.vap is empty
 Free energy of fusion for pure compound 1 (DGFUS = 3.96457 kcal/mol)

 Compound Information for compound 1 conformer 1 (COSMO file /dbs/AZcosmotherm/AZ_BP_TZVPD-FINE/a/AZ13530968_c0.cosmo)
 Atomic weights         : 111111111111111111111111111111111111111111111
 E_COSMO+dE             :   -2204754.5909 kcal/mol
 E_gas                  :   -2204740.7759 kcal/mol
 E_COSMO-E_gas+dE       :        -13.8150 kcal/mol
 E_diel                 :        -18.7411 kcal/mol
 Averaging corr dE      :          1.1081 kcal/mol
 EvdW in continuum      :       -358.6958 kcal/mol
 Area                   :        347.5579 A^2
 Volume                 :        402.8905 A^3
 Molecular Weight       :        376.2926 a.m.u.
 Total COSMO charge     :          0.0028 a.u.
 Dipole moment (t,x,y,z):          7.1747  0.488760  7.156487 -0.149195 Debye                            
 Sigma moments (1-6)    :          0.0000  1.26E+02  4.58E+01  2.09E+02  1.75E+02  5.53E+02              
 H-bond moment (accept) :          6.7617
 H-bond moment (donor)  :          2.3419


 Reading COSMO information for molecule 2 from file /dbs/AZcosmotherm/AZ_BP_TZVPD-FINE/a/AZ13530968_c1.cosmo
 Reading gas phase energy information for molecule 2 from file /dbs/AZcosmotherm/AZ_BP_TZVPD-FINE/a/AZ13530968_c1.energy

 Compound Information for compound 1 conformer 2 (COSMO file /dbs/AZcosmotherm/AZ_BP_TZVPD-FINE/a/AZ13530968_c1.cosmo)
 Atomic weights         : 111111111111111111111111111111111111111111111
 E_COSMO+dE             :   -2204751.2414 kcal/mol
 E_gas                  :   -2204738.3753 kcal/mol
 E_COSMO-E_gas+dE       :        -12.8661 kcal/mol
 E_diel                 :        -17.6608 kcal/mol
 Averaging corr dE      :          1.0677 kcal/mol
 EvdW in continuum      :       -351.4171 kcal/mol
 Area                   :        340.9253 A^2
 Volume                 :        403.0683 A^3
 Molecular Weight       :        376.2926 a.m.u.
 Total COSMO charge     :          0.0031 a.u.
 Dipole moment (t,x,y,z):          7.7437 -4.364802 -6.198433  1.578924 Debye                            
 Sigma moments (1-6)    :          0.0000  1.16E+02  3.56E+01  1.86E+02  1.45E+02  4.85E+02              
 H-bond moment (accept) :          5.5908
 H-bond moment (donor)  :          2.1978


 Reading COSMO information for molecule 3 from file /dbs/AZcosmotherm/AZ_BP_TZVPD-FINE/a/AZ13530968_c2.cosmo
 Reading gas phase energy information for molecule 3 from file /dbs/AZcosmotherm/AZ_BP_TZVPD-FINE/a/AZ13530968_c2.energy

 Compound Information for compound 1 conformer 3 (COSMO file /dbs/AZcosmotherm/AZ_BP_TZVPD-FINE/a/AZ13530968_c2.cosmo)
 Atomic weights         : 111111111111111111111111111111111111111111111
 E_COSMO+dE             :   -2204749.4696 kcal/mol
 E_gas                  :   -2204735.8858 kcal/mol
 E_COSMO-E_gas+dE       :        -13.5838 kcal/mol
 E_diel                 :        -18.5107 kcal/mol
 Averaging corr dE      :          1.0974 kcal/mol
 EvdW in continuum      :       -356.7686 kcal/mol
 Area                   :        345.9657 A^2
 Volume                 :        403.3632 A^3
 Molecular Weight       :        376.2926 a.m.u.
 Total COSMO charge     :          0.0024 a.u.
 Dipole moment (t,x,y,z):          7.3409 -4.690418 -5.646647 -0.062138 Debye                            
 Sigma moments (1-6)    :          0.0000  1.23E+02  4.47E+01  2.02E+02  1.75E+02  5.37E+02              
 H-bond moment (accept) :          6.4083
 H-bond moment (donor)  :          2.1788


 Reading COSMO information for molecule 4 from file /dbs/AZcosmotherm/AZ_BP_TZVPD-FINE/c/CPME_c0.cosmo
 Reading gas phase energy information for molecule 4 from file /dbs/AZcosmotherm/AZ_BP_TZVPD-FINE/c/CPME_c0.energy
 Reading vapor pressure and property information for compound 2 from file /dbs/AZcosmotherm/AZ_BP_TZVPD-FINE/c/CPME.vap
 Note: Vapor Pressure / property file /dbs/AZcosmotherm/AZ_BP_TZVPD-FINE/c/CPME.vap is empty
 Free energy of fusion for pure compound 2 (DGFUS = 0.00000 kcal/mol)

 Compound Information for compound 2 conformer 1 (COSMO file /dbs/AZcosmotherm/AZ_BP_TZVPD-FINE/c/CPME_c0.cosmo)
 Atomic weights         : 1111111111111111111
 E_COSMO+dE             :    -195284.5806 kcal/mol
 E_gas                  :    -195281.8783 kcal/mol
 E_COSMO-E_gas+dE       :         -2.7022 kcal/mol
 E_diel                 :         -3.7612 kcal/mol
 Averaging corr dE      :          0.2859 kcal/mol
 EvdW in continuum      :       -141.4730 kcal/mol
 Area                   :        150.2724 A^2
 Volume                 :        144.5957 A^3
 Molecular Weight       :        100.1595 a.m.u.
 Total COSMO charge     :         -0.0001 a.u.
 Dipole moment (t,x,y,z):          1.7523  0.011630  0.995910 -1.441750 Debye                            
 Sigma moments (1-6)    :          0.0000  2.83E+01  2.37E+01  3.97E+01  5.73E+01  8.95E+01              
 H-bond moment (accept) :          1.8780
 H-bond moment (donor)  :          0.0000


 Reading COSMO information for molecule 5 from file /dbs/AZcosmotherm/AZ_BP_TZVPD-FINE/c/CPME_c1.cosmo
 Reading gas phase energy information for molecule 5 from file /dbs/AZcosmotherm/AZ_BP_TZVPD-FINE/c/CPME_c1.energy

 Compound Information for compound 2 conformer 2 (COSMO file /dbs/AZcosmotherm/AZ_BP_TZVPD-FINE/c/CPME_c1.cosmo)
 Atomic weights         : 1111111111111111111
 E_COSMO+dE             :    -195281.7579 kcal/mol
 E_gas                  :    -195278.6029 kcal/mol
 E_COSMO-E_gas+dE       :         -3.1551 kcal/mol
 E_diel                 :         -4.2333 kcal/mol
 Averaging corr dE      :          0.2779 kcal/mol
 EvdW in continuum      :       -139.7663 kcal/mol
 Area                   :        148.0925 A^2
 Volume                 :        144.2786 A^3
 Molecular Weight       :        100.1595 a.m.u.
 Total COSMO charge     :         -0.0001 a.u.
 Dipole moment (t,x,y,z):          1.9678 -0.388371  1.068934 -1.605801 Debye                            
 Sigma moments (1-6)    :          0.0000  3.10E+01  2.63E+01  4.45E+01  6.38E+01  9.94E+01              
 H-bond moment (accept) :          2.2237
 H-bond moment (donor)  :          0.0000


 Total number of processed compounds:    2
 Total number of processed molecules:    5


----------------
 START job     1
----------------

 ----------------------------------------------------
 Automatic computation of solubities in compound    2
 Computing solids solubilities: Heats of fusion used as given in the input file
 Computed solubilities will be refined iteratively: Threshold = 1.00E-05
 ----------------------------------------------------



 Results for mixture 1
 ---------------------
 Temperature          :    293.150 K

 Compound Nr.         :          1         2
 Compound             :  AZ1353096      CPME
 Mole Fraction        :     1.0000    0.0000

 Compound:  1  (AZ13530968)
 Chemical potential of the compound in the mixture :        -7.43676 kcal/mol
 Log10(partial pressure [mbar])                    :       -10.76165
 Free energy of molecule in mix (E_COSMO+dE+Mu)    :  -2204762.02764 kcal/mol
 Total mean interaction energy in the mix (H_int)  :       -18.69267 kcal/mol
 Misfit interaction energy in the mix (H_MF)       :         5.30393 kcal/mol
 H-Bond interaction energy in the mix (H_HB)       :        -3.16842 kcal/mol
 VdW interaction energy in the mix (H_vdW)         :       -20.84183 kcal/mol
 Ring correction                                   :        -2.22324 kcal/mol




 Results for mixture 2
 ---------------------
 Temperature          :    293.150 K

 Compound Nr.         :          1         2
 Compound             :  AZ1353096      CPME
 Mole Fraction        :     0.0000    1.0000

 Compound:  2  (CPME)
 Chemical potential of the compound in the mixture :        -3.52266 kcal/mol
 Log10(partial pressure [mbar])                    :         1.63253
 Free energy of molecule in mix (E_COSMO+dE+Mu)    :   -195288.10321 kcal/mol
 Total mean interaction energy in the mix (H_int)  :        -5.81036 kcal/mol
 Misfit interaction energy in the mix (H_MF)       :         1.94809 kcal/mol
 H-Bond interaction energy in the mix (H_HB)       :         0.00000 kcal/mol
 VdW interaction energy in the mix (H_vdW)         :        -7.77102 kcal/mol
 Ring correction                                   :        -0.61757 kcal/mol




 Results for mixture 3
 ---------------------
 Temperature          :    298.150 K

 Compound Nr.         :          1         2
 Compound             :  AZ1353096      CPME
 Mole Fraction        :     0.0000    1.0000

 Compound:  1  (AZ13530968)
 Chemical potential of the compound in the mixture :        -5.91019 kcal/mol
 Log10(partial pressure [mbar])                    :        -9.35233
 Free energy of molecule in mix (E_COSMO+dE+Mu)    :  -2204760.50107 kcal/mol
 Total mean interaction energy in the mix (H_int)  :       -13.98359 kcal/mol
 Misfit interaction energy in the mix (H_MF)       :         6.21159 kcal/mol
 H-Bond interaction energy in the mix (H_HB)       :        -1.02176 kcal/mol
 VdW interaction energy in the mix (H_vdW)         :       -19.19837 kcal/mol
 Ring correction                                   :        -2.22324 kcal/mol

 Compound:  2  (CPME)
 Chemical potential of the compound in the mixture :        -3.48387 kcal/mol
 Log10(partial pressure [mbar])                    :         1.74300
 Free energy of molecule in mix (E_COSMO+dE+Mu)    :   -195288.06443 kcal/mol
 Total mean interaction energy in the mix (H_int)  :        -5.78257 kcal/mol
 Misfit interaction energy in the mix (H_MF)       :         1.95324 kcal/mol
 H-Bond interaction energy in the mix (H_HB)       :         0.00000 kcal/mol
 VdW interaction energy in the mix (H_vdW)         :        -7.74958 kcal/mol
 Ring correction                                   :        -0.61757 kcal/mol




 Results for mixture 4
 ---------------------
 Temperature          :    293.150 K

 Compound Nr.         :          1         2
 Compound             :  AZ1353096      CPME
 Mole Fraction        :     0.0000    1.0000

 Compound:  1  (AZ13530968)
 Chemical potential of the compound in the mixture :        -6.08644 kcal/mol
 Log10(partial pressure [mbar])                    :        -9.75498
 Free energy of molecule in mix (E_COSMO+dE+Mu)    :  -2204760.67732 kcal/mol
 Total mean interaction energy in the mix (H_int)  :       -14.09613 kcal/mol
 Misfit interaction energy in the mix (H_MF)       :         6.18398 kcal/mol
 H-Bond interaction energy in the mix (H_HB)       :        -1.04993 kcal/mol
 VdW interaction energy in the mix (H_vdW)         :       -19.25286 kcal/mol
 Ring correction                                   :        -2.22324 kcal/mol
 Log10(x_Solubility)                               :        -3.96229
 w_Solubility [g(Solute)/g(Solution)]              :  4.09649641E-04

 Compound:  2  (CPME)
 Chemical potential of the compound in the mixture :        -3.52266 kcal/mol
 Log10(partial pressure [mbar])                    :         1.63253
 Free energy of molecule in mix (E_COSMO+dE+Mu)    :   -195288.10321 kcal/mol
 Total mean interaction energy in the mix (H_int)  :        -5.81036 kcal/mol
 Misfit interaction energy in the mix (H_MF)       :         1.94809 kcal/mol
 H-Bond interaction energy in the mix (H_HB)       :         0.00000 kcal/mol
 VdW interaction energy in the mix (H_vdW)         :        -7.77102 kcal/mol
 Ring correction                                   :        -0.61757 kcal/mol
 Log10(x_Solubility)                               :         0.00000




 Results for mixture 5
 ---------------------
 Temperature          :    293.150 K

 Compound Nr.         :          1         2
 Compound             :  AZ1353096      CPME
 Mole Fraction        :     0.0001    0.9999

 Compound:  1  (AZ13530968)
 Chemical potential of the compound in the mixture :        -6.11523 kcal/mol
 Log10(partial pressure [mbar])                    :        -9.77644
 Free energy of molecule in mix (E_COSMO+dE+Mu)    :  -2204760.70611 kcal/mol
 Total mean interaction energy in the mix (H_int)  :       -14.12760 kcal/mol
 Misfit interaction energy in the mix (H_MF)       :         6.15522 kcal/mol
 H-Bond interaction energy in the mix (H_HB)       :        -1.05207 kcal/mol
 VdW interaction energy in the mix (H_vdW)         :       -19.25334 kcal/mol
 Ring correction                                   :        -2.22324 kcal/mol
 Log10(x_Solubility)                               :        -3.94083
 w_Solubility [g(Solute)/g(Solution)]              :  4.30393511E-04

 Compound:  2  (CPME)
 Chemical potential of the compound in the mixture :        -3.52266 kcal/mol
 Log10(partial pressure [mbar])                    :         1.63253
 Free energy of molecule in mix (E_COSMO+dE+Mu)    :   -195288.10321 kcal/mol
 Total mean interaction energy in the mix (H_int)  :        -5.81062 kcal/mol
 Misfit interaction energy in the mix (H_MF)       :         1.94809 kcal/mol
 H-Bond interaction energy in the mix (H_HB)       :        -0.00011 kcal/mol
 VdW interaction energy in the mix (H_vdW)         :        -7.77118 kcal/mol
 Ring correction                                   :        -0.61757 kcal/mol




 Results for mixture 6
 ---------------------
 Temperature          :    293.150 K

 Compound Nr.         :          1         2
 Compound             :  AZ1353096      CPME
 Mole Fraction        :     0.0001    0.9999

 Compound:  1  (AZ13530968)
 Chemical potential of the compound in the mixture :        -6.11620 kcal/mol
 Log10(partial pressure [mbar])                    :        -9.77716
 Free energy of molecule in mix (E_COSMO+dE+Mu)    :  -2204760.70708 kcal/mol
 Total mean interaction energy in the mix (H_int)  :       -14.12868 kcal/mol
 Misfit interaction energy in the mix (H_MF)       :         6.15428 kcal/mol
 H-Bond interaction energy in the mix (H_HB)       :        -1.05218 kcal/mol
 VdW interaction energy in the mix (H_vdW)         :       -19.25336 kcal/mol
 Ring correction                                   :        -2.22324 kcal/mol
 Log10(x_Solubility)                               :        -3.94011
 w_Solubility [g(Solute)/g(Solution)]              :  4.31111104E-04

 Compound:  2  (CPME)
 Chemical potential of the compound in the mixture :        -3.52266 kcal/mol
 Log10(partial pressure [mbar])                    :         1.63253
 Free energy of molecule in mix (E_COSMO+dE+Mu)    :   -195288.10321 kcal/mol
 Total mean interaction energy in the mix (H_int)  :        -5.81064 kcal/mol
 Misfit interaction energy in the mix (H_MF)       :         1.94809 kcal/mol
 H-Bond interaction energy in the mix (H_HB)       :        -0.00012 kcal/mol
 VdW interaction energy in the mix (H_vdW)         :        -7.77118 kcal/mol
 Ring correction                                   :        -0.61757 kcal/mol




 Results for mixture 7
 ---------------------
 Temperature          :    293.150 K

 Compound Nr.         :          1         2
 Compound             :  AZ1353096      CPME
 Mole Fraction        :     0.0001    0.9999

 Compound:  1  (AZ13530968)
 Chemical potential of the compound in the mixture :        -6.11623 kcal/mol
 Log10(partial pressure [mbar])                    :        -9.77719
 Free energy of molecule in mix (E_COSMO+dE+Mu)    :  -2204760.70711 kcal/mol
 Total mean interaction energy in the mix (H_int)  :       -14.12872 kcal/mol
 Misfit interaction energy in the mix (H_MF)       :         6.15425 kcal/mol
 H-Bond interaction energy in the mix (H_HB)       :        -1.05218 kcal/mol
 VdW interaction energy in the mix (H_vdW)         :       -19.25336 kcal/mol
 Ring correction                                   :        -2.22324 kcal/mol
 Log10(x_Solubility)                               :        -3.94008
 w_Solubility [g(Solute)/g(Solution)]              :  4.31135644E-04

 Compound:  2  (CPME)
 Chemical potential of the compound in the mixture :        -3.52266 kcal/mol
 Log10(partial pressure [mbar])                    :         1.63253
 Free energy of molecule in mix (E_COSMO+dE+Mu)    :   -195288.10321 kcal/mol
 Total mean interaction energy in the mix (H_int)  :        -5.81064 kcal/mol
 Misfit interaction energy in the mix (H_MF)       :         1.94809 kcal/mol
 H-Bond interaction energy in the mix (H_HB)       :        -0.00012 kcal/mol
 VdW interaction energy in the mix (H_vdW)         :        -7.77118 kcal/mol
 Ring correction                                   :        -0.61757 kcal/mol




 Results for mixture 8
 ---------------------
 Temperature          :    293.150 K

 Compound Nr.         :          1         2
 Compound             :  AZ1353096      CPME
 Mole Fraction        :     0.0001    0.9999

 Compound:  1  (AZ13530968)
 Chemical potential of the compound in the mixture :        -6.11623 kcal/mol
 Log10(partial pressure [mbar])                    :        -9.77719
 Free energy of molecule in mix (E_COSMO+dE+Mu)    :  -2204760.70712 kcal/mol
 Total mean interaction energy in the mix (H_int)  :       -14.12872 kcal/mol
 Misfit interaction energy in the mix (H_MF)       :         6.15424 kcal/mol
 H-Bond interaction energy in the mix (H_HB)       :        -1.05218 kcal/mol
 VdW interaction energy in the mix (H_vdW)         :       -19.25336 kcal/mol
 Ring correction                                   :        -2.22324 kcal/mol
 Log10(x_Solubility)                               :        -3.94008
 w_Solubility [g(Solute)/g(Solution)]              :  4.31136482E-04

 Compound:  2  (CPME)
 Chemical potential of the compound in the mixture :        -3.52266 kcal/mol
 Log10(partial pressure [mbar])                    :         1.63253
 Free energy of molecule in mix (E_COSMO+dE+Mu)    :   -195288.10321 kcal/mol
 Total mean interaction energy in the mix (H_int)  :        -5.81064 kcal/mol
 Misfit interaction energy in the mix (H_MF)       :         1.94809 kcal/mol
 H-Bond interaction energy in the mix (H_HB)       :        -0.00012 kcal/mol
 VdW interaction energy in the mix (H_vdW)         :        -7.77118 kcal/mol
 Ring correction                                   :        -0.61757 kcal/mol


----------------
 END job       1
----------------
