 ------------------------------------------------------------------------------ 
 COSMOtherm Version C30-1701 (revision 3140)
 ------------------------------------------------------------------------------ 
 written by Frank Eckert, Andreas Klamt, Larissa Koch, Selman Terzi
 Copyright (C) 1999-2017, COSMOlogic GmbH & Co. KG

 Job-Name   : !! Solubility Calculation of Solute in Solvent 
 Job-Date   : 03/21/2017
 Job-Time   : 16:02:26
 Hostname   : ukmcdwlx007
 OS-Type    : linux
 Executable : Linux 64-bit

 Reading COSMOtherm parameter file BP_TZVPD_FINE_C30_1701.ctd from directory /apps/cosmologic/COSMOthermX17/COSMOtherm/CTDATA-FILES/
 Info: # COSMOtherm parameter file BP_TZVPD_FINE_C30_1701.ctd for BP-TZVPD-FINE (BP-TZVP optimized) COSMO files                                              

 Reading COSMOtherm license key license.txt from directory /apps/cosmologic/COSMOthermX17/licensefiles/

 COSMOtherm license key expiration date 22-dec-2018
 COSMOtherm license key version 17.0
 Customer : AstraZeneca
 ID       : 100905

 License keys:
  product                   |    licensed version    | status
 ------------------------------------------------------------------------------ 
  COSMOtherm                |          17.0          | active
  TURBOMOLE                 |          7.1           | active
  COSMOconf                 |          4.1           | active
 ------------------------------------------------------------------------------ 


 Reading COSMO information for molecule 1 from file /dbs/AZcosmotherm/AZ_BP_TZVPD-FINE/a/AZ13530968_c0.cosmo
 Reading gas phase energy information for molecule 1 from file /dbs/AZcosmotherm/AZ_BP_TZVPD-FINE/a/AZ13530968_c0.energy
 Reading vapor pressure and property information for compound 1 from file /dbs/AZcosmotherm/AZ_BP_TZVPD-FINE/a/AZ13530968.vap
 Note: Vapor Pressure / property file /dbs/AZcosmotherm/AZ_BP_TZVPD-FINE/a/AZ13530968.vap is empty
 Free energy of fusion for pure compound 1 (DGFUS = 4.05689 kcal/mol)

 Compound Information for compound 1 conformer 1 (COSMO file /dbs/AZcosmotherm/AZ_BP_TZVPD-FINE/a/AZ13530968_c0.cosmo)
 Atomic weights         : 111111111111111111111111111111111111111111111
 E_COSMO+dE             :   -2204754.5909 kcal/mol
 E_gas                  :   -2204740.7759 kcal/mol
 E_COSMO-E_gas+dE       :        -13.8150 kcal/mol
 E_diel                 :        -18.7411 kcal/mol
 Averaging corr dE      :          1.1081 kcal/mol
 EvdW in continuum      :       -358.6958 kcal/mol
 Area                   :        347.5579 A^2
 Volume                 :        402.8905 A^3
 Molecular Weight       :        376.2926 a.m.u.
 Total COSMO charge     :          0.0028 a.u.
 Dipole moment (t,x,y,z):          7.1747  0.488760  7.156487 -0.149195 Debye                            
 Sigma moments (1-6)    :          0.0000  1.26E+02  4.58E+01  2.09E+02  1.75E+02  5.53E+02              
 H-bond moment (accept) :          6.7617
 H-bond moment (donor)  :          2.3419


 Reading COSMO information for molecule 2 from file /dbs/AZcosmotherm/AZ_BP_TZVPD-FINE/a/AZ13530968_c1.cosmo
 Reading gas phase energy information for molecule 2 from file /dbs/AZcosmotherm/AZ_BP_TZVPD-FINE/a/AZ13530968_c1.energy

 Compound Information for compound 1 conformer 2 (COSMO file /dbs/AZcosmotherm/AZ_BP_TZVPD-FINE/a/AZ13530968_c1.cosmo)
 Atomic weights         : 111111111111111111111111111111111111111111111
 E_COSMO+dE             :   -2204751.2414 kcal/mol
 E_gas                  :   -2204738.3753 kcal/mol
 E_COSMO-E_gas+dE       :        -12.8661 kcal/mol
 E_diel                 :        -17.6608 kcal/mol
 Averaging corr dE      :          1.0677 kcal/mol
 EvdW in continuum      :       -351.4171 kcal/mol
 Area                   :        340.9253 A^2
 Volume                 :        403.0683 A^3
 Molecular Weight       :        376.2926 a.m.u.
 Total COSMO charge     :          0.0031 a.u.
 Dipole moment (t,x,y,z):          7.7437 -4.364802 -6.198433  1.578924 Debye                            
 Sigma moments (1-6)    :          0.0000  1.16E+02  3.56E+01  1.86E+02  1.45E+02  4.85E+02              
 H-bond moment (accept) :          5.5908
 H-bond moment (donor)  :          2.1978


 Reading COSMO information for molecule 3 from file /dbs/AZcosmotherm/AZ_BP_TZVPD-FINE/a/AZ13530968_c2.cosmo
 Reading gas phase energy information for molecule 3 from file /dbs/AZcosmotherm/AZ_BP_TZVPD-FINE/a/AZ13530968_c2.energy

 Compound Information for compound 1 conformer 3 (COSMO file /dbs/AZcosmotherm/AZ_BP_TZVPD-FINE/a/AZ13530968_c2.cosmo)
 Atomic weights         : 111111111111111111111111111111111111111111111
 E_COSMO+dE             :   -2204749.4696 kcal/mol
 E_gas                  :   -2204735.8858 kcal/mol
 E_COSMO-E_gas+dE       :        -13.5838 kcal/mol
 E_diel                 :        -18.5107 kcal/mol
 Averaging corr dE      :          1.0974 kcal/mol
 EvdW in continuum      :       -356.7686 kcal/mol
 Area                   :        345.9657 A^2
 Volume                 :        403.3632 A^3
 Molecular Weight       :        376.2926 a.m.u.
 Total COSMO charge     :          0.0024 a.u.
 Dipole moment (t,x,y,z):          7.3409 -4.690418 -5.646647 -0.062138 Debye                            
 Sigma moments (1-6)    :          0.0000  1.23E+02  4.47E+01  2.02E+02  1.75E+02  5.37E+02              
 H-bond moment (accept) :          6.4083
 H-bond moment (donor)  :          2.1788


 Reading COSMO information for molecule 4 from file /apps/cosmologic/COSMOthermX17/COSMOtherm/DATABASE-COSMO/BP-TZVPD-FINE/h/h2o_c0.cosmo
 Reading gas phase energy information for molecule 4 from file /apps/cosmologic/COSMOthermX17/COSMOtherm/DATABASE-COSMO/BP-TZVPD-FINE/h/h2o_c0.energy
 Reading vapor pressure and property information for compound 2 from file /apps/cosmologic/COSMOthermX17/COSMOtherm/DATABASE-COSMO/BP-TZVPD-FINE/h/h2o.vap
 Free energy of fusion for pure compound 2 (DGFUS = 0.00000 kcal/mol)
 Wagner equation coefficients ([mbar]/[K]) for compound 2:    220600.0000       647.1400        -7.7645         1.4584        -2.7758        -1.2330
 Vapor Pressure [mbar] / Temperature [°C] input for compound 2:
               10.0000             7.0000
              100.0000            45.8000
             1000.0000            99.6000
 Antoine equation coefficients (in [mbar]/[K]) for compound 2:        18.8198      3956.2903       -40.6247
 Minimum interpolative temperature for vapor pressure estimation of compound 2:     280.150 K
 Maximum interpolative temperature for vapor pressure estimation of compound 2:     372.750 K
 Minimum temperature for vapor pressure estimation of pure compound 2 (TPVMIN = 275.00000 K)
 Maximum temperature for vapor pressure estimation of pure compound 2 (TPVMAX = 647.00000 K)
 UNIQUAC volume parameter for compound 2 (UNIQUAC_RI = 0.92000)
 UNIQUAC surface parameter for compound 2 (UNIQUAC_QI = 1.40000)
 Boiling temperature of compound 2 (TBOIL = 373.15000 K)
 Melting temperature of compound 2 (TMELT = 273.15000 K)
 Experimental dielectric constant for molecule 4   EPSILON = 78.20000

 Compound Information for compound 2 (COSMO file /apps/cosmologic/COSMOthermX17/COSMOtherm/DATABASE-COSMO/BP-TZVPD-FINE/h/h2o_c0.cosmo)
 Atomic weights         : 111
 E_COSMO+dE             :     -47992.9652 kcal/mol
 E_gas                  :     -47987.1709 kcal/mol
 E_COSMO-E_gas+dE       :         -5.7943 kcal/mol
 E_diel                 :         -8.0929 kcal/mol
 Averaging corr dE      :          0.4367 kcal/mol
 EvdW in continuum      :        -44.7681 kcal/mol
 Area                   :         43.1423 A^2
 Volume                 :         25.8553 A^3
 Molecular Weight       :         18.0153 a.m.u.
 Total COSMO charge     :         -0.0001 a.u.
 Dipole moment (t,x,y,z):          2.2007  0.001122  0.000271 -2.200712 Debye                            
 Sigma moments (1-6)    :          0.0000  6.40E+01  2.977387  1.35E+02  1.50E+01  3.17E+02              
 H-bond moment (accept) :          3.0365
 H-bond moment (donor)  :          2.9730


 Total number of processed compounds:    2
 Total number of processed molecules:    4


----------------
 START job     1
----------------

 ----------------------------------------------------
 Automatic computation of solubities in compound    2
 Computing solids solubilities: Heats of fusion used as given in the input file
 Computed solubilities will be refined iteratively: Threshold = 1.00E-05
 ----------------------------------------------------



 Results for mixture 1
 ---------------------
 Temperature          :    293.150 K

 Compound Nr.         :          1         2
 Compound             :  AZ1353096       h2o
 Mole Fraction        :     1.0000    0.0000

 Compound:  1  (AZ13530968)
 Chemical potential of the compound in the mixture :        -7.43676 kcal/mol
 Log10(partial pressure [mbar])                    :       -10.76165
 Free energy of molecule in mix (E_COSMO+dE+Mu)    :  -2204762.02764 kcal/mol
 Total mean interaction energy in the mix (H_int)  :       -18.69267 kcal/mol
 Misfit interaction energy in the mix (H_MF)       :         5.30393 kcal/mol
 H-Bond interaction energy in the mix (H_HB)       :        -3.16842 kcal/mol
 VdW interaction energy in the mix (H_vdW)         :       -20.84183 kcal/mol
 Ring correction                                   :        -2.22324 kcal/mol




 Results for mixture 2
 ---------------------
 Temperature          :    293.150 K

 Compound Nr.         :          1         2
 Compound             :  AZ1353096       h2o
 Mole Fraction        :     0.0000    1.0000

 Compound:  2  (h2o)
 Chemical potential of the compound in the mixture :        -1.83448 kcal/mol
 Log10(partial pressure [mbar])                    :         1.04477
 Free energy of molecule in mix (E_COSMO+dE+Mu)    :    -47994.79970 kcal/mol
 Total mean interaction energy in the mix (H_int)  :        -5.57662 kcal/mol
 Misfit interaction energy in the mix (H_MF)       :         0.54305 kcal/mol
 H-Bond interaction energy in the mix (H_HB)       :        -4.82175 kcal/mol
 VdW interaction energy in the mix (H_vdW)         :        -1.29791 kcal/mol
 Ring correction                                   :         0.00000 kcal/mol




 Results for mixture 3
 ---------------------
 Temperature          :    298.150 K

 Compound Nr.         :          1         2
 Compound             :  AZ1353096       h2o
 Mole Fraction        :     0.0000    1.0000

 Compound:  1  (AZ13530968)
 Chemical potential of the compound in the mixture :        -3.18765 kcal/mol
 Log10(partial pressure [mbar])                    :        -7.35669
 Free energy of molecule in mix (E_COSMO+dE+Mu)    :  -2204757.77853 kcal/mol
 Total mean interaction energy in the mix (H_int)  :       -19.24131 kcal/mol
 Misfit interaction energy in the mix (H_MF)       :         5.40217 kcal/mol
 H-Bond interaction energy in the mix (H_HB)       :        -8.31352 kcal/mol
 VdW interaction energy in the mix (H_vdW)         :       -16.33643 kcal/mol
 Ring correction                                   :        -2.22324 kcal/mol

 Compound:  2  (h2o)
 Chemical potential of the compound in the mixture :        -1.77123 kcal/mol
 Log10(partial pressure [mbar])                    :         1.18285
 Free energy of molecule in mix (E_COSMO+dE+Mu)    :    -47994.73645 kcal/mol
 Total mean interaction energy in the mix (H_int)  :        -5.50847 kcal/mol
 Misfit interaction energy in the mix (H_MF)       :         0.55392 kcal/mol
 H-Bond interaction energy in the mix (H_HB)       :        -4.76831 kcal/mol
 VdW interaction energy in the mix (H_vdW)         :        -1.29408 kcal/mol
 Ring correction                                   :         0.00000 kcal/mol




 Results for mixture 4
 ---------------------
 Temperature          :    293.150 K

 Compound Nr.         :          1         2
 Compound             :  AZ1353096       h2o
 Mole Fraction        :     0.0000    1.0000

 Compound:  1  (AZ13530968)
 Chemical potential of the compound in the mixture :        -3.54729 kcal/mol
 Log10(partial pressure [mbar])                    :        -7.86202
 Free energy of molecule in mix (E_COSMO+dE+Mu)    :  -2204758.13817 kcal/mol
 Total mean interaction energy in the mix (H_int)  :       -19.60012 kcal/mol
 Misfit interaction energy in the mix (H_MF)       :         5.17342 kcal/mol
 H-Bond interaction energy in the mix (H_HB)       :        -8.38327 kcal/mol
 VdW interaction energy in the mix (H_vdW)         :       -16.39596 kcal/mol
 Ring correction                                   :        -2.22324 kcal/mol
 Log10(x_Solubility)                               :        -5.92408
 w_Solubility [g(Solute)/g(Solution)]              :  2.48769478E-05

 Compound:  2  (h2o)
 Chemical potential of the compound in the mixture :        -1.83448 kcal/mol
 Log10(partial pressure [mbar])                    :         1.04477
 Free energy of molecule in mix (E_COSMO+dE+Mu)    :    -47994.79970 kcal/mol
 Total mean interaction energy in the mix (H_int)  :        -5.57662 kcal/mol
 Misfit interaction energy in the mix (H_MF)       :         0.54305 kcal/mol
 H-Bond interaction energy in the mix (H_HB)       :        -4.82175 kcal/mol
 VdW interaction energy in the mix (H_vdW)         :        -1.29791 kcal/mol
 Ring correction                                   :         0.00000 kcal/mol
 Log10(x_Solubility)                               :         0.00000




 Results for mixture 5
 ---------------------
 Temperature          :    293.150 K

 Compound Nr.         :          1         2
 Compound             :  AZ1353096       h2o
 Mole Fraction        :  1.191E-06    1.0000

 Compound:  1  (AZ13530968)
 Chemical potential of the compound in the mixture :        -3.54740 kcal/mol
 Log10(partial pressure [mbar])                    :        -7.86210
 Free energy of molecule in mix (E_COSMO+dE+Mu)    :  -2204758.13828 kcal/mol
 Total mean interaction energy in the mix (H_int)  :       -19.56314 kcal/mol
 Misfit interaction energy in the mix (H_MF)       :         5.21047 kcal/mol
 H-Bond interaction energy in the mix (H_HB)       :        -8.38327 kcal/mol
 VdW interaction energy in the mix (H_vdW)         :       -16.39604 kcal/mol
 Ring correction                                   :        -2.22324 kcal/mol
 Log10(x_Solubility)                               :        -5.92400
 w_Solubility [g(Solute)/g(Solution)]              :  2.48815543E-05

 Compound:  2  (h2o)
 Chemical potential of the compound in the mixture :        -1.83448 kcal/mol
 Log10(partial pressure [mbar])                    :         1.04477
 Free energy of molecule in mix (E_COSMO+dE+Mu)    :    -47994.79970 kcal/mol
 Total mean interaction energy in the mix (H_int)  :        -5.57663 kcal/mol
 Misfit interaction energy in the mix (H_MF)       :         0.54305 kcal/mol
 H-Bond interaction energy in the mix (H_HB)       :        -4.82175 kcal/mol
 VdW interaction energy in the mix (H_vdW)         :        -1.29792 kcal/mol
 Ring correction                                   :         0.00000 kcal/mol




 Results for mixture 6
 ---------------------
 Temperature          :    293.150 K

 Compound Nr.         :          1         2
 Compound             :  AZ1353096       h2o
 Mole Fraction        :  1.191E-06    1.0000

 Compound:  1  (AZ13530968)
 Chemical potential of the compound in the mixture :        -3.54740 kcal/mol
 Log10(partial pressure [mbar])                    :        -7.86210
 Free energy of molecule in mix (E_COSMO+dE+Mu)    :  -2204758.13828 kcal/mol
 Total mean interaction energy in the mix (H_int)  :       -19.56314 kcal/mol
 Misfit interaction energy in the mix (H_MF)       :         5.21047 kcal/mol
 H-Bond interaction energy in the mix (H_HB)       :        -8.38327 kcal/mol
 VdW interaction energy in the mix (H_vdW)         :       -16.39604 kcal/mol
 Ring correction                                   :        -2.22324 kcal/mol
 Log10(x_Solubility)                               :        -5.92400
 w_Solubility [g(Solute)/g(Solution)]              :  2.48815552E-05

 Compound:  2  (h2o)
 Chemical potential of the compound in the mixture :        -1.83448 kcal/mol
 Log10(partial pressure [mbar])                    :         1.04477
 Free energy of molecule in mix (E_COSMO+dE+Mu)    :    -47994.79970 kcal/mol
 Total mean interaction energy in the mix (H_int)  :        -5.57663 kcal/mol
 Misfit interaction energy in the mix (H_MF)       :         0.54305 kcal/mol
 H-Bond interaction energy in the mix (H_HB)       :        -4.82175 kcal/mol
 VdW interaction energy in the mix (H_vdW)         :        -1.29792 kcal/mol
 Ring correction                                   :         0.00000 kcal/mol


----------------
 END job       1
----------------
