 ------------------------------------------------------------------------------ 
 COSMOtherm Version C30-1701 (revision 3140)
 ------------------------------------------------------------------------------ 
 written by Frank Eckert, Andreas Klamt, Larissa Koch, Selman Terzi
 Copyright (C) 1999-2017, COSMOlogic GmbH & Co. KG

 Job-Name   : !! Solubility Calculation of Solute in Solvent 
 Job-Date   : 03/21/2017
 Job-Time   : 16:10:48
 Hostname   : ukmcdwlx007
 OS-Type    : linux
 Executable : Linux 64-bit

 Reading COSMOtherm parameter file BP_TZVPD_FINE_C30_1701.ctd from directory /apps/cosmologic/COSMOthermX17/COSMOtherm/CTDATA-FILES/
 Info: # COSMOtherm parameter file BP_TZVPD_FINE_C30_1701.ctd for BP-TZVPD-FINE (BP-TZVP optimized) COSMO files                                              

 Reading COSMOtherm license key license.txt from directory /apps/cosmologic/COSMOthermX17/licensefiles/

 COSMOtherm license key expiration date 22-dec-2018
 COSMOtherm license key version 17.0
 Customer : AstraZeneca
 ID       : 100905

 License keys:
  product                   |    licensed version    | status
 ------------------------------------------------------------------------------ 
  COSMOtherm                |          17.0          | active
  TURBOMOLE                 |          7.1           | active
  COSMOconf                 |          4.1           | active
 ------------------------------------------------------------------------------ 


 Reading COSMO information for molecule 1 from file /dbs/AZcosmotherm/AZ_BP_TZVPD-FINE/a/AZ13530968_c0.cosmo
 Reading gas phase energy information for molecule 1 from file /dbs/AZcosmotherm/AZ_BP_TZVPD-FINE/a/AZ13530968_c0.energy
 Reading vapor pressure and property information for compound 1 from file /dbs/AZcosmotherm/AZ_BP_TZVPD-FINE/a/AZ13530968.vap
 Note: Vapor Pressure / property file /dbs/AZcosmotherm/AZ_BP_TZVPD-FINE/a/AZ13530968.vap is empty
 Free energy of fusion for pure compound 1 (DGFUS = 3.92533 kcal/mol)

 Compound Information for compound 1 conformer 1 (COSMO file /dbs/AZcosmotherm/AZ_BP_TZVPD-FINE/a/AZ13530968_c0.cosmo)
 Atomic weights         : 111111111111111111111111111111111111111111111
 E_COSMO+dE             :   -2204754.5909 kcal/mol
 E_gas                  :   -2204740.7759 kcal/mol
 E_COSMO-E_gas+dE       :        -13.8150 kcal/mol
 E_diel                 :        -18.7411 kcal/mol
 Averaging corr dE      :          1.1081 kcal/mol
 EvdW in continuum      :       -358.6958 kcal/mol
 Area                   :        347.5579 A^2
 Volume                 :        402.8905 A^3
 Molecular Weight       :        376.2926 a.m.u.
 Total COSMO charge     :          0.0028 a.u.
 Dipole moment (t,x,y,z):          7.1747  0.488760  7.156487 -0.149195 Debye                            
 Sigma moments (1-6)    :          0.0000  1.26E+02  4.58E+01  2.09E+02  1.75E+02  5.53E+02              
 H-bond moment (accept) :          6.7617
 H-bond moment (donor)  :          2.3419


 Reading COSMO information for molecule 2 from file /dbs/AZcosmotherm/AZ_BP_TZVPD-FINE/a/AZ13530968_c1.cosmo
 Reading gas phase energy information for molecule 2 from file /dbs/AZcosmotherm/AZ_BP_TZVPD-FINE/a/AZ13530968_c1.energy

 Compound Information for compound 1 conformer 2 (COSMO file /dbs/AZcosmotherm/AZ_BP_TZVPD-FINE/a/AZ13530968_c1.cosmo)
 Atomic weights         : 111111111111111111111111111111111111111111111
 E_COSMO+dE             :   -2204751.2414 kcal/mol
 E_gas                  :   -2204738.3753 kcal/mol
 E_COSMO-E_gas+dE       :        -12.8661 kcal/mol
 E_diel                 :        -17.6608 kcal/mol
 Averaging corr dE      :          1.0677 kcal/mol
 EvdW in continuum      :       -351.4171 kcal/mol
 Area                   :        340.9253 A^2
 Volume                 :        403.0683 A^3
 Molecular Weight       :        376.2926 a.m.u.
 Total COSMO charge     :          0.0031 a.u.
 Dipole moment (t,x,y,z):          7.7437 -4.364802 -6.198433  1.578924 Debye                            
 Sigma moments (1-6)    :          0.0000  1.16E+02  3.56E+01  1.86E+02  1.45E+02  4.85E+02              
 H-bond moment (accept) :          5.5908
 H-bond moment (donor)  :          2.1978


 Reading COSMO information for molecule 3 from file /dbs/AZcosmotherm/AZ_BP_TZVPD-FINE/a/AZ13530968_c2.cosmo
 Reading gas phase energy information for molecule 3 from file /dbs/AZcosmotherm/AZ_BP_TZVPD-FINE/a/AZ13530968_c2.energy

 Compound Information for compound 1 conformer 3 (COSMO file /dbs/AZcosmotherm/AZ_BP_TZVPD-FINE/a/AZ13530968_c2.cosmo)
 Atomic weights         : 111111111111111111111111111111111111111111111
 E_COSMO+dE             :   -2204749.4696 kcal/mol
 E_gas                  :   -2204735.8858 kcal/mol
 E_COSMO-E_gas+dE       :        -13.5838 kcal/mol
 E_diel                 :        -18.5107 kcal/mol
 Averaging corr dE      :          1.0974 kcal/mol
 EvdW in continuum      :       -356.7686 kcal/mol
 Area                   :        345.9657 A^2
 Volume                 :        403.3632 A^3
 Molecular Weight       :        376.2926 a.m.u.
 Total COSMO charge     :          0.0024 a.u.
 Dipole moment (t,x,y,z):          7.3409 -4.690418 -5.646647 -0.062138 Debye                            
 Sigma moments (1-6)    :          0.0000  1.23E+02  4.47E+01  2.02E+02  1.75E+02  5.37E+02              
 H-bond moment (accept) :          6.4083
 H-bond moment (donor)  :          2.1788


 Reading COSMO information for molecule 4 from file /dbs/AZcosmotherm/AZ_BP_TZVPD-FINE/d/Diethylcarbonate_c0.cosmo
 Reading gas phase energy information for molecule 4 from file /dbs/AZcosmotherm/AZ_BP_TZVPD-FINE/d/Diethylcarbonate_c0.energy
 Reading vapor pressure and property information for compound 2 from file /dbs/AZcosmotherm/AZ_BP_TZVPD-FINE/d/Diethylcarbonate.vap
 Note: Vapor Pressure / property file /dbs/AZcosmotherm/AZ_BP_TZVPD-FINE/d/Diethylcarbonate.vap is empty
 Free energy of fusion for pure compound 2 (DGFUS = 0.00000 kcal/mol)

 Compound Information for compound 2 conformer 1 (COSMO file /dbs/AZcosmotherm/AZ_BP_TZVPD-FINE/d/Diethylcarbonate_c0.cosmo)
 Atomic weights         : 111111111111111111
 E_COSMO+dE             :    -265093.0230 kcal/mol
 E_gas                  :    -265086.9248 kcal/mol
 E_COSMO-E_gas+dE       :         -6.0982 kcal/mol
 E_diel                 :         -7.8651 kcal/mol
 Averaging corr dE      :          0.4532 kcal/mol
 EvdW in continuum      :       -164.7781 kcal/mol
 Area                   :        167.6700 A^2
 Volume                 :        153.1282 A^3
 Molecular Weight       :        118.1317 a.m.u.
 Total COSMO charge     :          0.0002 a.u.
 Dipole moment (t,x,y,z):          0.8952  0.001518  0.887992  0.113258 Debye                            
 Sigma moments (1-6)    :          0.0000  5.52E+01  3.27E+01  5.42E+01  5.68E+01  7.58E+01              
 H-bond moment (accept) :          1.1897
 H-bond moment (donor)  :          0.0000


 Reading COSMO information for molecule 5 from file /dbs/AZcosmotherm/AZ_BP_TZVPD-FINE/d/Diethylcarbonate_c1.cosmo
 Reading gas phase energy information for molecule 5 from file /dbs/AZcosmotherm/AZ_BP_TZVPD-FINE/d/Diethylcarbonate_c1.energy

 Compound Information for compound 2 conformer 2 (COSMO file /dbs/AZcosmotherm/AZ_BP_TZVPD-FINE/d/Diethylcarbonate_c1.cosmo)
 Atomic weights         : 111111111111111111
 E_COSMO+dE             :    -265091.7188 kcal/mol
 E_gas                  :    -265084.2043 kcal/mol
 E_COSMO-E_gas+dE       :         -7.5146 kcal/mol
 E_diel                 :        -10.3027 kcal/mol
 Averaging corr dE      :          0.4236 kcal/mol
 EvdW in continuum      :       -164.0715 kcal/mol
 Area                   :        167.1737 A^2
 Volume                 :        153.5327 A^3
 Molecular Weight       :        118.1317 a.m.u.
 Total COSMO charge     :          0.0003 a.u.
 Dipole moment (t,x,y,z):          5.3153 -1.270914  5.144762  0.410019 Debye                            
 Sigma moments (1-6)    :          0.0000  5.94E+01  3.99E+01  6.90E+01  8.12E+01  1.16E+02              
 H-bond moment (accept) :          2.1196
 H-bond moment (donor)  :          0.0000


 Total number of processed compounds:    2
 Total number of processed molecules:    5


----------------
 START job     1
----------------

 ----------------------------------------------------
 Automatic computation of solubities in compound    2
 Computing solids solubilities: Heats of fusion used as given in the input file
 Computed solubilities will be refined iteratively: Threshold = 1.00E-05
 ----------------------------------------------------



 Results for mixture 1
 ---------------------
 Temperature          :    293.150 K

 Compound Nr.         :          1         2
 Compound             :  AZ1353096 Diethylca
 Mole Fraction        :     1.0000    0.0000

 Compound:  1  (AZ13530968)
 Chemical potential of the compound in the mixture :        -7.43676 kcal/mol
 Log10(partial pressure [mbar])                    :       -10.76165
 Free energy of molecule in mix (E_COSMO+dE+Mu)    :  -2204762.02764 kcal/mol
 Total mean interaction energy in the mix (H_int)  :       -18.69267 kcal/mol
 Misfit interaction energy in the mix (H_MF)       :         5.30393 kcal/mol
 H-Bond interaction energy in the mix (H_HB)       :        -3.16842 kcal/mol
 VdW interaction energy in the mix (H_vdW)         :       -20.84183 kcal/mol
 Ring correction                                   :        -2.22324 kcal/mol




 Results for mixture 2
 ---------------------
 Temperature          :    293.150 K

 Compound Nr.         :          1         2
 Compound             :  AZ1353096 Diethylca
 Mole Fraction        :     0.0000    1.0000

 Compound:  2  (Diethylcarbonate)
 Chemical potential of the compound in the mixture :        -2.16449 kcal/mol
 Log10(partial pressure [mbar])                    :         0.57619
 Free energy of molecule in mix (E_COSMO+dE+Mu)    :   -265095.18752 kcal/mol
 Total mean interaction energy in the mix (H_int)  :        -4.96486 kcal/mol
 Misfit interaction energy in the mix (H_MF)       :         3.19443 kcal/mol
 H-Bond interaction energy in the mix (H_HB)       :         0.02076 kcal/mol
 VdW interaction energy in the mix (H_vdW)         :        -8.21363 kcal/mol
 Ring correction                                   :         0.00000 kcal/mol




 Results for mixture 3
 ---------------------
 Temperature          :    298.150 K

 Compound Nr.         :          1         2
 Compound             :  AZ1353096 Diethylca
 Mole Fraction        :     0.0000    1.0000

 Compound:  1  (AZ13530968)
 Chemical potential of the compound in the mixture :        -7.34440 kcal/mol
 Log10(partial pressure [mbar])                    :       -10.40362
 Free energy of molecule in mix (E_COSMO+dE+Mu)    :  -2204761.93528 kcal/mol
 Total mean interaction energy in the mix (H_int)  :       -14.06355 kcal/mol
 Misfit interaction energy in the mix (H_MF)       :         5.47611 kcal/mol
 H-Bond interaction energy in the mix (H_HB)       :        -0.81559 kcal/mol
 VdW interaction energy in the mix (H_vdW)         :       -18.74485 kcal/mol
 Ring correction                                   :        -2.22324 kcal/mol

 Compound:  2  (Diethylcarbonate)
 Chemical potential of the compound in the mixture :        -2.11698 kcal/mol
 Log10(partial pressure [mbar])                    :         0.71098
 Free energy of molecule in mix (E_COSMO+dE+Mu)    :   -265095.14002 kcal/mol
 Total mean interaction energy in the mix (H_int)  :        -4.92247 kcal/mol
 Misfit interaction energy in the mix (H_MF)       :         3.21056 kcal/mol
 H-Bond interaction energy in the mix (H_HB)       :         0.02090 kcal/mol
 VdW interaction energy in the mix (H_vdW)         :        -8.18956 kcal/mol
 Ring correction                                   :         0.00000 kcal/mol




 Results for mixture 4
 ---------------------
 Temperature          :    293.150 K

 Compound Nr.         :          1         2
 Compound             :  AZ1353096 Diethylca
 Mole Fraction        :     0.0000    1.0000

 Compound:  1  (AZ13530968)
 Chemical potential of the compound in the mixture :        -7.51184 kcal/mol
 Log10(partial pressure [mbar])                    :       -10.81763
 Free energy of molecule in mix (E_COSMO+dE+Mu)    :  -2204762.10273 kcal/mol
 Total mean interaction energy in the mix (H_int)  :       -14.19121 kcal/mol
 Misfit interaction energy in the mix (H_MF)       :         5.43361 kcal/mol
 H-Bond interaction energy in the mix (H_HB)       :        -0.84411 kcal/mol
 VdW interaction energy in the mix (H_vdW)         :       -18.79953 kcal/mol
 Ring correction                                   :        -2.22324 kcal/mol
 Log10(x_Solubility)                               :        -2.87039
 w_Solubility [g(Solute)/g(Solution)]              :  4.28051151E-03

 Compound:  2  (Diethylcarbonate)
 Chemical potential of the compound in the mixture :        -2.16449 kcal/mol
 Log10(partial pressure [mbar])                    :         0.57619
 Free energy of molecule in mix (E_COSMO+dE+Mu)    :   -265095.18752 kcal/mol
 Total mean interaction energy in the mix (H_int)  :        -4.96486 kcal/mol
 Misfit interaction energy in the mix (H_MF)       :         3.19443 kcal/mol
 H-Bond interaction energy in the mix (H_HB)       :         0.02076 kcal/mol
 VdW interaction energy in the mix (H_vdW)         :        -8.21363 kcal/mol
 Ring correction                                   :         0.00000 kcal/mol
 Log10(x_Solubility)                               :         0.00000




 Results for mixture 5
 ---------------------
 Temperature          :    293.150 K

 Compound Nr.         :          1         2
 Compound             :  AZ1353096 Diethylca
 Mole Fraction        :     0.0013    0.9987

 Compound:  1  (AZ13530968)
 Chemical potential of the compound in the mixture :        -7.45893 kcal/mol
 Log10(partial pressure [mbar])                    :       -10.77818
 Free energy of molecule in mix (E_COSMO+dE+Mu)    :  -2204762.04981 kcal/mol
 Total mean interaction energy in the mix (H_int)  :       -14.17373 kcal/mol
 Misfit interaction energy in the mix (H_MF)       :         5.49042 kcal/mol
 H-Bond interaction energy in the mix (H_HB)       :        -0.87709 kcal/mol
 VdW interaction energy in the mix (H_vdW)         :       -18.80620 kcal/mol
 Ring correction                                   :        -2.22324 kcal/mol
 Log10(x_Solubility)                               :        -2.90983
 w_Solubility [g(Solute)/g(Solution)]              :  3.90983173E-03

 Compound:  2  (Diethylcarbonate)
 Chemical potential of the compound in the mixture :        -2.16439 kcal/mol
 Log10(partial pressure [mbar])                    :         0.57626
 Free energy of molecule in mix (E_COSMO+dE+Mu)    :   -265095.18743 kcal/mol
 Total mean interaction energy in the mix (H_int)  :        -4.96892 kcal/mol
 Misfit interaction energy in the mix (H_MF)       :         3.19396 kcal/mol
 H-Bond interaction energy in the mix (H_HB)       :         0.01958 kcal/mol
 VdW interaction energy in the mix (H_vdW)         :        -8.21611 kcal/mol
 Ring correction                                   :         0.00000 kcal/mol




 Results for mixture 6
 ---------------------
 Temperature          :    293.150 K

 Compound Nr.         :          1         2
 Compound             :  AZ1353096 Diethylca
 Mole Fraction        :     0.0012    0.9988

 Compound:  1  (AZ13530968)
 Chemical potential of the compound in the mixture :        -7.46011 kcal/mol
 Log10(partial pressure [mbar])                    :       -10.77906
 Free energy of molecule in mix (E_COSMO+dE+Mu)    :  -2204762.05099 kcal/mol
 Total mean interaction energy in the mix (H_int)  :       -14.17195 kcal/mol
 Misfit interaction energy in the mix (H_MF)       :         5.48881 kcal/mol
 H-Bond interaction energy in the mix (H_HB)       :        -0.87428 kcal/mol
 VdW interaction energy in the mix (H_vdW)         :       -18.80562 kcal/mol
 Ring correction                                   :        -2.22324 kcal/mol
 Log10(x_Solubility)                               :        -2.90895
 w_Solubility [g(Solute)/g(Solution)]              :  3.91774113E-03

 Compound:  2  (Diethylcarbonate)
 Chemical potential of the compound in the mixture :        -2.16440 kcal/mol
 Log10(partial pressure [mbar])                    :         0.57626
 Free energy of molecule in mix (E_COSMO+dE+Mu)    :   -265095.18743 kcal/mol
 Total mean interaction energy in the mix (H_int)  :        -4.96857 kcal/mol
 Misfit interaction energy in the mix (H_MF)       :         3.19400 kcal/mol
 H-Bond interaction energy in the mix (H_HB)       :         0.01968 kcal/mol
 VdW interaction energy in the mix (H_vdW)         :        -8.21589 kcal/mol
 Ring correction                                   :         0.00000 kcal/mol




 Results for mixture 7
 ---------------------
 Temperature          :    293.150 K

 Compound Nr.         :          1         2
 Compound             :  AZ1353096 Diethylca
 Mole Fraction        :     0.0012    0.9988

 Compound:  1  (AZ13530968)
 Chemical potential of the compound in the mixture :        -7.46008 kcal/mol
 Log10(partial pressure [mbar])                    :       -10.77904
 Free energy of molecule in mix (E_COSMO+dE+Mu)    :  -2204762.05097 kcal/mol
 Total mean interaction energy in the mix (H_int)  :       -14.17199 kcal/mol
 Misfit interaction energy in the mix (H_MF)       :         5.48884 kcal/mol
 H-Bond interaction energy in the mix (H_HB)       :        -0.87434 kcal/mol
 VdW interaction energy in the mix (H_vdW)         :       -18.80563 kcal/mol
 Ring correction                                   :        -2.22324 kcal/mol
 Log10(x_Solubility)                               :        -2.90897
 w_Solubility [g(Solute)/g(Solution)]              :  3.91756375E-03

 Compound:  2  (Diethylcarbonate)
 Chemical potential of the compound in the mixture :        -2.16440 kcal/mol
 Log10(partial pressure [mbar])                    :         0.57626
 Free energy of molecule in mix (E_COSMO+dE+Mu)    :   -265095.18743 kcal/mol
 Total mean interaction energy in the mix (H_int)  :        -4.96857 kcal/mol
 Misfit interaction energy in the mix (H_MF)       :         3.19400 kcal/mol
 H-Bond interaction energy in the mix (H_HB)       :         0.01968 kcal/mol
 VdW interaction energy in the mix (H_vdW)         :        -8.21590 kcal/mol
 Ring correction                                   :         0.00000 kcal/mol




 Results for mixture 8
 ---------------------
 Temperature          :    293.150 K

 Compound Nr.         :          1         2
 Compound             :  AZ1353096 Diethylca
 Mole Fraction        :     0.0012    0.9988

 Compound:  1  (AZ13530968)
 Chemical potential of the compound in the mixture :        -7.46008 kcal/mol
 Log10(partial pressure [mbar])                    :       -10.77904
 Free energy of molecule in mix (E_COSMO+dE+Mu)    :  -2204762.05097 kcal/mol
 Total mean interaction energy in the mix (H_int)  :       -14.17198 kcal/mol
 Misfit interaction energy in the mix (H_MF)       :         5.48884 kcal/mol
 H-Bond interaction energy in the mix (H_HB)       :        -0.87434 kcal/mol
 VdW interaction energy in the mix (H_vdW)         :       -18.80563 kcal/mol
 Ring correction                                   :        -2.22324 kcal/mol
 Log10(x_Solubility)                               :        -2.90897
 w_Solubility [g(Solute)/g(Solution)]              :  3.91756772E-03

 Compound:  2  (Diethylcarbonate)
 Chemical potential of the compound in the mixture :        -2.16440 kcal/mol
 Log10(partial pressure [mbar])                    :         0.57626
 Free energy of molecule in mix (E_COSMO+dE+Mu)    :   -265095.18743 kcal/mol
 Total mean interaction energy in the mix (H_int)  :        -4.96857 kcal/mol
 Misfit interaction energy in the mix (H_MF)       :         3.19400 kcal/mol
 H-Bond interaction energy in the mix (H_HB)       :         0.01968 kcal/mol
 VdW interaction energy in the mix (H_vdW)         :        -8.21590 kcal/mol
 Ring correction                                   :         0.00000 kcal/mol


----------------
 END job       1
----------------
