 ------------------------------------------------------------------------------ 
 COSMOtherm Version C30-1701 (revision 3140)
 ------------------------------------------------------------------------------ 
 written by Frank Eckert, Andreas Klamt, Larissa Koch, Selman Terzi
 Copyright (C) 1999-2017, COSMOlogic GmbH & Co. KG

 Job-Name   : !! Solubility Calculation of Solute in Solvent 
 Job-Date   : 03/21/2017
 Job-Time   : 15:49:56
 Hostname   : ukmcdwlx007
 OS-Type    : linux
 Executable : Linux 64-bit

 Reading COSMOtherm parameter file BP_TZVPD_FINE_C30_1701.ctd from directory /apps/cosmologic/COSMOthermX17/COSMOtherm/CTDATA-FILES/
 Info: # COSMOtherm parameter file BP_TZVPD_FINE_C30_1701.ctd for BP-TZVPD-FINE (BP-TZVP optimized) COSMO files                                              

 Reading COSMOtherm license key license.txt from directory /apps/cosmologic/COSMOthermX17/licensefiles/

 COSMOtherm license key expiration date 22-dec-2018
 COSMOtherm license key version 17.0
 Customer : AstraZeneca
 ID       : 100905

 License keys:
  product                   |    licensed version    | status
 ------------------------------------------------------------------------------ 
  COSMOtherm                |          17.0          | active
  TURBOMOLE                 |          7.1           | active
  COSMOconf                 |          4.1           | active
 ------------------------------------------------------------------------------ 


 Reading COSMO information for molecule 1 from file /dbs/AZcosmotherm/AZ_BP_TZVPD-FINE/a/AZ13530968_c0.cosmo
 Reading gas phase energy information for molecule 1 from file /dbs/AZcosmotherm/AZ_BP_TZVPD-FINE/a/AZ13530968_c0.energy
 Reading vapor pressure and property information for compound 1 from file /dbs/AZcosmotherm/AZ_BP_TZVPD-FINE/a/AZ13530968.vap
 Note: Vapor Pressure / property file /dbs/AZcosmotherm/AZ_BP_TZVPD-FINE/a/AZ13530968.vap is empty
 Free energy of fusion for pure compound 1 (DGFUS = 4.31948 kcal/mol)

 Compound Information for compound 1 conformer 1 (COSMO file /dbs/AZcosmotherm/AZ_BP_TZVPD-FINE/a/AZ13530968_c0.cosmo)
 Atomic weights         : 111111111111111111111111111111111111111111111
 E_COSMO+dE             :   -2204754.5909 kcal/mol
 E_gas                  :   -2204740.7759 kcal/mol
 E_COSMO-E_gas+dE       :        -13.8150 kcal/mol
 E_diel                 :        -18.7411 kcal/mol
 Averaging corr dE      :          1.1081 kcal/mol
 EvdW in continuum      :       -358.6958 kcal/mol
 Area                   :        347.5579 A^2
 Volume                 :        402.8905 A^3
 Molecular Weight       :        376.2926 a.m.u.
 Total COSMO charge     :          0.0028 a.u.
 Dipole moment (t,x,y,z):          7.1747  0.488760  7.156487 -0.149195 Debye                            
 Sigma moments (1-6)    :          0.0000  1.26E+02  4.58E+01  2.09E+02  1.75E+02  5.53E+02              
 H-bond moment (accept) :          6.7617
 H-bond moment (donor)  :          2.3419


 Reading COSMO information for molecule 2 from file /dbs/AZcosmotherm/AZ_BP_TZVPD-FINE/a/AZ13530968_c1.cosmo
 Reading gas phase energy information for molecule 2 from file /dbs/AZcosmotherm/AZ_BP_TZVPD-FINE/a/AZ13530968_c1.energy

 Compound Information for compound 1 conformer 2 (COSMO file /dbs/AZcosmotherm/AZ_BP_TZVPD-FINE/a/AZ13530968_c1.cosmo)
 Atomic weights         : 111111111111111111111111111111111111111111111
 E_COSMO+dE             :   -2204751.2414 kcal/mol
 E_gas                  :   -2204738.3753 kcal/mol
 E_COSMO-E_gas+dE       :        -12.8661 kcal/mol
 E_diel                 :        -17.6608 kcal/mol
 Averaging corr dE      :          1.0677 kcal/mol
 EvdW in continuum      :       -351.4171 kcal/mol
 Area                   :        340.9253 A^2
 Volume                 :        403.0683 A^3
 Molecular Weight       :        376.2926 a.m.u.
 Total COSMO charge     :          0.0031 a.u.
 Dipole moment (t,x,y,z):          7.7437 -4.364802 -6.198433  1.578924 Debye                            
 Sigma moments (1-6)    :          0.0000  1.16E+02  3.56E+01  1.86E+02  1.45E+02  4.85E+02              
 H-bond moment (accept) :          5.5908
 H-bond moment (donor)  :          2.1978


 Reading COSMO information for molecule 3 from file /dbs/AZcosmotherm/AZ_BP_TZVPD-FINE/a/AZ13530968_c2.cosmo
 Reading gas phase energy information for molecule 3 from file /dbs/AZcosmotherm/AZ_BP_TZVPD-FINE/a/AZ13530968_c2.energy

 Compound Information for compound 1 conformer 3 (COSMO file /dbs/AZcosmotherm/AZ_BP_TZVPD-FINE/a/AZ13530968_c2.cosmo)
 Atomic weights         : 111111111111111111111111111111111111111111111
 E_COSMO+dE             :   -2204749.4696 kcal/mol
 E_gas                  :   -2204735.8858 kcal/mol
 E_COSMO-E_gas+dE       :        -13.5838 kcal/mol
 E_diel                 :        -18.5107 kcal/mol
 Averaging corr dE      :          1.0974 kcal/mol
 EvdW in continuum      :       -356.7686 kcal/mol
 Area                   :        345.9657 A^2
 Volume                 :        403.3632 A^3
 Molecular Weight       :        376.2926 a.m.u.
 Total COSMO charge     :          0.0024 a.u.
 Dipole moment (t,x,y,z):          7.3409 -4.690418 -5.646647 -0.062138 Debye                            
 Sigma moments (1-6)    :          0.0000  1.23E+02  4.47E+01  2.02E+02  1.75E+02  5.37E+02              
 H-bond moment (accept) :          6.4083
 H-bond moment (donor)  :          2.1788


 Reading COSMO information for molecule 4 from file /apps/cosmologic/COSMOthermX17/COSMOtherm/DATABASE-COSMO/BP-TZVPD-FINE/1/1-butanol_c0.cosmo
 Reading gas phase energy information for molecule 4 from file /apps/cosmologic/COSMOthermX17/COSMOtherm/DATABASE-COSMO/BP-TZVPD-FINE/1/1-butanol_c0.energy
 Reading vapor pressure and property information for compound 2 from file /apps/cosmologic/COSMOthermX17/COSMOtherm/DATABASE-COSMO/BP-TZVPD-FINE/1/1-butanol.vap
 Free energy of fusion for pure compound 2 (DGFUS = 0.00000 kcal/mol)
 Enthalpy of fusion for pure compound 2 (DHFUS = 2.23996 kcal/mol)
 Wagner equation coefficients ([mbar]/[K]) for compound 2:     44140.0000       563.0000        -8.0076         0.5378        -9.3424         6.6869
 Vapor Pressure [mbar] / Temperature [°C] input for compound 2:
                0.1000           -20.0000
               10.0000            28.0000
             1000.0000           117.4000
 Antoine equation coefficients (in [mbar]/[K]) for compound 2:        17.5864      3168.4035       -93.8457
 Minimum interpolative temperature for vapor pressure estimation of compound 2:     253.150 K
 Maximum interpolative temperature for vapor pressure estimation of compound 2:     390.550 K
 Minimum temperature for vapor pressure estimation of pure compound 2 (TPVMIN = 275.00000 K)
 Maximum temperature for vapor pressure estimation of pure compound 2 (TPVMAX = 563.00000 K)
 UNIQUAC volume parameter for compound 2 (UNIQUAC_RI = 3.45430)
 UNIQUAC surface parameter for compound 2 (UNIQUAC_QI = 3.05200)
 Boiling temperature of compound 2 (TBOIL = 390.85000 K)
 Melting temperature of compound 2 (TMELT = 183.35000 K)
 Experimental dielectric constant for molecule 4   EPSILON = 17.30000
 Critical temperature of compound 2 (TCRIT = 563.05000 K)
 Critical pressure of compound 2 (PCRIT = 44130.00000 mbar)

 Compound Information for compound 2 conformer 1 (COSMO file /apps/cosmologic/COSMOthermX17/COSMOtherm/DATABASE-COSMO/BP-TZVPD-FINE/1/1-butanol_c0.cosmo)
 Atomic weights         : 111111111111111
 E_COSMO+dE             :    -146696.0909 kcal/mol
 E_gas                  :    -146691.2390 kcal/mol
 E_COSMO-E_gas+dE       :         -4.8519 kcal/mol
 E_diel                 :         -6.2318 kcal/mol
 Averaging corr dE      :          0.3851 kcal/mol
 EvdW in continuum      :       -123.1519 kcal/mol
 Area                   :        129.4851 A^2
 Volume                 :        114.8639 A^3
 Molecular Weight       :         74.1220 a.m.u.
 Total COSMO charge     :         -0.0002 a.u.
 Dipole moment (t,x,y,z):          2.2668 -1.718606  0.013482 -1.478074 Debye                            
 Sigma moments (1-6)    :          0.0000  4.78E+01  1.88E+01  8.73E+01  5.10E+01  2.05E+02              
 H-bond moment (accept) :          2.7561
 H-bond moment (donor)  :          1.3181


 Reading COSMO information for molecule 5 from file /apps/cosmologic/COSMOthermX17/COSMOtherm/DATABASE-COSMO/BP-TZVPD-FINE/1/1-butanol_c1.cosmo
 Reading gas phase energy information for molecule 5 from file /apps/cosmologic/COSMOthermX17/COSMOtherm/DATABASE-COSMO/BP-TZVPD-FINE/1/1-butanol_c1.energy
 Reading vapor pressure and property information for compound 2 from file /apps/cosmologic/COSMOthermX17/COSMOtherm/DATABASE-COSMO/BP-TZVPD-FINE/1/1-butanol.vap
 Wagner equation coefficients ([mbar]/[K]) for compound 2:     44140.0000       563.0000        -8.0076         0.5378        -9.3424         6.6869
 Vapor Pressure [mbar] / Temperature [°C] input for compound 2:
                0.1000           -20.0000
               10.0000            28.0000
             1000.0000           117.4000
 Antoine equation coefficients (in [mbar]/[K]) for compound 2:        17.5864      3168.4035       -93.8457
 UNIQUAC volume parameter for compound 2 (UNIQUAC_RI = 3.45430)
 UNIQUAC surface parameter for compound 2 (UNIQUAC_QI = 3.05200)
 Experimental dielectric constant for molecule 5   EPSILON = 17.30000

 Compound Information for compound 2 conformer 2 (COSMO file /apps/cosmologic/COSMOthermX17/COSMOtherm/DATABASE-COSMO/BP-TZVPD-FINE/1/1-butanol_c1.cosmo)
 Atomic weights         : 111111111111111
 E_COSMO+dE             :    -146695.9597 kcal/mol
 E_gas                  :    -146691.1491 kcal/mol
 E_COSMO-E_gas+dE       :         -4.8105 kcal/mol
 E_diel                 :         -6.2288 kcal/mol
 Averaging corr dE      :          0.3963 kcal/mol
 EvdW in continuum      :       -123.1655 kcal/mol
 Area                   :        129.6104 A^2
 Volume                 :        114.6801 A^3
 Molecular Weight       :         74.1220 a.m.u.
 Total COSMO charge     :   7.9234289E-05 a.u.
 Dipole moment (t,x,y,z):          2.1096  1.464802  0.621043  1.385315 Debye                            
 Sigma moments (1-6)    :          0.0000  4.84E+01  1.81E+01  9.17E+01  5.11E+01  2.21E+02              
 H-bond moment (accept) :          2.8363
 H-bond moment (donor)  :          1.5117


 Total number of processed compounds:    2
 Total number of processed molecules:    5


----------------
 START job     1
----------------

 ----------------------------------------------------
 Automatic computation of solubities in compound    2
 Computing solids solubilities: Heats of fusion used as given in the input file
 Computed solubilities will be refined iteratively: Threshold = 1.00E-05
 ----------------------------------------------------



 Results for mixture 1
 ---------------------
 Temperature          :    293.150 K

 Compound Nr.         :          1         2
 Compound             :  AZ1353096 1-butanol
 Mole Fraction        :     1.0000    0.0000

 Compound:  1  (AZ13530968)
 Chemical potential of the compound in the mixture :        -7.43676 kcal/mol
 Log10(partial pressure [mbar])                    :       -10.76165
 Free energy of molecule in mix (E_COSMO+dE+Mu)    :  -2204762.02764 kcal/mol
 Total mean interaction energy in the mix (H_int)  :       -18.69267 kcal/mol
 Misfit interaction energy in the mix (H_MF)       :         5.30393 kcal/mol
 H-Bond interaction energy in the mix (H_HB)       :        -3.16842 kcal/mol
 VdW interaction energy in the mix (H_vdW)         :       -20.84183 kcal/mol
 Ring correction                                   :        -2.22324 kcal/mol




 Results for mixture 2
 ---------------------
 Temperature          :    293.150 K

 Compound Nr.         :          1         2
 Compound             :  AZ1353096 1-butanol
 Mole Fraction        :     0.0000    1.0000

 Compound:  2  (1-butanol)
 Chemical potential of the compound in the mixture :        -3.44663 kcal/mol
 Log10(partial pressure [mbar])                    :         0.81427
 Free energy of molecule in mix (E_COSMO+dE+Mu)    :   -146699.53754 kcal/mol
 Total mean interaction energy in the mix (H_int)  :        -7.43084 kcal/mol
 Misfit interaction energy in the mix (H_MF)       :         1.68539 kcal/mol
 H-Bond interaction energy in the mix (H_HB)       :        -3.05453 kcal/mol
 VdW interaction energy in the mix (H_vdW)         :        -6.12741 kcal/mol
 Ring correction                                   :         0.00000 kcal/mol




 Results for mixture 3
 ---------------------
 Temperature          :    298.150 K

 Compound Nr.         :          1         2
 Compound             :  AZ1353096 1-butanol
 Mole Fraction        :     0.0000    1.0000

 Compound:  1  (AZ13530968)
 Chemical potential of the compound in the mixture :        -8.08904 kcal/mol
 Log10(partial pressure [mbar])                    :       -10.94944
 Free energy of molecule in mix (E_COSMO+dE+Mu)    :  -2204762.67992 kcal/mol
 Total mean interaction energy in the mix (H_int)  :       -19.67545 kcal/mol
 Misfit interaction energy in the mix (H_MF)       :         4.86854 kcal/mol
 H-Bond interaction energy in the mix (H_HB)       :        -6.05261 kcal/mol
 VdW interaction energy in the mix (H_vdW)         :       -18.50241 kcal/mol
 Ring correction                                   :        -2.22324 kcal/mol

 Compound:  2  (1-butanol)
 Chemical potential of the compound in the mixture :        -3.37924 kcal/mol
 Log10(partial pressure [mbar])                    :         0.96427
 Free energy of molecule in mix (E_COSMO+dE+Mu)    :   -146699.47014 kcal/mol
 Total mean interaction energy in the mix (H_int)  :        -7.36406 kcal/mol
 Misfit interaction energy in the mix (H_MF)       :         1.70019 kcal/mol
 H-Bond interaction energy in the mix (H_HB)       :        -3.01970 kcal/mol
 VdW interaction energy in the mix (H_vdW)         :        -6.11017 kcal/mol
 Ring correction                                   :         0.00000 kcal/mol




 Results for mixture 4
 ---------------------
 Temperature          :    293.150 K

 Compound Nr.         :          1         2
 Compound             :  AZ1353096 1-butanol
 Mole Fraction        :     0.0000    1.0000

 Compound:  1  (AZ13530968)
 Chemical potential of the compound in the mixture :        -8.29614 kcal/mol
 Log10(partial pressure [mbar])                    :       -11.40232
 Free energy of molecule in mix (E_COSMO+dE+Mu)    :  -2204762.88702 kcal/mol
 Total mean interaction energy in the mix (H_int)  :       -19.87351 kcal/mol
 Misfit interaction energy in the mix (H_MF)       :         4.82468 kcal/mol
 H-Bond interaction energy in the mix (H_HB)       :        -6.15290 kcal/mol
 VdW interaction energy in the mix (H_vdW)         :       -18.55513 kcal/mol
 Ring correction                                   :        -2.22324 kcal/mol
 Log10(x_Solubility)                               :        -2.57953
 w_Solubility [g(Solute)/g(Solution)]              :         0.01323

 Compound:  2  (1-butanol)
 Chemical potential of the compound in the mixture :        -3.44663 kcal/mol
 Log10(partial pressure [mbar])                    :         0.81427
 Free energy of molecule in mix (E_COSMO+dE+Mu)    :   -146699.53754 kcal/mol
 Total mean interaction energy in the mix (H_int)  :        -7.43084 kcal/mol
 Misfit interaction energy in the mix (H_MF)       :         1.68539 kcal/mol
 H-Bond interaction energy in the mix (H_HB)       :        -3.05453 kcal/mol
 VdW interaction energy in the mix (H_vdW)         :        -6.12741 kcal/mol
 Ring correction                                   :         0.00000 kcal/mol
 Log10(x_Solubility)                               :         0.00000




 Results for mixture 5
 ---------------------
 Temperature          :    293.150 K

 Compound Nr.         :          1         2
 Compound             :  AZ1353096 1-butanol
 Mole Fraction        :     0.0026    0.9974

 Compound:  1  (AZ13530968)
 Chemical potential of the compound in the mixture :        -8.29110 kcal/mol
 Log10(partial pressure [mbar])                    :       -11.39857
 Free energy of molecule in mix (E_COSMO+dE+Mu)    :  -2204762.88198 kcal/mol
 Total mean interaction energy in the mix (H_int)  :       -19.87943 kcal/mol
 Misfit interaction energy in the mix (H_MF)       :         4.82635 kcal/mol
 H-Bond interaction energy in the mix (H_HB)       :        -6.14447 kcal/mol
 VdW interaction energy in the mix (H_vdW)         :       -18.57116 kcal/mol
 Ring correction                                   :        -2.22324 kcal/mol
 Log10(x_Solubility)                               :        -2.58329
 w_Solubility [g(Solute)/g(Solution)]              :         0.01311

 Compound:  2  (1-butanol)
 Chemical potential of the compound in the mixture :        -3.44663 kcal/mol
 Log10(partial pressure [mbar])                    :         0.81427
 Free energy of molecule in mix (E_COSMO+dE+Mu)    :   -146699.53754 kcal/mol
 Total mean interaction energy in the mix (H_int)  :        -7.43258 kcal/mol
 Misfit interaction energy in the mix (H_MF)       :         1.68613 kcal/mol
 H-Bond interaction energy in the mix (H_HB)       :        -3.05167 kcal/mol
 VdW interaction energy in the mix (H_vdW)         :        -6.13285 kcal/mol
 Ring correction                                   :         0.00000 kcal/mol




 Results for mixture 6
 ---------------------
 Temperature          :    293.150 K

 Compound Nr.         :          1         2
 Compound             :  AZ1353096 1-butanol
 Mole Fraction        :     0.0026    0.9974

 Compound:  1  (AZ13530968)
 Chemical potential of the compound in the mixture :        -8.29114 kcal/mol
 Log10(partial pressure [mbar])                    :       -11.39860
 Free energy of molecule in mix (E_COSMO+dE+Mu)    :  -2204762.88202 kcal/mol
 Total mean interaction energy in the mix (H_int)  :       -19.87938 kcal/mol
 Misfit interaction energy in the mix (H_MF)       :         4.82634 kcal/mol
 H-Bond interaction energy in the mix (H_HB)       :        -6.14454 kcal/mol
 VdW interaction energy in the mix (H_vdW)         :       -18.57103 kcal/mol
 Ring correction                                   :        -2.22324 kcal/mol
 Log10(x_Solubility)                               :        -2.58326
 w_Solubility [g(Solute)/g(Solution)]              :         0.01311

 Compound:  2  (1-butanol)
 Chemical potential of the compound in the mixture :        -3.44663 kcal/mol
 Log10(partial pressure [mbar])                    :         0.81427
 Free energy of molecule in mix (E_COSMO+dE+Mu)    :   -146699.53754 kcal/mol
 Total mean interaction energy in the mix (H_int)  :        -7.43256 kcal/mol
 Misfit interaction energy in the mix (H_MF)       :         1.68612 kcal/mol
 H-Bond interaction energy in the mix (H_HB)       :        -3.05169 kcal/mol
 VdW interaction energy in the mix (H_vdW)         :        -6.13281 kcal/mol
 Ring correction                                   :         0.00000 kcal/mol




 Results for mixture 7
 ---------------------
 Temperature          :    293.150 K

 Compound Nr.         :          1         2
 Compound             :  AZ1353096 1-butanol
 Mole Fraction        :     0.0026    0.9974

 Compound:  1  (AZ13530968)
 Chemical potential of the compound in the mixture :        -8.29114 kcal/mol
 Log10(partial pressure [mbar])                    :       -11.39860
 Free energy of molecule in mix (E_COSMO+dE+Mu)    :  -2204762.88202 kcal/mol
 Total mean interaction energy in the mix (H_int)  :       -19.87938 kcal/mol
 Misfit interaction energy in the mix (H_MF)       :         4.82634 kcal/mol
 H-Bond interaction energy in the mix (H_HB)       :        -6.14454 kcal/mol
 VdW interaction energy in the mix (H_vdW)         :       -18.57103 kcal/mol
 Ring correction                                   :        -2.22324 kcal/mol
 Log10(x_Solubility)                               :        -2.58326
 w_Solubility [g(Solute)/g(Solution)]              :         0.01311

 Compound:  2  (1-butanol)
 Chemical potential of the compound in the mixture :        -3.44663 kcal/mol
 Log10(partial pressure [mbar])                    :         0.81427
 Free energy of molecule in mix (E_COSMO+dE+Mu)    :   -146699.53754 kcal/mol
 Total mean interaction energy in the mix (H_int)  :        -7.43257 kcal/mol
 Misfit interaction energy in the mix (H_MF)       :         1.68612 kcal/mol
 H-Bond interaction energy in the mix (H_HB)       :        -3.05169 kcal/mol
 VdW interaction energy in the mix (H_vdW)         :        -6.13281 kcal/mol
 Ring correction                                   :         0.00000 kcal/mol


----------------
 END job       1
----------------
