 ------------------------------------------------------------------------------ 
 COSMOtherm Version C30-1701 (revision 3140)
 ------------------------------------------------------------------------------ 
 written by Frank Eckert, Andreas Klamt, Larissa Koch, Selman Terzi
 Copyright (C) 1999-2017, COSMOlogic GmbH & Co. KG

 Job-Name   : !! Solubility Calculation of Solute in Solvent 
 Job-Date   : 03/21/2017
 Job-Time   : 15:46:12
 Hostname   : ukmcdwlx007
 OS-Type    : linux
 Executable : Linux 64-bit

 Reading COSMOtherm parameter file BP_TZVPD_FINE_C30_1701.ctd from directory /apps/cosmologic/COSMOthermX17/COSMOtherm/CTDATA-FILES/
 Info: # COSMOtherm parameter file BP_TZVPD_FINE_C30_1701.ctd for BP-TZVPD-FINE (BP-TZVP optimized) COSMO files                                              

 Reading COSMOtherm license key license.txt from directory /apps/cosmologic/COSMOthermX17/licensefiles/

 COSMOtherm license key expiration date 22-dec-2018
 COSMOtherm license key version 17.0
 Customer : AstraZeneca
 ID       : 100905

 License keys:
  product                   |    licensed version    | status
 ------------------------------------------------------------------------------ 
  COSMOtherm                |          17.0          | active
  TURBOMOLE                 |          7.1           | active
  COSMOconf                 |          4.1           | active
 ------------------------------------------------------------------------------ 


 Reading COSMO information for molecule 1 from file /dbs/AZcosmotherm/AZ_BP_TZVPD-FINE/a/AZ13530968_c0.cosmo
 Reading gas phase energy information for molecule 1 from file /dbs/AZcosmotherm/AZ_BP_TZVPD-FINE/a/AZ13530968_c0.energy
 Reading vapor pressure and property information for compound 1 from file /dbs/AZcosmotherm/AZ_BP_TZVPD-FINE/a/AZ13530968.vap
 Note: Vapor Pressure / property file /dbs/AZcosmotherm/AZ_BP_TZVPD-FINE/a/AZ13530968.vap is empty
 Free energy of fusion for pure compound 1 (DGFUS = 3.49590 kcal/mol)

 Compound Information for compound 1 conformer 1 (COSMO file /dbs/AZcosmotherm/AZ_BP_TZVPD-FINE/a/AZ13530968_c0.cosmo)
 Atomic weights         : 111111111111111111111111111111111111111111111
 E_COSMO+dE             :   -2204754.5909 kcal/mol
 E_gas                  :   -2204740.7759 kcal/mol
 E_COSMO-E_gas+dE       :        -13.8150 kcal/mol
 E_diel                 :        -18.7411 kcal/mol
 Averaging corr dE      :          1.1081 kcal/mol
 EvdW in continuum      :       -358.6958 kcal/mol
 Area                   :        347.5579 A^2
 Volume                 :        402.8905 A^3
 Molecular Weight       :        376.2926 a.m.u.
 Total COSMO charge     :          0.0028 a.u.
 Dipole moment (t,x,y,z):          7.1747  0.488760  7.156487 -0.149195 Debye                            
 Sigma moments (1-6)    :          0.0000  1.26E+02  4.58E+01  2.09E+02  1.75E+02  5.53E+02              
 H-bond moment (accept) :          6.7617
 H-bond moment (donor)  :          2.3419


 Reading COSMO information for molecule 2 from file /dbs/AZcosmotherm/AZ_BP_TZVPD-FINE/a/AZ13530968_c1.cosmo
 Reading gas phase energy information for molecule 2 from file /dbs/AZcosmotherm/AZ_BP_TZVPD-FINE/a/AZ13530968_c1.energy

 Compound Information for compound 1 conformer 2 (COSMO file /dbs/AZcosmotherm/AZ_BP_TZVPD-FINE/a/AZ13530968_c1.cosmo)
 Atomic weights         : 111111111111111111111111111111111111111111111
 E_COSMO+dE             :   -2204751.2414 kcal/mol
 E_gas                  :   -2204738.3753 kcal/mol
 E_COSMO-E_gas+dE       :        -12.8661 kcal/mol
 E_diel                 :        -17.6608 kcal/mol
 Averaging corr dE      :          1.0677 kcal/mol
 EvdW in continuum      :       -351.4171 kcal/mol
 Area                   :        340.9253 A^2
 Volume                 :        403.0683 A^3
 Molecular Weight       :        376.2926 a.m.u.
 Total COSMO charge     :          0.0031 a.u.
 Dipole moment (t,x,y,z):          7.7437 -4.364802 -6.198433  1.578924 Debye                            
 Sigma moments (1-6)    :          0.0000  1.16E+02  3.56E+01  1.86E+02  1.45E+02  4.85E+02              
 H-bond moment (accept) :          5.5908
 H-bond moment (donor)  :          2.1978


 Reading COSMO information for molecule 3 from file /dbs/AZcosmotherm/AZ_BP_TZVPD-FINE/a/AZ13530968_c2.cosmo
 Reading gas phase energy information for molecule 3 from file /dbs/AZcosmotherm/AZ_BP_TZVPD-FINE/a/AZ13530968_c2.energy

 Compound Information for compound 1 conformer 3 (COSMO file /dbs/AZcosmotherm/AZ_BP_TZVPD-FINE/a/AZ13530968_c2.cosmo)
 Atomic weights         : 111111111111111111111111111111111111111111111
 E_COSMO+dE             :   -2204749.4696 kcal/mol
 E_gas                  :   -2204735.8858 kcal/mol
 E_COSMO-E_gas+dE       :        -13.5838 kcal/mol
 E_diel                 :        -18.5107 kcal/mol
 Averaging corr dE      :          1.0974 kcal/mol
 EvdW in continuum      :       -356.7686 kcal/mol
 Area                   :        345.9657 A^2
 Volume                 :        403.3632 A^3
 Molecular Weight       :        376.2926 a.m.u.
 Total COSMO charge     :          0.0024 a.u.
 Dipole moment (t,x,y,z):          7.3409 -4.690418 -5.646647 -0.062138 Debye                            
 Sigma moments (1-6)    :          0.0000  1.23E+02  4.47E+01  2.02E+02  1.75E+02  5.37E+02              
 H-bond moment (accept) :          6.4083
 H-bond moment (donor)  :          2.1788


 Reading COSMO information for molecule 4 from file /apps/cosmologic/COSMOthermX17/COSMOtherm/DATABASE-COSMO/BP-TZVPD-FINE/p/propanone_c0.cosmo
 Reading gas phase energy information for molecule 4 from file /apps/cosmologic/COSMOthermX17/COSMOtherm/DATABASE-COSMO/BP-TZVPD-FINE/p/propanone_c0.energy
 Reading vapor pressure and property information for compound 2 from file /apps/cosmologic/COSMOthermX17/COSMOtherm/DATABASE-COSMO/BP-TZVPD-FINE/p/propanone.vap
 Free energy of fusion for pure compound 2 (DGFUS = 0.00000 kcal/mol)
 Enthalpy of fusion for pure compound 2 (DHFUS = 1.38002 kcal/mol)
 Wagner equation coefficients ([mbar]/[K]) for compound 2:     47000.0000       508.1000        -7.4551         1.2020        -2.4393        -3.3559
 Vapor Pressure [mbar] / Temperature [°C] input for compound 2:
                0.1000           -81.8000
               10.0000           -35.6000
             1000.0000            55.7000
 Antoine equation coefficients (in [mbar]/[K]) for compound 2:        16.3427      2626.2620       -50.4963
 Minimum interpolative temperature for vapor pressure estimation of compound 2:     191.350 K
 Maximum interpolative temperature for vapor pressure estimation of compound 2:     328.850 K
 Minimum temperature for vapor pressure estimation of pure compound 2 (TPVMIN = 259.00000 K)
 Maximum temperature for vapor pressure estimation of pure compound 2 (TPVMAX = 508.00000 K)
 UNIQUAC volume parameter for compound 2 (UNIQUAC_RI = 2.57350)
 UNIQUAC surface parameter for compound 2 (UNIQUAC_QI = 2.33600)
 Boiling temperature of compound 2 (TBOIL = 329.15000 K)
 Melting temperature of compound 2 (TMELT = 178.35000 K)
 Experimental dielectric constant for molecule 4   EPSILON = 20.50000
 Critical temperature of compound 2 (TCRIT = 508.20000 K)
 Critical pressure of compound 2 (PCRIT = 47010.00000 mbar)

 Compound Information for compound 2 (COSMO file /apps/cosmologic/COSMOthermX17/COSMOtherm/DATABASE-COSMO/BP-TZVPD-FINE/p/propanone_c0.cosmo)
 Atomic weights         : 1111111111
 E_COSMO+dE             :    -121267.5045 kcal/mol
 E_gas                  :    -121261.5859 kcal/mol
 E_COSMO-E_gas+dE       :         -5.9186 kcal/mol
 E_diel                 :         -8.1919 kcal/mol
 Averaging corr dE      :          0.2824 kcal/mol
 EvdW in continuum      :       -101.4479 kcal/mol
 Area                   :        103.3402 A^2
 Volume                 :         87.1934 A^3
 Molecular Weight       :         58.0795 a.m.u.
 Total COSMO charge     :          0.0003 a.u.
 Dipole moment (t,x,y,z):          4.2429 -0.001858  0.064447 -4.242420 Debye                            
 Sigma moments (1-6)    :          0.0000  4.74E+01  3.60E+01  6.75E+01  8.60E+01  1.34E+02              
 H-bond moment (accept) :          2.7062
 H-bond moment (donor)  :          0.0000


 Total number of processed compounds:    2
 Total number of processed molecules:    4


----------------
 START job     1
----------------

 ----------------------------------------------------
 Automatic computation of solubities in compound    2
 Computing solids solubilities: Heats of fusion used as given in the input file
 Computed solubilities will be refined iteratively: Threshold = 1.00E-05
 ----------------------------------------------------



 Results for mixture 1
 ---------------------
 Temperature          :    293.150 K

 Compound Nr.         :          1         2
 Compound             :  AZ1353096 propanone
 Mole Fraction        :     1.0000    0.0000

 Compound:  1  (AZ13530968)
 Chemical potential of the compound in the mixture :        -7.43676 kcal/mol
 Log10(partial pressure [mbar])                    :       -10.76165
 Free energy of molecule in mix (E_COSMO+dE+Mu)    :  -2204762.02764 kcal/mol
 Total mean interaction energy in the mix (H_int)  :       -18.69267 kcal/mol
 Misfit interaction energy in the mix (H_MF)       :         5.30393 kcal/mol
 H-Bond interaction energy in the mix (H_HB)       :        -3.16842 kcal/mol
 VdW interaction energy in the mix (H_vdW)         :       -20.84183 kcal/mol
 Ring correction                                   :        -2.22324 kcal/mol




 Results for mixture 2
 ---------------------
 Temperature          :    293.150 K

 Compound Nr.         :          1         2
 Compound             :  AZ1353096 propanone
 Mole Fraction        :     0.0000    1.0000

 Compound:  2  (propanone)
 Chemical potential of the compound in the mixture :        -0.26643 kcal/mol
 Log10(partial pressure [mbar])                    :         2.12108
 Free energy of molecule in mix (E_COSMO+dE+Mu)    :   -121267.77089 kcal/mol
 Total mean interaction energy in the mix (H_int)  :        -1.80805 kcal/mol
 Misfit interaction energy in the mix (H_MF)       :         2.68421 kcal/mol
 H-Bond interaction energy in the mix (H_HB)       :        -0.00137 kcal/mol
 VdW interaction energy in the mix (H_vdW)         :        -4.49090 kcal/mol
 Ring correction                                   :         0.00000 kcal/mol




 Results for mixture 3
 ---------------------
 Temperature          :    298.150 K

 Compound Nr.         :          1         2
 Compound             :  AZ1353096 propanone
 Mole Fraction        :     0.0000    1.0000

 Compound:  1  (AZ13530968)
 Chemical potential of the compound in the mixture :        -7.41185 kcal/mol
 Log10(partial pressure [mbar])                    :       -10.45305
 Free energy of molecule in mix (E_COSMO+dE+Mu)    :  -2204762.00273 kcal/mol
 Total mean interaction energy in the mix (H_int)  :       -12.49263 kcal/mol
 Misfit interaction energy in the mix (H_MF)       :         6.62509 kcal/mol
 H-Bond interaction energy in the mix (H_HB)       :        -1.44085 kcal/mol
 VdW interaction energy in the mix (H_vdW)         :       -17.69575 kcal/mol
 Ring correction                                   :        -2.22324 kcal/mol

 Compound:  2  (propanone)
 Chemical potential of the compound in the mixture :        -0.24035 kcal/mol
 Log10(partial pressure [mbar])                    :         2.21386
 Free energy of molecule in mix (E_COSMO+dE+Mu)    :   -121267.74481 kcal/mol
 Total mean interaction energy in the mix (H_int)  :        -1.78253 kcal/mol
 Misfit interaction energy in the mix (H_MF)       :         2.69626 kcal/mol
 H-Bond interaction energy in the mix (H_HB)       :        -0.00123 kcal/mol
 VdW interaction energy in the mix (H_vdW)         :        -4.47756 kcal/mol
 Ring correction                                   :         0.00000 kcal/mol




 Results for mixture 4
 ---------------------
 Temperature          :    293.150 K

 Compound Nr.         :          1         2
 Compound             :  AZ1353096 propanone
 Mole Fraction        :     0.0000    1.0000

 Compound:  1  (AZ13530968)
 Chemical potential of the compound in the mixture :        -7.59128 kcal/mol
 Log10(partial pressure [mbar])                    :       -10.87685
 Free energy of molecule in mix (E_COSMO+dE+Mu)    :  -2204762.18216 kcal/mol
 Total mean interaction energy in the mix (H_int)  :       -12.64400 kcal/mol
 Misfit interaction energy in the mix (H_MF)       :         6.57662 kcal/mol
 H-Bond interaction energy in the mix (H_HB)       :        -1.48824 kcal/mol
 VdW interaction energy in the mix (H_vdW)         :       -17.74943 kcal/mol
 Ring correction                                   :        -2.22324 kcal/mol
 Log10(x_Solubility)                               :        -2.49103
 w_Solubility [g(Solute)/g(Solution)]              :         0.02055

 Compound:  2  (propanone)
 Chemical potential of the compound in the mixture :        -0.26643 kcal/mol
 Log10(partial pressure [mbar])                    :         2.12108
 Free energy of molecule in mix (E_COSMO+dE+Mu)    :   -121267.77089 kcal/mol
 Total mean interaction energy in the mix (H_int)  :        -1.80805 kcal/mol
 Misfit interaction energy in the mix (H_MF)       :         2.68421 kcal/mol
 H-Bond interaction energy in the mix (H_HB)       :        -0.00137 kcal/mol
 VdW interaction energy in the mix (H_vdW)         :        -4.49090 kcal/mol
 Ring correction                                   :         0.00000 kcal/mol
 Log10(x_Solubility)                               :         0.00000




 Results for mixture 5
 ---------------------
 Temperature          :    293.150 K

 Compound Nr.         :          1         2
 Compound             :  AZ1353096 propanone
 Mole Fraction        :     0.0032    0.9968

 Compound:  1  (AZ13530968)
 Chemical potential of the compound in the mixture :        -7.56811 kcal/mol
 Log10(partial pressure [mbar])                    :       -10.85958
 Free energy of molecule in mix (E_COSMO+dE+Mu)    :  -2204762.15900 kcal/mol
 Total mean interaction energy in the mix (H_int)  :       -12.72361 kcal/mol
 Misfit interaction energy in the mix (H_MF)       :         6.58937 kcal/mol
 H-Bond interaction energy in the mix (H_HB)       :        -1.54567 kcal/mol
 VdW interaction energy in the mix (H_vdW)         :       -17.78438 kcal/mol
 Ring correction                                   :        -2.22324 kcal/mol
 Log10(x_Solubility)                               :        -2.50830
 w_Solubility [g(Solute)/g(Solution)]              :         0.01976

 Compound:  2  (propanone)
 Chemical potential of the compound in the mixture :        -0.26645 kcal/mol
 Log10(partial pressure [mbar])                    :         2.12106
 Free energy of molecule in mix (E_COSMO+dE+Mu)    :   -121267.77092 kcal/mol
 Total mean interaction energy in the mix (H_int)  :        -1.82592 kcal/mol
 Misfit interaction energy in the mix (H_MF)       :         2.67934 kcal/mol
 H-Bond interaction energy in the mix (H_HB)       :        -0.00609 kcal/mol
 VdW interaction energy in the mix (H_vdW)         :        -4.49917 kcal/mol
 Ring correction                                   :         0.00000 kcal/mol




 Results for mixture 6
 ---------------------
 Temperature          :    293.150 K

 Compound Nr.         :          1         2
 Compound             :  AZ1353096 propanone
 Mole Fraction        :     0.0031    0.9969

 Compound:  1  (AZ13530968)
 Chemical potential of the compound in the mixture :        -7.56814 kcal/mol
 Log10(partial pressure [mbar])                    :       -10.85960
 Free energy of molecule in mix (E_COSMO+dE+Mu)    :  -2204762.15902 kcal/mol
 Total mean interaction energy in the mix (H_int)  :       -12.71977 kcal/mol
 Misfit interaction energy in the mix (H_MF)       :         6.58970 kcal/mol
 H-Bond interaction energy in the mix (H_HB)       :        -1.54351 kcal/mol
 VdW interaction energy in the mix (H_vdW)         :       -17.78303 kcal/mol
 Ring correction                                   :        -2.22324 kcal/mol
 Log10(x_Solubility)                               :        -2.50828
 w_Solubility [g(Solute)/g(Solution)]              :         0.01977

 Compound:  2  (propanone)
 Chemical potential of the compound in the mixture :        -0.26645 kcal/mol
 Log10(partial pressure [mbar])                    :         2.12106
 Free energy of molecule in mix (E_COSMO+dE+Mu)    :   -121267.77092 kcal/mol
 Total mean interaction energy in the mix (H_int)  :        -1.82523 kcal/mol
 Misfit interaction energy in the mix (H_MF)       :         2.67953 kcal/mol
 H-Bond interaction energy in the mix (H_HB)       :        -0.00591 kcal/mol
 VdW interaction energy in the mix (H_vdW)         :        -4.49885 kcal/mol
 Ring correction                                   :         0.00000 kcal/mol




 Results for mixture 7
 ---------------------
 Temperature          :    293.150 K

 Compound Nr.         :          1         2
 Compound             :  AZ1353096 propanone
 Mole Fraction        :     0.0031    0.9969

 Compound:  1  (AZ13530968)
 Chemical potential of the compound in the mixture :        -7.56814 kcal/mol
 Log10(partial pressure [mbar])                    :       -10.85960
 Free energy of molecule in mix (E_COSMO+dE+Mu)    :  -2204762.15902 kcal/mol
 Total mean interaction energy in the mix (H_int)  :       -12.71977 kcal/mol
 Misfit interaction energy in the mix (H_MF)       :         6.58970 kcal/mol
 H-Bond interaction energy in the mix (H_HB)       :        -1.54351 kcal/mol
 VdW interaction energy in the mix (H_vdW)         :       -17.78303 kcal/mol
 Ring correction                                   :        -2.22324 kcal/mol
 Log10(x_Solubility)                               :        -2.50828
 w_Solubility [g(Solute)/g(Solution)]              :         0.01977

 Compound:  2  (propanone)
 Chemical potential of the compound in the mixture :        -0.26645 kcal/mol
 Log10(partial pressure [mbar])                    :         2.12106
 Free energy of molecule in mix (E_COSMO+dE+Mu)    :   -121267.77092 kcal/mol
 Total mean interaction energy in the mix (H_int)  :        -1.82523 kcal/mol
 Misfit interaction energy in the mix (H_MF)       :         2.67953 kcal/mol
 H-Bond interaction energy in the mix (H_HB)       :        -0.00591 kcal/mol
 VdW interaction energy in the mix (H_vdW)         :        -4.49885 kcal/mol
 Ring correction                                   :         0.00000 kcal/mol


----------------
 END job       1
----------------
