 ------------------------------------------------------------------------------ 
 COSMOtherm Version C30-1701 (revision 3140)
 ------------------------------------------------------------------------------ 
 written by Frank Eckert, Andreas Klamt, Larissa Koch, Selman Terzi
 Copyright (C) 1999-2017, COSMOlogic GmbH & Co. KG

 Job-Name   : !! Solubility Calculation of Solute in Solvent 
 Job-Date   : 03/21/2017
 Job-Time   : 15:57:18
 Hostname   : ukmcdwlx007
 OS-Type    : linux
 Executable : Linux 64-bit

 Reading COSMOtherm parameter file BP_TZVPD_FINE_C30_1701.ctd from directory /apps/cosmologic/COSMOthermX17/COSMOtherm/CTDATA-FILES/
 Info: # COSMOtherm parameter file BP_TZVPD_FINE_C30_1701.ctd for BP-TZVPD-FINE (BP-TZVP optimized) COSMO files                                              

 Reading COSMOtherm license key license.txt from directory /apps/cosmologic/COSMOthermX17/licensefiles/

 COSMOtherm license key expiration date 22-dec-2018
 COSMOtherm license key version 17.0
 Customer : AstraZeneca
 ID       : 100905

 License keys:
  product                   |    licensed version    | status
 ------------------------------------------------------------------------------ 
  COSMOtherm                |          17.0          | active
  TURBOMOLE                 |          7.1           | active
  COSMOconf                 |          4.1           | active
 ------------------------------------------------------------------------------ 


 Reading COSMO information for molecule 1 from file /dbs/AZcosmotherm/AZ_BP_TZVPD-FINE/a/AZ13530968_c0.cosmo
 Reading gas phase energy information for molecule 1 from file /dbs/AZcosmotherm/AZ_BP_TZVPD-FINE/a/AZ13530968_c0.energy
 Reading vapor pressure and property information for compound 1 from file /dbs/AZcosmotherm/AZ_BP_TZVPD-FINE/a/AZ13530968.vap
 Note: Vapor Pressure / property file /dbs/AZcosmotherm/AZ_BP_TZVPD-FINE/a/AZ13530968.vap is empty
 Free energy of fusion for pure compound 1 (DGFUS = 2.56717 kcal/mol)

 Compound Information for compound 1 conformer 1 (COSMO file /dbs/AZcosmotherm/AZ_BP_TZVPD-FINE/a/AZ13530968_c0.cosmo)
 Atomic weights         : 111111111111111111111111111111111111111111111
 E_COSMO+dE             :   -2204754.5909 kcal/mol
 E_gas                  :   -2204740.7759 kcal/mol
 E_COSMO-E_gas+dE       :        -13.8150 kcal/mol
 E_diel                 :        -18.7411 kcal/mol
 Averaging corr dE      :          1.1081 kcal/mol
 EvdW in continuum      :       -358.6958 kcal/mol
 Area                   :        347.5579 A^2
 Volume                 :        402.8905 A^3
 Molecular Weight       :        376.2926 a.m.u.
 Total COSMO charge     :          0.0028 a.u.
 Dipole moment (t,x,y,z):          7.1747  0.488760  7.156487 -0.149195 Debye                            
 Sigma moments (1-6)    :          0.0000  1.26E+02  4.58E+01  2.09E+02  1.75E+02  5.53E+02              
 H-bond moment (accept) :          6.7617
 H-bond moment (donor)  :          2.3419


 Reading COSMO information for molecule 2 from file /dbs/AZcosmotherm/AZ_BP_TZVPD-FINE/a/AZ13530968_c1.cosmo
 Reading gas phase energy information for molecule 2 from file /dbs/AZcosmotherm/AZ_BP_TZVPD-FINE/a/AZ13530968_c1.energy

 Compound Information for compound 1 conformer 2 (COSMO file /dbs/AZcosmotherm/AZ_BP_TZVPD-FINE/a/AZ13530968_c1.cosmo)
 Atomic weights         : 111111111111111111111111111111111111111111111
 E_COSMO+dE             :   -2204751.2414 kcal/mol
 E_gas                  :   -2204738.3753 kcal/mol
 E_COSMO-E_gas+dE       :        -12.8661 kcal/mol
 E_diel                 :        -17.6608 kcal/mol
 Averaging corr dE      :          1.0677 kcal/mol
 EvdW in continuum      :       -351.4171 kcal/mol
 Area                   :        340.9253 A^2
 Volume                 :        403.0683 A^3
 Molecular Weight       :        376.2926 a.m.u.
 Total COSMO charge     :          0.0031 a.u.
 Dipole moment (t,x,y,z):          7.7437 -4.364802 -6.198433  1.578924 Debye                            
 Sigma moments (1-6)    :          0.0000  1.16E+02  3.56E+01  1.86E+02  1.45E+02  4.85E+02              
 H-bond moment (accept) :          5.5908
 H-bond moment (donor)  :          2.1978


 Reading COSMO information for molecule 3 from file /dbs/AZcosmotherm/AZ_BP_TZVPD-FINE/a/AZ13530968_c2.cosmo
 Reading gas phase energy information for molecule 3 from file /dbs/AZcosmotherm/AZ_BP_TZVPD-FINE/a/AZ13530968_c2.energy

 Compound Information for compound 1 conformer 3 (COSMO file /dbs/AZcosmotherm/AZ_BP_TZVPD-FINE/a/AZ13530968_c2.cosmo)
 Atomic weights         : 111111111111111111111111111111111111111111111
 E_COSMO+dE             :   -2204749.4696 kcal/mol
 E_gas                  :   -2204735.8858 kcal/mol
 E_COSMO-E_gas+dE       :        -13.5838 kcal/mol
 E_diel                 :        -18.5107 kcal/mol
 Averaging corr dE      :          1.0974 kcal/mol
 EvdW in continuum      :       -356.7686 kcal/mol
 Area                   :        345.9657 A^2
 Volume                 :        403.3632 A^3
 Molecular Weight       :        376.2926 a.m.u.
 Total COSMO charge     :          0.0024 a.u.
 Dipole moment (t,x,y,z):          7.3409 -4.690418 -5.646647 -0.062138 Debye                            
 Sigma moments (1-6)    :          0.0000  1.23E+02  4.47E+01  2.02E+02  1.75E+02  5.37E+02              
 H-bond moment (accept) :          6.4083
 H-bond moment (donor)  :          2.1788


 Reading COSMO information for molecule 4 from file /apps/cosmologic/COSMOthermX17/COSMOtherm/DATABASE-COSMO/BP-TZVPD-FINE/d/dimethylsulfoxide_c0.cosmo
 Reading gas phase energy information for molecule 4 from file /apps/cosmologic/COSMOthermX17/COSMOtherm/DATABASE-COSMO/BP-TZVPD-FINE/d/dimethylsulfoxide_c0.energy
 Reading vapor pressure and property information for compound 2 from file /apps/cosmologic/COSMOthermX17/COSMOtherm/DATABASE-COSMO/BP-TZVPD-FINE/d/dimethylsulfoxide.vap
 Free energy of fusion for pure compound 2 (DGFUS = 0.00000 kcal/mol)
 Enthalpy of fusion for pure compound 2 (DHFUS = 3.32935 kcal/mol)
 Vapor Pressure [mbar] / Temperature [°C] input for compound 2:
               10.0000            65.0000
              100.0000           115.9000
             1000.0000           188.6000
 Antoine equation coefficients (in [mbar]/[K]) for compound 2:        17.6602      4432.0368       -49.5610
 Minimum interpolative temperature for vapor pressure estimation of compound 2:     338.150 K
 Maximum interpolative temperature for vapor pressure estimation of compound 2:     461.750 K
 Boiling temperature of compound 2 (TBOIL = 462.15000 K)
 Melting temperature of compound 2 (TMELT = 291.65000 K)
 Experimental dielectric constant for molecule 4   EPSILON = 46.80000
 Critical temperature of compound 2 (TCRIT = 720.00000 K)
 Critical pressure of compound 2 (PCRIT = 57000.00000 mbar)

 Compound Information for compound 2 (COSMO file /apps/cosmologic/COSMOthermX17/COSMOtherm/DATABASE-COSMO/BP-TZVPD-FINE/d/dimethylsulfoxide_c0.cosmo)
 Atomic weights         : 1111111111
 E_COSMO+dE             :    -347242.6308 kcal/mol
 E_gas                  :    -347233.2695 kcal/mol
 E_COSMO-E_gas+dE       :         -9.3612 kcal/mol
 E_diel                 :        -14.1042 kcal/mol
 Averaging corr dE      :          0.4672 kcal/mol
 EvdW in continuum      :       -119.8377 kcal/mol
 Area                   :        112.8823 A^2
 Volume                 :         99.4142 A^3
 Molecular Weight       :         78.1342 a.m.u.
 Total COSMO charge     :   8.1439363E-05 a.u.
 Dipole moment (t,x,y,z):          5.9174  5.890732  0.023855  0.560431 Debye                            
 Sigma moments (1-6)    :          0.0000  7.86E+01  7.18E+01  1.60E+02  2.41E+02  4.38E+02              
 H-bond moment (accept) :          5.0600
 H-bond moment (donor)  :          0.0000


 Total number of processed compounds:    2
 Total number of processed molecules:    4


----------------
 START job     1
----------------

 ----------------------------------------------------
 Automatic computation of solubities in compound    2
 Computing solids solubilities: Heats of fusion used as given in the input file
 Computed solubilities will be refined iteratively: Threshold = 1.00E-05
 ----------------------------------------------------



 Results for mixture 1
 ---------------------
 Temperature          :    293.150 K

 Compound Nr.         :          1         2
 Compound             :  AZ1353096 dimethyls
 Mole Fraction        :     1.0000    0.0000

 Compound:  1  (AZ13530968)
 Chemical potential of the compound in the mixture :        -7.43676 kcal/mol
 Log10(partial pressure [mbar])                    :       -10.76165
 Free energy of molecule in mix (E_COSMO+dE+Mu)    :  -2204762.02764 kcal/mol
 Total mean interaction energy in the mix (H_int)  :       -18.69267 kcal/mol
 Misfit interaction energy in the mix (H_MF)       :         5.30393 kcal/mol
 H-Bond interaction energy in the mix (H_HB)       :        -3.16842 kcal/mol
 VdW interaction energy in the mix (H_vdW)         :       -20.84183 kcal/mol
 Ring correction                                   :        -2.22324 kcal/mol




 Results for mixture 2
 ---------------------
 Temperature          :    293.150 K

 Compound Nr.         :          1         2
 Compound             :  AZ1353096 dimethyls
 Mole Fraction        :     0.0000    1.0000

 Compound:  2  (dimethylsulfoxide)
 Chemical potential of the compound in the mixture :         0.01583 kcal/mol
 Log10(partial pressure [mbar])                    :        -0.23501
 Free energy of molecule in mix (E_COSMO+dE+Mu)    :   -347242.61496 kcal/mol
 Total mean interaction energy in the mix (H_int)  :        -2.50971 kcal/mol
 Misfit interaction energy in the mix (H_MF)       :         3.74395 kcal/mol
 H-Bond interaction energy in the mix (H_HB)       :        -0.11018 kcal/mol
 VdW interaction energy in the mix (H_vdW)         :        -6.14348 kcal/mol
 Ring correction                                   :         0.00000 kcal/mol




 Results for mixture 3
 ---------------------
 Temperature          :    298.150 K

 Compound Nr.         :          1         2
 Compound             :  AZ1353096 dimethyls
 Mole Fraction        :     0.0000    1.0000

 Compound:  1  (AZ13530968)
 Chemical potential of the compound in the mixture :        -7.53098 kcal/mol
 Log10(partial pressure [mbar])                    :       -10.54038
 Free energy of molecule in mix (E_COSMO+dE+Mu)    :  -2204762.12186 kcal/mol
 Total mean interaction energy in the mix (H_int)  :       -13.83015 kcal/mol
 Misfit interaction energy in the mix (H_MF)       :         8.65600 kcal/mol
 H-Bond interaction energy in the mix (H_HB)       :        -2.53662 kcal/mol
 VdW interaction energy in the mix (H_vdW)         :       -19.96418 kcal/mol
 Ring correction                                   :        -2.22324 kcal/mol

 Compound:  2  (dimethylsulfoxide)
 Chemical potential of the compound in the mixture :         0.05858 kcal/mol
 Log10(partial pressure [mbar])                    :        -0.09050
 Free energy of molecule in mix (E_COSMO+dE+Mu)    :   -347242.57221 kcal/mol
 Total mean interaction energy in the mix (H_int)  :        -2.47099 kcal/mol
 Misfit interaction energy in the mix (H_MF)       :         3.76234 kcal/mol
 H-Bond interaction energy in the mix (H_HB)       :        -0.10752 kcal/mol
 VdW interaction energy in the mix (H_vdW)         :        -6.12581 kcal/mol
 Ring correction                                   :         0.00000 kcal/mol




 Results for mixture 4
 ---------------------
 Temperature          :    293.150 K

 Compound Nr.         :          1         2
 Compound             :  AZ1353096 dimethyls
 Mole Fraction        :     0.0000    1.0000

 Compound:  1  (AZ13530968)
 Chemical potential of the compound in the mixture :        -7.73888 kcal/mol
 Log10(partial pressure [mbar])                    :       -10.98688
 Free energy of molecule in mix (E_COSMO+dE+Mu)    :  -2204762.32976 kcal/mol
 Total mean interaction energy in the mix (H_int)  :       -13.98337 kcal/mol
 Misfit interaction energy in the mix (H_MF)       :         8.60046 kcal/mol
 H-Bond interaction energy in the mix (H_HB)       :        -2.57235 kcal/mol
 VdW interaction energy in the mix (H_vdW)         :       -20.02468 kcal/mol
 Ring correction                                   :        -2.22324 kcal/mol
 Log10(x_Solubility)                               :        -1.68861
 w_Solubility [g(Solute)/g(Solution)]              :         0.09149

 Compound:  2  (dimethylsulfoxide)
 Chemical potential of the compound in the mixture :         0.01583 kcal/mol
 Log10(partial pressure [mbar])                    :        -0.23501
 Free energy of molecule in mix (E_COSMO+dE+Mu)    :   -347242.61496 kcal/mol
 Total mean interaction energy in the mix (H_int)  :        -2.50971 kcal/mol
 Misfit interaction energy in the mix (H_MF)       :         3.74395 kcal/mol
 H-Bond interaction energy in the mix (H_HB)       :        -0.11018 kcal/mol
 VdW interaction energy in the mix (H_vdW)         :        -6.14348 kcal/mol
 Ring correction                                   :         0.00000 kcal/mol
 Log10(x_Solubility)                               :         0.00000




 Results for mixture 5
 ---------------------
 Temperature          :    293.150 K

 Compound Nr.         :          1         2
 Compound             :  AZ1353096 dimethyls
 Mole Fraction        :     0.0205    0.9795

 Compound:  1  (AZ13530968)
 Chemical potential of the compound in the mixture :        -7.86942 kcal/mol
 Log10(partial pressure [mbar])                    :       -11.08420
 Free energy of molecule in mix (E_COSMO+dE+Mu)    :  -2204762.46030 kcal/mol
 Total mean interaction energy in the mix (H_int)  :       -14.44029 kcal/mol
 Misfit interaction energy in the mix (H_MF)       :         8.23097 kcal/mol
 H-Bond interaction energy in the mix (H_HB)       :        -2.62004 kcal/mol
 VdW interaction energy in the mix (H_vdW)         :       -20.06458 kcal/mol
 Ring correction                                   :        -2.22324 kcal/mol
 Log10(x_Solubility)                               :        -1.59129
 w_Solubility [g(Solute)/g(Solution)]              :         0.11243

 Compound:  2  (dimethylsulfoxide)
 Chemical potential of the compound in the mixture :         0.01723 kcal/mol
 Log10(partial pressure [mbar])                    :        -0.23397
 Free energy of molecule in mix (E_COSMO+dE+Mu)    :   -347242.61356 kcal/mol
 Total mean interaction energy in the mix (H_int)  :        -2.62761 kcal/mol
 Misfit interaction energy in the mix (H_MF)       :         3.68901 kcal/mol
 H-Bond interaction energy in the mix (H_HB)       :        -0.15677 kcal/mol
 VdW interaction energy in the mix (H_vdW)         :        -6.15985 kcal/mol
 Ring correction                                   :         0.00000 kcal/mol




 Results for mixture 6
 ---------------------
 Temperature          :    293.150 K

 Compound Nr.         :          1         2
 Compound             :  AZ1353096 dimethyls
 Mole Fraction        :     0.0256    0.9744

 Compound:  1  (AZ13530968)
 Chemical potential of the compound in the mixture :        -7.90158 kcal/mol
 Log10(partial pressure [mbar])                    :       -11.10818
 Free energy of molecule in mix (E_COSMO+dE+Mu)    :  -2204762.49246 kcal/mol
 Total mean interaction energy in the mix (H_int)  :       -14.54970 kcal/mol
 Misfit interaction energy in the mix (H_MF)       :         8.14297 kcal/mol
 H-Bond interaction energy in the mix (H_HB)       :        -2.63181 kcal/mol
 VdW interaction energy in the mix (H_vdW)         :       -20.07424 kcal/mol
 Ring correction                                   :        -2.22324 kcal/mol
 Log10(x_Solubility)                               :        -1.56732
 w_Solubility [g(Solute)/g(Solution)]              :         0.11821

 Compound:  2  (dimethylsulfoxide)
 Chemical potential of the compound in the mixture :         0.01799 kcal/mol
 Log10(partial pressure [mbar])                    :        -0.23340
 Free energy of molecule in mix (E_COSMO+dE+Mu)    :   -347242.61280 kcal/mol
 Total mean interaction energy in the mix (H_int)  :        -2.65554 kcal/mol
 Misfit interaction energy in the mix (H_MF)       :         3.67668 kcal/mol
 H-Bond interaction energy in the mix (H_HB)       :        -0.16841 kcal/mol
 VdW interaction energy in the mix (H_vdW)         :        -6.16381 kcal/mol
 Ring correction                                   :         0.00000 kcal/mol




 Results for mixture 7
 ---------------------
 Temperature          :    293.150 K

 Compound Nr.         :          1         2
 Compound             :  AZ1353096 dimethyls
 Mole Fraction        :     0.0271    0.9729

 Compound:  1  (AZ13530968)
 Chemical potential of the compound in the mixture :        -7.91036 kcal/mol
 Log10(partial pressure [mbar])                    :       -11.11472
 Free energy of molecule in mix (E_COSMO+dE+Mu)    :  -2204762.50124 kcal/mol
 Total mean interaction energy in the mix (H_int)  :       -14.58002 kcal/mol
 Misfit interaction energy in the mix (H_MF)       :         8.11865 kcal/mol
 H-Bond interaction energy in the mix (H_HB)       :        -2.63513 kcal/mol
 VdW interaction energy in the mix (H_vdW)         :       -20.07695 kcal/mol
 Ring correction                                   :        -2.22324 kcal/mol
 Log10(x_Solubility)                               :        -1.56077
 w_Solubility [g(Solute)/g(Solution)]              :         0.11984

 Compound:  2  (dimethylsulfoxide)
 Chemical potential of the compound in the mixture :         0.01823 kcal/mol
 Log10(partial pressure [mbar])                    :        -0.23322
 Free energy of molecule in mix (E_COSMO+dE+Mu)    :   -347242.61256 kcal/mol
 Total mean interaction energy in the mix (H_int)  :        -2.66332 kcal/mol
 Misfit interaction energy in the mix (H_MF)       :         3.67329 kcal/mol
 H-Bond interaction energy in the mix (H_HB)       :        -0.17169 kcal/mol
 VdW interaction energy in the mix (H_vdW)         :        -6.16492 kcal/mol
 Ring correction                                   :         0.00000 kcal/mol




 Results for mixture 8
 ---------------------
 Temperature          :    293.150 K

 Compound Nr.         :          1         2
 Compound             :  AZ1353096 dimethyls
 Mole Fraction        :     0.0275    0.9725

 Compound:  1  (AZ13530968)
 Chemical potential of the compound in the mixture :        -7.91281 kcal/mol
 Log10(partial pressure [mbar])                    :       -11.11655
 Free energy of molecule in mix (E_COSMO+dE+Mu)    :  -2204762.50369 kcal/mol
 Total mean interaction energy in the mix (H_int)  :       -14.58855 kcal/mol
 Misfit interaction energy in the mix (H_MF)       :         8.11182 kcal/mol
 H-Bond interaction energy in the mix (H_HB)       :        -2.63607 kcal/mol
 VdW interaction energy in the mix (H_vdW)         :       -20.07771 kcal/mol
 Ring correction                                   :        -2.22324 kcal/mol
 Log10(x_Solubility)                               :        -1.55894
 w_Solubility [g(Solute)/g(Solution)]              :         0.12029

 Compound:  2  (dimethylsulfoxide)
 Chemical potential of the compound in the mixture :         0.01830 kcal/mol
 Log10(partial pressure [mbar])                    :        -0.23317
 Free energy of molecule in mix (E_COSMO+dE+Mu)    :   -347242.61249 kcal/mol
 Total mean interaction energy in the mix (H_int)  :        -2.66552 kcal/mol
 Misfit interaction energy in the mix (H_MF)       :         3.67234 kcal/mol
 H-Bond interaction energy in the mix (H_HB)       :        -0.17262 kcal/mol
 VdW interaction energy in the mix (H_vdW)         :        -6.16523 kcal/mol
 Ring correction                                   :         0.00000 kcal/mol




 Results for mixture 9
 ---------------------
 Temperature          :    293.150 K

 Compound Nr.         :          1         2
 Compound             :  AZ1353096 dimethyls
 Mole Fraction        :     0.0276    0.9724

 Compound:  1  (AZ13530968)
 Chemical potential of the compound in the mixture :        -7.91350 kcal/mol
 Log10(partial pressure [mbar])                    :       -11.11707
 Free energy of molecule in mix (E_COSMO+dE+Mu)    :  -2204762.50439 kcal/mol
 Total mean interaction energy in the mix (H_int)  :       -14.59095 kcal/mol
 Misfit interaction energy in the mix (H_MF)       :         8.10990 kcal/mol
 H-Bond interaction energy in the mix (H_HB)       :        -2.63633 kcal/mol
 VdW interaction energy in the mix (H_vdW)         :       -20.07792 kcal/mol
 Ring correction                                   :        -2.22324 kcal/mol
 Log10(x_Solubility)                               :        -1.55843
 w_Solubility [g(Solute)/g(Solution)]              :         0.12042

 Compound:  2  (dimethylsulfoxide)
 Chemical potential of the compound in the mixture :         0.01832 kcal/mol
 Log10(partial pressure [mbar])                    :        -0.23316
 Free energy of molecule in mix (E_COSMO+dE+Mu)    :   -347242.61247 kcal/mol
 Total mean interaction energy in the mix (H_int)  :        -2.66613 kcal/mol
 Misfit interaction energy in the mix (H_MF)       :         3.67207 kcal/mol
 H-Bond interaction energy in the mix (H_HB)       :        -0.17289 kcal/mol
 VdW interaction energy in the mix (H_vdW)         :        -6.16532 kcal/mol
 Ring correction                                   :         0.00000 kcal/mol




 Results for mixture 10
 ----------------------
 Temperature          :    293.150 K

 Compound Nr.         :          1         2
 Compound             :  AZ1353096 dimethyls
 Mole Fraction        :     0.0276    0.9724

 Compound:  1  (AZ13530968)
 Chemical potential of the compound in the mixture :        -7.91370 kcal/mol
 Log10(partial pressure [mbar])                    :       -11.11721
 Free energy of molecule in mix (E_COSMO+dE+Mu)    :  -2204762.50458 kcal/mol
 Total mean interaction energy in the mix (H_int)  :       -14.59163 kcal/mol
 Misfit interaction energy in the mix (H_MF)       :         8.10936 kcal/mol
 H-Bond interaction energy in the mix (H_HB)       :        -2.63640 kcal/mol
 VdW interaction energy in the mix (H_vdW)         :       -20.07799 kcal/mol
 Ring correction                                   :        -2.22324 kcal/mol
 Log10(x_Solubility)                               :        -1.55828
 w_Solubility [g(Solute)/g(Solution)]              :         0.12046

 Compound:  2  (dimethylsulfoxide)
 Chemical potential of the compound in the mixture :         0.01832 kcal/mol
 Log10(partial pressure [mbar])                    :        -0.23315
 Free energy of molecule in mix (E_COSMO+dE+Mu)    :   -347242.61247 kcal/mol
 Total mean interaction energy in the mix (H_int)  :        -2.66631 kcal/mol
 Misfit interaction energy in the mix (H_MF)       :         3.67199 kcal/mol
 H-Bond interaction energy in the mix (H_HB)       :        -0.17296 kcal/mol
 VdW interaction energy in the mix (H_vdW)         :        -6.16534 kcal/mol
 Ring correction                                   :         0.00000 kcal/mol




 Results for mixture 11
 ----------------------
 Temperature          :    293.150 K

 Compound Nr.         :          1         2
 Compound             :  AZ1353096 dimethyls
 Mole Fraction        :     0.0277    0.9723

 Compound:  1  (AZ13530968)
 Chemical potential of the compound in the mixture :        -7.91375 kcal/mol
 Log10(partial pressure [mbar])                    :       -11.11725
 Free energy of molecule in mix (E_COSMO+dE+Mu)    :  -2204762.50464 kcal/mol
 Total mean interaction energy in the mix (H_int)  :       -14.59182 kcal/mol
 Misfit interaction energy in the mix (H_MF)       :         8.10920 kcal/mol
 H-Bond interaction energy in the mix (H_HB)       :        -2.63642 kcal/mol
 VdW interaction energy in the mix (H_vdW)         :       -20.07800 kcal/mol
 Ring correction                                   :        -2.22324 kcal/mol
 Log10(x_Solubility)                               :        -1.55824
 w_Solubility [g(Solute)/g(Solution)]              :         0.12047

 Compound:  2  (dimethylsulfoxide)
 Chemical potential of the compound in the mixture :         0.01833 kcal/mol
 Log10(partial pressure [mbar])                    :        -0.23315
 Free energy of molecule in mix (E_COSMO+dE+Mu)    :   -347242.61247 kcal/mol
 Total mean interaction energy in the mix (H_int)  :        -2.66636 kcal/mol
 Misfit interaction energy in the mix (H_MF)       :         3.67197 kcal/mol
 H-Bond interaction energy in the mix (H_HB)       :        -0.17298 kcal/mol
 VdW interaction energy in the mix (H_vdW)         :        -6.16535 kcal/mol
 Ring correction                                   :         0.00000 kcal/mol




 Results for mixture 12
 ----------------------
 Temperature          :    293.150 K

 Compound Nr.         :          1         2
 Compound             :  AZ1353096 dimethyls
 Mole Fraction        :     0.0277    0.9723

 Compound:  1  (AZ13530968)
 Chemical potential of the compound in the mixture :        -7.91377 kcal/mol
 Log10(partial pressure [mbar])                    :       -11.11727
 Free energy of molecule in mix (E_COSMO+dE+Mu)    :  -2204762.50465 kcal/mol
 Total mean interaction energy in the mix (H_int)  :       -14.59187 kcal/mol
 Misfit interaction energy in the mix (H_MF)       :         8.10916 kcal/mol
 H-Bond interaction energy in the mix (H_HB)       :        -2.63643 kcal/mol
 VdW interaction energy in the mix (H_vdW)         :       -20.07801 kcal/mol
 Ring correction                                   :        -2.22324 kcal/mol
 Log10(x_Solubility)                               :        -1.55823
 w_Solubility [g(Solute)/g(Solution)]              :         0.12047

 Compound:  2  (dimethylsulfoxide)
 Chemical potential of the compound in the mixture :         0.01833 kcal/mol
 Log10(partial pressure [mbar])                    :        -0.23315
 Free energy of molecule in mix (E_COSMO+dE+Mu)    :   -347242.61247 kcal/mol
 Total mean interaction energy in the mix (H_int)  :        -2.66637 kcal/mol
 Misfit interaction energy in the mix (H_MF)       :         3.67197 kcal/mol
 H-Bond interaction energy in the mix (H_HB)       :        -0.17299 kcal/mol
 VdW interaction energy in the mix (H_vdW)         :        -6.16535 kcal/mol
 Ring correction                                   :         0.00000 kcal/mol




 Results for mixture 13
 ----------------------
 Temperature          :    293.150 K

 Compound Nr.         :          1         2
 Compound             :  AZ1353096 dimethyls
 Mole Fraction        :     0.0277    0.9723

 Compound:  1  (AZ13530968)
 Chemical potential of the compound in the mixture :        -7.91377 kcal/mol
 Log10(partial pressure [mbar])                    :       -11.11727
 Free energy of molecule in mix (E_COSMO+dE+Mu)    :  -2204762.50466 kcal/mol
 Total mean interaction energy in the mix (H_int)  :       -14.59189 kcal/mol
 Misfit interaction energy in the mix (H_MF)       :         8.10915 kcal/mol
 H-Bond interaction energy in the mix (H_HB)       :        -2.63643 kcal/mol
 VdW interaction energy in the mix (H_vdW)         :       -20.07801 kcal/mol
 Ring correction                                   :        -2.22324 kcal/mol
 Log10(x_Solubility)                               :        -1.55823
 w_Solubility [g(Solute)/g(Solution)]              :         0.12047

 Compound:  2  (dimethylsulfoxide)
 Chemical potential of the compound in the mixture :         0.01833 kcal/mol
 Log10(partial pressure [mbar])                    :        -0.23315
 Free energy of molecule in mix (E_COSMO+dE+Mu)    :   -347242.61247 kcal/mol
 Total mean interaction energy in the mix (H_int)  :        -2.66638 kcal/mol
 Misfit interaction energy in the mix (H_MF)       :         3.67196 kcal/mol
 H-Bond interaction energy in the mix (H_HB)       :        -0.17299 kcal/mol
 VdW interaction energy in the mix (H_vdW)         :        -6.16535 kcal/mol
 Ring correction                                   :         0.00000 kcal/mol


----------------
 END job       1
----------------
