 ------------------------------------------------------------------------------ 
 COSMOtherm Version C30-1701 (revision 3140)
 ------------------------------------------------------------------------------ 
 written by Frank Eckert, Andreas Klamt, Larissa Koch, Selman Terzi
 Copyright (C) 1999-2017, COSMOlogic GmbH & Co. KG

 Job-Name   : !! Solubility Calculation of Solute in Solvent 
 Job-Date   : 03/21/2017
 Job-Time   : 16:28:58
 Hostname   : ukmcdwlx007
 OS-Type    : linux
 Executable : Linux 64-bit

 Reading COSMOtherm parameter file BP_TZVPD_FINE_C30_1701.ctd from directory /apps/cosmologic/COSMOthermX17/COSMOtherm/CTDATA-FILES/
 Info: # COSMOtherm parameter file BP_TZVPD_FINE_C30_1701.ctd for BP-TZVPD-FINE (BP-TZVP optimized) COSMO files                                              

 Reading COSMOtherm license key license.txt from directory /apps/cosmologic/COSMOthermX17/licensefiles/

 COSMOtherm license key expiration date 22-dec-2018
 COSMOtherm license key version 17.0
 Customer : AstraZeneca
 ID       : 100905

 License keys:
  product                   |    licensed version    | status
 ------------------------------------------------------------------------------ 
  COSMOtherm                |          17.0          | active
  TURBOMOLE                 |          7.1           | active
  COSMOconf                 |          4.1           | active
 ------------------------------------------------------------------------------ 


 Reading COSMO information for molecule 1 from file /dbs/AZcosmotherm/AZ_BP_TZVPD-FINE/a/AZ13530968_c0.cosmo
 Reading gas phase energy information for molecule 1 from file /dbs/AZcosmotherm/AZ_BP_TZVPD-FINE/a/AZ13530968_c0.energy
 Reading vapor pressure and property information for compound 1 from file /dbs/AZcosmotherm/AZ_BP_TZVPD-FINE/a/AZ13530968.vap
 Note: Vapor Pressure / property file /dbs/AZcosmotherm/AZ_BP_TZVPD-FINE/a/AZ13530968.vap is empty
 Free energy of fusion for pure compound 1 (DGFUS = 4.29631 kcal/mol)

 Compound Information for compound 1 conformer 1 (COSMO file /dbs/AZcosmotherm/AZ_BP_TZVPD-FINE/a/AZ13530968_c0.cosmo)
 Atomic weights         : 111111111111111111111111111111111111111111111
 E_COSMO+dE             :   -2204754.5909 kcal/mol
 E_gas                  :   -2204740.7759 kcal/mol
 E_COSMO-E_gas+dE       :        -13.8150 kcal/mol
 E_diel                 :        -18.7411 kcal/mol
 Averaging corr dE      :          1.1081 kcal/mol
 EvdW in continuum      :       -358.6958 kcal/mol
 Area                   :        347.5579 A^2
 Volume                 :        402.8905 A^3
 Molecular Weight       :        376.2926 a.m.u.
 Total COSMO charge     :          0.0028 a.u.
 Dipole moment (t,x,y,z):          7.1747  0.488760  7.156487 -0.149195 Debye                            
 Sigma moments (1-6)    :          0.0000  1.26E+02  4.58E+01  2.09E+02  1.75E+02  5.53E+02              
 H-bond moment (accept) :          6.7617
 H-bond moment (donor)  :          2.3419


 Reading COSMO information for molecule 2 from file /dbs/AZcosmotherm/AZ_BP_TZVPD-FINE/a/AZ13530968_c1.cosmo
 Reading gas phase energy information for molecule 2 from file /dbs/AZcosmotherm/AZ_BP_TZVPD-FINE/a/AZ13530968_c1.energy

 Compound Information for compound 1 conformer 2 (COSMO file /dbs/AZcosmotherm/AZ_BP_TZVPD-FINE/a/AZ13530968_c1.cosmo)
 Atomic weights         : 111111111111111111111111111111111111111111111
 E_COSMO+dE             :   -2204751.2414 kcal/mol
 E_gas                  :   -2204738.3753 kcal/mol
 E_COSMO-E_gas+dE       :        -12.8661 kcal/mol
 E_diel                 :        -17.6608 kcal/mol
 Averaging corr dE      :          1.0677 kcal/mol
 EvdW in continuum      :       -351.4171 kcal/mol
 Area                   :        340.9253 A^2
 Volume                 :        403.0683 A^3
 Molecular Weight       :        376.2926 a.m.u.
 Total COSMO charge     :          0.0031 a.u.
 Dipole moment (t,x,y,z):          7.7437 -4.364802 -6.198433  1.578924 Debye                            
 Sigma moments (1-6)    :          0.0000  1.16E+02  3.56E+01  1.86E+02  1.45E+02  4.85E+02              
 H-bond moment (accept) :          5.5908
 H-bond moment (donor)  :          2.1978


 Reading COSMO information for molecule 3 from file /dbs/AZcosmotherm/AZ_BP_TZVPD-FINE/a/AZ13530968_c2.cosmo
 Reading gas phase energy information for molecule 3 from file /dbs/AZcosmotherm/AZ_BP_TZVPD-FINE/a/AZ13530968_c2.energy

 Compound Information for compound 1 conformer 3 (COSMO file /dbs/AZcosmotherm/AZ_BP_TZVPD-FINE/a/AZ13530968_c2.cosmo)
 Atomic weights         : 111111111111111111111111111111111111111111111
 E_COSMO+dE             :   -2204749.4696 kcal/mol
 E_gas                  :   -2204735.8858 kcal/mol
 E_COSMO-E_gas+dE       :        -13.5838 kcal/mol
 E_diel                 :        -18.5107 kcal/mol
 Averaging corr dE      :          1.0974 kcal/mol
 EvdW in continuum      :       -356.7686 kcal/mol
 Area                   :        345.9657 A^2
 Volume                 :        403.3632 A^3
 Molecular Weight       :        376.2926 a.m.u.
 Total COSMO charge     :          0.0024 a.u.
 Dipole moment (t,x,y,z):          7.3409 -4.690418 -5.646647 -0.062138 Debye                            
 Sigma moments (1-6)    :          0.0000  1.23E+02  4.47E+01  2.02E+02  1.75E+02  5.37E+02              
 H-bond moment (accept) :          6.4083
 H-bond moment (donor)  :          2.1788


 Reading COSMO information for molecule 4 from file /apps/cosmologic/COSMOthermX17/COSMOtherm/DATABASE-COSMO/BP-TZVPD-FINE/d/dimethylformamide_c0.cosmo
 Reading gas phase energy information for molecule 4 from file /apps/cosmologic/COSMOthermX17/COSMOtherm/DATABASE-COSMO/BP-TZVPD-FINE/d/dimethylformamide_c0.energy
 Reading vapor pressure and property information for compound 2 from file /apps/cosmologic/COSMOthermX17/COSMOtherm/DATABASE-COSMO/BP-TZVPD-FINE/d/dimethylformamide.vap
 Free energy of fusion for pure compound 2 (DGFUS = 0.00000 kcal/mol)
 Enthalpy of fusion for pure compound 2 (DHFUS = 3.86099 kcal/mol)
 Vapor Pressure [mbar] / Temperature [°C] input for compound 2:
                0.1000           -20.0000
               10.0000            38.0000
             1000.0000           152.6000
 Antoine equation coefficients (in [mbar]/[K]) for compound 2:        16.3459      3298.3461       -76.2807
 Minimum interpolative temperature for vapor pressure estimation of compound 2:     253.150 K
 Maximum interpolative temperature for vapor pressure estimation of compound 2:     425.750 K
 Boiling temperature of compound 2 (TBOIL = 426.15000 K)
 Melting temperature of compound 2 (TMELT = 212.75000 K)
 Experimental dielectric constant for molecule 4   EPSILON = 37.20000
 Critical temperature of compound 2 (TCRIT = 649.60000 K)
 Critical pressure of compound 2 (PCRIT = 42658.20000 mbar)

 Compound Information for compound 2 (COSMO file /apps/cosmologic/COSMOthermX17/COSMOtherm/DATABASE-COSMO/BP-TZVPD-FINE/d/dimethylformamide_c0.cosmo)
 Atomic weights         : 111111111111
 E_COSMO+dE             :    -156024.3463 kcal/mol
 E_gas                  :    -156016.5236 kcal/mol
 E_COSMO-E_gas+dE       :         -7.8227 kcal/mol
 E_diel                 :        -11.2740 kcal/mol
 Averaging corr dE      :          0.3395 kcal/mol
 EvdW in continuum      :       -115.1690 kcal/mol
 Area                   :        117.0929 A^2
 Volume                 :        102.9602 A^3
 Molecular Weight       :         73.0941 a.m.u.
 Total COSMO charge     :         -0.0003 a.u.
 Dipole moment (t,x,y,z):          5.8673  0.574858 -5.839071  0.007292 Debye                            
 Sigma moments (1-6)    :          0.0000  6.00E+01  5.66E+01  1.08E+02  1.57E+02  2.60E+02              
 H-bond moment (accept) :          4.0769
 H-bond moment (donor)  :          0.0000


 Total number of processed compounds:    2
 Total number of processed molecules:    4


----------------
 START job     1
----------------

 ----------------------------------------------------
 Automatic computation of solubities in compound    2
 Computing solids solubilities: Heats of fusion used as given in the input file
 Computed solubilities will be refined iteratively: Threshold = 1.00E-05
 ----------------------------------------------------



 Results for mixture 1
 ---------------------
 Temperature          :    293.150 K

 Compound Nr.         :          1         2
 Compound             :  AZ1353096 dimethylf
 Mole Fraction        :     1.0000    0.0000

 Compound:  1  (AZ13530968)
 Chemical potential of the compound in the mixture :        -7.43676 kcal/mol
 Log10(partial pressure [mbar])                    :       -10.76165
 Free energy of molecule in mix (E_COSMO+dE+Mu)    :  -2204762.02764 kcal/mol
 Total mean interaction energy in the mix (H_int)  :       -18.69267 kcal/mol
 Misfit interaction energy in the mix (H_MF)       :         5.30393 kcal/mol
 H-Bond interaction energy in the mix (H_HB)       :        -3.16842 kcal/mol
 VdW interaction energy in the mix (H_vdW)         :       -20.84183 kcal/mol
 Ring correction                                   :        -2.22324 kcal/mol




 Results for mixture 2
 ---------------------
 Temperature          :    293.150 K

 Compound Nr.         :          1         2
 Compound             :  AZ1353096 dimethylf
 Mole Fraction        :     0.0000    1.0000

 Compound:  2  (dimethylformamide)
 Chemical potential of the compound in the mixture :        -0.14230 kcal/mol
 Log10(partial pressure [mbar])                    :         0.79409
 Free energy of molecule in mix (E_COSMO+dE+Mu)    :   -156024.48859 kcal/mol
 Total mean interaction energy in the mix (H_int)  :        -2.17223 kcal/mol
 Misfit interaction energy in the mix (H_MF)       :         3.57479 kcal/mol
 H-Bond interaction energy in the mix (H_HB)       :         0.02391 kcal/mol
 VdW interaction energy in the mix (H_vdW)         :        -5.77093 kcal/mol
 Ring correction                                   :         0.00000 kcal/mol




 Results for mixture 3
 ---------------------
 Temperature          :    298.150 K

 Compound Nr.         :          1         2
 Compound             :  AZ1353096 dimethylf
 Mole Fraction        :     0.0000    1.0000

 Compound:  1  (AZ13530968)
 Chemical potential of the compound in the mixture :        -8.02013 kcal/mol
 Log10(partial pressure [mbar])                    :       -10.89892
 Free energy of molecule in mix (E_COSMO+dE+Mu)    :  -2204762.61101 kcal/mol
 Total mean interaction energy in the mix (H_int)  :       -13.51475 kcal/mol
 Misfit interaction energy in the mix (H_MF)       :         7.27174 kcal/mol
 H-Bond interaction energy in the mix (H_HB)       :        -1.97941 kcal/mol
 VdW interaction energy in the mix (H_vdW)         :       -18.82441 kcal/mol
 Ring correction                                   :        -2.22324 kcal/mol

 Compound:  2  (dimethylformamide)
 Chemical potential of the compound in the mixture :        -0.10794 kcal/mol
 Log10(partial pressure [mbar])                    :         0.91520
 Free energy of molecule in mix (E_COSMO+dE+Mu)    :   -156024.45423 kcal/mol
 Total mean interaction energy in the mix (H_int)  :        -2.14195 kcal/mol
 Misfit interaction energy in the mix (H_MF)       :         3.58769 kcal/mol
 H-Bond interaction energy in the mix (H_HB)       :         0.02426 kcal/mol
 VdW interaction energy in the mix (H_vdW)         :        -5.75391 kcal/mol
 Ring correction                                   :         0.00000 kcal/mol




 Results for mixture 4
 ---------------------
 Temperature          :    293.150 K

 Compound Nr.         :          1         2
 Compound             :  AZ1353096 dimethylf
 Mole Fraction        :     0.0000    1.0000

 Compound:  1  (AZ13530968)
 Chemical potential of the compound in the mixture :        -8.21892 kcal/mol
 Log10(partial pressure [mbar])                    :       -11.34476
 Free energy of molecule in mix (E_COSMO+dE+Mu)    :  -2204762.80980 kcal/mol
 Total mean interaction energy in the mix (H_int)  :       -13.65797 kcal/mol
 Misfit interaction energy in the mix (H_MF)       :         7.22627 kcal/mol
 H-Bond interaction energy in the mix (H_HB)       :        -2.01886 kcal/mol
 VdW interaction energy in the mix (H_vdW)         :       -18.88101 kcal/mol
 Ring correction                                   :        -2.22324 kcal/mol
 Log10(x_Solubility)                               :        -2.61982
 w_Solubility [g(Solute)/g(Solution)]              :         0.01223

 Compound:  2  (dimethylformamide)
 Chemical potential of the compound in the mixture :        -0.14230 kcal/mol
 Log10(partial pressure [mbar])                    :         0.79409
 Free energy of molecule in mix (E_COSMO+dE+Mu)    :   -156024.48859 kcal/mol
 Total mean interaction energy in the mix (H_int)  :        -2.17223 kcal/mol
 Misfit interaction energy in the mix (H_MF)       :         3.57479 kcal/mol
 H-Bond interaction energy in the mix (H_HB)       :         0.02391 kcal/mol
 VdW interaction energy in the mix (H_vdW)         :        -5.77093 kcal/mol
 Ring correction                                   :         0.00000 kcal/mol
 Log10(x_Solubility)                               :         0.00000




 Results for mixture 5
 ---------------------
 Temperature          :    293.150 K

 Compound Nr.         :          1         2
 Compound             :  AZ1353096 dimethylf
 Mole Fraction        :     0.0024    0.9976

 Compound:  1  (AZ13530968)
 Chemical potential of the compound in the mixture :        -8.19722 kcal/mol
 Log10(partial pressure [mbar])                    :       -11.32858
 Free energy of molecule in mix (E_COSMO+dE+Mu)    :  -2204762.78810 kcal/mol
 Total mean interaction energy in the mix (H_int)  :       -13.69522 kcal/mol
 Misfit interaction energy in the mix (H_MF)       :         7.22108 kcal/mol
 H-Bond interaction energy in the mix (H_HB)       :        -2.03751 kcal/mol
 VdW interaction energy in the mix (H_vdW)         :       -18.89445 kcal/mol
 Ring correction                                   :        -2.22324 kcal/mol
 Log10(x_Solubility)                               :        -2.63600
 w_Solubility [g(Solute)/g(Solution)]              :         0.01179

 Compound:  2  (dimethylformamide)
 Chemical potential of the compound in the mixture :        -0.14232 kcal/mol
 Log10(partial pressure [mbar])                    :         0.79407
 Free energy of molecule in mix (E_COSMO+dE+Mu)    :   -156024.48862 kcal/mol
 Total mean interaction energy in the mix (H_int)  :        -2.18732 kcal/mol
 Misfit interaction energy in the mix (H_MF)       :         3.56884 kcal/mol
 H-Bond interaction energy in the mix (H_HB)       :         0.01889 kcal/mol
 VdW interaction energy in the mix (H_vdW)         :        -5.77505 kcal/mol
 Ring correction                                   :         0.00000 kcal/mol




 Results for mixture 6
 ---------------------
 Temperature          :    293.150 K

 Compound Nr.         :          1         2
 Compound             :  AZ1353096 dimethylf
 Mole Fraction        :     0.0023    0.9977

 Compound:  1  (AZ13530968)
 Chemical potential of the compound in the mixture :        -8.19763 kcal/mol
 Log10(partial pressure [mbar])                    :       -11.32888
 Free energy of molecule in mix (E_COSMO+dE+Mu)    :  -2204762.78851 kcal/mol
 Total mean interaction energy in the mix (H_int)  :       -13.69370 kcal/mol
 Misfit interaction energy in the mix (H_MF)       :         7.22144 kcal/mol
 H-Bond interaction energy in the mix (H_HB)       :        -2.03683 kcal/mol
 VdW interaction energy in the mix (H_vdW)         :       -18.89396 kcal/mol
 Ring correction                                   :        -2.22324 kcal/mol
 Log10(x_Solubility)                               :        -2.63570
 w_Solubility [g(Solute)/g(Solution)]              :         0.01180

 Compound:  2  (dimethylformamide)
 Chemical potential of the compound in the mixture :        -0.14232 kcal/mol
 Log10(partial pressure [mbar])                    :         0.79407
 Free energy of molecule in mix (E_COSMO+dE+Mu)    :   -156024.48861 kcal/mol
 Total mean interaction energy in the mix (H_int)  :        -2.18677 kcal/mol
 Misfit interaction energy in the mix (H_MF)       :         3.56906 kcal/mol
 H-Bond interaction energy in the mix (H_HB)       :         0.01907 kcal/mol
 VdW interaction energy in the mix (H_vdW)         :        -5.77490 kcal/mol
 Ring correction                                   :         0.00000 kcal/mol




 Results for mixture 7
 ---------------------
 Temperature          :    293.150 K

 Compound Nr.         :          1         2
 Compound             :  AZ1353096 dimethylf
 Mole Fraction        :     0.0023    0.9977

 Compound:  1  (AZ13530968)
 Chemical potential of the compound in the mixture :        -8.19762 kcal/mol
 Log10(partial pressure [mbar])                    :       -11.32888
 Free energy of molecule in mix (E_COSMO+dE+Mu)    :  -2204762.78850 kcal/mol
 Total mean interaction energy in the mix (H_int)  :       -13.69372 kcal/mol
 Misfit interaction energy in the mix (H_MF)       :         7.22144 kcal/mol
 H-Bond interaction energy in the mix (H_HB)       :        -2.03684 kcal/mol
 VdW interaction energy in the mix (H_vdW)         :       -18.89397 kcal/mol
 Ring correction                                   :        -2.22324 kcal/mol
 Log10(x_Solubility)                               :        -2.63571
 w_Solubility [g(Solute)/g(Solution)]              :         0.01180

 Compound:  2  (dimethylformamide)
 Chemical potential of the compound in the mixture :        -0.14232 kcal/mol
 Log10(partial pressure [mbar])                    :         0.79407
 Free energy of molecule in mix (E_COSMO+dE+Mu)    :   -156024.48861 kcal/mol
 Total mean interaction energy in the mix (H_int)  :        -2.18678 kcal/mol
 Misfit interaction energy in the mix (H_MF)       :         3.56905 kcal/mol
 H-Bond interaction energy in the mix (H_HB)       :         0.01907 kcal/mol
 VdW interaction energy in the mix (H_vdW)         :        -5.77491 kcal/mol
 Ring correction                                   :         0.00000 kcal/mol


----------------
 END job       1
----------------
