 ------------------------------------------------------------------------------ 
 COSMOtherm Version C30-1701 (revision 3140)
 ------------------------------------------------------------------------------ 
 written by Frank Eckert, Andreas Klamt, Larissa Koch, Selman Terzi
 Copyright (C) 1999-2017, COSMOlogic GmbH & Co. KG

 Job-Name   : !! Solubility Calculation of Solute in Solvent 
 Job-Date   : 03/21/2017
 Job-Time   : 16:30:00
 Hostname   : ukmcdwlx007
 OS-Type    : linux
 Executable : Linux 64-bit

 Reading COSMOtherm parameter file BP_TZVPD_FINE_C30_1701.ctd from directory /apps/cosmologic/COSMOthermX17/COSMOtherm/CTDATA-FILES/
 Info: # COSMOtherm parameter file BP_TZVPD_FINE_C30_1701.ctd for BP-TZVPD-FINE (BP-TZVP optimized) COSMO files                                              

 Reading COSMOtherm license key license.txt from directory /apps/cosmologic/COSMOthermX17/licensefiles/

 COSMOtherm license key expiration date 22-dec-2018
 COSMOtherm license key version 17.0
 Customer : AstraZeneca
 ID       : 100905

 License keys:
  product                   |    licensed version    | status
 ------------------------------------------------------------------------------ 
  COSMOtherm                |          17.0          | active
  TURBOMOLE                 |          7.1           | active
  COSMOconf                 |          4.1           | active
 ------------------------------------------------------------------------------ 


 Reading COSMO information for molecule 1 from file /dbs/AZcosmotherm/AZ_BP_TZVPD-FINE/a/AZ13530968_c0.cosmo
 Reading gas phase energy information for molecule 1 from file /dbs/AZcosmotherm/AZ_BP_TZVPD-FINE/a/AZ13530968_c0.energy
 Reading vapor pressure and property information for compound 1 from file /dbs/AZcosmotherm/AZ_BP_TZVPD-FINE/a/AZ13530968.vap
 Note: Vapor Pressure / property file /dbs/AZcosmotherm/AZ_BP_TZVPD-FINE/a/AZ13530968.vap is empty
 Free energy of fusion for pure compound 1 (DGFUS = 2.35754 kcal/mol)

 Compound Information for compound 1 conformer 1 (COSMO file /dbs/AZcosmotherm/AZ_BP_TZVPD-FINE/a/AZ13530968_c0.cosmo)
 Atomic weights         : 111111111111111111111111111111111111111111111
 E_COSMO+dE             :   -2204754.5909 kcal/mol
 E_gas                  :   -2204740.7759 kcal/mol
 E_COSMO-E_gas+dE       :        -13.8150 kcal/mol
 E_diel                 :        -18.7411 kcal/mol
 Averaging corr dE      :          1.1081 kcal/mol
 EvdW in continuum      :       -358.6958 kcal/mol
 Area                   :        347.5579 A^2
 Volume                 :        402.8905 A^3
 Molecular Weight       :        376.2926 a.m.u.
 Total COSMO charge     :          0.0028 a.u.
 Dipole moment (t,x,y,z):          7.1747  0.488760  7.156487 -0.149195 Debye                            
 Sigma moments (1-6)    :          0.0000  1.26E+02  4.58E+01  2.09E+02  1.75E+02  5.53E+02              
 H-bond moment (accept) :          6.7617
 H-bond moment (donor)  :          2.3419


 Reading COSMO information for molecule 2 from file /dbs/AZcosmotherm/AZ_BP_TZVPD-FINE/a/AZ13530968_c1.cosmo
 Reading gas phase energy information for molecule 2 from file /dbs/AZcosmotherm/AZ_BP_TZVPD-FINE/a/AZ13530968_c1.energy

 Compound Information for compound 1 conformer 2 (COSMO file /dbs/AZcosmotherm/AZ_BP_TZVPD-FINE/a/AZ13530968_c1.cosmo)
 Atomic weights         : 111111111111111111111111111111111111111111111
 E_COSMO+dE             :   -2204751.2414 kcal/mol
 E_gas                  :   -2204738.3753 kcal/mol
 E_COSMO-E_gas+dE       :        -12.8661 kcal/mol
 E_diel                 :        -17.6608 kcal/mol
 Averaging corr dE      :          1.0677 kcal/mol
 EvdW in continuum      :       -351.4171 kcal/mol
 Area                   :        340.9253 A^2
 Volume                 :        403.0683 A^3
 Molecular Weight       :        376.2926 a.m.u.
 Total COSMO charge     :          0.0031 a.u.
 Dipole moment (t,x,y,z):          7.7437 -4.364802 -6.198433  1.578924 Debye                            
 Sigma moments (1-6)    :          0.0000  1.16E+02  3.56E+01  1.86E+02  1.45E+02  4.85E+02              
 H-bond moment (accept) :          5.5908
 H-bond moment (donor)  :          2.1978


 Reading COSMO information for molecule 3 from file /dbs/AZcosmotherm/AZ_BP_TZVPD-FINE/a/AZ13530968_c2.cosmo
 Reading gas phase energy information for molecule 3 from file /dbs/AZcosmotherm/AZ_BP_TZVPD-FINE/a/AZ13530968_c2.energy

 Compound Information for compound 1 conformer 3 (COSMO file /dbs/AZcosmotherm/AZ_BP_TZVPD-FINE/a/AZ13530968_c2.cosmo)
 Atomic weights         : 111111111111111111111111111111111111111111111
 E_COSMO+dE             :   -2204749.4696 kcal/mol
 E_gas                  :   -2204735.8858 kcal/mol
 E_COSMO-E_gas+dE       :        -13.5838 kcal/mol
 E_diel                 :        -18.5107 kcal/mol
 Averaging corr dE      :          1.0974 kcal/mol
 EvdW in continuum      :       -356.7686 kcal/mol
 Area                   :        345.9657 A^2
 Volume                 :        403.3632 A^3
 Molecular Weight       :        376.2926 a.m.u.
 Total COSMO charge     :          0.0024 a.u.
 Dipole moment (t,x,y,z):          7.3409 -4.690418 -5.646647 -0.062138 Debye                            
 Sigma moments (1-6)    :          0.0000  1.23E+02  4.47E+01  2.02E+02  1.75E+02  5.37E+02              
 H-bond moment (accept) :          6.4083
 H-bond moment (donor)  :          2.1788


 Reading COSMO information for molecule 4 from file /dbs/AZcosmotherm/AZ_BP_TZVPD-FINE/m/MeTHF_c0.cosmo
 Reading gas phase energy information for molecule 4 from file /dbs/AZcosmotherm/AZ_BP_TZVPD-FINE/m/MeTHF_c0.energy
 Reading vapor pressure and property information for compound 2 from file /dbs/AZcosmotherm/AZ_BP_TZVPD-FINE/m/MeTHF.vap
 Free energy of fusion for pure compound 2 (DGFUS = 0.00000 kcal/mol)
 Antoine equation coefficients ([mbar]/[°C]) for compound 2:         9.3261      1602.9171       301.6468
 Boiling temperature of compound 2 (TBOIL = 353.35000 K)
 Melting temperature of compound 2 (TMELT = 137.00000 K)
 Critical temperature of compound 2 (TCRIT = 537.00000 K)
 Critical pressure of compound 2 (PCRIT = 37576.30000 mbar)

 Compound Information for compound 2 (COSMO file /dbs/AZcosmotherm/AZ_BP_TZVPD-FINE/m/MeTHF_c0.cosmo)
 Atomic weights         : 1111111111111111
 E_COSMO+dE             :    -170612.2665 kcal/mol
 E_gas                  :    -170609.0299 kcal/mol
 E_COSMO-E_gas+dE       :         -3.2365 kcal/mol
 E_diel                 :         -4.4250 kcal/mol
 Averaging corr dE      :          0.2696 kcal/mol
 EvdW in continuum      :       -125.8652 kcal/mol
 Area                   :        132.9165 A^2
 Volume                 :        123.2763 A^3
 Molecular Weight       :         86.1328 a.m.u.
 Total COSMO charge     :          0.0002 a.u.
 Dipole moment (t,x,y,z):          2.1997  1.022925 -1.662977  1.013292 Debye                            
 Sigma moments (1-6)    :          0.0000  3.15E+01  2.95E+01  4.96E+01  7.34E+01  1.16E+02              
 H-bond moment (accept) :          2.4856
 H-bond moment (donor)  :          0.0000


 Total number of processed compounds:    2
 Total number of processed molecules:    4


----------------
 START job     1
----------------

 ----------------------------------------------------
 Automatic computation of solubities in compound    2
 Computing solids solubilities: Heats of fusion used as given in the input file
 Computed solubilities will be refined iteratively: Threshold = 1.00E-05
 ----------------------------------------------------



 Results for mixture 1
 ---------------------
 Temperature          :    293.150 K

 Compound Nr.         :          1         2
 Compound             :  AZ1353096     MeTHF
 Mole Fraction        :     1.0000    0.0000

 Compound:  1  (AZ13530968)
 Chemical potential of the compound in the mixture :        -7.43676 kcal/mol
 Log10(partial pressure [mbar])                    :       -10.76165
 Free energy of molecule in mix (E_COSMO+dE+Mu)    :  -2204762.02764 kcal/mol
 Total mean interaction energy in the mix (H_int)  :       -18.69267 kcal/mol
 Misfit interaction energy in the mix (H_MF)       :         5.30393 kcal/mol
 H-Bond interaction energy in the mix (H_HB)       :        -3.16842 kcal/mol
 VdW interaction energy in the mix (H_vdW)         :       -20.84183 kcal/mol
 Ring correction                                   :        -2.22324 kcal/mol




 Results for mixture 2
 ---------------------
 Temperature          :    293.150 K

 Compound Nr.         :          1         2
 Compound             :  AZ1353096     MeTHF
 Mole Fraction        :     0.0000    1.0000

 Compound:  2  (MeTHF)
 Chemical potential of the compound in the mixture :        -2.52721 kcal/mol
 Log10(partial pressure [mbar])                    :         1.97475
 Free energy of molecule in mix (E_COSMO+dE+Mu)    :   -170614.79368 kcal/mol
 Total mean interaction energy in the mix (H_int)  :        -4.47910 kcal/mol
 Misfit interaction energy in the mix (H_MF)       :         2.17978 kcal/mol
 H-Bond interaction energy in the mix (H_HB)       :         0.00000 kcal/mol
 VdW interaction energy in the mix (H_vdW)         :        -6.65888 kcal/mol
 Ring correction                                   :        -0.61757 kcal/mol




 Results for mixture 3
 ---------------------
 Temperature          :    298.150 K

 Compound Nr.         :          1         2
 Compound             :  AZ1353096     MeTHF
 Mole Fraction        :     0.0000    1.0000

 Compound:  1  (AZ13530968)
 Chemical potential of the compound in the mixture :        -7.24284 kcal/mol
 Log10(partial pressure [mbar])                    :       -10.32917
 Free energy of molecule in mix (E_COSMO+dE+Mu)    :  -2204761.83372 kcal/mol
 Total mean interaction energy in the mix (H_int)  :       -14.62281 kcal/mol
 Misfit interaction energy in the mix (H_MF)       :         6.08800 kcal/mol
 H-Bond interaction energy in the mix (H_HB)       :        -1.85720 kcal/mol
 VdW interaction energy in the mix (H_vdW)         :       -18.87684 kcal/mol
 Ring correction                                   :        -2.22324 kcal/mol

 Compound:  2  (MeTHF)
 Chemical potential of the compound in the mixture :        -2.49412 kcal/mol
 Log10(partial pressure [mbar])                    :         2.07512
 Free energy of molecule in mix (E_COSMO+dE+Mu)    :   -170614.76059 kcal/mol
 Total mean interaction energy in the mix (H_int)  :        -4.45508 kcal/mol
 Misfit interaction energy in the mix (H_MF)       :         2.18534 kcal/mol
 H-Bond interaction energy in the mix (H_HB)       :         0.00000 kcal/mol
 VdW interaction energy in the mix (H_vdW)         :        -6.64041 kcal/mol
 Ring correction                                   :        -0.61757 kcal/mol




 Results for mixture 4
 ---------------------
 Temperature          :    293.150 K

 Compound Nr.         :          1         2
 Compound             :  AZ1353096     MeTHF
 Mole Fraction        :     0.0000    1.0000

 Compound:  1  (AZ13530968)
 Chemical potential of the compound in the mixture :        -7.44252 kcal/mol
 Log10(partial pressure [mbar])                    :       -10.76594
 Free energy of molecule in mix (E_COSMO+dE+Mu)    :  -2204762.03340 kcal/mol
 Total mean interaction energy in the mix (H_int)  :       -14.75540 kcal/mol
 Misfit interaction energy in the mix (H_MF)       :         6.05912 kcal/mol
 H-Bond interaction energy in the mix (H_HB)       :        -1.90537 kcal/mol
 VdW interaction energy in the mix (H_vdW)         :       -18.93020 kcal/mol
 Ring correction                                   :        -2.22324 kcal/mol
 Log10(x_Solubility)                               :        -1.75327
 w_Solubility [g(Solute)/g(Solution)]              :         0.07278

 Compound:  2  (MeTHF)
 Chemical potential of the compound in the mixture :        -2.52721 kcal/mol
 Log10(partial pressure [mbar])                    :         1.97475
 Free energy of molecule in mix (E_COSMO+dE+Mu)    :   -170614.79368 kcal/mol
 Total mean interaction energy in the mix (H_int)  :        -4.47910 kcal/mol
 Misfit interaction energy in the mix (H_MF)       :         2.17978 kcal/mol
 H-Bond interaction energy in the mix (H_HB)       :         0.00000 kcal/mol
 VdW interaction energy in the mix (H_vdW)         :        -6.65888 kcal/mol
 Ring correction                                   :        -0.61757 kcal/mol
 Log10(x_Solubility)                               :         0.00000




 Results for mixture 5
 ---------------------
 Temperature          :    293.150 K

 Compound Nr.         :          1         2
 Compound             :  AZ1353096     MeTHF
 Mole Fraction        :     0.0176    0.9824

 Compound:  1  (AZ13530968)
 Chemical potential of the compound in the mixture :        -7.65029 kcal/mol
 Log10(partial pressure [mbar])                    :       -10.92084
 Free energy of molecule in mix (E_COSMO+dE+Mu)    :  -2204762.24117 kcal/mol
 Total mean interaction energy in the mix (H_int)  :       -15.31353 kcal/mol
 Misfit interaction energy in the mix (H_MF)       :         5.81143 kcal/mol
 H-Bond interaction energy in the mix (H_HB)       :        -2.12256 kcal/mol
 VdW interaction energy in the mix (H_vdW)         :       -19.02205 kcal/mol
 Ring correction                                   :        -2.22324 kcal/mol
 Log10(x_Solubility)                               :        -1.59838
 w_Solubility [g(Solute)/g(Solution)]              :         0.10153

 Compound:  2  (MeTHF)
 Chemical potential of the compound in the mixture :        -2.52618 kcal/mol
 Log10(partial pressure [mbar])                    :         1.97552
 Free energy of molecule in mix (E_COSMO+dE+Mu)    :   -170614.79266 kcal/mol
 Total mean interaction energy in the mix (H_int)  :        -4.55425 kcal/mol
 Misfit interaction energy in the mix (H_MF)       :         2.16476 kcal/mol
 H-Bond interaction energy in the mix (H_HB)       :        -0.03168 kcal/mol
 VdW interaction energy in the mix (H_vdW)         :        -6.68734 kcal/mol
 Ring correction                                   :        -0.61757 kcal/mol




 Results for mixture 6
 ---------------------
 Temperature          :    293.150 K

 Compound Nr.         :          1         2
 Compound             :  AZ1353096     MeTHF
 Mole Fraction        :     0.0252    0.9748

 Compound:  1  (AZ13530968)
 Chemical potential of the compound in the mixture :        -7.67581 kcal/mol
 Log10(partial pressure [mbar])                    :       -10.93987
 Free energy of molecule in mix (E_COSMO+dE+Mu)    :  -2204762.26669 kcal/mol
 Total mean interaction energy in the mix (H_int)  :       -15.46914 kcal/mol
 Misfit interaction energy in the mix (H_MF)       :         5.76804 kcal/mol
 H-Bond interaction energy in the mix (H_HB)       :        -2.19731 kcal/mol
 VdW interaction energy in the mix (H_vdW)         :       -19.05917 kcal/mol
 Ring correction                                   :        -2.22324 kcal/mol
 Log10(x_Solubility)                               :        -1.57935
 w_Solubility [g(Solute)/g(Solution)]              :         0.10570

 Compound:  2  (MeTHF)
 Chemical potential of the compound in the mixture :        -2.52563 kcal/mol
 Log10(partial pressure [mbar])                    :         1.97593
 Free energy of molecule in mix (E_COSMO+dE+Mu)    :   -170614.79210 kcal/mol
 Total mean interaction energy in the mix (H_int)  :        -4.58448 kcal/mol
 Misfit interaction energy in the mix (H_MF)       :         2.15881 kcal/mol
 H-Bond interaction energy in the mix (H_HB)       :        -0.04426 kcal/mol
 VdW interaction energy in the mix (H_vdW)         :        -6.69903 kcal/mol
 Ring correction                                   :        -0.61757 kcal/mol




 Results for mixture 7
 ---------------------
 Temperature          :    293.150 K

 Compound Nr.         :          1         2
 Compound             :  AZ1353096     MeTHF
 Mole Fraction        :     0.0263    0.9737

 Compound:  1  (AZ13530968)
 Chemical potential of the compound in the mixture :        -7.67892 kcal/mol
 Log10(partial pressure [mbar])                    :       -10.94218
 Free energy of molecule in mix (E_COSMO+dE+Mu)    :  -2204762.26980 kcal/mol
 Total mean interaction energy in the mix (H_int)  :       -15.49087 kcal/mol
 Misfit interaction energy in the mix (H_MF)       :         5.76224 kcal/mol
 H-Bond interaction energy in the mix (H_HB)       :        -2.20775 kcal/mol
 VdW interaction energy in the mix (H_vdW)         :       -19.06462 kcal/mol
 Ring correction                                   :        -2.22324 kcal/mol
 Log10(x_Solubility)                               :        -1.57704
 w_Solubility [g(Solute)/g(Solution)]              :         0.10622

 Compound:  2  (MeTHF)
 Chemical potential of the compound in the mixture :        -2.52555 kcal/mol
 Log10(partial pressure [mbar])                    :         1.97599
 Free energy of molecule in mix (E_COSMO+dE+Mu)    :   -170614.79202 kcal/mol
 Total mean interaction energy in the mix (H_int)  :        -4.58891 kcal/mol
 Misfit interaction energy in the mix (H_MF)       :         2.15794 kcal/mol
 H-Bond interaction energy in the mix (H_HB)       :        -0.04610 kcal/mol
 VdW interaction energy in the mix (H_vdW)         :        -6.70075 kcal/mol
 Ring correction                                   :        -0.61757 kcal/mol




 Results for mixture 8
 ---------------------
 Temperature          :    293.150 K

 Compound Nr.         :          1         2
 Compound             :  AZ1353096     MeTHF
 Mole Fraction        :     0.0265    0.9735

 Compound:  1  (AZ13530968)
 Chemical potential of the compound in the mixture :        -7.67929 kcal/mol
 Log10(partial pressure [mbar])                    :       -10.94246
 Free energy of molecule in mix (E_COSMO+dE+Mu)    :  -2204762.27017 kcal/mol
 Total mean interaction energy in the mix (H_int)  :       -15.49355 kcal/mol
 Misfit interaction energy in the mix (H_MF)       :         5.76152 kcal/mol
 H-Bond interaction energy in the mix (H_HB)       :        -2.20904 kcal/mol
 VdW interaction energy in the mix (H_vdW)         :       -19.06529 kcal/mol
 Ring correction                                   :        -2.22324 kcal/mol
 Log10(x_Solubility)                               :        -1.57676
 w_Solubility [g(Solute)/g(Solution)]              :         0.10628

 Compound:  2  (MeTHF)
 Chemical potential of the compound in the mixture :        -2.52554 kcal/mol
 Log10(partial pressure [mbar])                    :         1.97600
 Free energy of molecule in mix (E_COSMO+dE+Mu)    :   -170614.79201 kcal/mol
 Total mean interaction energy in the mix (H_int)  :        -4.58946 kcal/mol
 Misfit interaction energy in the mix (H_MF)       :         2.15783 kcal/mol
 H-Bond interaction energy in the mix (H_HB)       :        -0.04633 kcal/mol
 VdW interaction energy in the mix (H_vdW)         :        -6.70097 kcal/mol
 Ring correction                                   :        -0.61757 kcal/mol




 Results for mixture 9
 ---------------------
 Temperature          :    293.150 K

 Compound Nr.         :          1         2
 Compound             :  AZ1353096     MeTHF
 Mole Fraction        :     0.0265    0.9735

 Compound:  1  (AZ13530968)
 Chemical potential of the compound in the mixture :        -7.67934 kcal/mol
 Log10(partial pressure [mbar])                    :       -10.94250
 Free energy of molecule in mix (E_COSMO+dE+Mu)    :  -2204762.27022 kcal/mol
 Total mean interaction energy in the mix (H_int)  :       -15.49387 kcal/mol
 Misfit interaction energy in the mix (H_MF)       :         5.76144 kcal/mol
 H-Bond interaction energy in the mix (H_HB)       :        -2.20919 kcal/mol
 VdW interaction energy in the mix (H_vdW)         :       -19.06537 kcal/mol
 Ring correction                                   :        -2.22324 kcal/mol
 Log10(x_Solubility)                               :        -1.57672
 w_Solubility [g(Solute)/g(Solution)]              :         0.10629

 Compound:  2  (MeTHF)
 Chemical potential of the compound in the mixture :        -2.52554 kcal/mol
 Log10(partial pressure [mbar])                    :         1.97600
 Free energy of molecule in mix (E_COSMO+dE+Mu)    :   -170614.79201 kcal/mol
 Total mean interaction energy in the mix (H_int)  :        -4.58953 kcal/mol
 Misfit interaction energy in the mix (H_MF)       :         2.15782 kcal/mol
 H-Bond interaction energy in the mix (H_HB)       :        -0.04635 kcal/mol
 VdW interaction energy in the mix (H_vdW)         :        -6.70099 kcal/mol
 Ring correction                                   :        -0.61757 kcal/mol




 Results for mixture 10
 ----------------------
 Temperature          :    293.150 K

 Compound Nr.         :          1         2
 Compound             :  AZ1353096     MeTHF
 Mole Fraction        :     0.0265    0.9735

 Compound:  1  (AZ13530968)
 Chemical potential of the compound in the mixture :        -7.67934 kcal/mol
 Log10(partial pressure [mbar])                    :       -10.94250
 Free energy of molecule in mix (E_COSMO+dE+Mu)    :  -2204762.27022 kcal/mol
 Total mean interaction energy in the mix (H_int)  :       -15.49391 kcal/mol
 Misfit interaction energy in the mix (H_MF)       :         5.76143 kcal/mol
 H-Bond interaction energy in the mix (H_HB)       :        -2.20921 kcal/mol
 VdW interaction energy in the mix (H_vdW)         :       -19.06538 kcal/mol
 Ring correction                                   :        -2.22324 kcal/mol
 Log10(x_Solubility)                               :        -1.57672
 w_Solubility [g(Solute)/g(Solution)]              :         0.10629

 Compound:  2  (MeTHF)
 Chemical potential of the compound in the mixture :        -2.52554 kcal/mol
 Log10(partial pressure [mbar])                    :         1.97600
 Free energy of molecule in mix (E_COSMO+dE+Mu)    :   -170614.79201 kcal/mol
 Total mean interaction energy in the mix (H_int)  :        -4.58953 kcal/mol
 Misfit interaction energy in the mix (H_MF)       :         2.15782 kcal/mol
 H-Bond interaction energy in the mix (H_HB)       :        -0.04636 kcal/mol
 VdW interaction energy in the mix (H_vdW)         :        -6.70100 kcal/mol
 Ring correction                                   :        -0.61757 kcal/mol


----------------
 END job       1
----------------
