 ------------------------------------------------------------------------------ 
 COSMOtherm Version C30-1701 (revision 3140)
 ------------------------------------------------------------------------------ 
 written by Frank Eckert, Andreas Klamt, Larissa Koch, Selman Terzi
 Copyright (C) 1999-2017, COSMOlogic GmbH & Co. KG

 Job-Name   : !! Solubility Calculation of Solute in Solvent 
 Job-Date   : 03/31/2017
 Job-Time   : 14:49:28
 Hostname   : ukmcdwlx007
 OS-Type    : linux
 Executable : Linux 64-bit

 Reading COSMOtherm parameter file BP_TZVPD_FINE_C30_1701.ctd from directory /apps/cosmologic/COSMOthermX17/COSMOtherm/CTDATA-FILES/
 Info: # COSMOtherm parameter file BP_TZVPD_FINE_C30_1701.ctd for BP-TZVPD-FINE (BP-TZVP optimized) COSMO files                                              

 Reading COSMOtherm license key license.txt from directory /apps/cosmologic/COSMOthermX17/licensefiles/

 COSMOtherm license key expiration date 22-dec-2018
 COSMOtherm license key version 17.0
 Customer : AstraZeneca
 ID       : 100905

 License keys:
  product                   |    licensed version    | status
 ------------------------------------------------------------------------------ 
  COSMOtherm                |          17.0          | active
  TURBOMOLE                 |          7.1           | active
  COSMOconf                 |          4.1           | active
 ------------------------------------------------------------------------------ 


 Reading COSMO information for molecule 1 from file /dbs/AZcosmotherm/AZ_BP_TZVPD-FINE/a/AZ13530968_c0.cosmo
 Reading gas phase energy information for molecule 1 from file /dbs/AZcosmotherm/AZ_BP_TZVPD-FINE/a/AZ13530968_c0.energy
 Reading vapor pressure and property information for compound 1 from file /dbs/AZcosmotherm/AZ_BP_TZVPD-FINE/a/AZ13530968.vap
 Note: Vapor Pressure / property file /dbs/AZcosmotherm/AZ_BP_TZVPD-FINE/a/AZ13530968.vap is empty
 Free energy of fusion for pure compound 1 (DGFUS = 3.64493 kcal/mol)

 Compound Information for compound 1 conformer 1 (COSMO file /dbs/AZcosmotherm/AZ_BP_TZVPD-FINE/a/AZ13530968_c0.cosmo)
 Atomic weights         : 111111111111111111111111111111111111111111111
 E_COSMO+dE             :   -2204754.5909 kcal/mol
 E_gas                  :   -2204740.7759 kcal/mol
 E_COSMO-E_gas+dE       :        -13.8150 kcal/mol
 E_diel                 :        -18.7411 kcal/mol
 Averaging corr dE      :          1.1081 kcal/mol
 EvdW in continuum      :       -358.6958 kcal/mol
 Area                   :        347.5579 A^2
 Volume                 :        402.8905 A^3
 Molecular Weight       :        376.2926 a.m.u.
 Total COSMO charge     :          0.0028 a.u.
 Dipole moment (t,x,y,z):          7.1747  0.488760  7.156487 -0.149195 Debye                            
 Sigma moments (1-6)    :          0.0000  1.26E+02  4.58E+01  2.09E+02  1.75E+02  5.53E+02              
 H-bond moment (accept) :          6.7617
 H-bond moment (donor)  :          2.3419


 Reading COSMO information for molecule 2 from file /dbs/AZcosmotherm/AZ_BP_TZVPD-FINE/a/AZ13530968_c1.cosmo
 Reading gas phase energy information for molecule 2 from file /dbs/AZcosmotherm/AZ_BP_TZVPD-FINE/a/AZ13530968_c1.energy

 Compound Information for compound 1 conformer 2 (COSMO file /dbs/AZcosmotherm/AZ_BP_TZVPD-FINE/a/AZ13530968_c1.cosmo)
 Atomic weights         : 111111111111111111111111111111111111111111111
 E_COSMO+dE             :   -2204751.2414 kcal/mol
 E_gas                  :   -2204738.3753 kcal/mol
 E_COSMO-E_gas+dE       :        -12.8661 kcal/mol
 E_diel                 :        -17.6608 kcal/mol
 Averaging corr dE      :          1.0677 kcal/mol
 EvdW in continuum      :       -351.4171 kcal/mol
 Area                   :        340.9253 A^2
 Volume                 :        403.0683 A^3
 Molecular Weight       :        376.2926 a.m.u.
 Total COSMO charge     :          0.0031 a.u.
 Dipole moment (t,x,y,z):          7.7437 -4.364802 -6.198433  1.578924 Debye                            
 Sigma moments (1-6)    :          0.0000  1.16E+02  3.56E+01  1.86E+02  1.45E+02  4.85E+02              
 H-bond moment (accept) :          5.5908
 H-bond moment (donor)  :          2.1978


 Reading COSMO information for molecule 3 from file /dbs/AZcosmotherm/AZ_BP_TZVPD-FINE/a/AZ13530968_c2.cosmo
 Reading gas phase energy information for molecule 3 from file /dbs/AZcosmotherm/AZ_BP_TZVPD-FINE/a/AZ13530968_c2.energy

 Compound Information for compound 1 conformer 3 (COSMO file /dbs/AZcosmotherm/AZ_BP_TZVPD-FINE/a/AZ13530968_c2.cosmo)
 Atomic weights         : 111111111111111111111111111111111111111111111
 E_COSMO+dE             :   -2204749.4696 kcal/mol
 E_gas                  :   -2204735.8858 kcal/mol
 E_COSMO-E_gas+dE       :        -13.5838 kcal/mol
 E_diel                 :        -18.5107 kcal/mol
 Averaging corr dE      :          1.0974 kcal/mol
 EvdW in continuum      :       -356.7686 kcal/mol
 Area                   :        345.9657 A^2
 Volume                 :        403.3632 A^3
 Molecular Weight       :        376.2926 a.m.u.
 Total COSMO charge     :          0.0024 a.u.
 Dipole moment (t,x,y,z):          7.3409 -4.690418 -5.646647 -0.062138 Debye                            
 Sigma moments (1-6)    :          0.0000  1.23E+02  4.47E+01  2.02E+02  1.75E+02  5.37E+02              
 H-bond moment (accept) :          6.4083
 H-bond moment (donor)  :          2.1788


 Reading COSMO information for molecule 4 from file /dbs/AZcosmotherm/AZ_BP_TZVPD-FINE/2/2-Methylbutan-2-ol_c0.cosmo
 Reading gas phase energy information for molecule 4 from file /dbs/AZcosmotherm/AZ_BP_TZVPD-FINE/2/2-Methylbutan-2-ol_c0.energy
 Reading vapor pressure and property information for compound 2 from file /dbs/AZcosmotherm/AZ_BP_TZVPD-FINE/2/2-Methylbutan-2-ol.vap
 Free energy of fusion for pure compound 2 (DGFUS = 0.00000 kcal/mol)
 Boiling temperature of compound 2 (TBOIL = 375.55000 K)
 Melting temperature of compound 2 (TMELT = 264.05000 K)
 Referenze temperature and pressure  for compound 2 (TREF=     293.150 K ; PREF= 1.600000E+01 mbar)

 Compound Information for compound 2 conformer 1 (COSMO file /dbs/AZcosmotherm/AZ_BP_TZVPD-FINE/2/2-Methylbutan-2-ol_c0.cosmo)
 Atomic weights         : 111111111111111111
 E_COSMO+dE             :    -171378.1544 kcal/mol
 E_gas                  :    -171373.7075 kcal/mol
 E_COSMO-E_gas+dE       :         -4.4469 kcal/mol
 E_diel                 :         -5.9326 kcal/mol
 Averaging corr dE      :          0.4298 kcal/mol
 EvdW in continuum      :       -133.2538 kcal/mol
 Area                   :        140.9201 A^2
 Volume                 :        135.1459 A^3
 Molecular Weight       :         88.1487 a.m.u.
 Total COSMO charge     :          0.0007 a.u.
 Dipole moment (t,x,y,z):          2.3556 -1.703932  1.521271  0.575501 Debye                            
 Sigma moments (1-6)    :          0.0000  4.56E+01  2.41E+01  8.18E+01  7.16E+01  2.01E+02              
 H-bond moment (accept) :          2.9757
 H-bond moment (donor)  :          0.8953


 Reading COSMO information for molecule 5 from file /dbs/AZcosmotherm/AZ_BP_TZVPD-FINE/2/2-Methylbutan-2-ol_c1.cosmo
 Reading gas phase energy information for molecule 5 from file /dbs/AZcosmotherm/AZ_BP_TZVPD-FINE/2/2-Methylbutan-2-ol_c1.energy
 Reading vapor pressure and property information for compound 2 from file /dbs/AZcosmotherm/AZ_BP_TZVPD-FINE/2/2-Methylbutan-2-ol.vap
 Referenze temperature and pressure  for compound 2 (TREF=     293.150 K ; PREF= 1.600000E+01 mbar)

 Compound Information for compound 2 conformer 2 (COSMO file /dbs/AZcosmotherm/AZ_BP_TZVPD-FINE/2/2-Methylbutan-2-ol_c1.cosmo)
 Atomic weights         : 111111111111111111
 E_COSMO+dE             :    -171378.1498 kcal/mol
 E_gas                  :    -171373.6335 kcal/mol
 E_COSMO-E_gas+dE       :         -4.5163 kcal/mol
 E_diel                 :         -5.8853 kcal/mol
 Averaging corr dE      :          0.4168 kcal/mol
 EvdW in continuum      :       -133.2542 kcal/mol
 Area                   :        141.3767 A^2
 Volume                 :        135.5371 A^3
 Molecular Weight       :         88.1487 a.m.u.
 Total COSMO charge     :          0.0003 a.u.
 Dipole moment (t,x,y,z):          2.2829  1.957022 -1.141164 -0.281583 Debye                            
 Sigma moments (1-6)    :          0.0000  4.51E+01  1.96E+01  8.01E+01  6.07E+01  1.96E+02              
 H-bond moment (accept) :          3.0324
 H-bond moment (donor)  :          1.0387


 Reading COSMO information for molecule 6 from file /dbs/AZcosmotherm/AZ_BP_TZVPD-FINE/2/2-Methylbutan-2-ol_c2.cosmo
 Reading gas phase energy information for molecule 6 from file /dbs/AZcosmotherm/AZ_BP_TZVPD-FINE/2/2-Methylbutan-2-ol_c2.energy
 Reading vapor pressure and property information for compound 2 from file /dbs/AZcosmotherm/AZ_BP_TZVPD-FINE/2/2-Methylbutan-2-ol.vap
 Referenze temperature and pressure  for compound 2 (TREF=     293.150 K ; PREF= 1.600000E+01 mbar)

 Compound Information for compound 2 conformer 3 (COSMO file /dbs/AZcosmotherm/AZ_BP_TZVPD-FINE/2/2-Methylbutan-2-ol_c2.cosmo)
 Atomic weights         : 111111111111111111
 E_COSMO+dE             :    -171377.9384 kcal/mol
 E_gas                  :    -171373.5975 kcal/mol
 E_COSMO-E_gas+dE       :         -4.3410 kcal/mol
 E_diel                 :         -5.7274 kcal/mol
 Averaging corr dE      :          0.4357 kcal/mol
 EvdW in continuum      :       -133.4241 kcal/mol
 Area                   :        141.4345 A^2
 Volume                 :        135.4097 A^3
 Molecular Weight       :         88.1487 a.m.u.
 Total COSMO charge     :          0.0003 a.u.
 Dipole moment (t,x,y,z):          2.2047  0.856173 -1.495918 -1.374667 Debye                            
 Sigma moments (1-6)    :          0.0000  4.46E+01  1.78E+01  7.73E+01  5.42E+01  1.85E+02              
 H-bond moment (accept) :          2.6299
 H-bond moment (donor)  :          1.0458


 Total number of processed compounds:    2
 Total number of processed molecules:    6


----------------
 START job     1
----------------

 ----------------------------------------------------
 Automatic computation of solubities in compound    2
 Computing solids solubilities: Heats of fusion used as given in the input file
 Computed solubilities will be refined iteratively: Threshold = 1.00E-05
 ----------------------------------------------------



 Results for mixture 1
 ---------------------
 Temperature          :    293.150 K

 Compound Nr.         :          1         2
 Compound             :  AZ1353096 2-Methylb
 Mole Fraction        :     1.0000    0.0000

 Compound:  1  (AZ13530968)
 Chemical potential of the compound in the mixture :        -7.43676 kcal/mol
 Log10(partial pressure [mbar])                    :       -10.76165
 Free energy of molecule in mix (E_COSMO+dE+Mu)    :  -2204762.02764 kcal/mol
 Total mean interaction energy in the mix (H_int)  :       -18.69267 kcal/mol
 Misfit interaction energy in the mix (H_MF)       :         5.30393 kcal/mol
 H-Bond interaction energy in the mix (H_HB)       :        -3.16842 kcal/mol
 VdW interaction energy in the mix (H_vdW)         :       -20.84183 kcal/mol
 Ring correction                                   :        -2.22324 kcal/mol




 Results for mixture 2
 ---------------------
 Temperature          :    293.150 K

 Compound Nr.         :          1         2
 Compound             :  AZ1353096 2-Methylb
 Mole Fraction        :     0.0000    1.0000

 Compound:  2  (2-Methylbutan-2-ol)
 Chemical potential of the compound in the mixture :        -3.58062 kcal/mol
 Log10(partial pressure [mbar])                    :         1.18022
 Free energy of molecule in mix (E_COSMO+dE+Mu)    :   -171381.73503 kcal/mol
 Total mean interaction energy in the mix (H_int)  :        -7.09392 kcal/mol
 Misfit interaction energy in the mix (H_MF)       :         1.82557 kcal/mol
 H-Bond interaction energy in the mix (H_HB)       :        -2.21828 kcal/mol
 VdW interaction energy in the mix (H_vdW)         :        -6.78724 kcal/mol
 Ring correction                                   :         0.00000 kcal/mol




 Results for mixture 3
 ---------------------
 Temperature          :    298.150 K

 Compound Nr.         :          1         2
 Compound             :  AZ1353096 2-Methylb
 Mole Fraction        :     0.0000    1.0000

 Compound:  1  (AZ13530968)
 Chemical potential of the compound in the mixture :        -7.47593 kcal/mol
 Log10(partial pressure [mbar])                    :       -10.50003
 Free energy of molecule in mix (E_COSMO+dE+Mu)    :  -2204762.06681 kcal/mol
 Total mean interaction energy in the mix (H_int)  :       -17.92216 kcal/mol
 Misfit interaction energy in the mix (H_MF)       :         4.94030 kcal/mol
 H-Bond interaction energy in the mix (H_HB)       :        -4.26732 kcal/mol
 VdW interaction energy in the mix (H_vdW)         :       -18.60743 kcal/mol
 Ring correction                                   :        -2.22324 kcal/mol

 Compound:  2  (2-Methylbutan-2-ol)
 Chemical potential of the compound in the mixture :        -3.52138 kcal/mol
 Log10(partial pressure [mbar])                    :         1.32107
 Free energy of molecule in mix (E_COSMO+dE+Mu)    :   -171381.67579 kcal/mol
 Total mean interaction energy in the mix (H_int)  :        -7.00541 kcal/mol
 Misfit interaction energy in the mix (H_MF)       :         1.84548 kcal/mol
 H-Bond interaction energy in the mix (H_HB)       :        -2.16784 kcal/mol
 VdW interaction energy in the mix (H_vdW)         :        -6.76839 kcal/mol
 Ring correction                                   :         0.00000 kcal/mol




 Results for mixture 4
 ---------------------
 Temperature          :    293.150 K

 Compound Nr.         :          1         2
 Compound             :  AZ1353096 2-Methylb
 Mole Fraction        :     0.0000    1.0000

 Compound:  1  (AZ13530968)
 Chemical potential of the compound in the mixture :        -7.67642 kcal/mol
 Log10(partial pressure [mbar])                    :       -10.94032
 Free energy of molecule in mix (E_COSMO+dE+Mu)    :  -2204762.26730 kcal/mol
 Total mean interaction energy in the mix (H_int)  :       -18.13830 kcal/mol
 Misfit interaction energy in the mix (H_MF)       :         4.88847 kcal/mol
 H-Bond interaction energy in the mix (H_HB)       :        -4.37682 kcal/mol
 VdW interaction energy in the mix (H_vdW)         :       -18.66082 kcal/mol
 Ring correction                                   :        -2.22324 kcal/mol
 Log10(x_Solubility)                               :        -2.53866
 w_Solubility [g(Solute)/g(Solution)]              :         0.01223

 Compound:  2  (2-Methylbutan-2-ol)
 Chemical potential of the compound in the mixture :        -3.58062 kcal/mol
 Log10(partial pressure [mbar])                    :         1.18022
 Free energy of molecule in mix (E_COSMO+dE+Mu)    :   -171381.73503 kcal/mol
 Total mean interaction energy in the mix (H_int)  :        -7.09392 kcal/mol
 Misfit interaction energy in the mix (H_MF)       :         1.82557 kcal/mol
 H-Bond interaction energy in the mix (H_HB)       :        -2.21828 kcal/mol
 VdW interaction energy in the mix (H_vdW)         :        -6.78724 kcal/mol
 Ring correction                                   :         0.00000 kcal/mol
 Log10(x_Solubility)                               :         0.00000




 Results for mixture 5
 ---------------------
 Temperature          :    293.150 K

 Compound Nr.         :          1         2
 Compound             :  AZ1353096 2-Methylb
 Mole Fraction        :     0.0029    0.9971

 Compound:  1  (AZ13530968)
 Chemical potential of the compound in the mixture :        -7.67422 kcal/mol
 Log10(partial pressure [mbar])                    :       -10.93868
 Free energy of molecule in mix (E_COSMO+dE+Mu)    :  -2204762.26510 kcal/mol
 Total mean interaction energy in the mix (H_int)  :       -18.14864 kcal/mol
 Misfit interaction energy in the mix (H_MF)       :         4.89127 kcal/mol
 H-Bond interaction energy in the mix (H_HB)       :        -4.37431 kcal/mol
 VdW interaction energy in the mix (H_vdW)         :       -18.67649 kcal/mol
 Ring correction                                   :        -2.22324 kcal/mol
 Log10(x_Solubility)                               :        -2.54030
 w_Solubility [g(Solute)/g(Solution)]              :         0.01219

 Compound:  2  (2-Methylbutan-2-ol)
 Chemical potential of the compound in the mixture :        -3.58059 kcal/mol
 Log10(partial pressure [mbar])                    :         1.18025
 Free energy of molecule in mix (E_COSMO+dE+Mu)    :   -171381.73500 kcal/mol
 Total mean interaction energy in the mix (H_int)  :        -7.09790 kcal/mol
 Misfit interaction energy in the mix (H_MF)       :         1.82615 kcal/mol
 H-Bond interaction energy in the mix (H_HB)       :        -2.21719 kcal/mol
 VdW interaction energy in the mix (H_vdW)         :        -6.79290 kcal/mol
 Ring correction                                   :         0.00000 kcal/mol




 Results for mixture 6
 ---------------------
 Temperature          :    293.150 K

 Compound Nr.         :          1         2
 Compound             :  AZ1353096 2-Methylb
 Mole Fraction        :     0.0029    0.9971

 Compound:  1  (AZ13530968)
 Chemical potential of the compound in the mixture :        -7.67423 kcal/mol
 Log10(partial pressure [mbar])                    :       -10.93868
 Free energy of molecule in mix (E_COSMO+dE+Mu)    :  -2204762.26511 kcal/mol
 Total mean interaction energy in the mix (H_int)  :       -18.14860 kcal/mol
 Misfit interaction energy in the mix (H_MF)       :         4.89127 kcal/mol
 H-Bond interaction energy in the mix (H_HB)       :        -4.37432 kcal/mol
 VdW interaction energy in the mix (H_vdW)         :       -18.67643 kcal/mol
 Ring correction                                   :        -2.22324 kcal/mol
 Log10(x_Solubility)                               :        -2.54029
 w_Solubility [g(Solute)/g(Solution)]              :         0.01219

 Compound:  2  (2-Methylbutan-2-ol)
 Chemical potential of the compound in the mixture :        -3.58059 kcal/mol
 Log10(partial pressure [mbar])                    :         1.18025
 Free energy of molecule in mix (E_COSMO+dE+Mu)    :   -171381.73500 kcal/mol
 Total mean interaction energy in the mix (H_int)  :        -7.09789 kcal/mol
 Misfit interaction energy in the mix (H_MF)       :         1.82615 kcal/mol
 H-Bond interaction energy in the mix (H_HB)       :        -2.21719 kcal/mol
 VdW interaction energy in the mix (H_vdW)         :        -6.79288 kcal/mol
 Ring correction                                   :         0.00000 kcal/mol


----------------
 END job       1
----------------
