 ------------------------------------------------------------------------------ 
 COSMOtherm Version C30-1701 (revision 3140)
 ------------------------------------------------------------------------------ 
 written by Frank Eckert, Andreas Klamt, Larissa Koch, Selman Terzi
 Copyright (C) 1999-2017, COSMOlogic GmbH & Co. KG

 Job-Name   : !! Solubility Calculation of Solute in Solvent 
 Job-Date   : 03/31/2017
 Job-Time   : 14:49:55
 Hostname   : ukmcdwlx007
 OS-Type    : linux
 Executable : Linux 64-bit

 Reading COSMOtherm parameter file BP_TZVPD_FINE_C30_1701.ctd from directory /apps/cosmologic/COSMOthermX17/COSMOtherm/CTDATA-FILES/
 Info: # COSMOtherm parameter file BP_TZVPD_FINE_C30_1701.ctd for BP-TZVPD-FINE (BP-TZVP optimized) COSMO files                                              

 Reading COSMOtherm license key license.txt from directory /apps/cosmologic/COSMOthermX17/licensefiles/

 COSMOtherm license key expiration date 22-dec-2018
 COSMOtherm license key version 17.0
 Customer : AstraZeneca
 ID       : 100905

 License keys:
  product                   |    licensed version    | status
 ------------------------------------------------------------------------------ 
  COSMOtherm                |          17.0          | active
  TURBOMOLE                 |          7.1           | active
  COSMOconf                 |          4.1           | active
 ------------------------------------------------------------------------------ 


 Reading COSMO information for molecule 1 from file /dbs/AZcosmotherm/AZ_BP_TZVPD-FINE/a/AZ13530968_c0.cosmo
 Reading gas phase energy information for molecule 1 from file /dbs/AZcosmotherm/AZ_BP_TZVPD-FINE/a/AZ13530968_c0.energy
 Reading vapor pressure and property information for compound 1 from file /dbs/AZcosmotherm/AZ_BP_TZVPD-FINE/a/AZ13530968.vap
 Note: Vapor Pressure / property file /dbs/AZcosmotherm/AZ_BP_TZVPD-FINE/a/AZ13530968.vap is empty
 Free energy of fusion for pure compound 1 (DGFUS = 3.64493 kcal/mol)

 Compound Information for compound 1 conformer 1 (COSMO file /dbs/AZcosmotherm/AZ_BP_TZVPD-FINE/a/AZ13530968_c0.cosmo)
 Atomic weights         : 111111111111111111111111111111111111111111111
 E_COSMO+dE             :   -2204754.5909 kcal/mol
 E_gas                  :   -2204740.7759 kcal/mol
 E_COSMO-E_gas+dE       :        -13.8150 kcal/mol
 E_diel                 :        -18.7411 kcal/mol
 Averaging corr dE      :          1.1081 kcal/mol
 EvdW in continuum      :       -358.6958 kcal/mol
 Area                   :        347.5579 A^2
 Volume                 :        402.8905 A^3
 Molecular Weight       :        376.2926 a.m.u.
 Total COSMO charge     :          0.0028 a.u.
 Dipole moment (t,x,y,z):          7.1747  0.488760  7.156487 -0.149195 Debye                            
 Sigma moments (1-6)    :          0.0000  1.26E+02  4.58E+01  2.09E+02  1.75E+02  5.53E+02              
 H-bond moment (accept) :          6.7617
 H-bond moment (donor)  :          2.3419


 Reading COSMO information for molecule 2 from file /dbs/AZcosmotherm/AZ_BP_TZVPD-FINE/a/AZ13530968_c1.cosmo
 Reading gas phase energy information for molecule 2 from file /dbs/AZcosmotherm/AZ_BP_TZVPD-FINE/a/AZ13530968_c1.energy

 Compound Information for compound 1 conformer 2 (COSMO file /dbs/AZcosmotherm/AZ_BP_TZVPD-FINE/a/AZ13530968_c1.cosmo)
 Atomic weights         : 111111111111111111111111111111111111111111111
 E_COSMO+dE             :   -2204751.2414 kcal/mol
 E_gas                  :   -2204738.3753 kcal/mol
 E_COSMO-E_gas+dE       :        -12.8661 kcal/mol
 E_diel                 :        -17.6608 kcal/mol
 Averaging corr dE      :          1.0677 kcal/mol
 EvdW in continuum      :       -351.4171 kcal/mol
 Area                   :        340.9253 A^2
 Volume                 :        403.0683 A^3
 Molecular Weight       :        376.2926 a.m.u.
 Total COSMO charge     :          0.0031 a.u.
 Dipole moment (t,x,y,z):          7.7437 -4.364802 -6.198433  1.578924 Debye                            
 Sigma moments (1-6)    :          0.0000  1.16E+02  3.56E+01  1.86E+02  1.45E+02  4.85E+02              
 H-bond moment (accept) :          5.5908
 H-bond moment (donor)  :          2.1978


 Reading COSMO information for molecule 3 from file /dbs/AZcosmotherm/AZ_BP_TZVPD-FINE/a/AZ13530968_c2.cosmo
 Reading gas phase energy information for molecule 3 from file /dbs/AZcosmotherm/AZ_BP_TZVPD-FINE/a/AZ13530968_c2.energy

 Compound Information for compound 1 conformer 3 (COSMO file /dbs/AZcosmotherm/AZ_BP_TZVPD-FINE/a/AZ13530968_c2.cosmo)
 Atomic weights         : 111111111111111111111111111111111111111111111
 E_COSMO+dE             :   -2204749.4696 kcal/mol
 E_gas                  :   -2204735.8858 kcal/mol
 E_COSMO-E_gas+dE       :        -13.5838 kcal/mol
 E_diel                 :        -18.5107 kcal/mol
 Averaging corr dE      :          1.0974 kcal/mol
 EvdW in continuum      :       -356.7686 kcal/mol
 Area                   :        345.9657 A^2
 Volume                 :        403.3632 A^3
 Molecular Weight       :        376.2926 a.m.u.
 Total COSMO charge     :          0.0024 a.u.
 Dipole moment (t,x,y,z):          7.3409 -4.690418 -5.646647 -0.062138 Debye                            
 Sigma moments (1-6)    :          0.0000  1.23E+02  4.47E+01  2.02E+02  1.75E+02  5.37E+02              
 H-bond moment (accept) :          6.4083
 H-bond moment (donor)  :          2.1788


 Reading COSMO information for molecule 4 from file /apps/cosmologic/COSMOthermX17/COSMOtherm/DATABASE-COSMO/BP-TZVPD-FINE/i/isopentanol_c0.cosmo
 Reading gas phase energy information for molecule 4 from file /apps/cosmologic/COSMOthermX17/COSMOtherm/DATABASE-COSMO/BP-TZVPD-FINE/i/isopentanol_c0.energy
 Reading vapor pressure and property information for compound 2 from file /apps/cosmologic/COSMOthermX17/COSMOtherm/DATABASE-COSMO/BP-TZVPD-FINE/i/isopentanol.vap
 Free energy of fusion for pure compound 2 (DGFUS = 0.00000 kcal/mol)
 Antoine equation coefficients ([mbar]/[K]) for compound 2:        17.0003      3026.4300      -104.1000
 Vapor Pressure [mbar] / Temperature [°C] input for compound 2:
                0.1000            -7.0000
               10.0000            39.1000
             1000.0000           130.1000
 Antoine equation coefficients (in [mbar]/[K]) for compound 2:        16.3643      2627.6213      -125.3859
 Minimum interpolative temperature for vapor pressure estimation of compound 2:     266.150 K
 Maximum interpolative temperature for vapor pressure estimation of compound 2:     403.250 K
 Minimum temperature for vapor pressure estimation of pure compound 2 (TPVMIN = 298.00000 K)
 Maximum temperature for vapor pressure estimation of pure compound 2 (TPVMAX = 426.00000 K)
 UNIQUAC volume parameter for compound 2 (UNIQUAC_RI = 4.12790)
 UNIQUAC surface parameter for compound 2 (UNIQUAC_QI = 3.58800)
 Boiling temperature of compound 2 (TBOIL = 404.25000 K)
 Melting temperature of compound 2 (TMELT = 155.95000 K)
 Experimental dielectric constant for molecule 4   EPSILON = 15.00000

 Compound Information for compound 2 conformer 1 (COSMO file /apps/cosmologic/COSMOthermX17/COSMOtherm/DATABASE-COSMO/BP-TZVPD-FINE/i/isopentanol_c0.cosmo)
 Atomic weights         : 111111111111111111
 E_COSMO+dE             :    -171373.9833 kcal/mol
 E_gas                  :    -171369.1969 kcal/mol
 E_COSMO-E_gas+dE       :         -4.7864 kcal/mol
 E_diel                 :         -6.3784 kcal/mol
 Averaging corr dE      :          0.4079 kcal/mol
 EvdW in continuum      :       -137.3303 kcal/mol
 Area                   :        145.0752 A^2
 Volume                 :        135.9684 A^3
 Molecular Weight       :         88.1487 a.m.u.
 Total COSMO charge     :          0.0001 a.u.
 Dipole moment (t,x,y,z):          2.3393 -1.650701  1.012491  1.312342 Debye                            
 Sigma moments (1-6)    :          0.0000  4.90E+01  1.90E+01  8.69E+01  5.22E+01  2.03E+02              
 H-bond moment (accept) :          2.6757
 H-bond moment (donor)  :          1.2887


 Reading COSMO information for molecule 5 from file /apps/cosmologic/COSMOthermX17/COSMOtherm/DATABASE-COSMO/BP-TZVPD-FINE/i/isopentanol_c1.cosmo
 Reading gas phase energy information for molecule 5 from file /apps/cosmologic/COSMOthermX17/COSMOtherm/DATABASE-COSMO/BP-TZVPD-FINE/i/isopentanol_c1.energy
 Reading vapor pressure and property information for compound 2 from file /apps/cosmologic/COSMOthermX17/COSMOtherm/DATABASE-COSMO/BP-TZVPD-FINE/i/isopentanol.vap
 Antoine equation coefficients ([mbar]/[K]) for compound 2:        17.0003      3026.4300      -104.1000
 Vapor Pressure [mbar] / Temperature [°C] input for compound 2:
                0.1000            -7.0000
               10.0000            39.1000
             1000.0000           130.1000
 Antoine equation coefficients (in [mbar]/[K]) for compound 2:        16.3643      2627.6213      -125.3859
 UNIQUAC volume parameter for compound 2 (UNIQUAC_RI = 4.12790)
 UNIQUAC surface parameter for compound 2 (UNIQUAC_QI = 3.58800)
 Experimental dielectric constant for molecule 5   EPSILON = 15.00000

 Compound Information for compound 2 conformer 2 (COSMO file /apps/cosmologic/COSMOthermX17/COSMOtherm/DATABASE-COSMO/BP-TZVPD-FINE/i/isopentanol_c1.cosmo)
 Atomic weights         : 111111111111111111
 E_COSMO+dE             :    -171373.8133 kcal/mol
 E_gas                  :    -171369.1397 kcal/mol
 E_COSMO-E_gas+dE       :         -4.6736 kcal/mol
 E_diel                 :         -6.3897 kcal/mol
 Averaging corr dE      :          0.4214 kcal/mol
 EvdW in continuum      :       -137.3609 kcal/mol
 Area                   :        145.2279 A^2
 Volume                 :        135.7950 A^3
 Molecular Weight       :         88.1487 a.m.u.
 Total COSMO charge     :  -3.7186138E-05 a.u.
 Dipole moment (t,x,y,z):          2.1283  0.254377  1.416467  1.567936 Debye                            
 Sigma moments (1-6)    :          0.0000  4.97E+01  1.81E+01  9.16E+01  5.14E+01  2.20E+02              
 H-bond moment (accept) :          2.9206
 H-bond moment (donor)  :          1.4717


 Total number of processed compounds:    2
 Total number of processed molecules:    5


----------------
 START job     1
----------------

 ----------------------------------------------------
 Automatic computation of solubities in compound    2
 Computing solids solubilities: Heats of fusion used as given in the input file
 Computed solubilities will be refined iteratively: Threshold = 1.00E-05
 ----------------------------------------------------



 Results for mixture 1
 ---------------------
 Temperature          :    293.150 K

 Compound Nr.         :          1         2
 Compound             :  AZ1353096 isopentan
 Mole Fraction        :     1.0000    0.0000

 Compound:  1  (AZ13530968)
 Chemical potential of the compound in the mixture :        -7.43676 kcal/mol
 Log10(partial pressure [mbar])                    :       -10.76165
 Free energy of molecule in mix (E_COSMO+dE+Mu)    :  -2204762.02764 kcal/mol
 Total mean interaction energy in the mix (H_int)  :       -18.69267 kcal/mol
 Misfit interaction energy in the mix (H_MF)       :         5.30393 kcal/mol
 H-Bond interaction energy in the mix (H_HB)       :        -3.16842 kcal/mol
 VdW interaction energy in the mix (H_vdW)         :       -20.84183 kcal/mol
 Ring correction                                   :        -2.22324 kcal/mol




 Results for mixture 2
 ---------------------
 Temperature          :    293.150 K

 Compound Nr.         :          1         2
 Compound             :  AZ1353096 isopentan
 Mole Fraction        :     0.0000    1.0000

 Compound:  2  (isopentanol)
 Chemical potential of the compound in the mixture :        -3.79081 kcal/mol
 Log10(partial pressure [mbar])                    :         0.61791
 Free energy of molecule in mix (E_COSMO+dE+Mu)    :   -171377.77412 kcal/mol
 Total mean interaction energy in the mix (H_int)  :        -8.07488 kcal/mol
 Misfit interaction energy in the mix (H_MF)       :         1.79775 kcal/mol
 H-Bond interaction energy in the mix (H_HB)       :        -2.96163 kcal/mol
 VdW interaction energy in the mix (H_vdW)         :        -6.98928 kcal/mol
 Ring correction                                   :         0.00000 kcal/mol




 Results for mixture 3
 ---------------------
 Temperature          :    298.150 K

 Compound Nr.         :          1         2
 Compound             :  AZ1353096 isopentan
 Mole Fraction        :     0.0000    1.0000

 Compound:  1  (AZ13530968)
 Chemical potential of the compound in the mixture :        -7.97515 kcal/mol
 Log10(partial pressure [mbar])                    :       -10.86595
 Free energy of molecule in mix (E_COSMO+dE+Mu)    :  -2204762.56603 kcal/mol
 Total mean interaction energy in the mix (H_int)  :       -19.66985 kcal/mol
 Misfit interaction energy in the mix (H_MF)       :         4.82744 kcal/mol
 H-Bond interaction energy in the mix (H_HB)       :        -5.85577 kcal/mol
 VdW interaction energy in the mix (H_vdW)         :       -18.65256 kcal/mol
 Ring correction                                   :        -2.22324 kcal/mol

 Compound:  2  (isopentanol)
 Chemical potential of the compound in the mixture :        -3.71835 kcal/mol
 Log10(partial pressure [mbar])                    :         0.77494
 Free energy of molecule in mix (E_COSMO+dE+Mu)    :   -171377.70165 kcal/mol
 Total mean interaction energy in the mix (H_int)  :        -8.00166 kcal/mol
 Misfit interaction energy in the mix (H_MF)       :         1.81407 kcal/mol
 H-Bond interaction energy in the mix (H_HB)       :        -2.92427 kcal/mol
 VdW interaction energy in the mix (H_vdW)         :        -6.96972 kcal/mol
 Ring correction                                   :         0.00000 kcal/mol




 Results for mixture 4
 ---------------------
 Temperature          :    293.150 K

 Compound Nr.         :          1         2
 Compound             :  AZ1353096 isopentan
 Mole Fraction        :     0.0000    1.0000

 Compound:  1  (AZ13530968)
 Chemical potential of the compound in the mixture :        -8.17969 kcal/mol
 Log10(partial pressure [mbar])                    :       -11.31552
 Free energy of molecule in mix (E_COSMO+dE+Mu)    :  -2204762.77058 kcal/mol
 Total mean interaction energy in the mix (H_int)  :       -19.86946 kcal/mol
 Misfit interaction energy in the mix (H_MF)       :         4.78324 kcal/mol
 H-Bond interaction energy in the mix (H_HB)       :        -5.95711 kcal/mol
 VdW interaction energy in the mix (H_vdW)         :       -18.70543 kcal/mol
 Ring correction                                   :        -2.22324 kcal/mol
 Log10(x_Solubility)                               :        -2.16346
 w_Solubility [g(Solute)/g(Solution)]              :         0.02866

 Compound:  2  (isopentanol)
 Chemical potential of the compound in the mixture :        -3.79081 kcal/mol
 Log10(partial pressure [mbar])                    :         0.61791
 Free energy of molecule in mix (E_COSMO+dE+Mu)    :   -171377.77412 kcal/mol
 Total mean interaction energy in the mix (H_int)  :        -8.07488 kcal/mol
 Misfit interaction energy in the mix (H_MF)       :         1.79775 kcal/mol
 H-Bond interaction energy in the mix (H_HB)       :        -2.96163 kcal/mol
 VdW interaction energy in the mix (H_vdW)         :        -6.98928 kcal/mol
 Ring correction                                   :         0.00000 kcal/mol
 Log10(x_Solubility)                               :         0.00000




 Results for mixture 5
 ---------------------
 Temperature          :    293.150 K

 Compound Nr.         :          1         2
 Compound             :  AZ1353096 isopentan
 Mole Fraction        :     0.0069    0.9931

 Compound:  1  (AZ13530968)
 Chemical potential of the compound in the mixture :        -8.16967 kcal/mol
 Log10(partial pressure [mbar])                    :       -11.30804
 Free energy of molecule in mix (E_COSMO+dE+Mu)    :  -2204762.76055 kcal/mol
 Total mean interaction energy in the mix (H_int)  :       -19.88025 kcal/mol
 Misfit interaction energy in the mix (H_MF)       :         4.78666 kcal/mol
 H-Bond interaction energy in the mix (H_HB)       :        -5.93677 kcal/mol
 VdW interaction energy in the mix (H_vdW)         :       -18.74001 kcal/mol
 Ring correction                                   :        -2.22324 kcal/mol
 Log10(x_Solubility)                               :        -2.17094
 w_Solubility [g(Solute)/g(Solution)]              :         0.02818

 Compound:  2  (isopentanol)
 Chemical potential of the compound in the mixture :        -3.79087 kcal/mol
 Log10(partial pressure [mbar])                    :         0.61787
 Free energy of molecule in mix (E_COSMO+dE+Mu)    :   -171377.77417 kcal/mol
 Total mean interaction energy in the mix (H_int)  :        -8.07765 kcal/mol
 Misfit interaction energy in the mix (H_MF)       :         1.80075 kcal/mol
 H-Bond interaction energy in the mix (H_HB)       :        -2.95443 kcal/mol
 VdW interaction energy in the mix (H_vdW)         :        -7.00260 kcal/mol
 Ring correction                                   :         0.00000 kcal/mol




 Results for mixture 6
 ---------------------
 Temperature          :    293.150 K

 Compound Nr.         :          1         2
 Compound             :  AZ1353096 isopentan
 Mole Fraction        :     0.0067    0.9933

 Compound:  1  (AZ13530968)
 Chemical potential of the compound in the mixture :        -8.16984 kcal/mol
 Log10(partial pressure [mbar])                    :       -11.30817
 Free energy of molecule in mix (E_COSMO+dE+Mu)    :  -2204762.76072 kcal/mol
 Total mean interaction energy in the mix (H_int)  :       -19.88006 kcal/mol
 Misfit interaction energy in the mix (H_MF)       :         4.78661 kcal/mol
 H-Bond interaction energy in the mix (H_HB)       :        -5.93712 kcal/mol
 VdW interaction energy in the mix (H_vdW)         :       -18.73942 kcal/mol
 Ring correction                                   :        -2.22324 kcal/mol
 Log10(x_Solubility)                               :        -2.17081
 w_Solubility [g(Solute)/g(Solution)]              :         0.02819

 Compound:  2  (isopentanol)
 Chemical potential of the compound in the mixture :        -3.79087 kcal/mol
 Log10(partial pressure [mbar])                    :         0.61787
 Free energy of molecule in mix (E_COSMO+dE+Mu)    :   -171377.77417 kcal/mol
 Total mean interaction energy in the mix (H_int)  :        -8.07760 kcal/mol
 Misfit interaction energy in the mix (H_MF)       :         1.80070 kcal/mol
 H-Bond interaction energy in the mix (H_HB)       :        -2.95455 kcal/mol
 VdW interaction energy in the mix (H_vdW)         :        -7.00238 kcal/mol
 Ring correction                                   :         0.00000 kcal/mol




 Results for mixture 7
 ---------------------
 Temperature          :    293.150 K

 Compound Nr.         :          1         2
 Compound             :  AZ1353096 isopentan
 Mole Fraction        :     0.0067    0.9933

 Compound:  1  (AZ13530968)
 Chemical potential of the compound in the mixture :        -8.16984 kcal/mol
 Log10(partial pressure [mbar])                    :       -11.30817
 Free energy of molecule in mix (E_COSMO+dE+Mu)    :  -2204762.76072 kcal/mol
 Total mean interaction energy in the mix (H_int)  :       -19.88007 kcal/mol
 Misfit interaction energy in the mix (H_MF)       :         4.78661 kcal/mol
 H-Bond interaction energy in the mix (H_HB)       :        -5.93711 kcal/mol
 VdW interaction energy in the mix (H_vdW)         :       -18.73943 kcal/mol
 Ring correction                                   :        -2.22324 kcal/mol
 Log10(x_Solubility)                               :        -2.17081
 w_Solubility [g(Solute)/g(Solution)]              :         0.02819

 Compound:  2  (isopentanol)
 Chemical potential of the compound in the mixture :        -3.79087 kcal/mol
 Log10(partial pressure [mbar])                    :         0.61787
 Free energy of molecule in mix (E_COSMO+dE+Mu)    :   -171377.77417 kcal/mol
 Total mean interaction energy in the mix (H_int)  :        -8.07760 kcal/mol
 Misfit interaction energy in the mix (H_MF)       :         1.80070 kcal/mol
 H-Bond interaction energy in the mix (H_HB)       :        -2.95455 kcal/mol
 VdW interaction energy in the mix (H_vdW)         :        -7.00238 kcal/mol
 Ring correction                                   :         0.00000 kcal/mol


----------------
 END job       1
----------------
