 ------------------------------------------------------------------------------ 
 COSMOtherm Version C30-1701 (revision 3140)
 ------------------------------------------------------------------------------ 
 written by Frank Eckert, Andreas Klamt, Larissa Koch, Selman Terzi
 Copyright (C) 1999-2017, COSMOlogic GmbH & Co. KG

 Job-Name   : !! Solubility Calculation of Solute in Solvent 
 Job-Date   : 03/31/2017
 Job-Time   : 14:47:53
 Hostname   : ukmcdwlx007
 OS-Type    : linux
 Executable : Linux 64-bit

 Reading COSMOtherm parameter file BP_TZVPD_FINE_C30_1701.ctd from directory /apps/cosmologic/COSMOthermX17/COSMOtherm/CTDATA-FILES/
 Info: # COSMOtherm parameter file BP_TZVPD_FINE_C30_1701.ctd for BP-TZVPD-FINE (BP-TZVP optimized) COSMO files                                              

 Reading COSMOtherm license key license.txt from directory /apps/cosmologic/COSMOthermX17/licensefiles/

 COSMOtherm license key expiration date 22-dec-2018
 COSMOtherm license key version 17.0
 Customer : AstraZeneca
 ID       : 100905

 License keys:
  product                   |    licensed version    | status
 ------------------------------------------------------------------------------ 
  COSMOtherm                |          17.0          | active
  TURBOMOLE                 |          7.1           | active
  COSMOconf                 |          4.1           | active
 ------------------------------------------------------------------------------ 


 Reading COSMO information for molecule 1 from file /dbs/AZcosmotherm/AZ_BP_TZVPD-FINE/a/AZ13530968_c0.cosmo
 Reading gas phase energy information for molecule 1 from file /dbs/AZcosmotherm/AZ_BP_TZVPD-FINE/a/AZ13530968_c0.energy
 Reading vapor pressure and property information for compound 1 from file /dbs/AZcosmotherm/AZ_BP_TZVPD-FINE/a/AZ13530968.vap
 Note: Vapor Pressure / property file /dbs/AZcosmotherm/AZ_BP_TZVPD-FINE/a/AZ13530968.vap is empty
 Free energy of fusion for pure compound 1 (DGFUS = 3.64493 kcal/mol)

 Compound Information for compound 1 conformer 1 (COSMO file /dbs/AZcosmotherm/AZ_BP_TZVPD-FINE/a/AZ13530968_c0.cosmo)
 Atomic weights         : 111111111111111111111111111111111111111111111
 E_COSMO+dE             :   -2204754.5909 kcal/mol
 E_gas                  :   -2204740.7759 kcal/mol
 E_COSMO-E_gas+dE       :        -13.8150 kcal/mol
 E_diel                 :        -18.7411 kcal/mol
 Averaging corr dE      :          1.1081 kcal/mol
 EvdW in continuum      :       -358.6958 kcal/mol
 Area                   :        347.5579 A^2
 Volume                 :        402.8905 A^3
 Molecular Weight       :        376.2926 a.m.u.
 Total COSMO charge     :          0.0028 a.u.
 Dipole moment (t,x,y,z):          7.1747  0.488760  7.156487 -0.149195 Debye                            
 Sigma moments (1-6)    :          0.0000  1.26E+02  4.58E+01  2.09E+02  1.75E+02  5.53E+02              
 H-bond moment (accept) :          6.7617
 H-bond moment (donor)  :          2.3419


 Reading COSMO information for molecule 2 from file /dbs/AZcosmotherm/AZ_BP_TZVPD-FINE/a/AZ13530968_c1.cosmo
 Reading gas phase energy information for molecule 2 from file /dbs/AZcosmotherm/AZ_BP_TZVPD-FINE/a/AZ13530968_c1.energy

 Compound Information for compound 1 conformer 2 (COSMO file /dbs/AZcosmotherm/AZ_BP_TZVPD-FINE/a/AZ13530968_c1.cosmo)
 Atomic weights         : 111111111111111111111111111111111111111111111
 E_COSMO+dE             :   -2204751.2414 kcal/mol
 E_gas                  :   -2204738.3753 kcal/mol
 E_COSMO-E_gas+dE       :        -12.8661 kcal/mol
 E_diel                 :        -17.6608 kcal/mol
 Averaging corr dE      :          1.0677 kcal/mol
 EvdW in continuum      :       -351.4171 kcal/mol
 Area                   :        340.9253 A^2
 Volume                 :        403.0683 A^3
 Molecular Weight       :        376.2926 a.m.u.
 Total COSMO charge     :          0.0031 a.u.
 Dipole moment (t,x,y,z):          7.7437 -4.364802 -6.198433  1.578924 Debye                            
 Sigma moments (1-6)    :          0.0000  1.16E+02  3.56E+01  1.86E+02  1.45E+02  4.85E+02              
 H-bond moment (accept) :          5.5908
 H-bond moment (donor)  :          2.1978


 Reading COSMO information for molecule 3 from file /dbs/AZcosmotherm/AZ_BP_TZVPD-FINE/a/AZ13530968_c2.cosmo
 Reading gas phase energy information for molecule 3 from file /dbs/AZcosmotherm/AZ_BP_TZVPD-FINE/a/AZ13530968_c2.energy

 Compound Information for compound 1 conformer 3 (COSMO file /dbs/AZcosmotherm/AZ_BP_TZVPD-FINE/a/AZ13530968_c2.cosmo)
 Atomic weights         : 111111111111111111111111111111111111111111111
 E_COSMO+dE             :   -2204749.4696 kcal/mol
 E_gas                  :   -2204735.8858 kcal/mol
 E_COSMO-E_gas+dE       :        -13.5838 kcal/mol
 E_diel                 :        -18.5107 kcal/mol
 Averaging corr dE      :          1.0974 kcal/mol
 EvdW in continuum      :       -356.7686 kcal/mol
 Area                   :        345.9657 A^2
 Volume                 :        403.3632 A^3
 Molecular Weight       :        376.2926 a.m.u.
 Total COSMO charge     :          0.0024 a.u.
 Dipole moment (t,x,y,z):          7.3409 -4.690418 -5.646647 -0.062138 Debye                            
 Sigma moments (1-6)    :          0.0000  1.23E+02  4.47E+01  2.02E+02  1.75E+02  5.37E+02              
 H-bond moment (accept) :          6.4083
 H-bond moment (donor)  :          2.1788


 Reading COSMO information for molecule 4 from file /dbs/AZcosmotherm/AZ_BP_TZVPD-FINE/1/1-1-Dichloroethene_c0.cosmo
 Reading gas phase energy information for molecule 4 from file /dbs/AZcosmotherm/AZ_BP_TZVPD-FINE/1/1-1-Dichloroethene_c0.energy
 Reading vapor pressure and property information for compound 2 from file /dbs/AZcosmotherm/AZ_BP_TZVPD-FINE/1/1-1-Dichloroethene.vap
 Note: Vapor Pressure / property file /dbs/AZcosmotherm/AZ_BP_TZVPD-FINE/1/1-1-Dichloroethene.vap is empty
 Free energy of fusion for pure compound 2 (DGFUS = 0.00000 kcal/mol)

 Compound Information for compound 2 (COSMO file /dbs/AZcosmotherm/AZ_BP_TZVPD-FINE/1/1-1-Dichloroethene_c0.cosmo)
 Atomic weights         : 111111
 E_COSMO+dE             :    -626226.6227 kcal/mol
 E_gas                  :    -626225.0316 kcal/mol
 E_COSMO-E_gas+dE       :         -1.5911 kcal/mol
 E_diel                 :         -2.2023 kcal/mol
 Averaging corr dE      :          0.1518 kcal/mol
 EvdW in continuum      :       -134.6503 kcal/mol
 Area                   :        113.0423 A^2
 Volume                 :         98.7636 A^3
 Molecular Weight       :         96.9439 a.m.u.
 Total COSMO charge     :          0.0007 a.u.
 Dipole moment (t,x,y,z):          1.8978  1.897663  0.000268  0.025505 Debye                            
 Sigma moments (1-6)    :          0.0000  1.58E+01 -5.971619  6.964918 -5.218509  4.922555              
 H-bond moment (accept) :          0.0000
 H-bond moment (donor)  :          0.0000


 Total number of processed compounds:    2
 Total number of processed molecules:    4


----------------
 START job     1
----------------

 ----------------------------------------------------
 Automatic computation of solubities in compound    2
 Computing solids solubilities: Heats of fusion used as given in the input file
 Computed solubilities will be refined iteratively: Threshold = 1.00E-05
 ----------------------------------------------------



 Results for mixture 1
 ---------------------
 Temperature          :    293.150 K

 Compound Nr.         :          1         2
 Compound             :  AZ1353096 1-1-Dichl
 Mole Fraction        :     1.0000    0.0000

 Compound:  1  (AZ13530968)
 Chemical potential of the compound in the mixture :        -7.43676 kcal/mol
 Log10(partial pressure [mbar])                    :       -10.76165
 Free energy of molecule in mix (E_COSMO+dE+Mu)    :  -2204762.02764 kcal/mol
 Total mean interaction energy in the mix (H_int)  :       -18.69267 kcal/mol
 Misfit interaction energy in the mix (H_MF)       :         5.30393 kcal/mol
 H-Bond interaction energy in the mix (H_HB)       :        -3.16842 kcal/mol
 VdW interaction energy in the mix (H_vdW)         :       -20.84183 kcal/mol
 Ring correction                                   :        -2.22324 kcal/mol




 Results for mixture 2
 ---------------------
 Temperature          :    293.150 K

 Compound Nr.         :          1         2
 Compound             :  AZ1353096 1-1-Dichl
 Mole Fraction        :     0.0000    1.0000

 Compound:  2  (1-1-Dichloroethene)
 Chemical potential of the compound in the mixture :        -3.41286 kcal/mol
 Log10(partial pressure [mbar])                    :         3.00157
 Free energy of molecule in mix (E_COSMO+dE+Mu)    :   -626230.03553 kcal/mol
 Total mean interaction energy in the mix (H_int)  :        -5.13247 kcal/mol
 Misfit interaction energy in the mix (H_MF)       :         1.13893 kcal/mol
 H-Bond interaction energy in the mix (H_HB)       :         0.00000 kcal/mol
 VdW interaction energy in the mix (H_vdW)         :        -6.27141 kcal/mol
 Ring correction                                   :         0.00000 kcal/mol




 Results for mixture 3
 ---------------------
 Temperature          :    298.150 K

 Compound Nr.         :          1         2
 Compound             :  AZ1353096 1-1-Dichl
 Mole Fraction        :     0.0000    1.0000

 Compound:  1  (AZ13530968)
 Chemical potential of the compound in the mixture :        -5.80032 kcal/mol
 Log10(partial pressure [mbar])                    :        -9.27179
 Free energy of molecule in mix (E_COSMO+dE+Mu)    :  -2204760.39120 kcal/mol
 Total mean interaction energy in the mix (H_int)  :       -14.73318 kcal/mol
 Misfit interaction energy in the mix (H_MF)       :         5.51365 kcal/mol
 H-Bond interaction energy in the mix (H_HB)       :        -0.24688 kcal/mol
 VdW interaction energy in the mix (H_vdW)         :       -20.01934 kcal/mol
 Ring correction                                   :        -2.22324 kcal/mol

 Compound:  2  (1-1-Dichloroethene)
 Chemical potential of the compound in the mixture :        -3.38370 kcal/mol
 Log10(partial pressure [mbar])                    :         3.08185
 Free energy of molecule in mix (E_COSMO+dE+Mu)    :   -626230.00637 kcal/mol
 Total mean interaction energy in the mix (H_int)  :        -5.11248 kcal/mol
 Misfit interaction energy in the mix (H_MF)       :         1.14198 kcal/mol
 H-Bond interaction energy in the mix (H_HB)       :         0.00000 kcal/mol
 VdW interaction energy in the mix (H_vdW)         :        -6.25446 kcal/mol
 Ring correction                                   :         0.00000 kcal/mol




 Results for mixture 4
 ---------------------
 Temperature          :    293.150 K

 Compound Nr.         :          1         2
 Compound             :  AZ1353096 1-1-Dichl
 Mole Fraction        :     0.0000    1.0000

 Compound:  1  (AZ13530968)
 Chemical potential of the compound in the mixture :        -5.94641 kcal/mol
 Log10(partial pressure [mbar])                    :        -9.65058
 Free energy of molecule in mix (E_COSMO+dE+Mu)    :  -2204760.53729 kcal/mol
 Total mean interaction energy in the mix (H_int)  :       -14.83170 kcal/mol
 Misfit interaction energy in the mix (H_MF)       :         5.48292 kcal/mol
 H-Bond interaction energy in the mix (H_HB)       :        -0.25804 kcal/mol
 VdW interaction energy in the mix (H_vdW)         :       -20.07409 kcal/mol
 Ring correction                                   :        -2.22324 kcal/mol
 Log10(x_Solubility)                               :        -3.82839
 w_Solubility [g(Solute)/g(Solution)]              :  5.76003876E-04

 Compound:  2  (1-1-Dichloroethene)
 Chemical potential of the compound in the mixture :        -3.41286 kcal/mol
 Log10(partial pressure [mbar])                    :         3.00157
 Free energy of molecule in mix (E_COSMO+dE+Mu)    :   -626230.03553 kcal/mol
 Total mean interaction energy in the mix (H_int)  :        -5.13247 kcal/mol
 Misfit interaction energy in the mix (H_MF)       :         1.13893 kcal/mol
 H-Bond interaction energy in the mix (H_HB)       :         0.00000 kcal/mol
 VdW interaction energy in the mix (H_vdW)         :        -6.27141 kcal/mol
 Ring correction                                   :         0.00000 kcal/mol
 Log10(x_Solubility)                               :         0.00000




 Results for mixture 5
 ---------------------
 Temperature          :    293.150 K

 Compound Nr.         :          1         2
 Compound             :  AZ1353096 1-1-Dichl
 Mole Fraction        :     0.0001    0.9999

 Compound:  1  (AZ13530968)
 Chemical potential of the compound in the mixture :        -6.35578 kcal/mol
 Log10(partial pressure [mbar])                    :        -9.95578
 Free energy of molecule in mix (E_COSMO+dE+Mu)    :  -2204760.94666 kcal/mol
 Total mean interaction energy in the mix (H_int)  :       -15.26613 kcal/mol
 Misfit interaction energy in the mix (H_MF)       :         5.06993 kcal/mol
 H-Bond interaction energy in the mix (H_HB)       :        -0.27790 kcal/mol
 VdW interaction energy in the mix (H_vdW)         :       -20.07462 kcal/mol
 Ring correction                                   :        -2.22324 kcal/mol
 Log10(x_Solubility)                               :        -3.52320
 w_Solubility [g(Solute)/g(Solution)]              :  1.16259333E-03

 Compound:  2  (1-1-Dichloroethene)
 Chemical potential of the compound in the mixture :        -3.41285 kcal/mol
 Log10(partial pressure [mbar])                    :         3.00158
 Free energy of molecule in mix (E_COSMO+dE+Mu)    :   -626230.03552 kcal/mol
 Total mean interaction energy in the mix (H_int)  :        -5.13243 kcal/mol
 Misfit interaction energy in the mix (H_MF)       :         1.13915 kcal/mol
 H-Bond interaction energy in the mix (H_HB)       :        -0.00004 kcal/mol
 VdW interaction energy in the mix (H_vdW)         :        -6.27154 kcal/mol
 Ring correction                                   :         0.00000 kcal/mol




 Results for mixture 6
 ---------------------
 Temperature          :    293.150 K

 Compound Nr.         :          1         2
 Compound             :  AZ1353096 1-1-Dichl
 Mole Fraction        :     0.0003    0.9997

 Compound:  1  (AZ13530968)
 Chemical potential of the compound in the mixture :        -6.38839 kcal/mol
 Log10(partial pressure [mbar])                    :        -9.98008
 Free energy of molecule in mix (E_COSMO+dE+Mu)    :  -2204760.97927 kcal/mol
 Total mean interaction energy in the mix (H_int)  :       -15.31504 kcal/mol
 Misfit interaction energy in the mix (H_MF)       :         5.04132 kcal/mol
 H-Bond interaction energy in the mix (H_HB)       :        -0.29771 kcal/mol
 VdW interaction energy in the mix (H_vdW)         :       -20.07517 kcal/mol
 Ring correction                                   :        -2.22324 kcal/mol
 Log10(x_Solubility)                               :        -3.49890
 w_Solubility [g(Solute)/g(Solution)]              :  1.22945123E-03

 Compound:  2  (1-1-Dichloroethene)
 Chemical potential of the compound in the mixture :        -3.41285 kcal/mol
 Log10(partial pressure [mbar])                    :         3.00159
 Free energy of molecule in mix (E_COSMO+dE+Mu)    :   -626230.03552 kcal/mol
 Total mean interaction energy in the mix (H_int)  :        -5.13239 kcal/mol
 Misfit interaction energy in the mix (H_MF)       :         1.13937 kcal/mol
 H-Bond interaction energy in the mix (H_HB)       :        -0.00008 kcal/mol
 VdW interaction energy in the mix (H_vdW)         :        -6.27168 kcal/mol
 Ring correction                                   :         0.00000 kcal/mol




 Results for mixture 7
 ---------------------
 Temperature          :    293.150 K

 Compound Nr.         :          1         2
 Compound             :  AZ1353096 1-1-Dichl
 Mole Fraction        :     0.0003    0.9997

 Compound:  1  (AZ13530968)
 Chemical potential of the compound in the mixture :        -6.39111 kcal/mol
 Log10(partial pressure [mbar])                    :        -9.98211
 Free energy of molecule in mix (E_COSMO+dE+Mu)    :  -2204760.98199 kcal/mol
 Total mean interaction energy in the mix (H_int)  :       -15.31959 kcal/mol
 Misfit interaction energy in the mix (H_MF)       :         5.03907 kcal/mol
 H-Bond interaction energy in the mix (H_HB)       :        -0.29994 kcal/mol
 VdW interaction energy in the mix (H_vdW)         :       -20.07523 kcal/mol
 Ring correction                                   :        -2.22324 kcal/mol
 Log10(x_Solubility)                               :        -3.49687
 w_Solubility [g(Solute)/g(Solution)]              :  1.23520540E-03

 Compound:  2  (1-1-Dichloroethene)
 Chemical potential of the compound in the mixture :        -3.41285 kcal/mol
 Log10(partial pressure [mbar])                    :         3.00159
 Free energy of molecule in mix (E_COSMO+dE+Mu)    :   -626230.03552 kcal/mol
 Total mean interaction energy in the mix (H_int)  :        -5.13239 kcal/mol
 Misfit interaction energy in the mix (H_MF)       :         1.13939 kcal/mol
 H-Bond interaction energy in the mix (H_HB)       :        -0.00008 kcal/mol
 VdW interaction energy in the mix (H_vdW)         :        -6.27170 kcal/mol
 Ring correction                                   :         0.00000 kcal/mol




 Results for mixture 8
 ---------------------
 Temperature          :    293.150 K

 Compound Nr.         :          1         2
 Compound             :  AZ1353096 1-1-Dichl
 Mole Fraction        :     0.0003    0.9997

 Compound:  1  (AZ13530968)
 Chemical potential of the compound in the mixture :        -6.39134 kcal/mol
 Log10(partial pressure [mbar])                    :        -9.98228
 Free energy of molecule in mix (E_COSMO+dE+Mu)    :  -2204760.98222 kcal/mol
 Total mean interaction energy in the mix (H_int)  :       -15.31997 kcal/mol
 Misfit interaction energy in the mix (H_MF)       :         5.03888 kcal/mol
 H-Bond interaction energy in the mix (H_HB)       :        -0.30013 kcal/mol
 VdW interaction energy in the mix (H_vdW)         :       -20.07524 kcal/mol
 Ring correction                                   :        -2.22324 kcal/mol
 Log10(x_Solubility)                               :        -3.49670
 w_Solubility [g(Solute)/g(Solution)]              :  1.23568965E-03

 Compound:  2  (1-1-Dichloroethene)
 Chemical potential of the compound in the mixture :        -3.41285 kcal/mol
 Log10(partial pressure [mbar])                    :         3.00159
 Free energy of molecule in mix (E_COSMO+dE+Mu)    :   -626230.03552 kcal/mol
 Total mean interaction energy in the mix (H_int)  :        -5.13239 kcal/mol
 Misfit interaction energy in the mix (H_MF)       :         1.13940 kcal/mol
 H-Bond interaction energy in the mix (H_HB)       :        -0.00008 kcal/mol
 VdW interaction energy in the mix (H_vdW)         :        -6.27170 kcal/mol
 Ring correction                                   :         0.00000 kcal/mol




 Results for mixture 9
 ---------------------
 Temperature          :    293.150 K

 Compound Nr.         :          1         2
 Compound             :  AZ1353096 1-1-Dichl
 Mole Fraction        :     0.0003    0.9997

 Compound:  1  (AZ13530968)
 Chemical potential of the compound in the mixture :        -6.39136 kcal/mol
 Log10(partial pressure [mbar])                    :        -9.98230
 Free energy of molecule in mix (E_COSMO+dE+Mu)    :  -2204760.98224 kcal/mol
 Total mean interaction energy in the mix (H_int)  :       -15.32001 kcal/mol
 Misfit interaction energy in the mix (H_MF)       :         5.03887 kcal/mol
 H-Bond interaction energy in the mix (H_HB)       :        -0.30015 kcal/mol
 VdW interaction energy in the mix (H_vdW)         :       -20.07524 kcal/mol
 Ring correction                                   :        -2.22324 kcal/mol
 Log10(x_Solubility)                               :        -3.49668
 w_Solubility [g(Solute)/g(Solution)]              :  1.23573033E-03

 Compound:  2  (1-1-Dichloroethene)
 Chemical potential of the compound in the mixture :        -3.41285 kcal/mol
 Log10(partial pressure [mbar])                    :         3.00159
 Free energy of molecule in mix (E_COSMO+dE+Mu)    :   -626230.03552 kcal/mol
 Total mean interaction energy in the mix (H_int)  :        -5.13239 kcal/mol
 Misfit interaction energy in the mix (H_MF)       :         1.13940 kcal/mol
 H-Bond interaction energy in the mix (H_HB)       :        -0.00008 kcal/mol
 VdW interaction energy in the mix (H_vdW)         :        -6.27170 kcal/mol
 Ring correction                                   :         0.00000 kcal/mol




 Results for mixture 10
 ----------------------
 Temperature          :    293.150 K

 Compound Nr.         :          1         2
 Compound             :  AZ1353096 1-1-Dichl
 Mole Fraction        :     0.0003    0.9997

 Compound:  1  (AZ13530968)
 Chemical potential of the compound in the mixture :        -6.39136 kcal/mol
 Log10(partial pressure [mbar])                    :        -9.98230
 Free energy of molecule in mix (E_COSMO+dE+Mu)    :  -2204760.98224 kcal/mol
 Total mean interaction energy in the mix (H_int)  :       -15.32001 kcal/mol
 Misfit interaction energy in the mix (H_MF)       :         5.03887 kcal/mol
 H-Bond interaction energy in the mix (H_HB)       :        -0.30015 kcal/mol
 VdW interaction energy in the mix (H_vdW)         :       -20.07524 kcal/mol
 Ring correction                                   :        -2.22324 kcal/mol
 Log10(x_Solubility)                               :        -3.49668
 w_Solubility [g(Solute)/g(Solution)]              :  1.23573375E-03

 Compound:  2  (1-1-Dichloroethene)
 Chemical potential of the compound in the mixture :        -3.41285 kcal/mol
 Log10(partial pressure [mbar])                    :         3.00159
 Free energy of molecule in mix (E_COSMO+dE+Mu)    :   -626230.03552 kcal/mol
 Total mean interaction energy in the mix (H_int)  :        -5.13239 kcal/mol
 Misfit interaction energy in the mix (H_MF)       :         1.13940 kcal/mol
 H-Bond interaction energy in the mix (H_HB)       :        -0.00008 kcal/mol
 VdW interaction energy in the mix (H_vdW)         :        -6.27170 kcal/mol
 Ring correction                                   :         0.00000 kcal/mol


----------------
 END job       1
----------------
