 ------------------------------------------------------------------------------ 
 COSMOtherm Version C30-1701 (revision 3140)
 ------------------------------------------------------------------------------ 
 written by Frank Eckert, Andreas Klamt, Larissa Koch, Selman Terzi
 Copyright (C) 1999-2017, COSMOlogic GmbH & Co. KG

 Job-Name   : !! Solubility Calculation of Solute in Solvent 
 Job-Date   : 03/31/2017
 Job-Time   : 14:49:03
 Hostname   : ukmcdwlx007
 OS-Type    : linux
 Executable : Linux 64-bit

 Reading COSMOtherm parameter file BP_TZVPD_FINE_C30_1701.ctd from directory /apps/cosmologic/COSMOthermX17/COSMOtherm/CTDATA-FILES/
 Info: # COSMOtherm parameter file BP_TZVPD_FINE_C30_1701.ctd for BP-TZVPD-FINE (BP-TZVP optimized) COSMO files                                              

 Reading COSMOtherm license key license.txt from directory /apps/cosmologic/COSMOthermX17/licensefiles/

 COSMOtherm license key expiration date 22-dec-2018
 COSMOtherm license key version 17.0
 Customer : AstraZeneca
 ID       : 100905

 License keys:
  product                   |    licensed version    | status
 ------------------------------------------------------------------------------ 
  COSMOtherm                |          17.0          | active
  TURBOMOLE                 |          7.1           | active
  COSMOconf                 |          4.1           | active
 ------------------------------------------------------------------------------ 


 Reading COSMO information for molecule 1 from file /dbs/AZcosmotherm/AZ_BP_TZVPD-FINE/a/AZ13530968_c0.cosmo
 Reading gas phase energy information for molecule 1 from file /dbs/AZcosmotherm/AZ_BP_TZVPD-FINE/a/AZ13530968_c0.energy
 Reading vapor pressure and property information for compound 1 from file /dbs/AZcosmotherm/AZ_BP_TZVPD-FINE/a/AZ13530968.vap
 Note: Vapor Pressure / property file /dbs/AZcosmotherm/AZ_BP_TZVPD-FINE/a/AZ13530968.vap is empty
 Free energy of fusion for pure compound 1 (DGFUS = 3.64493 kcal/mol)

 Compound Information for compound 1 conformer 1 (COSMO file /dbs/AZcosmotherm/AZ_BP_TZVPD-FINE/a/AZ13530968_c0.cosmo)
 Atomic weights         : 111111111111111111111111111111111111111111111
 E_COSMO+dE             :   -2204754.5909 kcal/mol
 E_gas                  :   -2204740.7759 kcal/mol
 E_COSMO-E_gas+dE       :        -13.8150 kcal/mol
 E_diel                 :        -18.7411 kcal/mol
 Averaging corr dE      :          1.1081 kcal/mol
 EvdW in continuum      :       -358.6958 kcal/mol
 Area                   :        347.5579 A^2
 Volume                 :        402.8905 A^3
 Molecular Weight       :        376.2926 a.m.u.
 Total COSMO charge     :          0.0028 a.u.
 Dipole moment (t,x,y,z):          7.1747  0.488760  7.156487 -0.149195 Debye                            
 Sigma moments (1-6)    :          0.0000  1.26E+02  4.58E+01  2.09E+02  1.75E+02  5.53E+02              
 H-bond moment (accept) :          6.7617
 H-bond moment (donor)  :          2.3419


 Reading COSMO information for molecule 2 from file /dbs/AZcosmotherm/AZ_BP_TZVPD-FINE/a/AZ13530968_c1.cosmo
 Reading gas phase energy information for molecule 2 from file /dbs/AZcosmotherm/AZ_BP_TZVPD-FINE/a/AZ13530968_c1.energy

 Compound Information for compound 1 conformer 2 (COSMO file /dbs/AZcosmotherm/AZ_BP_TZVPD-FINE/a/AZ13530968_c1.cosmo)
 Atomic weights         : 111111111111111111111111111111111111111111111
 E_COSMO+dE             :   -2204751.2414 kcal/mol
 E_gas                  :   -2204738.3753 kcal/mol
 E_COSMO-E_gas+dE       :        -12.8661 kcal/mol
 E_diel                 :        -17.6608 kcal/mol
 Averaging corr dE      :          1.0677 kcal/mol
 EvdW in continuum      :       -351.4171 kcal/mol
 Area                   :        340.9253 A^2
 Volume                 :        403.0683 A^3
 Molecular Weight       :        376.2926 a.m.u.
 Total COSMO charge     :          0.0031 a.u.
 Dipole moment (t,x,y,z):          7.7437 -4.364802 -6.198433  1.578924 Debye                            
 Sigma moments (1-6)    :          0.0000  1.16E+02  3.56E+01  1.86E+02  1.45E+02  4.85E+02              
 H-bond moment (accept) :          5.5908
 H-bond moment (donor)  :          2.1978


 Reading COSMO information for molecule 3 from file /dbs/AZcosmotherm/AZ_BP_TZVPD-FINE/a/AZ13530968_c2.cosmo
 Reading gas phase energy information for molecule 3 from file /dbs/AZcosmotherm/AZ_BP_TZVPD-FINE/a/AZ13530968_c2.energy

 Compound Information for compound 1 conformer 3 (COSMO file /dbs/AZcosmotherm/AZ_BP_TZVPD-FINE/a/AZ13530968_c2.cosmo)
 Atomic weights         : 111111111111111111111111111111111111111111111
 E_COSMO+dE             :   -2204749.4696 kcal/mol
 E_gas                  :   -2204735.8858 kcal/mol
 E_COSMO-E_gas+dE       :        -13.5838 kcal/mol
 E_diel                 :        -18.5107 kcal/mol
 Averaging corr dE      :          1.0974 kcal/mol
 EvdW in continuum      :       -356.7686 kcal/mol
 Area                   :        345.9657 A^2
 Volume                 :        403.3632 A^3
 Molecular Weight       :        376.2926 a.m.u.
 Total COSMO charge     :          0.0024 a.u.
 Dipole moment (t,x,y,z):          7.3409 -4.690418 -5.646647 -0.062138 Debye                            
 Sigma moments (1-6)    :          0.0000  1.23E+02  4.47E+01  2.02E+02  1.75E+02  5.37E+02              
 H-bond moment (accept) :          6.4083
 H-bond moment (donor)  :          2.1788


 Reading COSMO information for molecule 4 from file /apps/cosmologic/COSMOthermX17/COSMOtherm/DATABASE-COSMO/BP-TZVPD-FINE/d/dioxane_c0.cosmo
 Reading gas phase energy information for molecule 4 from file /apps/cosmologic/COSMOthermX17/COSMOtherm/DATABASE-COSMO/BP-TZVPD-FINE/d/dioxane_c0.energy
 Reading vapor pressure and property information for compound 2 from file /apps/cosmologic/COSMOthermX17/COSMOtherm/DATABASE-COSMO/BP-TZVPD-FINE/d/dioxane.vap
 Free energy of fusion for pure compound 2 (DGFUS = 0.00000 kcal/mol)
 Enthalpy of fusion for pure compound 2 (DHFUS = 3.07000 kcal/mol)
 UNIQUAC volume parameter for compound 2 (UNIQUAC_RI = 3.18540)
 UNIQUAC surface parameter for compound 2 (UNIQUAC_QI = 2.64000)
 Boiling temperature of compound 2 (TBOIL = 374.65000 K)
 Melting temperature of compound 2 (TMELT = 284.95000 K)
 Critical temperature of compound 2 (TCRIT = 587.00000 K)
 Critical pressure of compound 2 (PCRIT = 52081.00000 mbar)

 Compound Information for compound 2 (COSMO file /apps/cosmologic/COSMOthermX17/COSMOtherm/DATABASE-COSMO/BP-TZVPD-FINE/d/dioxane_c0.cosmo)
 Atomic weights         : 11111111111111
 E_COSMO+dE             :    -193151.9836 kcal/mol
 E_gas                  :    -193146.9856 kcal/mol
 E_COSMO-E_gas+dE       :         -4.9980 kcal/mol
 E_diel                 :         -6.5068 kcal/mol
 Averaging corr dE      :          0.4054 kcal/mol
 EvdW in continuum      :       -117.8395 kcal/mol
 Area                   :        121.2966 A^2
 Volume                 :        111.7609 A^3
 Molecular Weight       :         88.1056 a.m.u.
 Total COSMO charge     :         -0.0007 a.u.
 Dipole moment (t,x,y,z):          0.0024 -0.001596 -0.001725  0.000413 Debye                            
 Sigma moments (1-6)    :          0.0000  5.08E+01  4.01E+01  6.95E+01  9.02E+01  1.35E+02              
 H-bond moment (accept) :          3.1666
 H-bond moment (donor)  :          0.0000


 Total number of processed compounds:    2
 Total number of processed molecules:    4


----------------
 START job     1
----------------

 ----------------------------------------------------
 Automatic computation of solubities in compound    2
 Computing solids solubilities: Heats of fusion used as given in the input file
 Computed solubilities will be refined iteratively: Threshold = 1.00E-05
 ----------------------------------------------------



 Results for mixture 1
 ---------------------
 Temperature          :    293.150 K

 Compound Nr.         :          1         2
 Compound             :  AZ1353096   dioxane
 Mole Fraction        :     1.0000    0.0000

 Compound:  1  (AZ13530968)
 Chemical potential of the compound in the mixture :        -7.43676 kcal/mol
 Log10(partial pressure [mbar])                    :       -10.76165
 Free energy of molecule in mix (E_COSMO+dE+Mu)    :  -2204762.02764 kcal/mol
 Total mean interaction energy in the mix (H_int)  :       -18.69267 kcal/mol
 Misfit interaction energy in the mix (H_MF)       :         5.30393 kcal/mol
 H-Bond interaction energy in the mix (H_HB)       :        -3.16842 kcal/mol
 VdW interaction energy in the mix (H_vdW)         :       -20.84183 kcal/mol
 Ring correction                                   :        -2.22324 kcal/mol




 Results for mixture 2
 ---------------------
 Temperature          :    293.150 K

 Compound Nr.         :          1         2
 Compound             :  AZ1353096   dioxane
 Mole Fraction        :     0.0000    1.0000

 Compound:  2  (dioxane)
 Chemical potential of the compound in the mixture :        -1.42414 kcal/mol
 Log10(partial pressure [mbar])                    :         1.39180
 Free energy of molecule in mix (E_COSMO+dE+Mu)    :   -193153.40775 kcal/mol
 Total mean interaction energy in the mix (H_int)  :        -3.51166 kcal/mol
 Misfit interaction energy in the mix (H_MF)       :         2.68346 kcal/mol
 H-Bond interaction energy in the mix (H_HB)       :         0.00869 kcal/mol
 VdW interaction energy in the mix (H_vdW)         :        -6.20381 kcal/mol
 Ring correction                                   :        -0.74108 kcal/mol




 Results for mixture 3
 ---------------------
 Temperature          :    298.150 K

 Compound Nr.         :          1         2
 Compound             :  AZ1353096   dioxane
 Mole Fraction        :     0.0000    1.0000

 Compound:  1  (AZ13530968)
 Chemical potential of the compound in the mixture :        -7.52191 kcal/mol
 Log10(partial pressure [mbar])                    :       -10.53373
 Free energy of molecule in mix (E_COSMO+dE+Mu)    :  -2204762.11280 kcal/mol
 Total mean interaction energy in the mix (H_int)  :       -14.02083 kcal/mol
 Misfit interaction energy in the mix (H_MF)       :         6.54311 kcal/mol
 H-Bond interaction energy in the mix (H_HB)       :        -1.43701 kcal/mol
 VdW interaction energy in the mix (H_vdW)         :       -19.14596 kcal/mol
 Ring correction                                   :        -2.22324 kcal/mol

 Compound:  2  (dioxane)
 Chemical potential of the compound in the mixture :        -1.38878 kcal/mol
 Log10(partial pressure [mbar])                    :         1.50362
 Free energy of molecule in mix (E_COSMO+dE+Mu)    :   -193153.37239 kcal/mol
 Total mean interaction energy in the mix (H_int)  :        -3.48291 kcal/mol
 Misfit interaction energy in the mix (H_MF)       :         2.69444 kcal/mol
 H-Bond interaction energy in the mix (H_HB)       :         0.00871 kcal/mol
 VdW interaction energy in the mix (H_vdW)         :        -6.18606 kcal/mol
 Ring correction                                   :        -0.74108 kcal/mol




 Results for mixture 4
 ---------------------
 Temperature          :    293.150 K

 Compound Nr.         :          1         2
 Compound             :  AZ1353096   dioxane
 Mole Fraction        :     0.0000    1.0000

 Compound:  1  (AZ13530968)
 Chemical potential of the compound in the mixture :        -7.70518 kcal/mol
 Log10(partial pressure [mbar])                    :       -10.96176
 Free energy of molecule in mix (E_COSMO+dE+Mu)    :  -2204762.29606 kcal/mol
 Total mean interaction energy in the mix (H_int)  :       -14.16312 kcal/mol
 Misfit interaction energy in the mix (H_MF)       :         6.49999 kcal/mol
 H-Bond interaction energy in the mix (H_HB)       :        -1.47905 kcal/mol
 VdW interaction energy in the mix (H_vdW)         :       -19.20127 kcal/mol
 Ring correction                                   :        -2.22324 kcal/mol
 Log10(x_Solubility)                               :        -2.51722
 w_Solubility [g(Solute)/g(Solution)]              :         0.01285

 Compound:  2  (dioxane)
 Chemical potential of the compound in the mixture :        -1.42414 kcal/mol
 Log10(partial pressure [mbar])                    :         1.39180
 Free energy of molecule in mix (E_COSMO+dE+Mu)    :   -193153.40775 kcal/mol
 Total mean interaction energy in the mix (H_int)  :        -3.51166 kcal/mol
 Misfit interaction energy in the mix (H_MF)       :         2.68346 kcal/mol
 H-Bond interaction energy in the mix (H_HB)       :         0.00869 kcal/mol
 VdW interaction energy in the mix (H_vdW)         :        -6.20381 kcal/mol
 Ring correction                                   :        -0.74108 kcal/mol
 Log10(x_Solubility)                               :         0.00000




 Results for mixture 5
 ---------------------
 Temperature          :    293.150 K

 Compound Nr.         :          1         2
 Compound             :  AZ1353096   dioxane
 Mole Fraction        :     0.0030    0.9970

 Compound:  1  (AZ13530968)
 Chemical potential of the compound in the mixture :        -8.08357 kcal/mol
 Log10(partial pressure [mbar])                    :       -11.24385
 Free energy of molecule in mix (E_COSMO+dE+Mu)    :  -2204762.67445 kcal/mol
 Total mean interaction energy in the mix (H_int)  :       -14.61081 kcal/mol
 Misfit interaction energy in the mix (H_MF)       :         6.11392 kcal/mol
 H-Bond interaction energy in the mix (H_HB)       :        -1.52673 kcal/mol
 VdW interaction energy in the mix (H_vdW)         :       -19.21614 kcal/mol
 Ring correction                                   :        -2.22324 kcal/mol
 Log10(x_Solubility)                               :        -2.23512
 w_Solubility [g(Solute)/g(Solution)]              :         0.02439

 Compound:  2  (dioxane)
 Chemical potential of the compound in the mixture :        -1.42415 kcal/mol
 Log10(partial pressure [mbar])                    :         1.39180
 Free energy of molecule in mix (E_COSMO+dE+Mu)    :   -193153.40776 kcal/mol
 Total mean interaction energy in the mix (H_int)  :        -3.52493 kcal/mol
 Misfit interaction energy in the mix (H_MF)       :         2.67915 kcal/mol
 H-Bond interaction energy in the mix (H_HB)       :         0.00417 kcal/mol
 VdW interaction energy in the mix (H_vdW)         :        -6.20825 kcal/mol
 Ring correction                                   :        -0.74108 kcal/mol




 Results for mixture 6
 ---------------------
 Temperature          :    293.150 K

 Compound Nr.         :          1         2
 Compound             :  AZ1353096   dioxane
 Mole Fraction        :     0.0058    0.9942

 Compound:  1  (AZ13530968)
 Chemical potential of the compound in the mixture :        -8.06558 kcal/mol
 Log10(partial pressure [mbar])                    :       -11.23044
 Free energy of molecule in mix (E_COSMO+dE+Mu)    :  -2204762.65646 kcal/mol
 Total mean interaction energy in the mix (H_int)  :       -14.65504 kcal/mol
 Misfit interaction energy in the mix (H_MF)       :         6.12461 kcal/mol
 H-Bond interaction energy in the mix (H_HB)       :        -1.56801 kcal/mol
 VdW interaction energy in the mix (H_vdW)         :       -19.22962 kcal/mol
 Ring correction                                   :        -2.22324 kcal/mol
 Log10(x_Solubility)                               :        -2.24854
 w_Solubility [g(Solute)/g(Solution)]              :         0.02366

 Compound:  2  (dioxane)
 Chemical potential of the compound in the mixture :        -1.42423 kcal/mol
 Log10(partial pressure [mbar])                    :         1.39174
 Free energy of molecule in mix (E_COSMO+dE+Mu)    :   -193153.40784 kcal/mol
 Total mean interaction energy in the mix (H_int)  :        -3.53699 kcal/mol
 Misfit interaction energy in the mix (H_MF)       :         2.67516 kcal/mol
 H-Bond interaction energy in the mix (H_HB)       :         0.00012 kcal/mol
 VdW interaction energy in the mix (H_vdW)         :        -6.21227 kcal/mol
 Ring correction                                   :        -0.74108 kcal/mol




 Results for mixture 7
 ---------------------
 Temperature          :    293.150 K

 Compound Nr.         :          1         2
 Compound             :  AZ1353096   dioxane
 Mole Fraction        :     0.0056    0.9944

 Compound:  1  (AZ13530968)
 Chemical potential of the compound in the mixture :        -8.06677 kcal/mol
 Log10(partial pressure [mbar])                    :       -11.23133
 Free energy of molecule in mix (E_COSMO+dE+Mu)    :  -2204762.65765 kcal/mol
 Total mean interaction energy in the mix (H_int)  :       -14.65233 kcal/mol
 Misfit interaction energy in the mix (H_MF)       :         6.12389 kcal/mol
 H-Bond interaction energy in the mix (H_HB)       :        -1.56544 kcal/mol
 VdW interaction energy in the mix (H_vdW)         :       -19.22877 kcal/mol
 Ring correction                                   :        -2.22324 kcal/mol
 Log10(x_Solubility)                               :        -2.24765
 w_Solubility [g(Solute)/g(Solution)]              :         0.02371

 Compound:  2  (dioxane)
 Chemical potential of the compound in the mixture :        -1.42422 kcal/mol
 Log10(partial pressure [mbar])                    :         1.39174
 Free energy of molecule in mix (E_COSMO+dE+Mu)    :   -193153.40783 kcal/mol
 Total mean interaction energy in the mix (H_int)  :        -3.53622 kcal/mol
 Misfit interaction energy in the mix (H_MF)       :         2.67541 kcal/mol
 H-Bond interaction energy in the mix (H_HB)       :         0.00038 kcal/mol
 VdW interaction energy in the mix (H_vdW)         :        -6.21202 kcal/mol
 Ring correction                                   :        -0.74108 kcal/mol




 Results for mixture 8
 ---------------------
 Temperature          :    293.150 K

 Compound Nr.         :          1         2
 Compound             :  AZ1353096   dioxane
 Mole Fraction        :     0.0057    0.9943

 Compound:  1  (AZ13530968)
 Chemical potential of the compound in the mixture :        -8.06669 kcal/mol
 Log10(partial pressure [mbar])                    :       -11.23127
 Free energy of molecule in mix (E_COSMO+dE+Mu)    :  -2204762.65757 kcal/mol
 Total mean interaction energy in the mix (H_int)  :       -14.65251 kcal/mol
 Misfit interaction energy in the mix (H_MF)       :         6.12393 kcal/mol
 H-Bond interaction energy in the mix (H_HB)       :        -1.56561 kcal/mol
 VdW interaction energy in the mix (H_vdW)         :       -19.22883 kcal/mol
 Ring correction                                   :        -2.22324 kcal/mol
 Log10(x_Solubility)                               :        -2.24771
 w_Solubility [g(Solute)/g(Solution)]              :         0.02371

 Compound:  2  (dioxane)
 Chemical potential of the compound in the mixture :        -1.42422 kcal/mol
 Log10(partial pressure [mbar])                    :         1.39174
 Free energy of molecule in mix (E_COSMO+dE+Mu)    :   -193153.40783 kcal/mol
 Total mean interaction energy in the mix (H_int)  :        -3.53627 kcal/mol
 Misfit interaction energy in the mix (H_MF)       :         2.67540 kcal/mol
 H-Bond interaction energy in the mix (H_HB)       :         0.00036 kcal/mol
 VdW interaction energy in the mix (H_vdW)         :        -6.21203 kcal/mol
 Ring correction                                   :        -0.74108 kcal/mol




 Results for mixture 9
 ---------------------
 Temperature          :    293.150 K

 Compound Nr.         :          1         2
 Compound             :  AZ1353096   dioxane
 Mole Fraction        :     0.0057    0.9943

 Compound:  1  (AZ13530968)
 Chemical potential of the compound in the mixture :        -8.06670 kcal/mol
 Log10(partial pressure [mbar])                    :       -11.23128
 Free energy of molecule in mix (E_COSMO+dE+Mu)    :  -2204762.65758 kcal/mol
 Total mean interaction energy in the mix (H_int)  :       -14.65250 kcal/mol
 Misfit interaction energy in the mix (H_MF)       :         6.12393 kcal/mol
 H-Bond interaction energy in the mix (H_HB)       :        -1.56560 kcal/mol
 VdW interaction energy in the mix (H_vdW)         :       -19.22882 kcal/mol
 Ring correction                                   :        -2.22324 kcal/mol
 Log10(x_Solubility)                               :        -2.24770
 w_Solubility [g(Solute)/g(Solution)]              :         0.02371

 Compound:  2  (dioxane)
 Chemical potential of the compound in the mixture :        -1.42422 kcal/mol
 Log10(partial pressure [mbar])                    :         1.39174
 Free energy of molecule in mix (E_COSMO+dE+Mu)    :   -193153.40783 kcal/mol
 Total mean interaction energy in the mix (H_int)  :        -3.53627 kcal/mol
 Misfit interaction energy in the mix (H_MF)       :         2.67540 kcal/mol
 H-Bond interaction energy in the mix (H_HB)       :         0.00036 kcal/mol
 VdW interaction energy in the mix (H_vdW)         :        -6.21203 kcal/mol
 Ring correction                                   :        -0.74108 kcal/mol


----------------
 END job       1
----------------
