 ------------------------------------------------------------------------------ 
 COSMOtherm Version C30-1701 (revision 3140)
 ------------------------------------------------------------------------------ 
 written by Frank Eckert, Andreas Klamt, Larissa Koch, Selman Terzi
 Copyright (C) 1999-2017, COSMOlogic GmbH & Co. KG

 Job-Name   : !! Solubility Calculation of Solute in Solvent 
 Job-Date   : 03/31/2017
 Job-Time   : 14:47:40
 Hostname   : ukmcdwlx007
 OS-Type    : linux
 Executable : Linux 64-bit

 Reading COSMOtherm parameter file BP_TZVPD_FINE_C30_1701.ctd from directory /apps/cosmologic/COSMOthermX17/COSMOtherm/CTDATA-FILES/
 Info: # COSMOtherm parameter file BP_TZVPD_FINE_C30_1701.ctd for BP-TZVPD-FINE (BP-TZVP optimized) COSMO files                                              

 Reading COSMOtherm license key license.txt from directory /apps/cosmologic/COSMOthermX17/licensefiles/

 COSMOtherm license key expiration date 22-dec-2018
 COSMOtherm license key version 17.0
 Customer : AstraZeneca
 ID       : 100905

 License keys:
  product                   |    licensed version    | status
 ------------------------------------------------------------------------------ 
  COSMOtherm                |          17.0          | active
  TURBOMOLE                 |          7.1           | active
  COSMOconf                 |          4.1           | active
 ------------------------------------------------------------------------------ 


 Reading COSMO information for molecule 1 from file /dbs/AZcosmotherm/AZ_BP_TZVPD-FINE/a/AZ13530968_c0.cosmo
 Reading gas phase energy information for molecule 1 from file /dbs/AZcosmotherm/AZ_BP_TZVPD-FINE/a/AZ13530968_c0.energy
 Reading vapor pressure and property information for compound 1 from file /dbs/AZcosmotherm/AZ_BP_TZVPD-FINE/a/AZ13530968.vap
 Note: Vapor Pressure / property file /dbs/AZcosmotherm/AZ_BP_TZVPD-FINE/a/AZ13530968.vap is empty
 Free energy of fusion for pure compound 1 (DGFUS = 3.64493 kcal/mol)

 Compound Information for compound 1 conformer 1 (COSMO file /dbs/AZcosmotherm/AZ_BP_TZVPD-FINE/a/AZ13530968_c0.cosmo)
 Atomic weights         : 111111111111111111111111111111111111111111111
 E_COSMO+dE             :   -2204754.5909 kcal/mol
 E_gas                  :   -2204740.7759 kcal/mol
 E_COSMO-E_gas+dE       :        -13.8150 kcal/mol
 E_diel                 :        -18.7411 kcal/mol
 Averaging corr dE      :          1.1081 kcal/mol
 EvdW in continuum      :       -358.6958 kcal/mol
 Area                   :        347.5579 A^2
 Volume                 :        402.8905 A^3
 Molecular Weight       :        376.2926 a.m.u.
 Total COSMO charge     :          0.0028 a.u.
 Dipole moment (t,x,y,z):          7.1747  0.488760  7.156487 -0.149195 Debye                            
 Sigma moments (1-6)    :          0.0000  1.26E+02  4.58E+01  2.09E+02  1.75E+02  5.53E+02              
 H-bond moment (accept) :          6.7617
 H-bond moment (donor)  :          2.3419


 Reading COSMO information for molecule 2 from file /dbs/AZcosmotherm/AZ_BP_TZVPD-FINE/a/AZ13530968_c1.cosmo
 Reading gas phase energy information for molecule 2 from file /dbs/AZcosmotherm/AZ_BP_TZVPD-FINE/a/AZ13530968_c1.energy

 Compound Information for compound 1 conformer 2 (COSMO file /dbs/AZcosmotherm/AZ_BP_TZVPD-FINE/a/AZ13530968_c1.cosmo)
 Atomic weights         : 111111111111111111111111111111111111111111111
 E_COSMO+dE             :   -2204751.2414 kcal/mol
 E_gas                  :   -2204738.3753 kcal/mol
 E_COSMO-E_gas+dE       :        -12.8661 kcal/mol
 E_diel                 :        -17.6608 kcal/mol
 Averaging corr dE      :          1.0677 kcal/mol
 EvdW in continuum      :       -351.4171 kcal/mol
 Area                   :        340.9253 A^2
 Volume                 :        403.0683 A^3
 Molecular Weight       :        376.2926 a.m.u.
 Total COSMO charge     :          0.0031 a.u.
 Dipole moment (t,x,y,z):          7.7437 -4.364802 -6.198433  1.578924 Debye                            
 Sigma moments (1-6)    :          0.0000  1.16E+02  3.56E+01  1.86E+02  1.45E+02  4.85E+02              
 H-bond moment (accept) :          5.5908
 H-bond moment (donor)  :          2.1978


 Reading COSMO information for molecule 3 from file /dbs/AZcosmotherm/AZ_BP_TZVPD-FINE/a/AZ13530968_c2.cosmo
 Reading gas phase energy information for molecule 3 from file /dbs/AZcosmotherm/AZ_BP_TZVPD-FINE/a/AZ13530968_c2.energy

 Compound Information for compound 1 conformer 3 (COSMO file /dbs/AZcosmotherm/AZ_BP_TZVPD-FINE/a/AZ13530968_c2.cosmo)
 Atomic weights         : 111111111111111111111111111111111111111111111
 E_COSMO+dE             :   -2204749.4696 kcal/mol
 E_gas                  :   -2204735.8858 kcal/mol
 E_COSMO-E_gas+dE       :        -13.5838 kcal/mol
 E_diel                 :        -18.5107 kcal/mol
 Averaging corr dE      :          1.0974 kcal/mol
 EvdW in continuum      :       -356.7686 kcal/mol
 Area                   :        345.9657 A^2
 Volume                 :        403.3632 A^3
 Molecular Weight       :        376.2926 a.m.u.
 Total COSMO charge     :          0.0024 a.u.
 Dipole moment (t,x,y,z):          7.3409 -4.690418 -5.646647 -0.062138 Debye                            
 Sigma moments (1-6)    :          0.0000  1.23E+02  4.47E+01  2.02E+02  1.75E+02  5.37E+02              
 H-bond moment (accept) :          6.4083
 H-bond moment (donor)  :          2.1788


 Reading COSMO information for molecule 4 from file /apps/cosmologic/COSMOthermX17/COSMOtherm/DATABASE-COSMO/BP-TZVPD-FINE/1/1,1-dichloroethane_c0.cosmo
 Reading gas phase energy information for molecule 4 from file /apps/cosmologic/COSMOthermX17/COSMOtherm/DATABASE-COSMO/BP-TZVPD-FINE/1/1,1-dichloroethane_c0.energy
 Reading vapor pressure and property information for compound 2 from file /apps/cosmologic/COSMOthermX17/COSMOtherm/DATABASE-COSMO/BP-TZVPD-FINE/1/1,1-dichloroethane.vap
 Free energy of fusion for pure compound 2 (DGFUS = 0.00000 kcal/mol)
 Enthalpy of fusion for pure compound 2 (DHFUS = 1.88098 kcal/mol)
 Vapor Pressure [mbar] / Temperature [°C] input for compound 2:
                0.1000           -84.0000
               10.0000           -36.7000
             1000.0000            56.9000
 Antoine equation coefficients (in [mbar]/[K]) for compound 2:        16.3170      2680.1659       -45.2068
 Minimum interpolative temperature for vapor pressure estimation of compound 2:     189.150 K
 Maximum interpolative temperature for vapor pressure estimation of compound 2:     330.050 K
 UNIQUAC volume parameter for compound 2 (UNIQUAC_RI = 2.93080)
 UNIQUAC surface parameter for compound 2 (UNIQUAC_QI = 2.52800)
 Boiling temperature of compound 2 (TBOIL = 330.55000 K)
 Melting temperature of compound 2 (TMELT = 176.25000 K)
 Experimental dielectric constant for molecule 4   EPSILON = 10.10000
 Critical temperature of compound 2 (TCRIT = 523.00000 K)
 Critical pressure of compound 2 (PCRIT = 50700.00000 mbar)

 Compound Information for compound 2 (COSMO file /apps/cosmologic/COSMOthermX17/COSMOtherm/DATABASE-COSMO/BP-TZVPD-FINE/1/1,1-dichloroethane_c0.cosmo)
 Atomic weights         : 11111111
 E_COSMO+dE             :    -627003.6655 kcal/mol
 E_gas                  :    -627000.4303 kcal/mol
 E_COSMO-E_gas+dE       :         -3.2352 kcal/mol
 E_diel                 :         -4.4513 kcal/mol
 Averaging corr dE      :          0.2223 kcal/mol
 EvdW in continuum      :       -137.4529 kcal/mol
 Area                   :        117.7881 A^2
 Volume                 :        104.7473 A^3
 Molecular Weight       :         98.9597 a.m.u.
 Total COSMO charge     :          0.0012 a.u.
 Dipole moment (t,x,y,z):          3.0235  2.583012  1.568557  0.096328 Debye                            
 Sigma moments (1-6)    :          0.0000  2.87E+01 -6.167928  1.42E+01 -7.764915  1.03E+01              
 H-bond moment (accept) :          0.0000
 H-bond moment (donor)  :          0.0331


 Total number of processed compounds:    2
 Total number of processed molecules:    4


----------------
 START job     1
----------------

 ----------------------------------------------------
 Automatic computation of solubities in compound    2
 Computing solids solubilities: Heats of fusion used as given in the input file
 Computed solubilities will be refined iteratively: Threshold = 1.00E-05
 ----------------------------------------------------



 Results for mixture 1
 ---------------------
 Temperature          :    293.150 K

 Compound Nr.         :          1         2
 Compound             :  AZ1353096 1,1-dichl
 Mole Fraction        :     1.0000    0.0000

 Compound:  1  (AZ13530968)
 Chemical potential of the compound in the mixture :        -7.43676 kcal/mol
 Log10(partial pressure [mbar])                    :       -10.76165
 Free energy of molecule in mix (E_COSMO+dE+Mu)    :  -2204762.02764 kcal/mol
 Total mean interaction energy in the mix (H_int)  :       -18.69267 kcal/mol
 Misfit interaction energy in the mix (H_MF)       :         5.30393 kcal/mol
 H-Bond interaction energy in the mix (H_HB)       :        -3.16842 kcal/mol
 VdW interaction energy in the mix (H_vdW)         :       -20.84183 kcal/mol
 Ring correction                                   :        -2.22324 kcal/mol




 Results for mixture 2
 ---------------------
 Temperature          :    293.150 K

 Compound Nr.         :          1         2
 Compound             :  AZ1353096 1,1-dichl
 Mole Fraction        :     0.0000    1.0000

 Compound:  2  (1,1-dichloroethane)
 Chemical potential of the compound in the mixture :        -2.70934 kcal/mol
 Log10(partial pressure [mbar])                    :         2.30034
 Free energy of molecule in mix (E_COSMO+dE+Mu)    :   -627006.37488 kcal/mol
 Total mean interaction energy in the mix (H_int)  :        -4.63625 kcal/mol
 Misfit interaction energy in the mix (H_MF)       :         1.76336 kcal/mol
 H-Bond interaction energy in the mix (H_HB)       :         0.05904 kcal/mol
 VdW interaction energy in the mix (H_vdW)         :        -6.45865 kcal/mol
 Ring correction                                   :         0.00000 kcal/mol




 Results for mixture 3
 ---------------------
 Temperature          :    298.150 K

 Compound Nr.         :          1         2
 Compound             :  AZ1353096 1,1-dichl
 Mole Fraction        :     0.0000    1.0000

 Compound:  1  (AZ13530968)
 Chemical potential of the compound in the mixture :        -6.52869 kcal/mol
 Log10(partial pressure [mbar])                    :        -9.80570
 Free energy of molecule in mix (E_COSMO+dE+Mu)    :  -2204761.11958 kcal/mol
 Total mean interaction energy in the mix (H_int)  :       -14.70177 kcal/mol
 Misfit interaction energy in the mix (H_MF)       :         5.68299 kcal/mol
 H-Bond interaction energy in the mix (H_HB)       :        -0.40683 kcal/mol
 VdW interaction energy in the mix (H_vdW)         :       -19.99578 kcal/mol
 Ring correction                                   :        -2.22324 kcal/mol

 Compound:  2  (1,1-dichloroethane)
 Chemical potential of the compound in the mixture :        -2.67672 kcal/mol
 Log10(partial pressure [mbar])                    :         2.39492
 Free energy of molecule in mix (E_COSMO+dE+Mu)    :   -627006.34225 kcal/mol
 Total mean interaction energy in the mix (H_int)  :        -4.60791 kcal/mol
 Misfit interaction energy in the mix (H_MF)       :         1.77267 kcal/mol
 H-Bond interaction energy in the mix (H_HB)       :         0.06060 kcal/mol
 VdW interaction energy in the mix (H_vdW)         :        -6.44119 kcal/mol
 Ring correction                                   :         0.00000 kcal/mol




 Results for mixture 4
 ---------------------
 Temperature          :    293.150 K

 Compound Nr.         :          1         2
 Compound             :  AZ1353096 1,1-dichl
 Mole Fraction        :     0.0000    1.0000

 Compound:  1  (AZ13530968)
 Chemical potential of the compound in the mixture :        -6.68635 kcal/mol
 Log10(partial pressure [mbar])                    :       -10.20222
 Free energy of molecule in mix (E_COSMO+dE+Mu)    :  -2204761.27723 kcal/mol
 Total mean interaction energy in the mix (H_int)  :       -14.82755 kcal/mol
 Misfit interaction energy in the mix (H_MF)       :         5.64236 kcal/mol
 H-Bond interaction energy in the mix (H_HB)       :        -0.43366 kcal/mol
 VdW interaction energy in the mix (H_vdW)         :       -20.05229 kcal/mol
 Ring correction                                   :        -2.22324 kcal/mol
 Log10(x_Solubility)                               :        -3.27676
 w_Solubility [g(Solute)/g(Solution)]              :  2.00752822E-03

 Compound:  2  (1,1-dichloroethane)
 Chemical potential of the compound in the mixture :        -2.70934 kcal/mol
 Log10(partial pressure [mbar])                    :         2.30034
 Free energy of molecule in mix (E_COSMO+dE+Mu)    :   -627006.37488 kcal/mol
 Total mean interaction energy in the mix (H_int)  :        -4.63625 kcal/mol
 Misfit interaction energy in the mix (H_MF)       :         1.76336 kcal/mol
 H-Bond interaction energy in the mix (H_HB)       :         0.05904 kcal/mol
 VdW interaction energy in the mix (H_vdW)         :        -6.45865 kcal/mol
 Ring correction                                   :         0.00000 kcal/mol
 Log10(x_Solubility)                               :         0.00000




 Results for mixture 5
 ---------------------
 Temperature          :    293.150 K

 Compound Nr.         :          1         2
 Compound             :  AZ1353096 1,1-dichl
 Mole Fraction        :     0.0005    0.9995

 Compound:  1  (AZ13530968)
 Chemical potential of the compound in the mixture :        -6.94718 kcal/mol
 Log10(partial pressure [mbar])                    :       -10.39666
 Free energy of molecule in mix (E_COSMO+dE+Mu)    :  -2204761.53806 kcal/mol
 Total mean interaction energy in the mix (H_int)  :       -15.12491 kcal/mol
 Misfit interaction energy in the mix (H_MF)       :         5.38753 kcal/mol
 H-Bond interaction energy in the mix (H_HB)       :        -0.47402 kcal/mol
 VdW interaction energy in the mix (H_vdW)         :       -20.05374 kcal/mol
 Ring correction                                   :        -2.22324 kcal/mol
 Log10(x_Solubility)                               :        -3.08231
 w_Solubility [g(Solute)/g(Solution)]              :  3.13868219E-03

 Compound:  2  (1,1-dichloroethane)
 Chemical potential of the compound in the mixture :        -2.70933 kcal/mol
 Log10(partial pressure [mbar])                    :         2.30036
 Free energy of molecule in mix (E_COSMO+dE+Mu)    :   -627006.37486 kcal/mol
 Total mean interaction energy in the mix (H_int)  :        -4.63686 kcal/mol
 Misfit interaction energy in the mix (H_MF)       :         1.76359 kcal/mol
 H-Bond interaction energy in the mix (H_HB)       :         0.05872 kcal/mol
 VdW interaction energy in the mix (H_vdW)         :        -6.45917 kcal/mol
 Ring correction                                   :         0.00000 kcal/mol




 Results for mixture 6
 ---------------------
 Temperature          :    293.150 K

 Compound Nr.         :          1         2
 Compound             :  AZ1353096 1,1-dichl
 Mole Fraction        :     0.0008    0.9992

 Compound:  1  (AZ13530968)
 Chemical potential of the compound in the mixture :        -6.96558 kcal/mol
 Log10(partial pressure [mbar])                    :       -10.41039
 Free energy of molecule in mix (E_COSMO+dE+Mu)    :  -2204761.55646 kcal/mol
 Total mean interaction energy in the mix (H_int)  :       -15.16182 kcal/mol
 Misfit interaction energy in the mix (H_MF)       :         5.37348 kcal/mol
 H-Bond interaction energy in the mix (H_HB)       :        -0.49609 kcal/mol
 VdW interaction energy in the mix (H_vdW)         :       -20.05452 kcal/mol
 Ring correction                                   :        -2.22324 kcal/mol
 Log10(x_Solubility)                               :        -3.06859
 w_Solubility [g(Solute)/g(Solution)]              :  3.23918430E-03

 Compound:  2  (1,1-dichloroethane)
 Chemical potential of the compound in the mixture :        -2.70932 kcal/mol
 Log10(partial pressure [mbar])                    :         2.30036
 Free energy of molecule in mix (E_COSMO+dE+Mu)    :   -627006.37485 kcal/mol
 Total mean interaction energy in the mix (H_int)  :        -4.63721 kcal/mol
 Misfit interaction energy in the mix (H_MF)       :         1.76372 kcal/mol
 H-Bond interaction energy in the mix (H_HB)       :         0.05854 kcal/mol
 VdW interaction energy in the mix (H_vdW)         :        -6.45947 kcal/mol
 Ring correction                                   :         0.00000 kcal/mol




 Results for mixture 7
 ---------------------
 Temperature          :    293.150 K

 Compound Nr.         :          1         2
 Compound             :  AZ1353096 1,1-dichl
 Mole Fraction        :     0.0009    0.9991

 Compound:  1  (AZ13530968)
 Chemical potential of the compound in the mixture :        -6.96696 kcal/mol
 Log10(partial pressure [mbar])                    :       -10.41141
 Free energy of molecule in mix (E_COSMO+dE+Mu)    :  -2204761.55784 kcal/mol
 Total mean interaction energy in the mix (H_int)  :       -15.16481 kcal/mol
 Misfit interaction energy in the mix (H_MF)       :         5.37249 kcal/mol
 H-Bond interaction energy in the mix (H_HB)       :        -0.49803 kcal/mol
 VdW interaction energy in the mix (H_vdW)         :       -20.05459 kcal/mol
 Ring correction                                   :        -2.22324 kcal/mol
 Log10(x_Solubility)                               :        -3.06757
 w_Solubility [g(Solute)/g(Solution)]              :  3.24681055E-03

 Compound:  2  (1,1-dichloroethane)
 Chemical potential of the compound in the mixture :        -2.70931 kcal/mol
 Log10(partial pressure [mbar])                    :         2.30036
 Free energy of molecule in mix (E_COSMO+dE+Mu)    :   -627006.37485 kcal/mol
 Total mean interaction energy in the mix (H_int)  :        -4.63724 kcal/mol
 Misfit interaction energy in the mix (H_MF)       :         1.76373 kcal/mol
 H-Bond interaction energy in the mix (H_HB)       :         0.05852 kcal/mol
 VdW interaction energy in the mix (H_vdW)         :        -6.45949 kcal/mol
 Ring correction                                   :         0.00000 kcal/mol




 Results for mixture 8
 ---------------------
 Temperature          :    293.150 K

 Compound Nr.         :          1         2
 Compound             :  AZ1353096 1,1-dichl
 Mole Fraction        :     0.0009    0.9991

 Compound:  1  (AZ13530968)
 Chemical potential of the compound in the mixture :        -6.96706 kcal/mol
 Log10(partial pressure [mbar])                    :       -10.41149
 Free energy of molecule in mix (E_COSMO+dE+Mu)    :  -2204761.55794 kcal/mol
 Total mean interaction energy in the mix (H_int)  :       -15.16504 kcal/mol
 Misfit interaction energy in the mix (H_MF)       :         5.37241 kcal/mol
 H-Bond interaction energy in the mix (H_HB)       :        -0.49818 kcal/mol
 VdW interaction energy in the mix (H_vdW)         :       -20.05460 kcal/mol
 Ring correction                                   :        -2.22324 kcal/mol
 Log10(x_Solubility)                               :        -3.06749
 w_Solubility [g(Solute)/g(Solution)]              :  3.24738290E-03

 Compound:  2  (1,1-dichloroethane)
 Chemical potential of the compound in the mixture :        -2.70931 kcal/mol
 Log10(partial pressure [mbar])                    :         2.30036
 Free energy of molecule in mix (E_COSMO+dE+Mu)    :   -627006.37485 kcal/mol
 Total mean interaction energy in the mix (H_int)  :        -4.63724 kcal/mol
 Misfit interaction energy in the mix (H_MF)       :         1.76374 kcal/mol
 H-Bond interaction energy in the mix (H_HB)       :         0.05852 kcal/mol
 VdW interaction energy in the mix (H_vdW)         :        -6.45949 kcal/mol
 Ring correction                                   :         0.00000 kcal/mol




 Results for mixture 9
 ---------------------
 Temperature          :    293.150 K

 Compound Nr.         :          1         2
 Compound             :  AZ1353096 1,1-dichl
 Mole Fraction        :     0.0009    0.9991

 Compound:  1  (AZ13530968)
 Chemical potential of the compound in the mixture :        -6.96707 kcal/mol
 Log10(partial pressure [mbar])                    :       -10.41149
 Free energy of molecule in mix (E_COSMO+dE+Mu)    :  -2204761.55795 kcal/mol
 Total mean interaction energy in the mix (H_int)  :       -15.16506 kcal/mol
 Misfit interaction energy in the mix (H_MF)       :         5.37241 kcal/mol
 H-Bond interaction energy in the mix (H_HB)       :        -0.49819 kcal/mol
 VdW interaction energy in the mix (H_vdW)         :       -20.05460 kcal/mol
 Ring correction                                   :        -2.22324 kcal/mol
 Log10(x_Solubility)                               :        -3.06749
 w_Solubility [g(Solute)/g(Solution)]              :  3.24742582E-03

 Compound:  2  (1,1-dichloroethane)
 Chemical potential of the compound in the mixture :        -2.70931 kcal/mol
 Log10(partial pressure [mbar])                    :         2.30036
 Free energy of molecule in mix (E_COSMO+dE+Mu)    :   -627006.37485 kcal/mol
 Total mean interaction energy in the mix (H_int)  :        -4.63724 kcal/mol
 Misfit interaction energy in the mix (H_MF)       :         1.76374 kcal/mol
 H-Bond interaction energy in the mix (H_HB)       :         0.05852 kcal/mol
 VdW interaction energy in the mix (H_vdW)         :        -6.45949 kcal/mol
 Ring correction                                   :         0.00000 kcal/mol


----------------
 END job       1
----------------
