 ------------------------------------------------------------------------------ 
 COSMOtherm Version C30-1701 (revision 3140)
 ------------------------------------------------------------------------------ 
 written by Frank Eckert, Andreas Klamt, Larissa Koch, Selman Terzi
 Copyright (C) 1999-2017, COSMOlogic GmbH & Co. KG

 Job-Name   : !! Solubility Calculation of Solute in Solvent 
 Job-Date   : 03/31/2017
 Job-Time   : 14:50:07
 Hostname   : ukmcdwlx007
 OS-Type    : linux
 Executable : Linux 64-bit

 Reading COSMOtherm parameter file BP_TZVPD_FINE_C30_1701.ctd from directory /apps/cosmologic/COSMOthermX17/COSMOtherm/CTDATA-FILES/
 Info: # COSMOtherm parameter file BP_TZVPD_FINE_C30_1701.ctd for BP-TZVPD-FINE (BP-TZVP optimized) COSMO files                                              

 Reading COSMOtherm license key license.txt from directory /apps/cosmologic/COSMOthermX17/licensefiles/

 COSMOtherm license key expiration date 22-dec-2018
 COSMOtherm license key version 17.0
 Customer : AstraZeneca
 ID       : 100905

 License keys:
  product                   |    licensed version    | status
 ------------------------------------------------------------------------------ 
  COSMOtherm                |          17.0          | active
  TURBOMOLE                 |          7.1           | active
  COSMOconf                 |          4.1           | active
 ------------------------------------------------------------------------------ 


 Reading COSMO information for molecule 1 from file /dbs/AZcosmotherm/AZ_BP_TZVPD-FINE/a/AZ13530968_c0.cosmo
 Reading gas phase energy information for molecule 1 from file /dbs/AZcosmotherm/AZ_BP_TZVPD-FINE/a/AZ13530968_c0.energy
 Reading vapor pressure and property information for compound 1 from file /dbs/AZcosmotherm/AZ_BP_TZVPD-FINE/a/AZ13530968.vap
 Note: Vapor Pressure / property file /dbs/AZcosmotherm/AZ_BP_TZVPD-FINE/a/AZ13530968.vap is empty
 Free energy of fusion for pure compound 1 (DGFUS = 3.64493 kcal/mol)

 Compound Information for compound 1 conformer 1 (COSMO file /dbs/AZcosmotherm/AZ_BP_TZVPD-FINE/a/AZ13530968_c0.cosmo)
 Atomic weights         : 111111111111111111111111111111111111111111111
 E_COSMO+dE             :   -2204754.5909 kcal/mol
 E_gas                  :   -2204740.7759 kcal/mol
 E_COSMO-E_gas+dE       :        -13.8150 kcal/mol
 E_diel                 :        -18.7411 kcal/mol
 Averaging corr dE      :          1.1081 kcal/mol
 EvdW in continuum      :       -358.6958 kcal/mol
 Area                   :        347.5579 A^2
 Volume                 :        402.8905 A^3
 Molecular Weight       :        376.2926 a.m.u.
 Total COSMO charge     :          0.0028 a.u.
 Dipole moment (t,x,y,z):          7.1747  0.488760  7.156487 -0.149195 Debye                            
 Sigma moments (1-6)    :          0.0000  1.26E+02  4.58E+01  2.09E+02  1.75E+02  5.53E+02              
 H-bond moment (accept) :          6.7617
 H-bond moment (donor)  :          2.3419


 Reading COSMO information for molecule 2 from file /dbs/AZcosmotherm/AZ_BP_TZVPD-FINE/a/AZ13530968_c1.cosmo
 Reading gas phase energy information for molecule 2 from file /dbs/AZcosmotherm/AZ_BP_TZVPD-FINE/a/AZ13530968_c1.energy

 Compound Information for compound 1 conformer 2 (COSMO file /dbs/AZcosmotherm/AZ_BP_TZVPD-FINE/a/AZ13530968_c1.cosmo)
 Atomic weights         : 111111111111111111111111111111111111111111111
 E_COSMO+dE             :   -2204751.2414 kcal/mol
 E_gas                  :   -2204738.3753 kcal/mol
 E_COSMO-E_gas+dE       :        -12.8661 kcal/mol
 E_diel                 :        -17.6608 kcal/mol
 Averaging corr dE      :          1.0677 kcal/mol
 EvdW in continuum      :       -351.4171 kcal/mol
 Area                   :        340.9253 A^2
 Volume                 :        403.0683 A^3
 Molecular Weight       :        376.2926 a.m.u.
 Total COSMO charge     :          0.0031 a.u.
 Dipole moment (t,x,y,z):          7.7437 -4.364802 -6.198433  1.578924 Debye                            
 Sigma moments (1-6)    :          0.0000  1.16E+02  3.56E+01  1.86E+02  1.45E+02  4.85E+02              
 H-bond moment (accept) :          5.5908
 H-bond moment (donor)  :          2.1978


 Reading COSMO information for molecule 3 from file /dbs/AZcosmotherm/AZ_BP_TZVPD-FINE/a/AZ13530968_c2.cosmo
 Reading gas phase energy information for molecule 3 from file /dbs/AZcosmotherm/AZ_BP_TZVPD-FINE/a/AZ13530968_c2.energy

 Compound Information for compound 1 conformer 3 (COSMO file /dbs/AZcosmotherm/AZ_BP_TZVPD-FINE/a/AZ13530968_c2.cosmo)
 Atomic weights         : 111111111111111111111111111111111111111111111
 E_COSMO+dE             :   -2204749.4696 kcal/mol
 E_gas                  :   -2204735.8858 kcal/mol
 E_COSMO-E_gas+dE       :        -13.5838 kcal/mol
 E_diel                 :        -18.5107 kcal/mol
 Averaging corr dE      :          1.0974 kcal/mol
 EvdW in continuum      :       -356.7686 kcal/mol
 Area                   :        345.9657 A^2
 Volume                 :        403.3632 A^3
 Molecular Weight       :        376.2926 a.m.u.
 Total COSMO charge     :          0.0024 a.u.
 Dipole moment (t,x,y,z):          7.3409 -4.690418 -5.646647 -0.062138 Debye                            
 Sigma moments (1-6)    :          0.0000  1.23E+02  4.47E+01  2.02E+02  1.75E+02  5.37E+02              
 H-bond moment (accept) :          6.4083
 H-bond moment (donor)  :          2.1788


 Reading COSMO information for molecule 4 from file /apps/cosmologic/COSMOthermX17/COSMOtherm/DATABASE-COSMO/BP-TZVPD-FINE/4/4-methyl-2-pentanone_c0.cosmo
 Reading gas phase energy information for molecule 4 from file /apps/cosmologic/COSMOthermX17/COSMOtherm/DATABASE-COSMO/BP-TZVPD-FINE/4/4-methyl-2-pentanone_c0.energy
 Reading vapor pressure and property information for compound 2 from file /apps/cosmologic/COSMOthermX17/COSMOtherm/DATABASE-COSMO/BP-TZVPD-FINE/4/4-methyl-2-pentanone.vap
 Free energy of fusion for pure compound 2 (DGFUS = 0.00000 kcal/mol)
 Wagner equation coefficients ([mbar]/[K]) for compound 2:     32700.0000       571.0000        -8.5435         2.9280        -5.2731        -2.5451
 Vapor Pressure [mbar] / Temperature [°C] input for compound 2:
                0.1000           -43.0000
               10.0000             9.0000
             1000.0000           116.1000
 Antoine equation coefficients (in [mbar]/[K]) for compound 2:        15.5999      2688.0384       -80.0012
 Minimum interpolative temperature for vapor pressure estimation of compound 2:     230.150 K
 Maximum interpolative temperature for vapor pressure estimation of compound 2:     389.250 K
 Minimum temperature for vapor pressure estimation of pure compound 2 (TPVMIN = 295.00000 K)
 Maximum temperature for vapor pressure estimation of pure compound 2 (TPVMAX = 571.00000 K)
 UNIQUAC volume parameter for compound 2 (UNIQUAC_RI = 4.59590)
 UNIQUAC surface parameter for compound 2 (UNIQUAC_QI = 3.95200)
 Boiling temperature of compound 2 (TBOIL = 389.65000 K)
 Melting temperature of compound 2 (TMELT = 189.15000 K)
 Experimental dielectric constant for molecule 4   EPSILON = 12.90000

 Compound Information for compound 2 (COSMO file /apps/cosmologic/COSMOthermX17/COSMOtherm/DATABASE-COSMO/BP-TZVPD-FINE/4/4-methyl-2-pentanone_c0.cosmo)
 Atomic weights         : 1111111111111111111
 E_COSMO+dE             :    -195301.7109 kcal/mol
 E_gas                  :    -195296.3962 kcal/mol
 E_COSMO-E_gas+dE       :         -5.3147 kcal/mol
 E_diel                 :         -7.4832 kcal/mol
 Averaging corr dE      :          0.3310 kcal/mol
 EvdW in continuum      :       -150.9718 kcal/mol
 Area                   :        158.2038 A^2
 Volume                 :        151.8138 A^3
 Molecular Weight       :        100.1595 a.m.u.
 Total COSMO charge     :          0.0003 a.u.
 Dipole moment (t,x,y,z):          3.9784  0.452939  3.368489  2.067813 Debye                            
 Sigma moments (1-6)    :          0.0000  4.48E+01  3.22E+01  5.80E+01  7.39E+01  1.13E+02              
 H-bond moment (accept) :          2.2875
 H-bond moment (donor)  :          0.0000


 Total number of processed compounds:    2
 Total number of processed molecules:    4


----------------
 START job     1
----------------

 ----------------------------------------------------
 Automatic computation of solubities in compound    2
 Computing solids solubilities: Heats of fusion used as given in the input file
 Computed solubilities will be refined iteratively: Threshold = 1.00E-05
 ----------------------------------------------------



 Results for mixture 1
 ---------------------
 Temperature          :    293.150 K

 Compound Nr.         :          1         2
 Compound             :  AZ1353096 4-methyl-
 Mole Fraction        :     1.0000    0.0000

 Compound:  1  (AZ13530968)
 Chemical potential of the compound in the mixture :        -7.43676 kcal/mol
 Log10(partial pressure [mbar])                    :       -10.76165
 Free energy of molecule in mix (E_COSMO+dE+Mu)    :  -2204762.02764 kcal/mol
 Total mean interaction energy in the mix (H_int)  :       -18.69267 kcal/mol
 Misfit interaction energy in the mix (H_MF)       :         5.30393 kcal/mol
 H-Bond interaction energy in the mix (H_HB)       :        -3.16842 kcal/mol
 VdW interaction energy in the mix (H_vdW)         :       -20.84183 kcal/mol
 Ring correction                                   :        -2.22324 kcal/mol




 Results for mixture 2
 ---------------------
 Temperature          :    293.150 K

 Compound Nr.         :          1         2
 Compound             :  AZ1353096 4-methyl-
 Mole Fraction        :     0.0000    1.0000

 Compound:  2  (4-methyl-2-pentanone)
 Chemical potential of the compound in the mixture :        -2.06195 kcal/mol
 Log10(partial pressure [mbar])                    :         1.23273
 Free energy of molecule in mix (E_COSMO+dE+Mu)    :   -195303.77280 kcal/mol
 Total mean interaction energy in the mix (H_int)  :        -4.52457 kcal/mol
 Misfit interaction energy in the mix (H_MF)       :         2.99854 kcal/mol
 H-Bond interaction energy in the mix (H_HB)       :        -0.00028 kcal/mol
 VdW interaction energy in the mix (H_vdW)         :        -7.52283 kcal/mol
 Ring correction                                   :         0.00000 kcal/mol




 Results for mixture 3
 ---------------------
 Temperature          :    298.150 K

 Compound Nr.         :          1         2
 Compound             :  AZ1353096 4-methyl-
 Mole Fraction        :     0.0000    1.0000

 Compound:  1  (AZ13530968)
 Chemical potential of the compound in the mixture :        -6.98192 kcal/mol
 Log10(partial pressure [mbar])                    :       -10.13791
 Free energy of molecule in mix (E_COSMO+dE+Mu)    :  -2204761.57280 kcal/mol
 Total mean interaction energy in the mix (H_int)  :       -13.94545 kcal/mol
 Misfit interaction energy in the mix (H_MF)       :         5.78741 kcal/mol
 H-Bond interaction energy in the mix (H_HB)       :        -1.36482 kcal/mol
 VdW interaction energy in the mix (H_vdW)         :       -18.38899 kcal/mol
 Ring correction                                   :        -2.22324 kcal/mol

 Compound:  2  (4-methyl-2-pentanone)
 Chemical potential of the compound in the mixture :        -2.02023 kcal/mol
 Log10(partial pressure [mbar])                    :         1.35188
 Free energy of molecule in mix (E_COSMO+dE+Mu)    :   -195303.73108 kcal/mol
 Total mean interaction energy in the mix (H_int)  :        -4.49164 kcal/mol
 Misfit interaction energy in the mix (H_MF)       :         3.01009 kcal/mol
 H-Bond interaction energy in the mix (H_HB)       :        -0.00017 kcal/mol
 VdW interaction energy in the mix (H_vdW)         :        -7.50155 kcal/mol
 Ring correction                                   :         0.00000 kcal/mol




 Results for mixture 4
 ---------------------
 Temperature          :    293.150 K

 Compound Nr.         :          1         2
 Compound             :  AZ1353096 4-methyl-
 Mole Fraction        :     0.0000    1.0000

 Compound:  1  (AZ13530968)
 Chemical potential of the compound in the mixture :        -7.16841 kcal/mol
 Log10(partial pressure [mbar])                    :       -10.56159
 Free energy of molecule in mix (E_COSMO+dE+Mu)    :  -2204761.75929 kcal/mol
 Total mean interaction energy in the mix (H_int)  :       -14.09142 kcal/mol
 Misfit interaction energy in the mix (H_MF)       :         5.74820 kcal/mol
 H-Bond interaction energy in the mix (H_HB)       :        -1.41738 kcal/mol
 VdW interaction energy in the mix (H_vdW)         :       -18.44118 kcal/mol
 Ring correction                                   :        -2.22324 kcal/mol
 Log10(x_Solubility)                               :        -2.91738
 w_Solubility [g(Solute)/g(Solution)]              :  4.52901621E-03

 Compound:  2  (4-methyl-2-pentanone)
 Chemical potential of the compound in the mixture :        -2.06195 kcal/mol
 Log10(partial pressure [mbar])                    :         1.23273
 Free energy of molecule in mix (E_COSMO+dE+Mu)    :   -195303.77280 kcal/mol
 Total mean interaction energy in the mix (H_int)  :        -4.52457 kcal/mol
 Misfit interaction energy in the mix (H_MF)       :         2.99854 kcal/mol
 H-Bond interaction energy in the mix (H_HB)       :        -0.00028 kcal/mol
 VdW interaction energy in the mix (H_vdW)         :        -7.52283 kcal/mol
 Ring correction                                   :         0.00000 kcal/mol
 Log10(x_Solubility)                               :         0.00000




 Results for mixture 5
 ---------------------
 Temperature          :    293.150 K

 Compound Nr.         :          1         2
 Compound             :  AZ1353096 4-methyl-
 Mole Fraction        :     0.0012    0.9988

 Compound:  1  (AZ13530968)
 Chemical potential of the compound in the mixture :        -7.18641 kcal/mol
 Log10(partial pressure [mbar])                    :       -10.57501
 Free energy of molecule in mix (E_COSMO+dE+Mu)    :  -2204761.77729 kcal/mol
 Total mean interaction energy in the mix (H_int)  :       -14.13946 kcal/mol
 Misfit interaction energy in the mix (H_MF)       :         5.73015 kcal/mol
 H-Bond interaction energy in the mix (H_HB)       :        -1.43993 kcal/mol
 VdW interaction energy in the mix (H_vdW)         :       -18.44852 kcal/mol
 Ring correction                                   :        -2.22324 kcal/mol
 Log10(x_Solubility)                               :        -2.90396
 w_Solubility [g(Solute)/g(Solution)]              :  4.67066034E-03

 Compound:  2  (4-methyl-2-pentanone)
 Chemical potential of the compound in the mixture :        -2.06195 kcal/mol
 Log10(partial pressure [mbar])                    :         1.23273
 Free energy of molecule in mix (E_COSMO+dE+Mu)    :   -195303.77280 kcal/mol
 Total mean interaction energy in the mix (H_int)  :        -4.52955 kcal/mol
 Misfit interaction energy in the mix (H_MF)       :         2.99777 kcal/mol
 H-Bond interaction energy in the mix (H_HB)       :        -0.00198 kcal/mol
 VdW interaction energy in the mix (H_vdW)         :        -7.52534 kcal/mol
 Ring correction                                   :         0.00000 kcal/mol




 Results for mixture 6
 ---------------------
 Temperature          :    293.150 K

 Compound Nr.         :          1         2
 Compound             :  AZ1353096 4-methyl-
 Mole Fraction        :     0.0012    0.9988

 Compound:  1  (AZ13530968)
 Chemical potential of the compound in the mixture :        -7.18677 kcal/mol
 Log10(partial pressure [mbar])                    :       -10.57528
 Free energy of molecule in mix (E_COSMO+dE+Mu)    :  -2204761.77765 kcal/mol
 Total mean interaction energy in the mix (H_int)  :       -14.14066 kcal/mol
 Misfit interaction energy in the mix (H_MF)       :         5.72988 kcal/mol
 H-Bond interaction energy in the mix (H_HB)       :        -1.44063 kcal/mol
 VdW interaction energy in the mix (H_vdW)         :       -18.44875 kcal/mol
 Ring correction                                   :        -2.22324 kcal/mol
 Log10(x_Solubility)                               :        -2.90370
 w_Solubility [g(Solute)/g(Solution)]              :  4.67351739E-03

 Compound:  2  (4-methyl-2-pentanone)
 Chemical potential of the compound in the mixture :        -2.06195 kcal/mol
 Log10(partial pressure [mbar])                    :         1.23273
 Free energy of molecule in mix (E_COSMO+dE+Mu)    :   -195303.77280 kcal/mol
 Total mean interaction energy in the mix (H_int)  :        -4.52970 kcal/mol
 Misfit interaction energy in the mix (H_MF)       :         2.99775 kcal/mol
 H-Bond interaction energy in the mix (H_HB)       :        -0.00203 kcal/mol
 VdW interaction energy in the mix (H_vdW)         :        -7.52542 kcal/mol
 Ring correction                                   :         0.00000 kcal/mol




 Results for mixture 7
 ---------------------
 Temperature          :    293.150 K

 Compound Nr.         :          1         2
 Compound             :  AZ1353096 4-methyl-
 Mole Fraction        :     0.0012    0.9988

 Compound:  1  (AZ13530968)
 Chemical potential of the compound in the mixture :        -7.18678 kcal/mol
 Log10(partial pressure [mbar])                    :       -10.57529
 Free energy of molecule in mix (E_COSMO+dE+Mu)    :  -2204761.77766 kcal/mol
 Total mean interaction energy in the mix (H_int)  :       -14.14069 kcal/mol
 Misfit interaction energy in the mix (H_MF)       :         5.72987 kcal/mol
 H-Bond interaction energy in the mix (H_HB)       :        -1.44065 kcal/mol
 VdW interaction energy in the mix (H_vdW)         :       -18.44875 kcal/mol
 Ring correction                                   :        -2.22324 kcal/mol
 Log10(x_Solubility)                               :        -2.90369
 w_Solubility [g(Solute)/g(Solution)]              :  4.67357479E-03

 Compound:  2  (4-methyl-2-pentanone)
 Chemical potential of the compound in the mixture :        -2.06195 kcal/mol
 Log10(partial pressure [mbar])                    :         1.23273
 Free energy of molecule in mix (E_COSMO+dE+Mu)    :   -195303.77280 kcal/mol
 Total mean interaction energy in the mix (H_int)  :        -4.52970 kcal/mol
 Misfit interaction energy in the mix (H_MF)       :         2.99774 kcal/mol
 H-Bond interaction energy in the mix (H_HB)       :        -0.00203 kcal/mol
 VdW interaction energy in the mix (H_vdW)         :        -7.52542 kcal/mol
 Ring correction                                   :         0.00000 kcal/mol


----------------
 END job       1
----------------
