 ------------------------------------------------------------------------------ 
 COSMOtherm Version C30-1701 (revision 3140)
 ------------------------------------------------------------------------------ 
 written by Frank Eckert, Andreas Klamt, Larissa Koch, Selman Terzi
 Copyright (C) 1999-2017, COSMOlogic GmbH & Co. KG

 Job-Name   : !! Solubility Calculation of Solute in Solvent 
 Job-Date   : 03/31/2017
 Job-Time   : 14:48:18
 Hostname   : ukmcdwlx007
 OS-Type    : linux
 Executable : Linux 64-bit

 Reading COSMOtherm parameter file BP_TZVPD_FINE_C30_1701.ctd from directory /apps/cosmologic/COSMOthermX17/COSMOtherm/CTDATA-FILES/
 Info: # COSMOtherm parameter file BP_TZVPD_FINE_C30_1701.ctd for BP-TZVPD-FINE (BP-TZVP optimized) COSMO files                                              

 Reading COSMOtherm license key license.txt from directory /apps/cosmologic/COSMOthermX17/licensefiles/

 COSMOtherm license key expiration date 22-dec-2018
 COSMOtherm license key version 17.0
 Customer : AstraZeneca
 ID       : 100905

 License keys:
  product                   |    licensed version    | status
 ------------------------------------------------------------------------------ 
  COSMOtherm                |          17.0          | active
  TURBOMOLE                 |          7.1           | active
  COSMOconf                 |          4.1           | active
 ------------------------------------------------------------------------------ 


 Reading COSMO information for molecule 1 from file /dbs/AZcosmotherm/AZ_BP_TZVPD-FINE/a/AZ13530968_c0.cosmo
 Reading gas phase energy information for molecule 1 from file /dbs/AZcosmotherm/AZ_BP_TZVPD-FINE/a/AZ13530968_c0.energy
 Reading vapor pressure and property information for compound 1 from file /dbs/AZcosmotherm/AZ_BP_TZVPD-FINE/a/AZ13530968.vap
 Note: Vapor Pressure / property file /dbs/AZcosmotherm/AZ_BP_TZVPD-FINE/a/AZ13530968.vap is empty
 Free energy of fusion for pure compound 1 (DGFUS = 3.64493 kcal/mol)

 Compound Information for compound 1 conformer 1 (COSMO file /dbs/AZcosmotherm/AZ_BP_TZVPD-FINE/a/AZ13530968_c0.cosmo)
 Atomic weights         : 111111111111111111111111111111111111111111111
 E_COSMO+dE             :   -2204754.5909 kcal/mol
 E_gas                  :   -2204740.7759 kcal/mol
 E_COSMO-E_gas+dE       :        -13.8150 kcal/mol
 E_diel                 :        -18.7411 kcal/mol
 Averaging corr dE      :          1.1081 kcal/mol
 EvdW in continuum      :       -358.6958 kcal/mol
 Area                   :        347.5579 A^2
 Volume                 :        402.8905 A^3
 Molecular Weight       :        376.2926 a.m.u.
 Total COSMO charge     :          0.0028 a.u.
 Dipole moment (t,x,y,z):          7.1747  0.488760  7.156487 -0.149195 Debye                            
 Sigma moments (1-6)    :          0.0000  1.26E+02  4.58E+01  2.09E+02  1.75E+02  5.53E+02              
 H-bond moment (accept) :          6.7617
 H-bond moment (donor)  :          2.3419


 Reading COSMO information for molecule 2 from file /dbs/AZcosmotherm/AZ_BP_TZVPD-FINE/a/AZ13530968_c1.cosmo
 Reading gas phase energy information for molecule 2 from file /dbs/AZcosmotherm/AZ_BP_TZVPD-FINE/a/AZ13530968_c1.energy

 Compound Information for compound 1 conformer 2 (COSMO file /dbs/AZcosmotherm/AZ_BP_TZVPD-FINE/a/AZ13530968_c1.cosmo)
 Atomic weights         : 111111111111111111111111111111111111111111111
 E_COSMO+dE             :   -2204751.2414 kcal/mol
 E_gas                  :   -2204738.3753 kcal/mol
 E_COSMO-E_gas+dE       :        -12.8661 kcal/mol
 E_diel                 :        -17.6608 kcal/mol
 Averaging corr dE      :          1.0677 kcal/mol
 EvdW in continuum      :       -351.4171 kcal/mol
 Area                   :        340.9253 A^2
 Volume                 :        403.0683 A^3
 Molecular Weight       :        376.2926 a.m.u.
 Total COSMO charge     :          0.0031 a.u.
 Dipole moment (t,x,y,z):          7.7437 -4.364802 -6.198433  1.578924 Debye                            
 Sigma moments (1-6)    :          0.0000  1.16E+02  3.56E+01  1.86E+02  1.45E+02  4.85E+02              
 H-bond moment (accept) :          5.5908
 H-bond moment (donor)  :          2.1978


 Reading COSMO information for molecule 3 from file /dbs/AZcosmotherm/AZ_BP_TZVPD-FINE/a/AZ13530968_c2.cosmo
 Reading gas phase energy information for molecule 3 from file /dbs/AZcosmotherm/AZ_BP_TZVPD-FINE/a/AZ13530968_c2.energy

 Compound Information for compound 1 conformer 3 (COSMO file /dbs/AZcosmotherm/AZ_BP_TZVPD-FINE/a/AZ13530968_c2.cosmo)
 Atomic weights         : 111111111111111111111111111111111111111111111
 E_COSMO+dE             :   -2204749.4696 kcal/mol
 E_gas                  :   -2204735.8858 kcal/mol
 E_COSMO-E_gas+dE       :        -13.5838 kcal/mol
 E_diel                 :        -18.5107 kcal/mol
 Averaging corr dE      :          1.0974 kcal/mol
 EvdW in continuum      :       -356.7686 kcal/mol
 Area                   :        345.9657 A^2
 Volume                 :        403.3632 A^3
 Molecular Weight       :        376.2926 a.m.u.
 Total COSMO charge     :          0.0024 a.u.
 Dipole moment (t,x,y,z):          7.3409 -4.690418 -5.646647 -0.062138 Debye                            
 Sigma moments (1-6)    :          0.0000  1.23E+02  4.47E+01  2.02E+02  1.75E+02  5.37E+02              
 H-bond moment (accept) :          6.4083
 H-bond moment (donor)  :          2.1788


 Reading COSMO information for molecule 4 from file /apps/cosmologic/COSMOthermX17/COSMOtherm/DATABASE-COSMO/BP-TZVPD-FINE/1/1,2-dichloroethane_c0.cosmo
 Reading gas phase energy information for molecule 4 from file /apps/cosmologic/COSMOthermX17/COSMOtherm/DATABASE-COSMO/BP-TZVPD-FINE/1/1,2-dichloroethane_c0.energy
 Reading vapor pressure and property information for compound 2 from file /apps/cosmologic/COSMOthermX17/COSMOtherm/DATABASE-COSMO/BP-TZVPD-FINE/1/1,2-dichloroethane.vap
 Free energy of fusion for pure compound 2 (DGFUS = 0.00000 kcal/mol)
 Wagner equation coefficients ([mbar]/[K]) for compound 2:     54000.0000       561.0000        -7.3686         1.7673        -3.3430        -1.4353
 Vapor Pressure [mbar] / Temperature [°C] input for compound 2:
               10.0000           -16.4000
              100.0000            23.7000
             1000.0000            83.1000
 Antoine equation coefficients (in [mbar]/[K]) for compound 2:        16.4760      2930.1170       -50.0168
 Minimum interpolative temperature for vapor pressure estimation of compound 2:     256.750 K
 Maximum interpolative temperature for vapor pressure estimation of compound 2:     356.250 K
 Minimum temperature for vapor pressure estimation of pure compound 2 (TPVMIN = 260.00000 K)
 Maximum temperature for vapor pressure estimation of pure compound 2 (TPVMAX = 566.00000 K)
 UNIQUAC volume parameter for compound 2 (UNIQUAC_RI = 2.93080)
 UNIQUAC surface parameter for compound 2 (UNIQUAC_QI = 2.52800)
 Boiling temperature of compound 2 (TBOIL = 356.65000 K)
 Melting temperature of compound 2 (TMELT = 237.65000 K)

 Compound Information for compound 2 conformer 1 (COSMO file /apps/cosmologic/COSMOthermX17/COSMOtherm/DATABASE-COSMO/BP-TZVPD-FINE/1/1,2-dichloroethane_c0.cosmo)
 Atomic weights         : 11111111
 E_COSMO+dE             :    -627004.3328 kcal/mol
 E_gas                  :    -627000.8058 kcal/mol
 E_COSMO-E_gas+dE       :         -3.5270 kcal/mol
 E_diel                 :         -7.2086 kcal/mol
 Averaging corr dE      :          0.2701 kcal/mol
 EvdW in continuum      :       -137.9161 kcal/mol
 Area                   :        118.1247 A^2
 Volume                 :        105.1193 A^3
 Molecular Weight       :         98.9597 a.m.u.
 Total COSMO charge     :          0.0015 a.u.
 Dipole moment (t,x,y,z):          4.0230  0.001445 -4.022952  0.000308 Debye                            
 Sigma moments (1-6)    :          0.0000  4.24E+01 -6.750722  2.38E+01 -8.096405  1.57E+01              
 H-bond moment (accept) :          0.0000
 H-bond moment (donor)  :          0.0000


 Reading COSMO information for molecule 5 from file /apps/cosmologic/COSMOthermX17/COSMOtherm/DATABASE-COSMO/BP-TZVPD-FINE/1/1,2-dichloroethane_c1.cosmo
 Reading gas phase energy information for molecule 5 from file /apps/cosmologic/COSMOthermX17/COSMOtherm/DATABASE-COSMO/BP-TZVPD-FINE/1/1,2-dichloroethane_c1.energy
 Reading vapor pressure and property information for compound 2 from file /apps/cosmologic/COSMOthermX17/COSMOtherm/DATABASE-COSMO/BP-TZVPD-FINE/1/1,2-dichloroethane.vap
 Wagner equation coefficients ([mbar]/[K]) for compound 2:     54000.0000       561.0000        -7.3686         1.7673        -3.3430        -1.4353
 Vapor Pressure [mbar] / Temperature [°C] input for compound 2:
               10.0000           -16.4000
              100.0000            23.7000
             1000.0000            83.1000
 Antoine equation coefficients (in [mbar]/[K]) for compound 2:        16.4760      2930.1170       -50.0168
 UNIQUAC volume parameter for compound 2 (UNIQUAC_RI = 2.93080)
 UNIQUAC surface parameter for compound 2 (UNIQUAC_QI = 2.52800)
 Note: Extreme ratio (E_COSMO-E_GAS)/E_DIEL =      1.09 detected for compound /apps/cosmologic/COSMOthermX17/COSMOtherm/DATABASE-COSMO/BP-TZVPD-FINE/1/1,2-dichloroethane_c1.cosmo

 Compound Information for compound 2 conformer 2 (COSMO file /apps/cosmologic/COSMOthermX17/COSMOtherm/DATABASE-COSMO/BP-TZVPD-FINE/1/1,2-dichloroethane_c1.cosmo)
 Atomic weights         : 11111111
 E_COSMO+dE             :    -627004.2957 kcal/mol
 E_gas                  :    -626999.3019 kcal/mol
 E_COSMO-E_gas+dE       :         -4.9938 kcal/mol
 E_diel                 :         -4.5668 kcal/mol
 Averaging corr dE      :          0.2820 kcal/mol
 EvdW in continuum      :       -139.8568 kcal/mol
 Area                   :        119.3274 A^2
 Volume                 :        104.8481 A^3
 Molecular Weight       :         98.9597 a.m.u.
 Total COSMO charge     :          0.0014 a.u.
 Dipole moment (t,x,y,z):          0.0023  0.000854 -0.002003 -0.000712 Debye                            
 Sigma moments (1-6)    :          0.0000  3.55E+01 -6.416552  1.78E+01 -7.105677  1.09E+01              
 H-bond moment (accept) :          0.0000
 H-bond moment (donor)  :          0.0000


 Total number of processed compounds:    2
 Total number of processed molecules:    5


----------------
 START job     1
----------------

 ----------------------------------------------------
 Automatic computation of solubities in compound    2
 Computing solids solubilities: Heats of fusion used as given in the input file
 Computed solubilities will be refined iteratively: Threshold = 1.00E-05
 ----------------------------------------------------



 Results for mixture 1
 ---------------------
 Temperature          :    293.150 K

 Compound Nr.         :          1         2
 Compound             :  AZ1353096 1,2-dichl
 Mole Fraction        :     1.0000    0.0000

 Compound:  1  (AZ13530968)
 Chemical potential of the compound in the mixture :        -7.43676 kcal/mol
 Log10(partial pressure [mbar])                    :       -10.76165
 Free energy of molecule in mix (E_COSMO+dE+Mu)    :  -2204762.02764 kcal/mol
 Total mean interaction energy in the mix (H_int)  :       -18.69267 kcal/mol
 Misfit interaction energy in the mix (H_MF)       :         5.30393 kcal/mol
 H-Bond interaction energy in the mix (H_HB)       :        -3.16842 kcal/mol
 VdW interaction energy in the mix (H_vdW)         :       -20.84183 kcal/mol
 Ring correction                                   :        -2.22324 kcal/mol




 Results for mixture 2
 ---------------------
 Temperature          :    293.150 K

 Compound Nr.         :          1         2
 Compound             :  AZ1353096 1,2-dichl
 Mole Fraction        :     0.0000    1.0000

 Compound:  2  (1,2-dichloroethane)
 Chemical potential of the compound in the mixture :        -2.81672 kcal/mol
 Log10(partial pressure [mbar])                    :         2.03441
 Free energy of molecule in mix (E_COSMO+dE+Mu)    :   -627007.14952 kcal/mol
 Total mean interaction energy in the mix (H_int)  :        -4.66728 kcal/mol
 Misfit interaction energy in the mix (H_MF)       :         1.93620 kcal/mol
 H-Bond interaction energy in the mix (H_HB)       :         0.07249 kcal/mol
 VdW interaction energy in the mix (H_vdW)         :        -6.70271 kcal/mol
 Ring correction                                   :         0.00000 kcal/mol




 Results for mixture 3
 ---------------------
 Temperature          :    298.150 K

 Compound Nr.         :          1         2
 Compound             :  AZ1353096 1,2-dichl
 Mole Fraction        :     0.0000    1.0000

 Compound:  1  (AZ13530968)
 Chemical potential of the compound in the mixture :        -6.65716 kcal/mol
 Log10(partial pressure [mbar])                    :        -9.89986
 Free energy of molecule in mix (E_COSMO+dE+Mu)    :  -2204761.24804 kcal/mol
 Total mean interaction energy in the mix (H_int)  :       -14.48685 kcal/mol
 Misfit interaction energy in the mix (H_MF)       :         5.85497 kcal/mol
 H-Bond interaction energy in the mix (H_HB)       :        -0.12204 kcal/mol
 VdW interaction energy in the mix (H_vdW)         :       -20.23722 kcal/mol
 Ring correction                                   :        -2.22324 kcal/mol

 Compound:  2  (1,2-dichloroethane)
 Chemical potential of the compound in the mixture :        -2.78533 kcal/mol
 Log10(partial pressure [mbar])                    :         2.13442
 Free energy of molecule in mix (E_COSMO+dE+Mu)    :   -627007.11813 kcal/mol
 Total mean interaction energy in the mix (H_int)  :        -4.63194 kcal/mol
 Misfit interaction energy in the mix (H_MF)       :         1.95153 kcal/mol
 H-Bond interaction energy in the mix (H_HB)       :         0.07422 kcal/mol
 VdW interaction energy in the mix (H_vdW)         :        -6.68436 kcal/mol
 Ring correction                                   :         0.00000 kcal/mol




 Results for mixture 4
 ---------------------
 Temperature          :    293.150 K

 Compound Nr.         :          1         2
 Compound             :  AZ1353096 1,2-dichl
 Mole Fraction        :     0.0000    1.0000

 Compound:  1  (AZ13530968)
 Chemical potential of the compound in the mixture :        -6.80415 kcal/mol
 Log10(partial pressure [mbar])                    :       -10.29004
 Free energy of molecule in mix (E_COSMO+dE+Mu)    :  -2204761.39503 kcal/mol
 Total mean interaction energy in the mix (H_int)  :       -14.59816 kcal/mol
 Misfit interaction energy in the mix (H_MF)       :         5.81158 kcal/mol
 H-Bond interaction energy in the mix (H_HB)       :        -0.13223 kcal/mol
 VdW interaction energy in the mix (H_vdW)         :       -20.29323 kcal/mol
 Ring correction                                   :        -2.22324 kcal/mol
 Log10(x_Solubility)                               :        -3.18894
 w_Solubility [g(Solute)/g(Solution)]              :  2.45661992E-03

 Compound:  2  (1,2-dichloroethane)
 Chemical potential of the compound in the mixture :        -2.81672 kcal/mol
 Log10(partial pressure [mbar])                    :         2.03441
 Free energy of molecule in mix (E_COSMO+dE+Mu)    :   -627007.14952 kcal/mol
 Total mean interaction energy in the mix (H_int)  :        -4.66728 kcal/mol
 Misfit interaction energy in the mix (H_MF)       :         1.93620 kcal/mol
 H-Bond interaction energy in the mix (H_HB)       :         0.07249 kcal/mol
 VdW interaction energy in the mix (H_vdW)         :        -6.70271 kcal/mol
 Ring correction                                   :         0.00000 kcal/mol
 Log10(x_Solubility)                               :         0.00000




 Results for mixture 5
 ---------------------
 Temperature          :    293.150 K

 Compound Nr.         :          1         2
 Compound             :  AZ1353096 1,2-dichl
 Mole Fraction        :     0.0006    0.9994

 Compound:  1  (AZ13530968)
 Chemical potential of the compound in the mixture :        -6.92075 kcal/mol
 Log10(partial pressure [mbar])                    :       -10.37696
 Free energy of molecule in mix (E_COSMO+dE+Mu)    :  -2204761.51163 kcal/mol
 Total mean interaction energy in the mix (H_int)  :       -14.75511 kcal/mol
 Misfit interaction energy in the mix (H_MF)       :         5.70401 kcal/mol
 H-Bond interaction energy in the mix (H_HB)       :        -0.18009 kcal/mol
 VdW interaction energy in the mix (H_vdW)         :       -20.29468 kcal/mol
 Ring correction                                   :        -2.22324 kcal/mol
 Log10(x_Solubility)                               :        -3.10202
 w_Solubility [g(Solute)/g(Solution)]              :  2.99978792E-03

 Compound:  2  (1,2-dichloroethane)
 Chemical potential of the compound in the mixture :        -2.81671 kcal/mol
 Log10(partial pressure [mbar])                    :         2.03442
 Free energy of molecule in mix (E_COSMO+dE+Mu)    :   -627007.14951 kcal/mol
 Total mean interaction energy in the mix (H_int)  :        -4.66785 kcal/mol
 Misfit interaction energy in the mix (H_MF)       :         1.93635 kcal/mol
 H-Bond interaction energy in the mix (H_HB)       :         0.07226 kcal/mol
 VdW interaction energy in the mix (H_vdW)         :        -6.70322 kcal/mol
 Ring correction                                   :         0.00000 kcal/mol




 Results for mixture 6
 ---------------------
 Temperature          :    293.150 K

 Compound Nr.         :          1         2
 Compound             :  AZ1353096 1,2-dichl
 Mole Fraction        :     0.0008    0.9992

 Compound:  1  (AZ13530968)
 Chemical potential of the compound in the mixture :        -6.92319 kcal/mol
 Log10(partial pressure [mbar])                    :       -10.37879
 Free energy of molecule in mix (E_COSMO+dE+Mu)    :  -2204761.51408 kcal/mol
 Total mean interaction energy in the mix (H_int)  :       -14.76622 kcal/mol
 Misfit interaction energy in the mix (H_MF)       :         5.70353 kcal/mol
 H-Bond interaction energy in the mix (H_HB)       :        -0.19041 kcal/mol
 VdW interaction energy in the mix (H_vdW)         :       -20.29500 kcal/mol
 Ring correction                                   :        -2.22324 kcal/mol
 Log10(x_Solubility)                               :        -3.10019
 w_Solubility [g(Solute)/g(Solution)]              :  3.01236913E-03

 Compound:  2  (1,2-dichloroethane)
 Chemical potential of the compound in the mixture :        -2.81671 kcal/mol
 Log10(partial pressure [mbar])                    :         2.03442
 Free energy of molecule in mix (E_COSMO+dE+Mu)    :   -627007.14951 kcal/mol
 Total mean interaction energy in the mix (H_int)  :        -4.66798 kcal/mol
 Misfit interaction energy in the mix (H_MF)       :         1.93638 kcal/mol
 H-Bond interaction energy in the mix (H_HB)       :         0.07221 kcal/mol
 VdW interaction energy in the mix (H_vdW)         :        -6.70333 kcal/mol
 Ring correction                                   :         0.00000 kcal/mol




 Results for mixture 7
 ---------------------
 Temperature          :    293.150 K

 Compound Nr.         :          1         2
 Compound             :  AZ1353096 1,2-dichl
 Mole Fraction        :     0.0008    0.9992

 Compound:  1  (AZ13530968)
 Chemical potential of the compound in the mixture :        -6.92325 kcal/mol
 Log10(partial pressure [mbar])                    :       -10.37883
 Free energy of molecule in mix (E_COSMO+dE+Mu)    :  -2204761.51413 kcal/mol
 Total mean interaction energy in the mix (H_int)  :       -14.76647 kcal/mol
 Misfit interaction energy in the mix (H_MF)       :         5.70352 kcal/mol
 H-Bond interaction energy in the mix (H_HB)       :        -0.19064 kcal/mol
 VdW interaction energy in the mix (H_vdW)         :       -20.29501 kcal/mol
 Ring correction                                   :        -2.22324 kcal/mol
 Log10(x_Solubility)                               :        -3.10015
 w_Solubility [g(Solute)/g(Solution)]              :  3.01265781E-03

 Compound:  2  (1,2-dichloroethane)
 Chemical potential of the compound in the mixture :        -2.81671 kcal/mol
 Log10(partial pressure [mbar])                    :         2.03442
 Free energy of molecule in mix (E_COSMO+dE+Mu)    :   -627007.14951 kcal/mol
 Total mean interaction energy in the mix (H_int)  :        -4.66799 kcal/mol
 Misfit interaction energy in the mix (H_MF)       :         1.93638 kcal/mol
 H-Bond interaction energy in the mix (H_HB)       :         0.07221 kcal/mol
 VdW interaction energy in the mix (H_vdW)         :        -6.70334 kcal/mol
 Ring correction                                   :         0.00000 kcal/mol




 Results for mixture 8
 ---------------------
 Temperature          :    293.150 K

 Compound Nr.         :          1         2
 Compound             :  AZ1353096 1,2-dichl
 Mole Fraction        :     0.0008    0.9992

 Compound:  1  (AZ13530968)
 Chemical potential of the compound in the mixture :        -6.92325 kcal/mol
 Log10(partial pressure [mbar])                    :       -10.37883
 Free energy of molecule in mix (E_COSMO+dE+Mu)    :  -2204761.51413 kcal/mol
 Total mean interaction energy in the mix (H_int)  :       -14.76648 kcal/mol
 Misfit interaction energy in the mix (H_MF)       :         5.70352 kcal/mol
 H-Bond interaction energy in the mix (H_HB)       :        -0.19065 kcal/mol
 VdW interaction energy in the mix (H_vdW)         :       -20.29501 kcal/mol
 Ring correction                                   :        -2.22324 kcal/mol
 Log10(x_Solubility)                               :        -3.10015
 w_Solubility [g(Solute)/g(Solution)]              :  3.01266443E-03

 Compound:  2  (1,2-dichloroethane)
 Chemical potential of the compound in the mixture :        -2.81671 kcal/mol
 Log10(partial pressure [mbar])                    :         2.03442
 Free energy of molecule in mix (E_COSMO+dE+Mu)    :   -627007.14951 kcal/mol
 Total mean interaction energy in the mix (H_int)  :        -4.66799 kcal/mol
 Misfit interaction energy in the mix (H_MF)       :         1.93638 kcal/mol
 H-Bond interaction energy in the mix (H_HB)       :         0.07221 kcal/mol
 VdW interaction energy in the mix (H_vdW)         :        -6.70334 kcal/mol
 Ring correction                                   :         0.00000 kcal/mol


----------------
 END job       1
----------------
