 ------------------------------------------------------------------------------ 
 COSMOtherm Version C30-1701 (revision 3140)
 ------------------------------------------------------------------------------ 
 written by Frank Eckert, Andreas Klamt, Larissa Koch, Selman Terzi
 Copyright (C) 1999-2017, COSMOlogic GmbH & Co. KG

 Job-Name   : !! Solubility Calculation of Solute in Solvent 
 Job-Date   : 03/31/2017
 Job-Time   : 14:49:16
 Hostname   : ukmcdwlx007
 OS-Type    : linux
 Executable : Linux 64-bit

 Reading COSMOtherm parameter file BP_TZVPD_FINE_C30_1701.ctd from directory /apps/cosmologic/COSMOthermX17/COSMOtherm/CTDATA-FILES/
 Info: # COSMOtherm parameter file BP_TZVPD_FINE_C30_1701.ctd for BP-TZVPD-FINE (BP-TZVP optimized) COSMO files                                              

 Reading COSMOtherm license key license.txt from directory /apps/cosmologic/COSMOthermX17/licensefiles/

 COSMOtherm license key expiration date 22-dec-2018
 COSMOtherm license key version 17.0
 Customer : AstraZeneca
 ID       : 100905

 License keys:
  product                   |    licensed version    | status
 ------------------------------------------------------------------------------ 
  COSMOtherm                |          17.0          | active
  TURBOMOLE                 |          7.1           | active
  COSMOconf                 |          4.1           | active
 ------------------------------------------------------------------------------ 


 Reading COSMO information for molecule 1 from file /dbs/AZcosmotherm/AZ_BP_TZVPD-FINE/a/AZ13530968_c0.cosmo
 Reading gas phase energy information for molecule 1 from file /dbs/AZcosmotherm/AZ_BP_TZVPD-FINE/a/AZ13530968_c0.energy
 Reading vapor pressure and property information for compound 1 from file /dbs/AZcosmotherm/AZ_BP_TZVPD-FINE/a/AZ13530968.vap
 Note: Vapor Pressure / property file /dbs/AZcosmotherm/AZ_BP_TZVPD-FINE/a/AZ13530968.vap is empty
 Free energy of fusion for pure compound 1 (DGFUS = 3.64493 kcal/mol)

 Compound Information for compound 1 conformer 1 (COSMO file /dbs/AZcosmotherm/AZ_BP_TZVPD-FINE/a/AZ13530968_c0.cosmo)
 Atomic weights         : 111111111111111111111111111111111111111111111
 E_COSMO+dE             :   -2204754.5909 kcal/mol
 E_gas                  :   -2204740.7759 kcal/mol
 E_COSMO-E_gas+dE       :        -13.8150 kcal/mol
 E_diel                 :        -18.7411 kcal/mol
 Averaging corr dE      :          1.1081 kcal/mol
 EvdW in continuum      :       -358.6958 kcal/mol
 Area                   :        347.5579 A^2
 Volume                 :        402.8905 A^3
 Molecular Weight       :        376.2926 a.m.u.
 Total COSMO charge     :          0.0028 a.u.
 Dipole moment (t,x,y,z):          7.1747  0.488760  7.156487 -0.149195 Debye                            
 Sigma moments (1-6)    :          0.0000  1.26E+02  4.58E+01  2.09E+02  1.75E+02  5.53E+02              
 H-bond moment (accept) :          6.7617
 H-bond moment (donor)  :          2.3419


 Reading COSMO information for molecule 2 from file /dbs/AZcosmotherm/AZ_BP_TZVPD-FINE/a/AZ13530968_c1.cosmo
 Reading gas phase energy information for molecule 2 from file /dbs/AZcosmotherm/AZ_BP_TZVPD-FINE/a/AZ13530968_c1.energy

 Compound Information for compound 1 conformer 2 (COSMO file /dbs/AZcosmotherm/AZ_BP_TZVPD-FINE/a/AZ13530968_c1.cosmo)
 Atomic weights         : 111111111111111111111111111111111111111111111
 E_COSMO+dE             :   -2204751.2414 kcal/mol
 E_gas                  :   -2204738.3753 kcal/mol
 E_COSMO-E_gas+dE       :        -12.8661 kcal/mol
 E_diel                 :        -17.6608 kcal/mol
 Averaging corr dE      :          1.0677 kcal/mol
 EvdW in continuum      :       -351.4171 kcal/mol
 Area                   :        340.9253 A^2
 Volume                 :        403.0683 A^3
 Molecular Weight       :        376.2926 a.m.u.
 Total COSMO charge     :          0.0031 a.u.
 Dipole moment (t,x,y,z):          7.7437 -4.364802 -6.198433  1.578924 Debye                            
 Sigma moments (1-6)    :          0.0000  1.16E+02  3.56E+01  1.86E+02  1.45E+02  4.85E+02              
 H-bond moment (accept) :          5.5908
 H-bond moment (donor)  :          2.1978


 Reading COSMO information for molecule 3 from file /dbs/AZcosmotherm/AZ_BP_TZVPD-FINE/a/AZ13530968_c2.cosmo
 Reading gas phase energy information for molecule 3 from file /dbs/AZcosmotherm/AZ_BP_TZVPD-FINE/a/AZ13530968_c2.energy

 Compound Information for compound 1 conformer 3 (COSMO file /dbs/AZcosmotherm/AZ_BP_TZVPD-FINE/a/AZ13530968_c2.cosmo)
 Atomic weights         : 111111111111111111111111111111111111111111111
 E_COSMO+dE             :   -2204749.4696 kcal/mol
 E_gas                  :   -2204735.8858 kcal/mol
 E_COSMO-E_gas+dE       :        -13.5838 kcal/mol
 E_diel                 :        -18.5107 kcal/mol
 Averaging corr dE      :          1.0974 kcal/mol
 EvdW in continuum      :       -356.7686 kcal/mol
 Area                   :        345.9657 A^2
 Volume                 :        403.3632 A^3
 Molecular Weight       :        376.2926 a.m.u.
 Total COSMO charge     :          0.0024 a.u.
 Dipole moment (t,x,y,z):          7.3409 -4.690418 -5.646647 -0.062138 Debye                            
 Sigma moments (1-6)    :          0.0000  1.23E+02  4.47E+01  2.02E+02  1.75E+02  5.37E+02              
 H-bond moment (accept) :          6.4083
 H-bond moment (donor)  :          2.1788


 Reading COSMO information for molecule 4 from file /dbs/AZcosmotherm/AZ_BP_TZVPD-FINE/2/2-6-Dimethyl-4-heptanone_c0.cosmo
 Reading gas phase energy information for molecule 4 from file /dbs/AZcosmotherm/AZ_BP_TZVPD-FINE/2/2-6-Dimethyl-4-heptanone_c0.energy
 Reading vapor pressure and property information for compound 2 from file /dbs/AZcosmotherm/AZ_BP_TZVPD-FINE/2/2-6-Dimethyl-4-heptanone.vap
 Note: Vapor Pressure / property file /dbs/AZcosmotherm/AZ_BP_TZVPD-FINE/2/2-6-Dimethyl-4-heptanone.vap is empty
 Free energy of fusion for pure compound 2 (DGFUS = 0.00000 kcal/mol)

 Compound Information for compound 2 conformer 1 (COSMO file /dbs/AZcosmotherm/AZ_BP_TZVPD-FINE/2/2-6-Dimethyl-4-heptanone_c0.cosmo)
 Atomic weights         : 1111111111111111111111111111
 E_COSMO+dE             :    -269335.9325 kcal/mol
 E_gas                  :    -269331.1861 kcal/mol
 E_COSMO-E_gas+dE       :         -4.7464 kcal/mol
 E_diel                 :         -6.7802 kcal/mol
 Averaging corr dE      :          0.3779 kcal/mol
 EvdW in continuum      :       -200.5179 kcal/mol
 Area                   :        213.0417 A^2
 Volume                 :        216.5542 A^3
 Molecular Weight       :        142.2395 a.m.u.
 Total COSMO charge     :          0.0007 a.u.
 Dipole moment (t,x,y,z):          3.7015 -0.172904 -0.401056 -3.675638 Debye                            
 Sigma moments (1-6)    :          0.0000  4.22E+01  2.80E+01  4.82E+01  6.07E+01  8.93E+01              
 H-bond moment (accept) :          1.8827
 H-bond moment (donor)  :          0.0000


 Reading COSMO information for molecule 5 from file /dbs/AZcosmotherm/AZ_BP_TZVPD-FINE/2/2-6-Dimethyl-4-heptanone_c1.cosmo
 Reading gas phase energy information for molecule 5 from file /dbs/AZcosmotherm/AZ_BP_TZVPD-FINE/2/2-6-Dimethyl-4-heptanone_c1.energy

 Compound Information for compound 2 conformer 2 (COSMO file /dbs/AZcosmotherm/AZ_BP_TZVPD-FINE/2/2-6-Dimethyl-4-heptanone_c1.cosmo)
 Atomic weights         : 1111111111111111111111111111
 E_COSMO+dE             :    -269335.2524 kcal/mol
 E_gas                  :    -269330.0736 kcal/mol
 E_COSMO-E_gas+dE       :         -5.1789 kcal/mol
 E_diel                 :         -7.3779 kcal/mol
 Averaging corr dE      :          0.3710 kcal/mol
 EvdW in continuum      :       -197.2145 kcal/mol
 Area                   :        209.0111 A^2
 Volume                 :        218.0256 A^3
 Molecular Weight       :        142.2395 a.m.u.
 Total COSMO charge     :          0.0005 a.u.
 Dipole moment (t,x,y,z):          4.1026  1.494926  3.622150  1.215230 Debye                            
 Sigma moments (1-6)    :          0.0000  4.50E+01  3.31E+01  5.69E+01  7.55E+01  1.14E+02              
 H-bond moment (accept) :          2.3492
 H-bond moment (donor)  :          0.0000


 Total number of processed compounds:    2
 Total number of processed molecules:    5


----------------
 START job     1
----------------

 ----------------------------------------------------
 Automatic computation of solubities in compound    2
 Computing solids solubilities: Heats of fusion used as given in the input file
 Computed solubilities will be refined iteratively: Threshold = 1.00E-05
 ----------------------------------------------------



 Results for mixture 1
 ---------------------
 Temperature          :    293.150 K

 Compound Nr.         :          1         2
 Compound             :  AZ1353096 2-6-Dimet
 Mole Fraction        :     1.0000    0.0000

 Compound:  1  (AZ13530968)
 Chemical potential of the compound in the mixture :        -7.43676 kcal/mol
 Log10(partial pressure [mbar])                    :       -10.76165
 Free energy of molecule in mix (E_COSMO+dE+Mu)    :  -2204762.02764 kcal/mol
 Total mean interaction energy in the mix (H_int)  :       -18.69267 kcal/mol
 Misfit interaction energy in the mix (H_MF)       :         5.30393 kcal/mol
 H-Bond interaction energy in the mix (H_HB)       :        -3.16842 kcal/mol
 VdW interaction energy in the mix (H_vdW)         :       -20.84183 kcal/mol
 Ring correction                                   :        -2.22324 kcal/mol




 Results for mixture 2
 ---------------------
 Temperature          :    293.150 K

 Compound Nr.         :          1         2
 Compound             :  AZ1353096 2-6-Dimet
 Mole Fraction        :     0.0000    1.0000

 Compound:  2  (2-6-Dimethyl-4-heptanone)
 Chemical potential of the compound in the mixture :        -4.06390 kcal/mol
 Log10(partial pressure [mbar])                    :         0.22391
 Free energy of molecule in mix (E_COSMO+dE+Mu)    :   -269339.99640 kcal/mol
 Total mean interaction energy in the mix (H_int)  :        -7.22831 kcal/mol
 Misfit interaction energy in the mix (H_MF)       :         3.14595 kcal/mol
 H-Bond interaction energy in the mix (H_HB)       :         0.00107 kcal/mol
 VdW interaction energy in the mix (H_vdW)         :       -10.46664 kcal/mol
 Ring correction                                   :         0.00000 kcal/mol




 Results for mixture 3
 ---------------------
 Temperature          :    298.150 K

 Compound Nr.         :          1         2
 Compound             :  AZ1353096 2-6-Dimet
 Mole Fraction        :     0.0000    1.0000

 Compound:  1  (AZ13530968)
 Chemical potential of the compound in the mixture :        -6.28871 kcal/mol
 Log10(partial pressure [mbar])                    :        -9.62979
 Free energy of molecule in mix (E_COSMO+dE+Mu)    :  -2204760.87959 kcal/mol
 Total mean interaction energy in the mix (H_int)  :       -14.03643 kcal/mol
 Misfit interaction energy in the mix (H_MF)       :         5.43218 kcal/mol
 H-Bond interaction energy in the mix (H_HB)       :        -0.76554 kcal/mol
 VdW interaction energy in the mix (H_vdW)         :       -18.72595 kcal/mol
 Ring correction                                   :        -2.22324 kcal/mol

 Compound:  2  (2-6-Dimethyl-4-heptanone)
 Chemical potential of the compound in the mixture :        -4.01024 kcal/mol
 Log10(partial pressure [mbar])                    :         0.37155
 Free energy of molecule in mix (E_COSMO+dE+Mu)    :   -269339.94274 kcal/mol
 Total mean interaction energy in the mix (H_int)  :        -7.18520 kcal/mol
 Misfit interaction energy in the mix (H_MF)       :         3.15644 kcal/mol
 H-Bond interaction energy in the mix (H_HB)       :         0.00111 kcal/mol
 VdW interaction energy in the mix (H_vdW)         :       -10.43670 kcal/mol
 Ring correction                                   :         0.00000 kcal/mol




 Results for mixture 4
 ---------------------
 Temperature          :    293.150 K

 Compound Nr.         :          1         2
 Compound             :  AZ1353096 2-6-Dimet
 Mole Fraction        :     0.0000    1.0000

 Compound:  1  (AZ13530968)
 Chemical potential of the compound in the mixture :        -6.45798 kcal/mol
 Log10(partial pressure [mbar])                    :       -10.03197
 Free energy of molecule in mix (E_COSMO+dE+Mu)    :  -2204761.04886 kcal/mol
 Total mean interaction energy in the mix (H_int)  :       -14.15389 kcal/mol
 Misfit interaction energy in the mix (H_MF)       :         5.39899 kcal/mol
 H-Bond interaction energy in the mix (H_HB)       :        -0.79488 kcal/mol
 VdW interaction energy in the mix (H_vdW)         :       -18.77875 kcal/mol
 Ring correction                                   :        -2.22324 kcal/mol
 Log10(x_Solubility)                               :        -3.44701
 w_Solubility [g(Solute)/g(Solution)]              :  9.44577918E-04

 Compound:  2  (2-6-Dimethyl-4-heptanone)
 Chemical potential of the compound in the mixture :        -4.06390 kcal/mol
 Log10(partial pressure [mbar])                    :         0.22391
 Free energy of molecule in mix (E_COSMO+dE+Mu)    :   -269339.99640 kcal/mol
 Total mean interaction energy in the mix (H_int)  :        -7.22831 kcal/mol
 Misfit interaction energy in the mix (H_MF)       :         3.14595 kcal/mol
 H-Bond interaction energy in the mix (H_HB)       :         0.00107 kcal/mol
 VdW interaction energy in the mix (H_vdW)         :       -10.46664 kcal/mol
 Ring correction                                   :         0.00000 kcal/mol
 Log10(x_Solubility)                               :         0.00000




 Results for mixture 5
 ---------------------
 Temperature          :    293.150 K

 Compound Nr.         :          1         2
 Compound             :  AZ1353096 2-6-Dimet
 Mole Fraction        :     0.0004    0.9996

 Compound:  1  (AZ13530968)
 Chemical potential of the compound in the mixture :        -6.48155 kcal/mol
 Log10(partial pressure [mbar])                    :       -10.04953
 Free energy of molecule in mix (E_COSMO+dE+Mu)    :  -2204761.07243 kcal/mol
 Total mean interaction energy in the mix (H_int)  :       -14.18657 kcal/mol
 Misfit interaction energy in the mix (H_MF)       :         5.37585 kcal/mol
 H-Bond interaction energy in the mix (H_HB)       :        -0.80281 kcal/mol
 VdW interaction energy in the mix (H_vdW)         :       -18.78027 kcal/mol
 Ring correction                                   :        -2.22324 kcal/mol
 Log10(x_Solubility)                               :        -3.42945
 w_Solubility [g(Solute)/g(Solution)]              :  9.83544813E-04

 Compound:  2  (2-6-Dimethyl-4-heptanone)
 Chemical potential of the compound in the mixture :        -4.06390 kcal/mol
 Log10(partial pressure [mbar])                    :         0.22391
 Free energy of molecule in mix (E_COSMO+dE+Mu)    :   -269339.99639 kcal/mol
 Total mean interaction energy in the mix (H_int)  :        -7.22913 kcal/mol
 Misfit interaction energy in the mix (H_MF)       :         3.14604 kcal/mol
 H-Bond interaction energy in the mix (H_HB)       :         0.00079 kcal/mol
 VdW interaction energy in the mix (H_vdW)         :       -10.46728 kcal/mol
 Ring correction                                   :         0.00000 kcal/mol




 Results for mixture 6
 ---------------------
 Temperature          :    293.150 K

 Compound Nr.         :          1         2
 Compound             :  AZ1353096 2-6-Dimet
 Mole Fraction        :     0.0004    0.9996

 Compound:  1  (AZ13530968)
 Chemical potential of the compound in the mixture :        -6.48204 kcal/mol
 Log10(partial pressure [mbar])                    :       -10.04990
 Free energy of molecule in mix (E_COSMO+dE+Mu)    :  -2204761.07292 kcal/mol
 Total mean interaction energy in the mix (H_int)  :       -14.18737 kcal/mol
 Misfit interaction energy in the mix (H_MF)       :         5.37544 kcal/mol
 H-Bond interaction energy in the mix (H_HB)       :        -0.80314 kcal/mol
 VdW interaction energy in the mix (H_vdW)         :       -18.78033 kcal/mol
 Ring correction                                   :        -2.22324 kcal/mol
 Log10(x_Solubility)                               :        -3.42908
 w_Solubility [g(Solute)/g(Solution)]              :  9.84382585E-04

 Compound:  2  (2-6-Dimethyl-4-heptanone)
 Chemical potential of the compound in the mixture :        -4.06390 kcal/mol
 Log10(partial pressure [mbar])                    :         0.22391
 Free energy of molecule in mix (E_COSMO+dE+Mu)    :   -269339.99639 kcal/mol
 Total mean interaction energy in the mix (H_int)  :        -7.22916 kcal/mol
 Misfit interaction energy in the mix (H_MF)       :         3.14604 kcal/mol
 H-Bond interaction energy in the mix (H_HB)       :         0.00078 kcal/mol
 VdW interaction energy in the mix (H_vdW)         :       -10.46731 kcal/mol
 Ring correction                                   :         0.00000 kcal/mol




 Results for mixture 7
 ---------------------
 Temperature          :    293.150 K

 Compound Nr.         :          1         2
 Compound             :  AZ1353096 2-6-Dimet
 Mole Fraction        :     0.0004    0.9996

 Compound:  1  (AZ13530968)
 Chemical potential of the compound in the mixture :        -6.48205 kcal/mol
 Log10(partial pressure [mbar])                    :       -10.04991
 Free energy of molecule in mix (E_COSMO+dE+Mu)    :  -2204761.07293 kcal/mol
 Total mean interaction energy in the mix (H_int)  :       -14.18738 kcal/mol
 Misfit interaction energy in the mix (H_MF)       :         5.37543 kcal/mol
 H-Bond interaction energy in the mix (H_HB)       :        -0.80315 kcal/mol
 VdW interaction energy in the mix (H_vdW)         :       -18.78033 kcal/mol
 Ring correction                                   :        -2.22324 kcal/mol
 Log10(x_Solubility)                               :        -3.42907
 w_Solubility [g(Solute)/g(Solution)]              :  9.84400403E-04

 Compound:  2  (2-6-Dimethyl-4-heptanone)
 Chemical potential of the compound in the mixture :        -4.06390 kcal/mol
 Log10(partial pressure [mbar])                    :         0.22391
 Free energy of molecule in mix (E_COSMO+dE+Mu)    :   -269339.99639 kcal/mol
 Total mean interaction energy in the mix (H_int)  :        -7.22916 kcal/mol
 Misfit interaction energy in the mix (H_MF)       :         3.14604 kcal/mol
 H-Bond interaction energy in the mix (H_HB)       :         0.00078 kcal/mol
 VdW interaction energy in the mix (H_vdW)         :       -10.46731 kcal/mol
 Ring correction                                   :         0.00000 kcal/mol


----------------
 END job       1
----------------
