 ------------------------------------------------------------------------------ 
 COSMOtherm Version C30-1701 (revision 3140)
 ------------------------------------------------------------------------------ 
 written by Frank Eckert, Andreas Klamt, Larissa Koch, Selman Terzi
 Copyright (C) 1999-2017, COSMOlogic GmbH & Co. KG

 Job-Name   : !! Solubility Calculation of Solute in Solvent 
 Job-Date   : 03/31/2017
 Job-Time   : 14:49:39
 Hostname   : ukmcdwlx007
 OS-Type    : linux
 Executable : Linux 64-bit

 Reading COSMOtherm parameter file BP_TZVPD_FINE_C30_1701.ctd from directory /apps/cosmologic/COSMOthermX17/COSMOtherm/CTDATA-FILES/
 Info: # COSMOtherm parameter file BP_TZVPD_FINE_C30_1701.ctd for BP-TZVPD-FINE (BP-TZVP optimized) COSMO files                                              

 Reading COSMOtherm license key license.txt from directory /apps/cosmologic/COSMOthermX17/licensefiles/

 COSMOtherm license key expiration date 22-dec-2018
 COSMOtherm license key version 17.0
 Customer : AstraZeneca
 ID       : 100905

 License keys:
  product                   |    licensed version    | status
 ------------------------------------------------------------------------------ 
  COSMOtherm                |          17.0          | active
  TURBOMOLE                 |          7.1           | active
  COSMOconf                 |          4.1           | active
 ------------------------------------------------------------------------------ 


 Reading COSMO information for molecule 1 from file /dbs/AZcosmotherm/AZ_BP_TZVPD-FINE/a/AZ13530968_c0.cosmo
 Reading gas phase energy information for molecule 1 from file /dbs/AZcosmotherm/AZ_BP_TZVPD-FINE/a/AZ13530968_c0.energy
 Reading vapor pressure and property information for compound 1 from file /dbs/AZcosmotherm/AZ_BP_TZVPD-FINE/a/AZ13530968.vap
 Note: Vapor Pressure / property file /dbs/AZcosmotherm/AZ_BP_TZVPD-FINE/a/AZ13530968.vap is empty
 Free energy of fusion for pure compound 1 (DGFUS = 3.64493 kcal/mol)

 Compound Information for compound 1 conformer 1 (COSMO file /dbs/AZcosmotherm/AZ_BP_TZVPD-FINE/a/AZ13530968_c0.cosmo)
 Atomic weights         : 111111111111111111111111111111111111111111111
 E_COSMO+dE             :   -2204754.5909 kcal/mol
 E_gas                  :   -2204740.7759 kcal/mol
 E_COSMO-E_gas+dE       :        -13.8150 kcal/mol
 E_diel                 :        -18.7411 kcal/mol
 Averaging corr dE      :          1.1081 kcal/mol
 EvdW in continuum      :       -358.6958 kcal/mol
 Area                   :        347.5579 A^2
 Volume                 :        402.8905 A^3
 Molecular Weight       :        376.2926 a.m.u.
 Total COSMO charge     :          0.0028 a.u.
 Dipole moment (t,x,y,z):          7.1747  0.488760  7.156487 -0.149195 Debye                            
 Sigma moments (1-6)    :          0.0000  1.26E+02  4.58E+01  2.09E+02  1.75E+02  5.53E+02              
 H-bond moment (accept) :          6.7617
 H-bond moment (donor)  :          2.3419


 Reading COSMO information for molecule 2 from file /dbs/AZcosmotherm/AZ_BP_TZVPD-FINE/a/AZ13530968_c1.cosmo
 Reading gas phase energy information for molecule 2 from file /dbs/AZcosmotherm/AZ_BP_TZVPD-FINE/a/AZ13530968_c1.energy

 Compound Information for compound 1 conformer 2 (COSMO file /dbs/AZcosmotherm/AZ_BP_TZVPD-FINE/a/AZ13530968_c1.cosmo)
 Atomic weights         : 111111111111111111111111111111111111111111111
 E_COSMO+dE             :   -2204751.2414 kcal/mol
 E_gas                  :   -2204738.3753 kcal/mol
 E_COSMO-E_gas+dE       :        -12.8661 kcal/mol
 E_diel                 :        -17.6608 kcal/mol
 Averaging corr dE      :          1.0677 kcal/mol
 EvdW in continuum      :       -351.4171 kcal/mol
 Area                   :        340.9253 A^2
 Volume                 :        403.0683 A^3
 Molecular Weight       :        376.2926 a.m.u.
 Total COSMO charge     :          0.0031 a.u.
 Dipole moment (t,x,y,z):          7.7437 -4.364802 -6.198433  1.578924 Debye                            
 Sigma moments (1-6)    :          0.0000  1.16E+02  3.56E+01  1.86E+02  1.45E+02  4.85E+02              
 H-bond moment (accept) :          5.5908
 H-bond moment (donor)  :          2.1978


 Reading COSMO information for molecule 3 from file /dbs/AZcosmotherm/AZ_BP_TZVPD-FINE/a/AZ13530968_c2.cosmo
 Reading gas phase energy information for molecule 3 from file /dbs/AZcosmotherm/AZ_BP_TZVPD-FINE/a/AZ13530968_c2.energy

 Compound Information for compound 1 conformer 3 (COSMO file /dbs/AZcosmotherm/AZ_BP_TZVPD-FINE/a/AZ13530968_c2.cosmo)
 Atomic weights         : 111111111111111111111111111111111111111111111
 E_COSMO+dE             :   -2204749.4696 kcal/mol
 E_gas                  :   -2204735.8858 kcal/mol
 E_COSMO-E_gas+dE       :        -13.5838 kcal/mol
 E_diel                 :        -18.5107 kcal/mol
 Averaging corr dE      :          1.0974 kcal/mol
 EvdW in continuum      :       -356.7686 kcal/mol
 Area                   :        345.9657 A^2
 Volume                 :        403.3632 A^3
 Molecular Weight       :        376.2926 a.m.u.
 Total COSMO charge     :          0.0024 a.u.
 Dipole moment (t,x,y,z):          7.3409 -4.690418 -5.646647 -0.062138 Debye                            
 Sigma moments (1-6)    :          0.0000  1.23E+02  4.47E+01  2.02E+02  1.75E+02  5.37E+02              
 H-bond moment (accept) :          6.4083
 H-bond moment (donor)  :          2.1788


 Reading COSMO information for molecule 4 from file /apps/cosmologic/COSMOthermX17/COSMOtherm/DATABASE-COSMO/BP-TZVPD-FINE/t/tert-butanol_c0.cosmo
 Reading gas phase energy information for molecule 4 from file /apps/cosmologic/COSMOthermX17/COSMOtherm/DATABASE-COSMO/BP-TZVPD-FINE/t/tert-butanol_c0.energy
 Reading vapor pressure and property information for compound 2 from file /apps/cosmologic/COSMOthermX17/COSMOtherm/DATABASE-COSMO/BP-TZVPD-FINE/t/tert-butanol.vap
 Free energy of fusion for pure compound 2 (DGFUS = 0.00000 kcal/mol)
 Enthalpy of fusion for pure compound 2 (DHFUS = 1.60206 kcal/mol)
 Antoine equation coefficients ([mbar]/[K]) for compound 2:        17.1424      2658.2900       -95.5000
 Minimum temperature for vapor pressure estimation of pure compound 2 (TPVMIN = 293.00000 K)
 Maximum temperature for vapor pressure estimation of pure compound 2 (TPVMAX = 376.00000 K)
 UNIQUAC volume parameter for compound 2 (UNIQUAC_RI = 3.45280)
 UNIQUAC surface parameter for compound 2 (UNIQUAC_QI = 3.12800)
 Boiling temperature of compound 2 (TBOIL = 355.55000 K)
 Melting temperature of compound 2 (TMELT = 298.55000 K)
 Experimental dielectric constant for molecule 4   EPSILON = 12.30000
 Critical temperature of compound 2 (TCRIT = 506.21000 K)
 Critical pressure of compound 2 (PCRIT = 39730.00000 mbar)

 Compound Information for compound 2 (COSMO file /apps/cosmologic/COSMOthermX17/COSMOtherm/DATABASE-COSMO/BP-TZVPD-FINE/t/tert-butanol_c0.cosmo)
 Atomic weights         : 111111111111111
 E_COSMO+dE             :    -146701.4001 kcal/mol
 E_gas                  :    -146696.6772 kcal/mol
 E_COSMO-E_gas+dE       :         -4.7229 kcal/mol
 E_diel                 :         -6.1724 kcal/mol
 Averaging corr dE      :          0.4123 kcal/mol
 EvdW in continuum      :       -118.2576 kcal/mol
 Area                   :        124.6924 A^2
 Volume                 :        114.2875 A^3
 Molecular Weight       :         74.1220 a.m.u.
 Total COSMO charge     :          0.0002 a.u.
 Dipole moment (t,x,y,z):          2.2777  0.744816  1.368526 -1.661366 Debye                            
 Sigma moments (1-6)    :          0.0000  4.75E+01  2.23E+01  8.78E+01  6.94E+01  2.17E+02              
 H-bond moment (accept) :          3.2406
 H-bond moment (donor)  :          1.1091


 Total number of processed compounds:    2
 Total number of processed molecules:    4


----------------
 START job     1
----------------

 ----------------------------------------------------
 Automatic computation of solubities in compound    2
 Computing solids solubilities: Heats of fusion used as given in the input file
 Computed solubilities will be refined iteratively: Threshold = 1.00E-05
 ----------------------------------------------------



 Results for mixture 1
 ---------------------
 Temperature          :    293.150 K

 Compound Nr.         :          1         2
 Compound             :  AZ1353096 tert-buta
 Mole Fraction        :     1.0000    0.0000

 Compound:  1  (AZ13530968)
 Chemical potential of the compound in the mixture :        -7.43676 kcal/mol
 Log10(partial pressure [mbar])                    :       -10.76165
 Free energy of molecule in mix (E_COSMO+dE+Mu)    :  -2204762.02764 kcal/mol
 Total mean interaction energy in the mix (H_int)  :       -18.69267 kcal/mol
 Misfit interaction energy in the mix (H_MF)       :         5.30393 kcal/mol
 H-Bond interaction energy in the mix (H_HB)       :        -3.16842 kcal/mol
 VdW interaction energy in the mix (H_vdW)         :       -20.84183 kcal/mol
 Ring correction                                   :        -2.22324 kcal/mol




 Results for mixture 2
 ---------------------
 Temperature          :    293.150 K

 Compound Nr.         :          1         2
 Compound             :  AZ1353096 tert-buta
 Mole Fraction        :     0.0000    1.0000

 Compound:  2  (tert-butanol)
 Chemical potential of the compound in the mixture :        -2.40053 kcal/mol
 Log10(partial pressure [mbar])                    :         1.42150
 Free energy of molecule in mix (E_COSMO+dE+Mu)    :   -146703.80060 kcal/mol
 Total mean interaction energy in the mix (H_int)  :        -6.32025 kcal/mol
 Misfit interaction energy in the mix (H_MF)       :         1.78640 kcal/mol
 H-Bond interaction energy in the mix (H_HB)       :        -2.41241 kcal/mol
 VdW interaction energy in the mix (H_vdW)         :        -5.69424 kcal/mol
 Ring correction                                   :         0.00000 kcal/mol




 Results for mixture 3
 ---------------------
 Temperature          :    298.150 K

 Compound Nr.         :          1         2
 Compound             :  AZ1353096 tert-buta
 Mole Fraction        :     0.0000    1.0000

 Compound:  1  (AZ13530968)
 Chemical potential of the compound in the mixture :        -7.71625 kcal/mol
 Log10(partial pressure [mbar])                    :       -10.67618
 Free energy of molecule in mix (E_COSMO+dE+Mu)    :  -2204762.30714 kcal/mol
 Total mean interaction energy in the mix (H_int)  :       -17.76590 kcal/mol
 Misfit interaction energy in the mix (H_MF)       :         5.03335 kcal/mol
 H-Bond interaction energy in the mix (H_HB)       :        -4.64189 kcal/mol
 VdW interaction energy in the mix (H_vdW)         :       -18.16886 kcal/mol
 Ring correction                                   :        -2.22324 kcal/mol

 Compound:  2  (tert-butanol)
 Chemical potential of the compound in the mixture :        -2.33436 kcal/mol
 Log10(partial pressure [mbar])                    :         1.55540
 Free energy of molecule in mix (E_COSMO+dE+Mu)    :   -146703.73443 kcal/mol
 Total mean interaction energy in the mix (H_int)  :        -6.23967 kcal/mol
 Misfit interaction energy in the mix (H_MF)       :         1.80446 kcal/mol
 H-Bond interaction energy in the mix (H_HB)       :        -2.36588 kcal/mol
 VdW interaction energy in the mix (H_vdW)         :        -5.67824 kcal/mol
 Ring correction                                   :         0.00000 kcal/mol




 Results for mixture 4
 ---------------------
 Temperature          :    293.150 K

 Compound Nr.         :          1         2
 Compound             :  AZ1353096 tert-buta
 Mole Fraction        :     0.0000    1.0000

 Compound:  1  (AZ13530968)
 Chemical potential of the compound in the mixture :        -7.91671 kcal/mol
 Log10(partial pressure [mbar])                    :       -11.11946
 Free energy of molecule in mix (E_COSMO+dE+Mu)    :  -2204762.50759 kcal/mol
 Total mean interaction energy in the mix (H_int)  :       -17.96828 kcal/mol
 Misfit interaction energy in the mix (H_MF)       :         4.98253 kcal/mol
 H-Bond interaction energy in the mix (H_HB)       :        -4.73950 kcal/mol
 VdW interaction energy in the mix (H_vdW)         :       -18.22152 kcal/mol
 Ring correction                                   :        -2.22324 kcal/mol
 Log10(x_Solubility)                               :        -2.35952
 w_Solubility [g(Solute)/g(Solution)]              :         0.02180

 Compound:  2  (tert-butanol)
 Chemical potential of the compound in the mixture :        -2.40053 kcal/mol
 Log10(partial pressure [mbar])                    :         1.42150
 Free energy of molecule in mix (E_COSMO+dE+Mu)    :   -146703.80060 kcal/mol
 Total mean interaction energy in the mix (H_int)  :        -6.32025 kcal/mol
 Misfit interaction energy in the mix (H_MF)       :         1.78640 kcal/mol
 H-Bond interaction energy in the mix (H_HB)       :        -2.41241 kcal/mol
 VdW interaction energy in the mix (H_vdW)         :        -5.69424 kcal/mol
 Ring correction                                   :         0.00000 kcal/mol
 Log10(x_Solubility)                               :         0.00000




 Results for mixture 5
 ---------------------
 Temperature          :    293.150 K

 Compound Nr.         :          1         2
 Compound             :  AZ1353096 tert-buta
 Mole Fraction        :     0.0044    0.9956

 Compound:  1  (AZ13530968)
 Chemical potential of the compound in the mixture :        -7.90844 kcal/mol
 Log10(partial pressure [mbar])                    :       -11.11330
 Free energy of molecule in mix (E_COSMO+dE+Mu)    :  -2204762.49932 kcal/mol
 Total mean interaction energy in the mix (H_int)  :       -17.98795 kcal/mol
 Misfit interaction energy in the mix (H_MF)       :         4.98612 kcal/mol
 H-Bond interaction energy in the mix (H_HB)       :        -4.73070 kcal/mol
 VdW interaction energy in the mix (H_vdW)         :       -18.25361 kcal/mol
 Ring correction                                   :        -2.22324 kcal/mol
 Log10(x_Solubility)                               :        -2.36568
 w_Solubility [g(Solute)/g(Solution)]              :         0.02149

 Compound:  2  (tert-butanol)
 Chemical potential of the compound in the mixture :        -2.40055 kcal/mol
 Log10(partial pressure [mbar])                    :         1.42149
 Free energy of molecule in mix (E_COSMO+dE+Mu)    :   -146703.80062 kcal/mol
 Total mean interaction energy in the mix (H_int)  :        -6.32809 kcal/mol
 Misfit interaction energy in the mix (H_MF)       :         1.78658 kcal/mol
 H-Bond interaction energy in the mix (H_HB)       :        -2.41041 kcal/mol
 VdW interaction energy in the mix (H_vdW)         :        -5.70427 kcal/mol
 Ring correction                                   :         0.00000 kcal/mol




 Results for mixture 6
 ---------------------
 Temperature          :    293.150 K

 Compound Nr.         :          1         2
 Compound             :  AZ1353096 tert-buta
 Mole Fraction        :     0.0043    0.9957

 Compound:  1  (AZ13530968)
 Chemical potential of the compound in the mixture :        -7.90856 kcal/mol
 Log10(partial pressure [mbar])                    :       -11.11338
 Free energy of molecule in mix (E_COSMO+dE+Mu)    :  -2204762.49944 kcal/mol
 Total mean interaction energy in the mix (H_int)  :       -17.98766 kcal/mol
 Misfit interaction energy in the mix (H_MF)       :         4.98610 kcal/mol
 H-Bond interaction energy in the mix (H_HB)       :        -4.73082 kcal/mol
 VdW interaction energy in the mix (H_vdW)         :       -18.25317 kcal/mol
 Ring correction                                   :        -2.22324 kcal/mol
 Log10(x_Solubility)                               :        -2.36560
 w_Solubility [g(Solute)/g(Solution)]              :         0.02150

 Compound:  2  (tert-butanol)
 Chemical potential of the compound in the mixture :        -2.40055 kcal/mol
 Log10(partial pressure [mbar])                    :         1.42149
 Free energy of molecule in mix (E_COSMO+dE+Mu)    :   -146703.80062 kcal/mol
 Total mean interaction energy in the mix (H_int)  :        -6.32798 kcal/mol
 Misfit interaction energy in the mix (H_MF)       :         1.78658 kcal/mol
 H-Bond interaction energy in the mix (H_HB)       :        -2.41044 kcal/mol
 VdW interaction energy in the mix (H_vdW)         :        -5.70413 kcal/mol
 Ring correction                                   :         0.00000 kcal/mol




 Results for mixture 7
 ---------------------
 Temperature          :    293.150 K

 Compound Nr.         :          1         2
 Compound             :  AZ1353096 tert-buta
 Mole Fraction        :     0.0043    0.9957

 Compound:  1  (AZ13530968)
 Chemical potential of the compound in the mixture :        -7.90856 kcal/mol
 Log10(partial pressure [mbar])                    :       -11.11338
 Free energy of molecule in mix (E_COSMO+dE+Mu)    :  -2204762.49944 kcal/mol
 Total mean interaction energy in the mix (H_int)  :       -17.98766 kcal/mol
 Misfit interaction energy in the mix (H_MF)       :         4.98610 kcal/mol
 H-Bond interaction energy in the mix (H_HB)       :        -4.73082 kcal/mol
 VdW interaction energy in the mix (H_vdW)         :       -18.25317 kcal/mol
 Ring correction                                   :        -2.22324 kcal/mol
 Log10(x_Solubility)                               :        -2.36560
 w_Solubility [g(Solute)/g(Solution)]              :         0.02150

 Compound:  2  (tert-butanol)
 Chemical potential of the compound in the mixture :        -2.40055 kcal/mol
 Log10(partial pressure [mbar])                    :         1.42149
 Free energy of molecule in mix (E_COSMO+dE+Mu)    :   -146703.80062 kcal/mol
 Total mean interaction energy in the mix (H_int)  :        -6.32798 kcal/mol
 Misfit interaction energy in the mix (H_MF)       :         1.78658 kcal/mol
 H-Bond interaction energy in the mix (H_HB)       :        -2.41043 kcal/mol
 VdW interaction energy in the mix (H_vdW)         :        -5.70413 kcal/mol
 Ring correction                                   :         0.00000 kcal/mol


----------------
 END job       1
----------------
