 ------------------------------------------------------------------------------ 
 COSMOtherm Version C30-1701 (revision 3140)
 ------------------------------------------------------------------------------ 
 written by Frank Eckert, Andreas Klamt, Larissa Koch, Selman Terzi
 Copyright (C) 1999-2017, COSMOlogic GmbH & Co. KG

 Job-Name   : !! Solubility Calculation of Solute in Solvent 
 Job-Date   : 03/31/2017
 Job-Time   : 14:52:16
 Hostname   : ukmcdwlx007
 OS-Type    : linux
 Executable : Linux 64-bit

 Reading COSMOtherm parameter file BP_TZVPD_FINE_C30_1701.ctd from directory /apps/cosmologic/COSMOthermX17/COSMOtherm/CTDATA-FILES/
 Info: # COSMOtherm parameter file BP_TZVPD_FINE_C30_1701.ctd for BP-TZVPD-FINE (BP-TZVP optimized) COSMO files                                              

 Reading COSMOtherm license key license.txt from directory /apps/cosmologic/COSMOthermX17/licensefiles/

 COSMOtherm license key expiration date 22-dec-2018
 COSMOtherm license key version 17.0
 Customer : AstraZeneca
 ID       : 100905

 License keys:
  product                   |    licensed version    | status
 ------------------------------------------------------------------------------ 
  COSMOtherm                |          17.0          | active
  TURBOMOLE                 |          7.1           | active
  COSMOconf                 |          4.1           | active
 ------------------------------------------------------------------------------ 


 Reading COSMO information for molecule 1 from file /dbs/AZcosmotherm/AZ_BP_TZVPD-FINE/a/AZ13530968_c0.cosmo
 Reading gas phase energy information for molecule 1 from file /dbs/AZcosmotherm/AZ_BP_TZVPD-FINE/a/AZ13530968_c0.energy
 Reading vapor pressure and property information for compound 1 from file /dbs/AZcosmotherm/AZ_BP_TZVPD-FINE/a/AZ13530968.vap
 Note: Vapor Pressure / property file /dbs/AZcosmotherm/AZ_BP_TZVPD-FINE/a/AZ13530968.vap is empty
 Free energy of fusion for pure compound 1 (DGFUS = 3.64493 kcal/mol)

 Compound Information for compound 1 conformer 1 (COSMO file /dbs/AZcosmotherm/AZ_BP_TZVPD-FINE/a/AZ13530968_c0.cosmo)
 Atomic weights         : 111111111111111111111111111111111111111111111
 E_COSMO+dE             :   -2204754.5909 kcal/mol
 E_gas                  :   -2204740.7759 kcal/mol
 E_COSMO-E_gas+dE       :        -13.8150 kcal/mol
 E_diel                 :        -18.7411 kcal/mol
 Averaging corr dE      :          1.1081 kcal/mol
 EvdW in continuum      :       -358.6958 kcal/mol
 Area                   :        347.5579 A^2
 Volume                 :        402.8905 A^3
 Molecular Weight       :        376.2926 a.m.u.
 Total COSMO charge     :          0.0028 a.u.
 Dipole moment (t,x,y,z):          7.1747  0.488760  7.156487 -0.149195 Debye                            
 Sigma moments (1-6)    :          0.0000  1.26E+02  4.58E+01  2.09E+02  1.75E+02  5.53E+02              
 H-bond moment (accept) :          6.7617
 H-bond moment (donor)  :          2.3419


 Reading COSMO information for molecule 2 from file /dbs/AZcosmotherm/AZ_BP_TZVPD-FINE/a/AZ13530968_c1.cosmo
 Reading gas phase energy information for molecule 2 from file /dbs/AZcosmotherm/AZ_BP_TZVPD-FINE/a/AZ13530968_c1.energy

 Compound Information for compound 1 conformer 2 (COSMO file /dbs/AZcosmotherm/AZ_BP_TZVPD-FINE/a/AZ13530968_c1.cosmo)
 Atomic weights         : 111111111111111111111111111111111111111111111
 E_COSMO+dE             :   -2204751.2414 kcal/mol
 E_gas                  :   -2204738.3753 kcal/mol
 E_COSMO-E_gas+dE       :        -12.8661 kcal/mol
 E_diel                 :        -17.6608 kcal/mol
 Averaging corr dE      :          1.0677 kcal/mol
 EvdW in continuum      :       -351.4171 kcal/mol
 Area                   :        340.9253 A^2
 Volume                 :        403.0683 A^3
 Molecular Weight       :        376.2926 a.m.u.
 Total COSMO charge     :          0.0031 a.u.
 Dipole moment (t,x,y,z):          7.7437 -4.364802 -6.198433  1.578924 Debye                            
 Sigma moments (1-6)    :          0.0000  1.16E+02  3.56E+01  1.86E+02  1.45E+02  4.85E+02              
 H-bond moment (accept) :          5.5908
 H-bond moment (donor)  :          2.1978


 Reading COSMO information for molecule 3 from file /dbs/AZcosmotherm/AZ_BP_TZVPD-FINE/a/AZ13530968_c2.cosmo
 Reading gas phase energy information for molecule 3 from file /dbs/AZcosmotherm/AZ_BP_TZVPD-FINE/a/AZ13530968_c2.energy

 Compound Information for compound 1 conformer 3 (COSMO file /dbs/AZcosmotherm/AZ_BP_TZVPD-FINE/a/AZ13530968_c2.cosmo)
 Atomic weights         : 111111111111111111111111111111111111111111111
 E_COSMO+dE             :   -2204749.4696 kcal/mol
 E_gas                  :   -2204735.8858 kcal/mol
 E_COSMO-E_gas+dE       :        -13.5838 kcal/mol
 E_diel                 :        -18.5107 kcal/mol
 Averaging corr dE      :          1.0974 kcal/mol
 EvdW in continuum      :       -356.7686 kcal/mol
 Area                   :        345.9657 A^2
 Volume                 :        403.3632 A^3
 Molecular Weight       :        376.2926 a.m.u.
 Total COSMO charge     :          0.0024 a.u.
 Dipole moment (t,x,y,z):          7.3409 -4.690418 -5.646647 -0.062138 Debye                            
 Sigma moments (1-6)    :          0.0000  1.23E+02  4.47E+01  2.02E+02  1.75E+02  5.37E+02              
 H-bond moment (accept) :          6.4083
 H-bond moment (donor)  :          2.1788


 Reading COSMO information for molecule 4 from file /apps/cosmologic/COSMOthermX17/COSMOtherm/DATABASE-COSMO/BP-TZVPD-FINE/a/aceticanhydride_c0.cosmo
 Reading gas phase energy information for molecule 4 from file /apps/cosmologic/COSMOthermX17/COSMOtherm/DATABASE-COSMO/BP-TZVPD-FINE/a/aceticanhydride_c0.energy
 Reading vapor pressure and property information for compound 2 from file /apps/cosmologic/COSMOthermX17/COSMOtherm/DATABASE-COSMO/BP-TZVPD-FINE/a/aceticanhydride.vap
 Free energy of fusion for pure compound 2 (DGFUS = 0.00000 kcal/mol)
 Vapor Pressure [mbar] / Temperature [°C] input for compound 2:
                0.1000           -25.0000
               10.0000            31.0000
             1000.0000           139.7000
 Antoine equation coefficients (in [mbar]/[K]) for compound 2:        16.6948      3324.8007       -73.1367
 Minimum interpolative temperature for vapor pressure estimation of compound 2:     248.150 K
 Maximum interpolative temperature for vapor pressure estimation of compound 2:     412.850 K
 Minimum temperature for vapor pressure estimation of pure compound 2 (TPVMIN = 336.00000 K)
 Maximum temperature for vapor pressure estimation of pure compound 2 (TPVMAX = 569.00000 K)
 UNIQUAC volume parameter for compound 2 (UNIQUAC_RI = 3.57550)
 UNIQUAC surface parameter for compound 2 (UNIQUAC_QI = 3.21600)
 Boiling temperature of compound 2 (TBOIL = 412.65000 K)
 Melting temperature of compound 2 (TMELT = 200.15000 K)

 Compound Information for compound 2 conformer 1 (COSMO file /apps/cosmologic/COSMOthermX17/COSMOtherm/DATABASE-COSMO/BP-TZVPD-FINE/a/aceticanhydride_c0.cosmo)
 Atomic weights         : 1111111111111
 E_COSMO+dE             :    -239663.9694 kcal/mol
 E_gas                  :    -239655.5004 kcal/mol
 E_COSMO-E_gas+dE       :         -8.4690 kcal/mol
 E_diel                 :        -11.6138 kcal/mol
 Averaging corr dE      :          0.4231 kcal/mol
 EvdW in continuum      :       -142.1696 kcal/mol
 Area                   :        139.8874 A^2
 Volume                 :        125.0738 A^3
 Molecular Weight       :        102.0891 a.m.u.
 Total COSMO charge     :          0.0005 a.u.
 Dipole moment (t,x,y,z):          5.5354  5.535308  0.007783  0.037255 Debye                            
 Sigma moments (1-6)    :          0.0000  6.64E+01  2.99E+01  6.49E+01  5.41E+01  8.28E+01              
 H-bond moment (accept) :          1.2955
 H-bond moment (donor)  :          0.0000


 Reading COSMO information for molecule 5 from file /apps/cosmologic/COSMOthermX17/COSMOtherm/DATABASE-COSMO/BP-TZVPD-FINE/a/aceticanhydride_c1.cosmo
 Reading gas phase energy information for molecule 5 from file /apps/cosmologic/COSMOthermX17/COSMOtherm/DATABASE-COSMO/BP-TZVPD-FINE/a/aceticanhydride_c1.energy
 Reading vapor pressure and property information for compound 2 from file /apps/cosmologic/COSMOthermX17/COSMOtherm/DATABASE-COSMO/BP-TZVPD-FINE/a/aceticanhydride.vap
 Vapor Pressure [mbar] / Temperature [°C] input for compound 2:
                0.1000           -25.0000
               10.0000            31.0000
             1000.0000           139.7000
 Antoine equation coefficients (in [mbar]/[K]) for compound 2:        16.6948      3324.8007       -73.1367
 UNIQUAC volume parameter for compound 2 (UNIQUAC_RI = 3.57550)
 UNIQUAC surface parameter for compound 2 (UNIQUAC_QI = 3.21600)

 Compound Information for compound 2 conformer 2 (COSMO file /apps/cosmologic/COSMOthermX17/COSMOtherm/DATABASE-COSMO/BP-TZVPD-FINE/a/aceticanhydride_c1.cosmo)
 Atomic weights         : 1111111111111
 E_COSMO+dE             :    -239663.0081 kcal/mol
 E_gas                  :    -239655.4933 kcal/mol
 E_COSMO-E_gas+dE       :         -7.5148 kcal/mol
 E_diel                 :         -9.9641 kcal/mol
 Averaging corr dE      :          0.4362 kcal/mol
 EvdW in continuum      :       -139.8201 kcal/mol
 Area                   :        137.2160 A^2
 Volume                 :        124.3314 A^3
 Molecular Weight       :        102.0891 a.m.u.
 Total COSMO charge     :          0.0002 a.u.
 Dipole moment (t,x,y,z):          3.7979  2.742520  0.837364  2.490245 Debye                            
 Sigma moments (1-6)    :          0.0000  6.44E+01  2.50E+01  5.82E+01  4.28E+01  6.80E+01              
 H-bond moment (accept) :          0.8796
 H-bond moment (donor)  :          0.0000


 Total number of processed compounds:    2
 Total number of processed molecules:    5


----------------
 START job     1
----------------

 ----------------------------------------------------
 Automatic computation of solubities in compound    2
 Computing solids solubilities: Heats of fusion used as given in the input file
 Computed solubilities will be refined iteratively: Threshold = 1.00E-05
 ----------------------------------------------------



 Results for mixture 1
 ---------------------
 Temperature          :    293.150 K

 Compound Nr.         :          1         2
 Compound             :  AZ1353096 aceticanh
 Mole Fraction        :     1.0000    0.0000

 Compound:  1  (AZ13530968)
 Chemical potential of the compound in the mixture :        -7.43676 kcal/mol
 Log10(partial pressure [mbar])                    :       -10.76165
 Free energy of molecule in mix (E_COSMO+dE+Mu)    :  -2204762.02764 kcal/mol
 Total mean interaction energy in the mix (H_int)  :       -18.69267 kcal/mol
 Misfit interaction energy in the mix (H_MF)       :         5.30393 kcal/mol
 H-Bond interaction energy in the mix (H_HB)       :        -3.16842 kcal/mol
 VdW interaction energy in the mix (H_vdW)         :       -20.84183 kcal/mol
 Ring correction                                   :        -2.22324 kcal/mol




 Results for mixture 2
 ---------------------
 Temperature          :    293.150 K

 Compound Nr.         :          1         2
 Compound             :  AZ1353096 aceticanh
 Mole Fraction        :     0.0000    1.0000

 Compound:  2  (aceticanhydride)
 Chemical potential of the compound in the mixture :        -0.64498 kcal/mol
 Log10(partial pressure [mbar])                    :         0.23592
 Free energy of molecule in mix (E_COSMO+dE+Mu)    :   -239664.61438 kcal/mol
 Total mean interaction energy in the mix (H_int)  :        -2.86418 kcal/mol
 Misfit interaction energy in the mix (H_MF)       :         3.11098 kcal/mol
 H-Bond interaction energy in the mix (H_HB)       :         0.02808 kcal/mol
 VdW interaction energy in the mix (H_vdW)         :        -6.24809 kcal/mol
 Ring correction                                   :         0.00000 kcal/mol




 Results for mixture 3
 ---------------------
 Temperature          :    298.150 K

 Compound Nr.         :          1         2
 Compound             :  AZ1353096 aceticanh
 Mole Fraction        :     0.0000    1.0000

 Compound:  1  (AZ13530968)
 Chemical potential of the compound in the mixture :        -6.43639 kcal/mol
 Log10(partial pressure [mbar])                    :        -9.73804
 Free energy of molecule in mix (E_COSMO+dE+Mu)    :  -2204761.02727 kcal/mol
 Total mean interaction energy in the mix (H_int)  :       -12.12534 kcal/mol
 Misfit interaction energy in the mix (H_MF)       :         6.57170 kcal/mol
 H-Bond interaction energy in the mix (H_HB)       :        -0.51405 kcal/mol
 VdW interaction energy in the mix (H_vdW)         :       -18.20171 kcal/mol
 Ring correction                                   :        -2.22324 kcal/mol

 Compound:  2  (aceticanhydride)
 Chemical potential of the compound in the mixture :        -0.60737 kcal/mol
 Log10(partial pressure [mbar])                    :         0.37381
 Free energy of molecule in mix (E_COSMO+dE+Mu)    :   -239664.57677 kcal/mol
 Total mean interaction energy in the mix (H_int)  :        -2.82106 kcal/mol
 Misfit interaction energy in the mix (H_MF)       :         3.13162 kcal/mol
 H-Bond interaction energy in the mix (H_HB)       :         0.02849 kcal/mol
 VdW interaction energy in the mix (H_vdW)         :        -6.22918 kcal/mol
 Ring correction                                   :         0.00000 kcal/mol




 Results for mixture 4
 ---------------------
 Temperature          :    293.150 K

 Compound Nr.         :          1         2
 Compound             :  AZ1353096 aceticanh
 Mole Fraction        :     0.0000    1.0000

 Compound:  1  (AZ13530968)
 Chemical potential of the compound in the mixture :        -6.59035 kcal/mol
 Log10(partial pressure [mbar])                    :       -10.13065
 Free energy of molecule in mix (E_COSMO+dE+Mu)    :  -2204761.18123 kcal/mol
 Total mean interaction energy in the mix (H_int)  :       -12.25556 kcal/mol
 Misfit interaction energy in the mix (H_MF)       :         6.52026 kcal/mol
 H-Bond interaction energy in the mix (H_HB)       :        -0.53450 kcal/mol
 VdW interaction energy in the mix (H_vdW)         :       -18.25825 kcal/mol
 Ring correction                                   :        -2.22324 kcal/mol
 Log10(x_Solubility)                               :        -3.34833
 w_Solubility [g(Solute)/g(Solution)]              :  1.65079595E-03

 Compound:  2  (aceticanhydride)
 Chemical potential of the compound in the mixture :        -0.64498 kcal/mol
 Log10(partial pressure [mbar])                    :         0.23592
 Free energy of molecule in mix (E_COSMO+dE+Mu)    :   -239664.61438 kcal/mol
 Total mean interaction energy in the mix (H_int)  :        -2.86418 kcal/mol
 Misfit interaction energy in the mix (H_MF)       :         3.11098 kcal/mol
 H-Bond interaction energy in the mix (H_HB)       :         0.02808 kcal/mol
 VdW interaction energy in the mix (H_vdW)         :        -6.24809 kcal/mol
 Ring correction                                   :         0.00000 kcal/mol
 Log10(x_Solubility)                               :         0.00000




 Results for mixture 5
 ---------------------
 Temperature          :    293.150 K

 Compound Nr.         :          1         2
 Compound             :  AZ1353096 aceticanh
 Mole Fraction        :     0.0004    0.9996

 Compound:  1  (AZ13530968)
 Chemical potential of the compound in the mixture :        -6.50456 kcal/mol
 Log10(partial pressure [mbar])                    :       -10.06669
 Free energy of molecule in mix (E_COSMO+dE+Mu)    :  -2204761.09545 kcal/mol
 Total mean interaction energy in the mix (H_int)  :       -12.18420 kcal/mol
 Misfit interaction energy in the mix (H_MF)       :         6.60883 kcal/mol
 H-Bond interaction energy in the mix (H_HB)       :        -0.54885 kcal/mol
 VdW interaction energy in the mix (H_vdW)         :       -18.26153 kcal/mol
 Ring correction                                   :        -2.22324 kcal/mol
 Log10(x_Solubility)                               :        -3.41229
 w_Solubility [g(Solute)/g(Solution)]              :  1.42498278E-03

 Compound:  2  (aceticanhydride)
 Chemical potential of the compound in the mixture :        -0.64499 kcal/mol
 Log10(partial pressure [mbar])                    :         0.23590
 Free energy of molecule in mix (E_COSMO+dE+Mu)    :   -239664.61439 kcal/mol
 Total mean interaction energy in the mix (H_int)  :        -2.86573 kcal/mol
 Misfit interaction energy in the mix (H_MF)       :         3.11077 kcal/mol
 H-Bond interaction energy in the mix (H_HB)       :         0.02781 kcal/mol
 VdW interaction energy in the mix (H_vdW)         :        -6.24919 kcal/mol
 Ring correction                                   :         0.00000 kcal/mol




 Results for mixture 6
 ---------------------
 Temperature          :    293.150 K

 Compound Nr.         :          1         2
 Compound             :  AZ1353096 aceticanh
 Mole Fraction        :     0.0004    0.9996

 Compound:  1  (AZ13530968)
 Chemical potential of the compound in the mixture :        -6.50773 kcal/mol
 Log10(partial pressure [mbar])                    :       -10.06905
 Free energy of molecule in mix (E_COSMO+dE+Mu)    :  -2204761.09861 kcal/mol
 Total mean interaction energy in the mix (H_int)  :       -12.18534 kcal/mol
 Misfit interaction energy in the mix (H_MF)       :         6.60530 kcal/mol
 H-Bond interaction energy in the mix (H_HB)       :        -0.54690 kcal/mol
 VdW interaction energy in the mix (H_vdW)         :       -18.26108 kcal/mol
 Ring correction                                   :        -2.22324 kcal/mol
 Log10(x_Solubility)                               :        -3.40993
 w_Solubility [g(Solute)/g(Solution)]              :  1.43273826E-03

 Compound:  2  (aceticanhydride)
 Chemical potential of the compound in the mixture :        -0.64499 kcal/mol
 Log10(partial pressure [mbar])                    :         0.23591
 Free energy of molecule in mix (E_COSMO+dE+Mu)    :   -239664.61439 kcal/mol
 Total mean interaction energy in the mix (H_int)  :        -2.86551 kcal/mol
 Misfit interaction energy in the mix (H_MF)       :         3.11080 kcal/mol
 H-Bond interaction energy in the mix (H_HB)       :         0.02784 kcal/mol
 VdW interaction energy in the mix (H_vdW)         :        -6.24904 kcal/mol
 Ring correction                                   :         0.00000 kcal/mol




 Results for mixture 7
 ---------------------
 Temperature          :    293.150 K

 Compound Nr.         :          1         2
 Compound             :  AZ1353096 aceticanh
 Mole Fraction        :     0.0004    0.9996

 Compound:  1  (AZ13530968)
 Chemical potential of the compound in the mixture :        -6.50761 kcal/mol
 Log10(partial pressure [mbar])                    :       -10.06897
 Free energy of molecule in mix (E_COSMO+dE+Mu)    :  -2204761.09849 kcal/mol
 Total mean interaction energy in the mix (H_int)  :       -12.18529 kcal/mol
 Misfit interaction energy in the mix (H_MF)       :         6.60543 kcal/mol
 H-Bond interaction energy in the mix (H_HB)       :        -0.54697 kcal/mol
 VdW interaction energy in the mix (H_vdW)         :       -18.26109 kcal/mol
 Ring correction                                   :        -2.22324 kcal/mol
 Log10(x_Solubility)                               :        -3.41001
 w_Solubility [g(Solute)/g(Solution)]              :  1.43245066E-03

 Compound:  2  (aceticanhydride)
 Chemical potential of the compound in the mixture :        -0.64499 kcal/mol
 Log10(partial pressure [mbar])                    :         0.23591
 Free energy of molecule in mix (E_COSMO+dE+Mu)    :   -239664.61439 kcal/mol
 Total mean interaction energy in the mix (H_int)  :        -2.86552 kcal/mol
 Misfit interaction energy in the mix (H_MF)       :         3.11080 kcal/mol
 H-Bond interaction energy in the mix (H_HB)       :         0.02784 kcal/mol
 VdW interaction energy in the mix (H_vdW)         :        -6.24905 kcal/mol
 Ring correction                                   :         0.00000 kcal/mol




 Results for mixture 8
 ---------------------
 Temperature          :    293.150 K

 Compound Nr.         :          1         2
 Compound             :  AZ1353096 aceticanh
 Mole Fraction        :     0.0004    0.9996

 Compound:  1  (AZ13530968)
 Chemical potential of the compound in the mixture :        -6.50762 kcal/mol
 Log10(partial pressure [mbar])                    :       -10.06897
 Free energy of molecule in mix (E_COSMO+dE+Mu)    :  -2204761.09850 kcal/mol
 Total mean interaction energy in the mix (H_int)  :       -12.18529 kcal/mol
 Misfit interaction energy in the mix (H_MF)       :         6.60543 kcal/mol
 H-Bond interaction energy in the mix (H_HB)       :        -0.54696 kcal/mol
 VdW interaction energy in the mix (H_vdW)         :       -18.26109 kcal/mol
 Ring correction                                   :        -2.22324 kcal/mol
 Log10(x_Solubility)                               :        -3.41001
 w_Solubility [g(Solute)/g(Solution)]              :  1.43246130E-03

 Compound:  2  (aceticanhydride)
 Chemical potential of the compound in the mixture :        -0.64499 kcal/mol
 Log10(partial pressure [mbar])                    :         0.23591
 Free energy of molecule in mix (E_COSMO+dE+Mu)    :   -239664.61439 kcal/mol
 Total mean interaction energy in the mix (H_int)  :        -2.86552 kcal/mol
 Misfit interaction energy in the mix (H_MF)       :         3.11080 kcal/mol
 H-Bond interaction energy in the mix (H_HB)       :         0.02784 kcal/mol
 VdW interaction energy in the mix (H_vdW)         :        -6.24905 kcal/mol
 Ring correction                                   :         0.00000 kcal/mol


----------------
 END job       1
----------------
