 ------------------------------------------------------------------------------ 
 COSMOtherm Version C30-1701 (revision 3140)
 ------------------------------------------------------------------------------ 
 written by Frank Eckert, Andreas Klamt, Larissa Koch, Selman Terzi
 Copyright (C) 1999-2017, COSMOlogic GmbH & Co. KG

 Job-Name   : !! Calculation of Gfus of AZ13530968 in Butan-1-ol (ID:39). !!
 Job-Date   : 03/21/2017
 Job-Time   : 11:16:08
 Hostname   : ukmcdwlx007
 OS-Type    : linux
 Executable : Linux 64-bit

 Reading COSMOtherm parameter file BP_TZVPD_FINE_C30_1701.ctd from directory /apps/cosmologic/COSMOthermX17/COSMOtherm/CTDATA-FILES/
 Info: # COSMOtherm parameter file BP_TZVPD_FINE_C30_1701.ctd for BP-TZVPD-FINE (BP-TZVP optimized) COSMO files                                              

 Reading COSMOtherm license key license.txt from directory /apps/cosmologic/COSMOthermX17/licensefiles/

 COSMOtherm license key expiration date 22-dec-2018
 COSMOtherm license key version 17.0
 Customer : AstraZeneca
 ID       : 100905

 License keys:
  product                   |    licensed version    | status
 ------------------------------------------------------------------------------ 
  COSMOtherm                |          17.0          | active
  TURBOMOLE                 |          7.1           | active
  COSMOconf                 |          4.1           | active
 ------------------------------------------------------------------------------ 


 Reading COSMO information for molecule 1 from file /dbs/AZcosmotherm/AZ_BP_TZVPD-FINE/a/AZ13530968_c0.cosmo
 Reading gas phase energy information for molecule 1 from file /dbs/AZcosmotherm/AZ_BP_TZVPD-FINE/a/AZ13530968_c0.energy

 Compound Information for compound 1 conformer 1 (COSMO file /dbs/AZcosmotherm/AZ_BP_TZVPD-FINE/a/AZ13530968_c0.cosmo)
 Atomic weights         : 111111111111111111111111111111111111111111111
 E_COSMO+dE             : -2.2047545908809612E+06 kcal/mol
 E_gas                  : -2.2047407758595427E+06 kcal/mol
 E_COSMO-E_gas+dE       : -1.3815021418500692E+01 kcal/mol
 E_diel                 : -1.8741097682544183E+01 kcal/mol
 Averaging corr dE      :  1.1080556917143740E+00 kcal/mol
 EvdW in continuum      : -3.5869582409676792E+02 kcal/mol
 Area                   :  3.4755790236900066E+02 A^2
 Volume                 :  4.0289052007962806E+02 A^3
 Molecular Weight       :  3.7629256400000003E+02 a.m.u.
 Total COSMO charge     :  2.8206111837914350E-03 a.u.
 Dipole moment (t,x,y,z):   7.17471E+00  4.88760E-01  7.15649E+00 -1.49195E-01 Debye                     
 Sigma moments (1-6)    :   6.62526E-14  1.26082E+02  4.57635E+01  2.08980E+02  1.75017E+02  5.52993E+02 
 H-bond moment (accept) :  6.7616750700730961E+00
 H-bond moment (donor)  :  2.3418698075613533E+00


 Reading COSMO information for molecule 2 from file /dbs/AZcosmotherm/AZ_BP_TZVPD-FINE/a/AZ13530968_c1.cosmo
 Reading gas phase energy information for molecule 2 from file /dbs/AZcosmotherm/AZ_BP_TZVPD-FINE/a/AZ13530968_c1.energy

 Compound Information for compound 1 conformer 2 (COSMO file /dbs/AZcosmotherm/AZ_BP_TZVPD-FINE/a/AZ13530968_c1.cosmo)
 Atomic weights         : 111111111111111111111111111111111111111111111
 E_COSMO+dE             : -2.2047512413992281E+06 kcal/mol
 E_gas                  : -2.2047383753013550E+06 kcal/mol
 E_COSMO-E_gas+dE       : -1.2866097873076797E+01 kcal/mol
 E_diel                 : -1.7660782740455844E+01 kcal/mol
 Averaging corr dE      :  1.0676646047629947E+00 kcal/mol
 EvdW in continuum      : -3.5141710084911767E+02 kcal/mol
 Area                   :  3.4092533972000086E+02 A^2
 Volume                 :  4.0306834173301530E+02 A^3
 Molecular Weight       :  3.7629256400000003E+02 a.m.u.
 Total COSMO charge     :  3.0803784690760063E-03 a.u.
 Dipole moment (t,x,y,z):   7.74371E+00 -4.36480E+00 -6.19843E+00  1.57892E+00 Debye                     
 Sigma moments (1-6)    :   1.61537E-14  1.15954E+02  3.55562E+01  1.85701E+02  1.44749E+02  4.84586E+02 
 H-bond moment (accept) :  5.5908276593953437E+00
 H-bond moment (donor)  :  2.1977940140201802E+00


 Reading COSMO information for molecule 3 from file /dbs/AZcosmotherm/AZ_BP_TZVPD-FINE/a/AZ13530968_c2.cosmo
 Reading gas phase energy information for molecule 3 from file /dbs/AZcosmotherm/AZ_BP_TZVPD-FINE/a/AZ13530968_c2.energy

 Compound Information for compound 1 conformer 3 (COSMO file /dbs/AZcosmotherm/AZ_BP_TZVPD-FINE/a/AZ13530968_c2.cosmo)
 Atomic weights         : 111111111111111111111111111111111111111111111
 E_COSMO+dE             : -2.2047494696116853E+06 kcal/mol
 E_gas                  : -2.2047358857822344E+06 kcal/mol
 E_COSMO-E_gas+dE       : -1.3583829450886697E+01 kcal/mol
 E_diel                 : -1.8510678826816303E+01 kcal/mol
 Averaging corr dE      :  1.0973693821534591E+00 kcal/mol
 EvdW in continuum      : -3.5676861025593655E+02 kcal/mol
 Area                   :  3.4596571778000055E+02 A^2
 Volume                 :  4.0336322930821598E+02 A^3
 Molecular Weight       :  3.7629256400000003E+02 a.m.u.
 Total COSMO charge     :  2.4033856911052707E-03 a.u.
 Dipole moment (t,x,y,z):   7.34088E+00 -4.69042E+00 -5.64665E+00 -6.21380E-02 Debye                     
 Sigma moments (1-6)    :   7.86905E-14  1.23492E+02  4.46705E+01  2.02476E+02  1.74512E+02  5.37388E+02 
 H-bond moment (accept) :  6.4082977499049703E+00
 H-bond moment (donor)  :  2.1788107554402876E+00


 Reading COSMO information for molecule 4 from file /apps/cosmologic/COSMOthermX17/COSMOtherm/DATABASE-COSMO/BP-TZVPD-FINE/1/1-butanol_c0.cosmo
 Reading gas phase energy information for molecule 4 from file /apps/cosmologic/COSMOthermX17/COSMOtherm/DATABASE-COSMO/BP-TZVPD-FINE/1/1-butanol_c0.energy
 Reading vapor pressure and property information for compound 2 from file /apps/cosmologic/COSMOthermX17/COSMOtherm/DATABASE-COSMO/BP-TZVPD-FINE/1/1-butanol.vap
 Free energy of fusion for pure compound 2 (DGFUS = 0.0000000000000000E+00 kcal/mol)
 Enthalpy of fusion for pure compound 2 (DHFUS = 2.2399617590822176E+00 kcal/mol)
 Wagner equation coefficients ([mbar]/[K]) for compound 2:     44140.0000       563.0000        -8.0076         0.5378        -9.3424         6.6869
 Vapor Pressure [mbar] / Temperature [°C] input for compound 2:
                0.1000           -20.0000
               10.0000            28.0000
             1000.0000           117.4000
 Antoine equation coefficients (in [mbar]/[K]) for compound 2:        17.5864      3168.4035       -93.8457
 Minimum interpolative temperature for vapor pressure estimation of compound 2:     253.150 K
 Maximum interpolative temperature for vapor pressure estimation of compound 2:     390.550 K
 Minimum temperature for vapor pressure estimation of pure compound 2 (TPVMIN = 2.7500000000000000E+02 K)
 Maximum temperature for vapor pressure estimation of pure compound 2 (TPVMAX = 5.6300000000000000E+02 K)
 UNIQUAC volume parameter for compound 2 (UNIQUAC_RI = 3.4542999999999999E+00)
 UNIQUAC surface parameter for compound 2 (UNIQUAC_QI = 3.0520000000000000E+00)
 Boiling temperature of compound 2 (TBOIL = 3.9084999999999997E+02 K)
 Melting temperature of compound 2 (TMELT = 1.8334999999999997E+02 K)
 Experimental dielectric constant for molecule 4   EPSILON = 1.7300000000000001E+01
 Critical temperature of compound 2 (TCRIT = 5.6304999999999995E+02 K)
 Critical pressure of compound 2 (PCRIT = 4.4130000000000000E+04 mbar)

 Compound Information for compound 2 conformer 1 (COSMO file /apps/cosmologic/COSMOthermX17/COSMOtherm/DATABASE-COSMO/BP-TZVPD-FINE/1/1-butanol_c0.cosmo)
 Atomic weights         : 111111111111111
 E_COSMO+dE             : -1.4669609090447996E+05 kcal/mol
 E_gas                  : -1.4669123899698767E+05 kcal/mol
 E_COSMO-E_gas+dE       : -4.8519074922951404E+00 kcal/mol
 E_diel                 : -6.2317979047812830E+00 kcal/mol
 Averaging corr dE      :  3.8511637186048103E-01 kcal/mol
 EvdW in continuum      : -1.2315191690279516E+02 kcal/mol
 Area                   :  1.2948509452300016E+02 A^2
 Volume                 :  1.1486389700553282E+02 A^3
 Molecular Weight       :  7.4122020000000006E+01 a.m.u.
 Total COSMO charge     : -1.9502503720071119E-04 a.u.
 Dipole moment (t,x,y,z):   2.26682E+00 -1.71861E+00  1.34823E-02 -1.47807E+00 Debye                     
 Sigma moments (1-6)    :  -1.69309E-15  4.78420E+01  1.87602E+01  8.72631E+01  5.10404E+01  2.05044E+02 
 H-bond moment (accept) :  2.7561389661296558E+00
 H-bond moment (donor)  :  1.3180692209706188E+00


 Reading COSMO information for molecule 5 from file /apps/cosmologic/COSMOthermX17/COSMOtherm/DATABASE-COSMO/BP-TZVPD-FINE/1/1-butanol_c1.cosmo
 Reading gas phase energy information for molecule 5 from file /apps/cosmologic/COSMOthermX17/COSMOtherm/DATABASE-COSMO/BP-TZVPD-FINE/1/1-butanol_c1.energy
 Reading vapor pressure and property information for compound 2 from file /apps/cosmologic/COSMOthermX17/COSMOtherm/DATABASE-COSMO/BP-TZVPD-FINE/1/1-butanol.vap
 Wagner equation coefficients ([mbar]/[K]) for compound 2:     44140.0000       563.0000        -8.0076         0.5378        -9.3424         6.6869
 Vapor Pressure [mbar] / Temperature [°C] input for compound 2:
                0.1000           -20.0000
               10.0000            28.0000
             1000.0000           117.4000
 Antoine equation coefficients (in [mbar]/[K]) for compound 2:        17.5864      3168.4035       -93.8457
 UNIQUAC volume parameter for compound 2 (UNIQUAC_RI = 3.4542999999999999E+00)
 UNIQUAC surface parameter for compound 2 (UNIQUAC_QI = 3.0520000000000000E+00)
 Experimental dielectric constant for molecule 5   EPSILON = 1.7300000000000001E+01

 Compound Information for compound 2 conformer 2 (COSMO file /apps/cosmologic/COSMOthermX17/COSMOtherm/DATABASE-COSMO/BP-TZVPD-FINE/1/1-butanol_c1.cosmo)
 Atomic weights         : 111111111111111
 E_COSMO+dE             : -1.4669595967703807E+05 kcal/mol
 E_gas                  : -1.4669114914346684E+05 kcal/mol
 E_COSMO-E_gas+dE       : -4.8105335712316446E+00 kcal/mol
 E_diel                 : -6.2287626764418951E+00 kcal/mol
 Averaging corr dE      :  3.9630269462303741E-01 kcal/mol
 EvdW in continuum      : -1.2316552752870349E+02 kcal/mol
 Area                   :  1.2961041575500005E+02 A^2
 Volume                 :  1.1468014796369928E+02 A^3
 Molecular Weight       :  7.4122020000000006E+01 a.m.u.
 Total COSMO charge     :  7.9234289372571716E-05 a.u.
 Dipole moment (t,x,y,z):   2.10961E+00  1.46480E+00  6.21043E-01  1.38531E+00 Debye                     
 Sigma moments (1-6)    :  -2.45359E-14  4.84184E+01  1.81074E+01  9.17314E+01  5.10817E+01  2.21075E+02 
 H-bond moment (accept) :  2.8363174997493714E+00
 H-bond moment (donor)  :  1.5117011531446440E+00


 Total number of processed compounds:    2
 Total number of processed molecules:    5


----------------
 START job     1
----------------

 ----------------------------------------------------
 Automatic computation of solubities in compound    2
 Computing liquid-liquid solubilities: Heats of fusion are assumed to be zero
 Computing heat of fusion from given reference solubility of AZ13530968         
 Reference solubility in given solvent =  5.666E-02 [g/g]   
 log(x_Ref) =   -1.952
 ----------------------------------------------------



 Results for mixture 1
 ---------------------
 Temperature          :    300.150 K

 Compound Nr.         :                       1                      2
 Compound             :  AZ13530968             1-butanol             
 Mole Fraction        :  1.0000000000000000E+00 0.0000000000000000E+00

 Compound:  1  (AZ13530968)
 Mole Fraction of the compound in the mixture      :  1.0000000000000000E+00
 Chemical potential of the compound in the mixture : -7.1710377574966913E+00 kcal/mol
 Log10(partial pressure [mbar])                    : -1.0164398645559938E+01
 Free energy of molecule in mix (E_COSMO+dE+Mu)    : -2.2047617619187185E+06 kcal/mol
 Total mean interaction energy in the mix (H_int)  : -1.8434460779094859E+01 kcal/mol
 Misfit interaction energy in the mix (H_MF)       :  5.3767897493174202E+00 kcal/mol
 H-Bond interaction energy in the mix (H_HB)       : -3.0728051661645113E+00 kcal/mol
 VdW interaction energy in the mix (H_vdW)         : -2.0754257339033753E+01 kcal/mol
 Ring correction                                   : -2.2232394000000002E+00 kcal/mol




 Results for mixture 2
 ---------------------
 Temperature          :    300.150 K

 Compound Nr.         :                       1                      2
 Compound             :  AZ13530968             1-butanol             
 Mole Fraction        :  0.0000000000000000E+00 1.0000000000000000E+00

 Compound:  2  (1-butanol)
 Mole Fraction of the compound in the mixture      :  1.0000000000000000E+00
 Chemical potential of the compound in the mixture : -3.3525993373492176E+00 kcal/mol
 Log10(partial pressure [mbar])                    :  1.0226457787904726E+00
 Free energy of molecule in mix (E_COSMO+dE+Mu)    : -1.4669944350381731E+05 kcal/mol
 Total mean interaction energy in the mix (H_int)  : -7.3365823086033322E+00 kcal/mol
 Misfit interaction energy in the mix (H_MF)       :  1.7062111858612026E+00 kcal/mol
 H-Bond interaction energy in the mix (H_HB)       : -3.0053692293528176E+00 kcal/mol
 VdW interaction energy in the mix (H_vdW)         : -6.1030070057397765E+00 kcal/mol
 Ring correction                                   :  0.0000000000000000E+00 kcal/mol




 Results for mixture 3
 ---------------------
 Temperature          :    298.150 K

 Compound Nr.         :                       1                      2
 Compound             :  AZ13530968             1-butanol             
 Mole Fraction        :  0.0000000000000000E+00 1.0000000000000000E+00

 Compound:  1  (AZ13530968)
 Mole Fraction of the compound in the mixture      :  0.0000000000000000E+00
 Chemical potential of the compound in the mixture : -8.0890414981160337E+00 kcal/mol
 Log10(partial pressure [mbar])                    : -1.0949439268150607E+01
 Free energy of molecule in mix (E_COSMO+dE+Mu)    : -2.2047626799224592E+06 kcal/mol
 Total mean interaction energy in the mix (H_int)  : -1.9675454884545768E+01 kcal/mol
 Misfit interaction energy in the mix (H_MF)       :  4.8685413747825717E+00 kcal/mol
 H-Bond interaction energy in the mix (H_HB)       : -6.0526107819691441E+00 kcal/mol
 VdW interaction energy in the mix (H_vdW)         : -1.8502411575909065E+01 kcal/mol
 Ring correction                                   : -2.2232394000000002E+00 kcal/mol

 Compound:  2  (1-butanol)
 Mole Fraction of the compound in the mixture      :  1.0000000000000000E+00
 Chemical potential of the compound in the mixture : -3.3792382484395214E+00 kcal/mol
 Log10(partial pressure [mbar])                    :  9.6427410697862337E-01
 Free energy of molecule in mix (E_COSMO+dE+Mu)    : -1.4669947014272842E+05 kcal/mol
 Total mean interaction energy in the mix (H_int)  : -7.3640551946630914E+00 kcal/mol
 Misfit interaction energy in the mix (H_MF)       :  1.7001943051813719E+00 kcal/mol
 H-Bond interaction energy in the mix (H_HB)       : -3.0196992171377586E+00 kcal/mol
 VdW interaction energy in the mix (H_vdW)         : -6.1101661543991410E+00 kcal/mol
 Ring correction                                   :  0.0000000000000000E+00 kcal/mol




 Results for mixture 4
 ---------------------
 Temperature          :    300.150 K

 Compound Nr.         :                       1                      2
 Compound             :  AZ13530968             1-butanol             
 Mole Fraction        :  1.1161062236222064E-02 9.8883893776377796E-01

 Compound:  1  (AZ13530968)
 Mole Fraction of the compound in the mixture      :  1.1161062236222064E-02
 Chemical potential of the compound in the mixture : -7.9856646930479567E+00 kcal/mol
 Log10(partial pressure [mbar])                    : -1.0757545681209210E+01
 Free energy of molecule in mix (E_COSMO+dE+Mu)    : -2.2047625765456543E+06 kcal/mol
 Total mean interaction energy in the mix (H_int)  : -1.9619124174623895E+01 kcal/mol
 Misfit interaction energy in the mix (H_MF)       :  4.8916924737865930E+00 kcal/mol
 H-Bond interaction energy in the mix (H_HB)       : -5.9752934094795567E+00 kcal/mol
 VdW interaction energy in the mix (H_vdW)         : -1.8547109244112963E+01 kcal/mol
 Ring correction                                   : -2.2232394000000002E+00 kcal/mol
 Log10(x_Solubility)                               : -1.9522944701496798E+00
 w_Solubility [g(Solute)/g(Solution)]              :  5.7300493231002385E-02

 Compound:  2  (1-butanol)
 Mole Fraction of the compound in the mixture      :  9.8883893776377796E-01
 Chemical potential of the compound in the mixture : -3.3527039731811663E+00 kcal/mol
 Log10(partial pressure [mbar])                    :  1.0225695912365942E+00
 Free energy of molecule in mix (E_COSMO+dE+Mu)    : -1.4669944360845315E+05 kcal/mol
 Total mean interaction energy in the mix (H_int)  : -7.3434497643220311E+00 kcal/mol
 Misfit interaction energy in the mix (H_MF)       :  1.7094989413420509E+00 kcal/mol
 H-Bond interaction energy in the mix (H_HB)       : -2.9933426790358020E+00 kcal/mol
 VdW interaction energy in the mix (H_vdW)         : -6.1256451067493281E+00 kcal/mol
 Ring correction                                   :  0.0000000000000000E+00 kcal/mol
 Log10(x_Solubility)                               :  0.0000000000000000E+00


----------------
 END job       1
----------------
