 ------------------------------------------------------------------------------ 
 COSMOtherm Version C30-1701 (revision 3140)
 ------------------------------------------------------------------------------ 
 written by Frank Eckert, Andreas Klamt, Larissa Koch, Selman Terzi
 Copyright (C) 1999-2017, COSMOlogic GmbH & Co. KG

 Job-Name   : !! Calculation of Gfus of AZ13530968 in Butyronitrile (ID:42). !!
 Job-Date   : 03/21/2017
 Job-Time   : 11:16:34
 Hostname   : ukmcdwlx007
 OS-Type    : linux
 Executable : Linux 64-bit

 Reading COSMOtherm parameter file BP_TZVPD_FINE_C30_1701.ctd from directory /apps/cosmologic/COSMOthermX17/COSMOtherm/CTDATA-FILES/
 Info: # COSMOtherm parameter file BP_TZVPD_FINE_C30_1701.ctd for BP-TZVPD-FINE (BP-TZVP optimized) COSMO files                                              

 Reading COSMOtherm license key license.txt from directory /apps/cosmologic/COSMOthermX17/licensefiles/

 COSMOtherm license key expiration date 22-dec-2018
 COSMOtherm license key version 17.0
 Customer : AstraZeneca
 ID       : 100905

 License keys:
  product                   |    licensed version    | status
 ------------------------------------------------------------------------------ 
  COSMOtherm                |          17.0          | active
  TURBOMOLE                 |          7.1           | active
  COSMOconf                 |          4.1           | active
 ------------------------------------------------------------------------------ 


 Reading COSMO information for molecule 1 from file /dbs/AZcosmotherm/AZ_BP_TZVPD-FINE/a/AZ13530968_c0.cosmo
 Reading gas phase energy information for molecule 1 from file /dbs/AZcosmotherm/AZ_BP_TZVPD-FINE/a/AZ13530968_c0.energy

 Compound Information for compound 1 conformer 1 (COSMO file /dbs/AZcosmotherm/AZ_BP_TZVPD-FINE/a/AZ13530968_c0.cosmo)
 Atomic weights         : 111111111111111111111111111111111111111111111
 E_COSMO+dE             : -2.2047545908809612E+06 kcal/mol
 E_gas                  : -2.2047407758595427E+06 kcal/mol
 E_COSMO-E_gas+dE       : -1.3815021418500692E+01 kcal/mol
 E_diel                 : -1.8741097682544183E+01 kcal/mol
 Averaging corr dE      :  1.1080556917143740E+00 kcal/mol
 EvdW in continuum      : -3.5869582409676792E+02 kcal/mol
 Area                   :  3.4755790236900066E+02 A^2
 Volume                 :  4.0289052007962806E+02 A^3
 Molecular Weight       :  3.7629256400000003E+02 a.m.u.
 Total COSMO charge     :  2.8206111837914350E-03 a.u.
 Dipole moment (t,x,y,z):   7.17471E+00  4.88760E-01  7.15649E+00 -1.49195E-01 Debye                     
 Sigma moments (1-6)    :   6.62526E-14  1.26082E+02  4.57635E+01  2.08980E+02  1.75017E+02  5.52993E+02 
 H-bond moment (accept) :  6.7616750700730961E+00
 H-bond moment (donor)  :  2.3418698075613533E+00


 Reading COSMO information for molecule 2 from file /dbs/AZcosmotherm/AZ_BP_TZVPD-FINE/a/AZ13530968_c1.cosmo
 Reading gas phase energy information for molecule 2 from file /dbs/AZcosmotherm/AZ_BP_TZVPD-FINE/a/AZ13530968_c1.energy

 Compound Information for compound 1 conformer 2 (COSMO file /dbs/AZcosmotherm/AZ_BP_TZVPD-FINE/a/AZ13530968_c1.cosmo)
 Atomic weights         : 111111111111111111111111111111111111111111111
 E_COSMO+dE             : -2.2047512413992281E+06 kcal/mol
 E_gas                  : -2.2047383753013550E+06 kcal/mol
 E_COSMO-E_gas+dE       : -1.2866097873076797E+01 kcal/mol
 E_diel                 : -1.7660782740455844E+01 kcal/mol
 Averaging corr dE      :  1.0676646047629947E+00 kcal/mol
 EvdW in continuum      : -3.5141710084911767E+02 kcal/mol
 Area                   :  3.4092533972000086E+02 A^2
 Volume                 :  4.0306834173301530E+02 A^3
 Molecular Weight       :  3.7629256400000003E+02 a.m.u.
 Total COSMO charge     :  3.0803784690760063E-03 a.u.
 Dipole moment (t,x,y,z):   7.74371E+00 -4.36480E+00 -6.19843E+00  1.57892E+00 Debye                     
 Sigma moments (1-6)    :   1.61537E-14  1.15954E+02  3.55562E+01  1.85701E+02  1.44749E+02  4.84586E+02 
 H-bond moment (accept) :  5.5908276593953437E+00
 H-bond moment (donor)  :  2.1977940140201802E+00


 Reading COSMO information for molecule 3 from file /dbs/AZcosmotherm/AZ_BP_TZVPD-FINE/a/AZ13530968_c2.cosmo
 Reading gas phase energy information for molecule 3 from file /dbs/AZcosmotherm/AZ_BP_TZVPD-FINE/a/AZ13530968_c2.energy

 Compound Information for compound 1 conformer 3 (COSMO file /dbs/AZcosmotherm/AZ_BP_TZVPD-FINE/a/AZ13530968_c2.cosmo)
 Atomic weights         : 111111111111111111111111111111111111111111111
 E_COSMO+dE             : -2.2047494696116853E+06 kcal/mol
 E_gas                  : -2.2047358857822344E+06 kcal/mol
 E_COSMO-E_gas+dE       : -1.3583829450886697E+01 kcal/mol
 E_diel                 : -1.8510678826816303E+01 kcal/mol
 Averaging corr dE      :  1.0973693821534591E+00 kcal/mol
 EvdW in continuum      : -3.5676861025593655E+02 kcal/mol
 Area                   :  3.4596571778000055E+02 A^2
 Volume                 :  4.0336322930821598E+02 A^3
 Molecular Weight       :  3.7629256400000003E+02 a.m.u.
 Total COSMO charge     :  2.4033856911052707E-03 a.u.
 Dipole moment (t,x,y,z):   7.34088E+00 -4.69042E+00 -5.64665E+00 -6.21380E-02 Debye                     
 Sigma moments (1-6)    :   7.86905E-14  1.23492E+02  4.46705E+01  2.02476E+02  1.74512E+02  5.37388E+02 
 H-bond moment (accept) :  6.4082977499049703E+00
 H-bond moment (donor)  :  2.1788107554402876E+00


 Reading COSMO information for molecule 4 from file /apps/cosmologic/COSMOthermX17/COSMOtherm/DATABASE-COSMO/BP-TZVPD-FINE/b/butyronitrile_c0.cosmo
 Reading gas phase energy information for molecule 4 from file /apps/cosmologic/COSMOthermX17/COSMOtherm/DATABASE-COSMO/BP-TZVPD-FINE/b/butyronitrile_c0.energy
 Reading vapor pressure and property information for compound 2 from file /apps/cosmologic/COSMOthermX17/COSMOtherm/DATABASE-COSMO/BP-TZVPD-FINE/b/butyronitrile.vap
 Free energy of fusion for pure compound 2 (DGFUS = 0.0000000000000000E+00 kcal/mol)
 Enthalpy of fusion for pure compound 2 (DHFUS = 1.2000000000000000E+00 kcal/mol)
 Vapor Pressure [mbar] / Temperature [°C] input for compound 2:
                0.1000           -48.0000
               10.0000             8.0000
             1000.0000           117.2000
 Antoine equation coefficients (in [mbar]/[K]) for compound 2:        16.6029      3287.5557       -51.2553
 Minimum interpolative temperature for vapor pressure estimation of compound 2:     225.150 K
 Maximum interpolative temperature for vapor pressure estimation of compound 2:     390.350 K
 UNIQUAC volume parameter for compound 2 (UNIQUAC_RI = 3.2189000000000001E+00)
 UNIQUAC surface parameter for compound 2 (UNIQUAC_QI = 2.8039999999999998E+00)
 Boiling temperature of compound 2 (TBOIL = 3.9075000000000000E+02 K)
 Melting temperature of compound 2 (TMELT = 1.6124999999999997E+02 K)
 Experimental dielectric constant for molecule 4   EPSILON = 2.4300000000000001E+01
 Critical temperature of compound 2 (TCRIT = 5.8225000000000000E+02 K)
 Critical pressure of compound 2 (PCRIT = 3.7895500000000000E+04 mbar)

 Compound Information for compound 2 (COSMO file /apps/cosmologic/COSMOthermX17/COSMOtherm/DATABASE-COSMO/BP-TZVPD-FINE/b/butyronitrile_c0.cosmo)
 Atomic weights         : 111111111111
 E_COSMO+dE             : -1.3270416601724402E+05 kcal/mol
 E_gas                  : -1.3269742837303563E+05 kcal/mol
 E_COSMO-E_gas+dE       : -6.7376442083914299E+00 kcal/mol
 E_diel                 : -8.9017614462979822E+00 kcal/mol
 Averaging corr dE      :  2.1387210357671860E-01 kcal/mol
 EvdW in continuum      : -1.2561513023149907E+02 kcal/mol
 Area                   :  1.2394096029999994E+02 A^2
 Volume                 :  1.0886241620371112E+02 A^3
 Molecular Weight       :  6.9105468999999999E+01 a.m.u.
 Total COSMO charge     : -7.4189379410272152E-05 a.u.
 Dipole moment (t,x,y,z):   5.47944E+00  1.53230E+00  5.26083E+00  3.28593E-03 Debye                     
 Sigma moments (1-6)    :  -2.27734E-14  4.58712E+01  2.21361E+01  4.51702E+01  4.06112E+01  6.17218E+01 
 H-bond moment (accept) :  9.2051581010199079E-01
 H-bond moment (donor)  :  0.0000000000000000E+00


 Total number of processed compounds:    2
 Total number of processed molecules:    4


----------------
 START job     1
----------------

 ----------------------------------------------------
 Automatic computation of solubities in compound    2
 Computing liquid-liquid solubilities: Heats of fusion are assumed to be zero
 Computing heat of fusion from given reference solubility of AZ13530968         
 Reference solubility in given solvent =  2.979E-03 [g/g]   
 log(x_Ref) =   -3.262
 ----------------------------------------------------



 Results for mixture 1
 ---------------------
 Temperature          :    300.150 K

 Compound Nr.         :                       1                      2
 Compound             :  AZ13530968             butyronitrile         
 Mole Fraction        :  1.0000000000000000E+00 0.0000000000000000E+00

 Compound:  1  (AZ13530968)
 Mole Fraction of the compound in the mixture      :  1.0000000000000000E+00
 Chemical potential of the compound in the mixture : -7.1710377574966913E+00 kcal/mol
 Log10(partial pressure [mbar])                    : -1.0164398645559938E+01
 Free energy of molecule in mix (E_COSMO+dE+Mu)    : -2.2047617619187185E+06 kcal/mol
 Total mean interaction energy in the mix (H_int)  : -1.8434460779094859E+01 kcal/mol
 Misfit interaction energy in the mix (H_MF)       :  5.3767897493174202E+00 kcal/mol
 H-Bond interaction energy in the mix (H_HB)       : -3.0728051661645113E+00 kcal/mol
 VdW interaction energy in the mix (H_vdW)         : -2.0754257339033753E+01 kcal/mol
 Ring correction                                   : -2.2232394000000002E+00 kcal/mol




 Results for mixture 2
 ---------------------
 Temperature          :    300.150 K

 Compound Nr.         :                       1                      2
 Compound             :  AZ13530968             butyronitrile         
 Mole Fraction        :  0.0000000000000000E+00 1.0000000000000000E+00

 Compound:  2  (butyronitrile)
 Mole Fraction of the compound in the mixture      :  1.0000000000000000E+00
 Chemical potential of the compound in the mixture : -7.2169615664998354E-01 kcal/mol
 Log10(partial pressure [mbar])                    :  1.2956684919820443E+00
 Free energy of molecule in mix (E_COSMO+dE+Mu)    : -1.3270488771340068E+05 kcal/mol
 Total mean interaction energy in the mix (H_int)  : -2.7072437090500334E+00 kcal/mol
 Misfit interaction energy in the mix (H_MF)       :  2.6607264437933185E+00 kcal/mol
 H-Bond interaction energy in the mix (H_HB)       :  1.1235571812694181E-02 kcal/mol
 VdW interaction energy in the mix (H_vdW)         : -5.3792057246560461E+00 kcal/mol
 Ring correction                                   :  0.0000000000000000E+00 kcal/mol




 Results for mixture 3
 ---------------------
 Temperature          :    298.150 K

 Compound Nr.         :                       1                      2
 Compound             :  AZ13530968             butyronitrile         
 Mole Fraction        :  0.0000000000000000E+00 1.0000000000000000E+00

 Compound:  1  (AZ13530968)
 Mole Fraction of the compound in the mixture      :  0.0000000000000000E+00
 Chemical potential of the compound in the mixture : -6.8177734174107725E+00 kcal/mol
 Log10(partial pressure [mbar])                    : -1.0017592989540328E+01
 Free energy of molecule in mix (E_COSMO+dE+Mu)    : -2.2047614086543787E+06 kcal/mol
 Total mean interaction energy in the mix (H_int)  : -1.2361305851258015E+01 kcal/mol
 Misfit interaction energy in the mix (H_MF)       :  6.0611327327590034E+00 kcal/mol
 H-Bond interaction energy in the mix (H_HB)       : -5.0109463026866841E-01 kcal/mol
 VdW interaction energy in the mix (H_vdW)         : -1.7940662826923361E+01 kcal/mol
 Ring correction                                   : -2.2232394000000002E+00 kcal/mol

 Compound:  2  (butyronitrile)
 Mole Fraction of the compound in the mixture      :  1.0000000000000000E+00
 Chemical potential of the compound in the mixture : -7.3497502861130881E-01 kcal/mol
 Log10(partial pressure [mbar])                    :  1.2509322686073316E+00
 Free energy of molecule in mix (E_COSMO+dE+Mu)    : -1.3270490099227263E+05 kcal/mol
 Total mean interaction energy in the mix (H_int)  : -2.7217602262312193E+00 kcal/mol
 Misfit interaction energy in the mix (H_MF)       :  2.6542986245917035E+00 kcal/mol
 H-Bond interaction energy in the mix (H_HB)       :  1.1239890738836994E-02 kcal/mol
 VdW interaction energy in the mix (H_vdW)         : -5.3872987415617599E+00 kcal/mol
 Ring correction                                   :  0.0000000000000000E+00 kcal/mol




 Results for mixture 4
 ---------------------
 Temperature          :    300.150 K

 Compound Nr.         :                       1                      2
 Compound             :  AZ13530968             butyronitrile         
 Mole Fraction        :  5.4700312922204215E-04 9.9945299687077793E-01

 Compound:  1  (AZ13530968)
 Mole Fraction of the compound in the mixture      :  5.4700312922204215E-04
 Chemical potential of the compound in the mixture : -6.6608135230381258E+00 kcal/mol
 Log10(partial pressure [mbar])                    : -9.7928936302234160E+00
 Free energy of molecule in mix (E_COSMO+dE+Mu)    : -2.2047612516944841E+06 kcal/mol
 Total mean interaction energy in the mix (H_int)  : -1.2240194202911825E+01 kcal/mol
 Misfit interaction energy in the mix (H_MF)       :  6.1758014576362825E+00 kcal/mol
 H-Bond interaction energy in the mix (H_HB)       : -5.1534199989658103E-01 kcal/mol
 VdW interaction energy in the mix (H_vdW)         : -1.7921199045159241E+01 kcal/mol
 Ring correction                                   : -2.2232394000000002E+00 kcal/mol
 Log10(x_Solubility)                               : -3.2620101892059146E+00
 w_Solubility [g(Solute)/g(Solution)]              :  2.9801673590048273E-03

 Compound:  2  (butyronitrile)
 Mole Fraction of the compound in the mixture      :  9.9945299687077793E-01
 Chemical potential of the compound in the mixture : -7.2170891550558935E-01 kcal/mol
 Log10(partial pressure [mbar])                    :  1.2956592019904534E+00
 Free energy of molecule in mix (E_COSMO+dE+Mu)    : -1.3270488772615953E+05 kcal/mol
 Total mean interaction energy in the mix (H_int)  : -2.7092975858684105E+00 kcal/mol
 Misfit interaction energy in the mix (H_MF)       :  2.6605322110743930E+00 kcal/mol
 H-Bond interaction energy in the mix (H_HB)       :  1.0946689638241193E-02 kcal/mol
 VdW interaction energy in the mix (H_vdW)         : -5.3807764865810448E+00 kcal/mol
 Ring correction                                   :  0.0000000000000000E+00 kcal/mol
 Log10(x_Solubility)                               :  0.0000000000000000E+00


----------------
 END job       1
----------------
