 ------------------------------------------------------------------------------ 
 COSMOtherm Version C30-1701 (revision 3140)
 ------------------------------------------------------------------------------ 
 written by Frank Eckert, Andreas Klamt, Larissa Koch, Selman Terzi
 Copyright (C) 1999-2017, COSMOlogic GmbH & Co. KG

 Job-Name   : !! Calculation of Gfus of AZ13530968 in Water (ID:116). !!
 Job-Date   : 03/21/2017
 Job-Time   : 11:19:23
 Hostname   : ukmcdwlx007
 OS-Type    : linux
 Executable : Linux 64-bit

 Reading COSMOtherm parameter file BP_TZVPD_FINE_C30_1701.ctd from directory /apps/cosmologic/COSMOthermX17/COSMOtherm/CTDATA-FILES/
 Info: # COSMOtherm parameter file BP_TZVPD_FINE_C30_1701.ctd for BP-TZVPD-FINE (BP-TZVP optimized) COSMO files                                              

 Reading COSMOtherm license key license.txt from directory /apps/cosmologic/COSMOthermX17/licensefiles/

 COSMOtherm license key expiration date 22-dec-2018
 COSMOtherm license key version 17.0
 Customer : AstraZeneca
 ID       : 100905

 License keys:
  product                   |    licensed version    | status
 ------------------------------------------------------------------------------ 
  COSMOtherm                |          17.0          | active
  TURBOMOLE                 |          7.1           | active
  COSMOconf                 |          4.1           | active
 ------------------------------------------------------------------------------ 


 Reading COSMO information for molecule 1 from file /dbs/AZcosmotherm/AZ_BP_TZVPD-FINE/a/AZ13530968_c0.cosmo
 Reading gas phase energy information for molecule 1 from file /dbs/AZcosmotherm/AZ_BP_TZVPD-FINE/a/AZ13530968_c0.energy

 Compound Information for compound 1 conformer 1 (COSMO file /dbs/AZcosmotherm/AZ_BP_TZVPD-FINE/a/AZ13530968_c0.cosmo)
 Atomic weights         : 111111111111111111111111111111111111111111111
 E_COSMO+dE             : -2.2047545908809612E+06 kcal/mol
 E_gas                  : -2.2047407758595427E+06 kcal/mol
 E_COSMO-E_gas+dE       : -1.3815021418500692E+01 kcal/mol
 E_diel                 : -1.8741097682544183E+01 kcal/mol
 Averaging corr dE      :  1.1080556917143740E+00 kcal/mol
 EvdW in continuum      : -3.5869582409676792E+02 kcal/mol
 Area                   :  3.4755790236900066E+02 A^2
 Volume                 :  4.0289052007962806E+02 A^3
 Molecular Weight       :  3.7629256400000003E+02 a.m.u.
 Total COSMO charge     :  2.8206111837914350E-03 a.u.
 Dipole moment (t,x,y,z):   7.17471E+00  4.88760E-01  7.15649E+00 -1.49195E-01 Debye                     
 Sigma moments (1-6)    :   6.62526E-14  1.26082E+02  4.57635E+01  2.08980E+02  1.75017E+02  5.52993E+02 
 H-bond moment (accept) :  6.7616750700730961E+00
 H-bond moment (donor)  :  2.3418698075613533E+00


 Reading COSMO information for molecule 2 from file /dbs/AZcosmotherm/AZ_BP_TZVPD-FINE/a/AZ13530968_c1.cosmo
 Reading gas phase energy information for molecule 2 from file /dbs/AZcosmotherm/AZ_BP_TZVPD-FINE/a/AZ13530968_c1.energy

 Compound Information for compound 1 conformer 2 (COSMO file /dbs/AZcosmotherm/AZ_BP_TZVPD-FINE/a/AZ13530968_c1.cosmo)
 Atomic weights         : 111111111111111111111111111111111111111111111
 E_COSMO+dE             : -2.2047512413992281E+06 kcal/mol
 E_gas                  : -2.2047383753013550E+06 kcal/mol
 E_COSMO-E_gas+dE       : -1.2866097873076797E+01 kcal/mol
 E_diel                 : -1.7660782740455844E+01 kcal/mol
 Averaging corr dE      :  1.0676646047629947E+00 kcal/mol
 EvdW in continuum      : -3.5141710084911767E+02 kcal/mol
 Area                   :  3.4092533972000086E+02 A^2
 Volume                 :  4.0306834173301530E+02 A^3
 Molecular Weight       :  3.7629256400000003E+02 a.m.u.
 Total COSMO charge     :  3.0803784690760063E-03 a.u.
 Dipole moment (t,x,y,z):   7.74371E+00 -4.36480E+00 -6.19843E+00  1.57892E+00 Debye                     
 Sigma moments (1-6)    :   1.61537E-14  1.15954E+02  3.55562E+01  1.85701E+02  1.44749E+02  4.84586E+02 
 H-bond moment (accept) :  5.5908276593953437E+00
 H-bond moment (donor)  :  2.1977940140201802E+00


 Reading COSMO information for molecule 3 from file /dbs/AZcosmotherm/AZ_BP_TZVPD-FINE/a/AZ13530968_c2.cosmo
 Reading gas phase energy information for molecule 3 from file /dbs/AZcosmotherm/AZ_BP_TZVPD-FINE/a/AZ13530968_c2.energy

 Compound Information for compound 1 conformer 3 (COSMO file /dbs/AZcosmotherm/AZ_BP_TZVPD-FINE/a/AZ13530968_c2.cosmo)
 Atomic weights         : 111111111111111111111111111111111111111111111
 E_COSMO+dE             : -2.2047494696116853E+06 kcal/mol
 E_gas                  : -2.2047358857822344E+06 kcal/mol
 E_COSMO-E_gas+dE       : -1.3583829450886697E+01 kcal/mol
 E_diel                 : -1.8510678826816303E+01 kcal/mol
 Averaging corr dE      :  1.0973693821534591E+00 kcal/mol
 EvdW in continuum      : -3.5676861025593655E+02 kcal/mol
 Area                   :  3.4596571778000055E+02 A^2
 Volume                 :  4.0336322930821598E+02 A^3
 Molecular Weight       :  3.7629256400000003E+02 a.m.u.
 Total COSMO charge     :  2.4033856911052707E-03 a.u.
 Dipole moment (t,x,y,z):   7.34088E+00 -4.69042E+00 -5.64665E+00 -6.21380E-02 Debye                     
 Sigma moments (1-6)    :   7.86905E-14  1.23492E+02  4.46705E+01  2.02476E+02  1.74512E+02  5.37388E+02 
 H-bond moment (accept) :  6.4082977499049703E+00
 H-bond moment (donor)  :  2.1788107554402876E+00


 Reading COSMO information for molecule 4 from file /apps/cosmologic/COSMOthermX17/COSMOtherm/DATABASE-COSMO/BP-TZVPD-FINE/h/h2o_c0.cosmo
 Reading gas phase energy information for molecule 4 from file /apps/cosmologic/COSMOthermX17/COSMOtherm/DATABASE-COSMO/BP-TZVPD-FINE/h/h2o_c0.energy
 Reading vapor pressure and property information for compound 2 from file /apps/cosmologic/COSMOthermX17/COSMOtherm/DATABASE-COSMO/BP-TZVPD-FINE/h/h2o.vap
 Free energy of fusion for pure compound 2 (DGFUS = 0.0000000000000000E+00 kcal/mol)
 Wagner equation coefficients ([mbar]/[K]) for compound 2:    220600.0000       647.1400        -7.7645         1.4584        -2.7758        -1.2330
 Vapor Pressure [mbar] / Temperature [°C] input for compound 2:
               10.0000             7.0000
              100.0000            45.8000
             1000.0000            99.6000
 Antoine equation coefficients (in [mbar]/[K]) for compound 2:        18.8198      3956.2903       -40.6247
 Minimum interpolative temperature for vapor pressure estimation of compound 2:     280.150 K
 Maximum interpolative temperature for vapor pressure estimation of compound 2:     372.750 K
 Minimum temperature for vapor pressure estimation of pure compound 2 (TPVMIN = 2.7500000000000000E+02 K)
 Maximum temperature for vapor pressure estimation of pure compound 2 (TPVMAX = 6.4700000000000000E+02 K)
 UNIQUAC volume parameter for compound 2 (UNIQUAC_RI = 9.2000000000000004E-01)
 UNIQUAC surface parameter for compound 2 (UNIQUAC_QI = 1.3999999999999999E+00)
 Boiling temperature of compound 2 (TBOIL = 3.7314999999999998E+02 K)
 Melting temperature of compound 2 (TMELT = 2.7314999999999998E+02 K)
 Experimental dielectric constant for molecule 4   EPSILON = 7.8200000000000003E+01

 Compound Information for compound 2 (COSMO file /apps/cosmologic/COSMOthermX17/COSMOtherm/DATABASE-COSMO/BP-TZVPD-FINE/h/h2o_c0.cosmo)
 Atomic weights         : 111
 E_COSMO+dE             : -4.7992965219791251E+04 kcal/mol
 E_gas                  : -4.7987170946057850E+04 kcal/mol
 E_COSMO-E_gas+dE       : -5.7942737334014964E+00 kcal/mol
 E_diel                 : -8.0929450646407606E+00 kcal/mol
 Averaging corr dE      :  4.3672928375973852E-01 kcal/mol
 EvdW in continuum      : -4.4768053851425904E+01 kcal/mol
 Area                   :  4.3142326368999989E+01 A^2
 Volume                 :  2.5855268402514856E+01 A^3
 Molecular Weight       :  1.8015324000000003E+01 a.m.u.
 Total COSMO charge     : -1.3062106488158422E-04 a.u.
 Dipole moment (t,x,y,z):   2.20071E+00  1.12157E-03  2.71148E-04 -2.20071E+00 Debye                     
 Sigma moments (1-6)    :  -1.23374E-14  6.39963E+01  2.97739E+00  1.35033E+02  1.50220E+01  3.16931E+02 
 H-bond moment (accept) :  3.0365451907006857E+00
 H-bond moment (donor)  :  2.9730209503395755E+00


 Total number of processed compounds:    2
 Total number of processed molecules:    4


----------------
 START job     1
----------------

 ----------------------------------------------------
 Automatic computation of solubities in compound    2
 Computing liquid-liquid solubilities: Heats of fusion are assumed to be zero
 Computing heat of fusion from given reference solubility of AZ13530968         
 Reference solubility in given solvent =  3.997E-04 [g/g]   
 log(x_Ref) =   -4.718
 ----------------------------------------------------



 Results for mixture 1
 ---------------------
 Temperature          :    300.150 K

 Compound Nr.         :                       1                      2
 Compound             :  AZ13530968             h2o                   
 Mole Fraction        :  1.0000000000000000E+00 0.0000000000000000E+00

 Compound:  1  (AZ13530968)
 Mole Fraction of the compound in the mixture      :  1.0000000000000000E+00
 Chemical potential of the compound in the mixture : -7.1710377574966913E+00 kcal/mol
 Log10(partial pressure [mbar])                    : -1.0164398645559938E+01
 Free energy of molecule in mix (E_COSMO+dE+Mu)    : -2.2047617619187185E+06 kcal/mol
 Total mean interaction energy in the mix (H_int)  : -1.8434460779094859E+01 kcal/mol
 Misfit interaction energy in the mix (H_MF)       :  5.3767897493174202E+00 kcal/mol
 H-Bond interaction energy in the mix (H_HB)       : -3.0728051661645113E+00 kcal/mol
 VdW interaction energy in the mix (H_vdW)         : -2.0754257339033753E+01 kcal/mol
 Ring correction                                   : -2.2232394000000002E+00 kcal/mol




 Results for mixture 2
 ---------------------
 Temperature          :    300.150 K

 Compound Nr.         :                       1                      2
 Compound             :  AZ13530968             h2o                   
 Mole Fraction        :  0.0000000000000000E+00 1.0000000000000000E+00

 Compound:  2  (h2o)
 Mole Fraction of the compound in the mixture      :  1.0000000000000000E+00
 Chemical potential of the compound in the mixture : -1.7462508732821611E+00 kcal/mol
 Log10(partial pressure [mbar])                    :  1.2365565351217607E+00
 Free energy of molecule in mix (E_COSMO+dE+Mu)    : -4.7994711470664530E+04 kcal/mol
 Total mean interaction energy in the mix (H_int)  : -5.4810128191857519E+00 kcal/mol
 Misfit interaction energy in the mix (H_MF)       :  5.5832819015985025E-01 kcal/mol
 H-Bond interaction energy in the mix (H_HB)       : -4.7468507311822714E+00 kcal/mol
 VdW interaction energy in the mix (H_vdW)         : -1.2924902781633307E+00 kcal/mol
 Ring correction                                   :  0.0000000000000000E+00 kcal/mol




 Results for mixture 3
 ---------------------
 Temperature          :    298.150 K

 Compound Nr.         :                       1                      2
 Compound             :  AZ13530968             h2o                   
 Mole Fraction        :  0.0000000000000000E+00 1.0000000000000000E+00

 Compound:  1  (AZ13530968)
 Mole Fraction of the compound in the mixture      :  0.0000000000000000E+00
 Chemical potential of the compound in the mixture : -3.1876482474886561E+00 kcal/mol
 Log10(partial pressure [mbar])                    : -7.3566918925782989E+00
 Free energy of molecule in mix (E_COSMO+dE+Mu)    : -2.2047577785292086E+06 kcal/mol
 Total mean interaction energy in the mix (H_int)  : -1.9241314949040792E+01 kcal/mol
 Misfit interaction energy in the mix (H_MF)       :  5.4021660936379705E+00 kcal/mol
 H-Bond interaction energy in the mix (H_HB)       : -8.3135210312318257E+00 kcal/mol
 VdW interaction energy in the mix (H_vdW)         : -1.6336428718151726E+01 kcal/mol
 Ring correction                                   : -2.2232394000000002E+00 kcal/mol

 Compound:  2  (h2o)
 Mole Fraction of the compound in the mixture      :  1.0000000000000000E+00
 Chemical potential of the compound in the mixture : -1.7712285822458114E+00 kcal/mol
 Log10(partial pressure [mbar])                    :  1.1828484769236838E+00
 Free energy of molecule in mix (E_COSMO+dE+Mu)    : -4.7994736448373500E+04 kcal/mol
 Total mean interaction energy in the mix (H_int)  : -5.5084684340897221E+00 kcal/mol
 Misfit interaction energy in the mix (H_MF)       :  5.5392215617011309E-01 kcal/mol
 H-Bond interaction energy in the mix (H_HB)       : -4.7683100307524287E+00 kcal/mol
 VdW interaction energy in the mix (H_vdW)         : -1.2940805595074056E+00 kcal/mol
 Ring correction                                   :  0.0000000000000000E+00 kcal/mol




 Results for mixture 4
 ---------------------
 Temperature          :    300.150 K

 Compound Nr.         :                       1                      2
 Compound             :  AZ13530968             h2o                   
 Mole Fraction        :  1.9136940210127277E-05 9.9998086305978984E-01

 Compound:  1  (AZ13530968)
 Mole Fraction of the compound in the mixture      :  1.9136940210127277E-05
 Chemical potential of the compound in the mixture : -3.0487129041157752E+00 kcal/mol
 Log10(partial pressure [mbar])                    : -7.1628470640233424E+00
 Free energy of molecule in mix (E_COSMO+dE+Mu)    : -2.2047576395938653E+06 kcal/mol
 Total mean interaction energy in the mix (H_int)  : -1.9058573798223172E+01 kcal/mol
 Misfit interaction energy in the mix (H_MF)       :  5.5329326935599061E+00 kcal/mol
 H-Bond interaction energy in the mix (H_HB)       : -8.2851719933966006E+00 kcal/mol
 VdW interaction energy in the mix (H_vdW)         : -1.6313132305265771E+01 kcal/mol
 Ring correction                                   : -2.2232394000000002E+00 kcal/mol
 Log10(x_Solubility)                               : -4.7181275000015050E+00
 w_Solubility [g(Solute)/g(Solution)]              :  3.9972781550956163E-04

 Compound:  2  (h2o)
 Mole Fraction of the compound in the mixture      :  9.9998086305978984E-01
 Chemical potential of the compound in the mixture : -1.7462508962421779E+00 kcal/mol
 Log10(partial pressure [mbar])                    :  1.2365565184040885E+00
 Free energy of molecule in mix (E_COSMO+dE+Mu)    : -4.7994711470687493E+04 kcal/mol
 Total mean interaction energy in the mix (H_int)  : -5.4811080764927267E+00 kcal/mol
 Misfit interaction energy in the mix (H_MF)       :  5.5831892426938257E-01 kcal/mol
 H-Bond interaction energy in the mix (H_HB)       : -4.7468420067473707E+00 kcal/mol
 VdW interaction energy in the mix (H_vdW)         : -1.2925849940147378E+00 kcal/mol
 Ring correction                                   :  0.0000000000000000E+00 kcal/mol
 Log10(x_Solubility)                               :  0.0000000000000000E+00


----------------
 END job       1
----------------
