 ------------------------------------------------------------------------------ 
 COSMOtherm Version C30-1701 (revision 3140)
 ------------------------------------------------------------------------------ 
 written by Frank Eckert, Andreas Klamt, Larissa Koch, Selman Terzi
 Copyright (C) 1999-2017, COSMOlogic GmbH & Co. KG

 Job-Name   : !! Calculation of Gfus of AZ13530968 in THF [Tetrahydrofuran] (ID:108). !!
 Job-Date   : 03/21/2017
 Job-Time   : 11:18:53
 Hostname   : ukmcdwlx007
 OS-Type    : linux
 Executable : Linux 64-bit

 Reading COSMOtherm parameter file BP_TZVPD_FINE_C30_1701.ctd from directory /apps/cosmologic/COSMOthermX17/COSMOtherm/CTDATA-FILES/
 Info: # COSMOtherm parameter file BP_TZVPD_FINE_C30_1701.ctd for BP-TZVPD-FINE (BP-TZVP optimized) COSMO files                                              

 Reading COSMOtherm license key license.txt from directory /apps/cosmologic/COSMOthermX17/licensefiles/

 COSMOtherm license key expiration date 22-dec-2018
 COSMOtherm license key version 17.0
 Customer : AstraZeneca
 ID       : 100905

 License keys:
  product                   |    licensed version    | status
 ------------------------------------------------------------------------------ 
  COSMOtherm                |          17.0          | active
  TURBOMOLE                 |          7.1           | active
  COSMOconf                 |          4.1           | active
 ------------------------------------------------------------------------------ 


 Reading COSMO information for molecule 1 from file /dbs/AZcosmotherm/AZ_BP_TZVPD-FINE/a/AZ13530968_c0.cosmo
 Reading gas phase energy information for molecule 1 from file /dbs/AZcosmotherm/AZ_BP_TZVPD-FINE/a/AZ13530968_c0.energy

 Compound Information for compound 1 conformer 1 (COSMO file /dbs/AZcosmotherm/AZ_BP_TZVPD-FINE/a/AZ13530968_c0.cosmo)
 Atomic weights         : 111111111111111111111111111111111111111111111
 E_COSMO+dE             : -2.2047545908809612E+06 kcal/mol
 E_gas                  : -2.2047407758595427E+06 kcal/mol
 E_COSMO-E_gas+dE       : -1.3815021418500692E+01 kcal/mol
 E_diel                 : -1.8741097682544183E+01 kcal/mol
 Averaging corr dE      :  1.1080556917143740E+00 kcal/mol
 EvdW in continuum      : -3.5869582409676792E+02 kcal/mol
 Area                   :  3.4755790236900066E+02 A^2
 Volume                 :  4.0289052007962806E+02 A^3
 Molecular Weight       :  3.7629256400000003E+02 a.m.u.
 Total COSMO charge     :  2.8206111837914350E-03 a.u.
 Dipole moment (t,x,y,z):   7.17471E+00  4.88760E-01  7.15649E+00 -1.49195E-01 Debye                     
 Sigma moments (1-6)    :   6.62526E-14  1.26082E+02  4.57635E+01  2.08980E+02  1.75017E+02  5.52993E+02 
 H-bond moment (accept) :  6.7616750700730961E+00
 H-bond moment (donor)  :  2.3418698075613533E+00


 Reading COSMO information for molecule 2 from file /dbs/AZcosmotherm/AZ_BP_TZVPD-FINE/a/AZ13530968_c1.cosmo
 Reading gas phase energy information for molecule 2 from file /dbs/AZcosmotherm/AZ_BP_TZVPD-FINE/a/AZ13530968_c1.energy

 Compound Information for compound 1 conformer 2 (COSMO file /dbs/AZcosmotherm/AZ_BP_TZVPD-FINE/a/AZ13530968_c1.cosmo)
 Atomic weights         : 111111111111111111111111111111111111111111111
 E_COSMO+dE             : -2.2047512413992281E+06 kcal/mol
 E_gas                  : -2.2047383753013550E+06 kcal/mol
 E_COSMO-E_gas+dE       : -1.2866097873076797E+01 kcal/mol
 E_diel                 : -1.7660782740455844E+01 kcal/mol
 Averaging corr dE      :  1.0676646047629947E+00 kcal/mol
 EvdW in continuum      : -3.5141710084911767E+02 kcal/mol
 Area                   :  3.4092533972000086E+02 A^2
 Volume                 :  4.0306834173301530E+02 A^3
 Molecular Weight       :  3.7629256400000003E+02 a.m.u.
 Total COSMO charge     :  3.0803784690760063E-03 a.u.
 Dipole moment (t,x,y,z):   7.74371E+00 -4.36480E+00 -6.19843E+00  1.57892E+00 Debye                     
 Sigma moments (1-6)    :   1.61537E-14  1.15954E+02  3.55562E+01  1.85701E+02  1.44749E+02  4.84586E+02 
 H-bond moment (accept) :  5.5908276593953437E+00
 H-bond moment (donor)  :  2.1977940140201802E+00


 Reading COSMO information for molecule 3 from file /dbs/AZcosmotherm/AZ_BP_TZVPD-FINE/a/AZ13530968_c2.cosmo
 Reading gas phase energy information for molecule 3 from file /dbs/AZcosmotherm/AZ_BP_TZVPD-FINE/a/AZ13530968_c2.energy

 Compound Information for compound 1 conformer 3 (COSMO file /dbs/AZcosmotherm/AZ_BP_TZVPD-FINE/a/AZ13530968_c2.cosmo)
 Atomic weights         : 111111111111111111111111111111111111111111111
 E_COSMO+dE             : -2.2047494696116853E+06 kcal/mol
 E_gas                  : -2.2047358857822344E+06 kcal/mol
 E_COSMO-E_gas+dE       : -1.3583829450886697E+01 kcal/mol
 E_diel                 : -1.8510678826816303E+01 kcal/mol
 Averaging corr dE      :  1.0973693821534591E+00 kcal/mol
 EvdW in continuum      : -3.5676861025593655E+02 kcal/mol
 Area                   :  3.4596571778000055E+02 A^2
 Volume                 :  4.0336322930821598E+02 A^3
 Molecular Weight       :  3.7629256400000003E+02 a.m.u.
 Total COSMO charge     :  2.4033856911052707E-03 a.u.
 Dipole moment (t,x,y,z):   7.34088E+00 -4.69042E+00 -5.64665E+00 -6.21380E-02 Debye                     
 Sigma moments (1-6)    :   7.86905E-14  1.23492E+02  4.46705E+01  2.02476E+02  1.74512E+02  5.37388E+02 
 H-bond moment (accept) :  6.4082977499049703E+00
 H-bond moment (donor)  :  2.1788107554402876E+00


 Reading COSMO information for molecule 4 from file /apps/cosmologic/COSMOthermX17/COSMOtherm/DATABASE-COSMO/BP-TZVPD-FINE/t/thf_c0.cosmo
 Reading gas phase energy information for molecule 4 from file /apps/cosmologic/COSMOthermX17/COSMOtherm/DATABASE-COSMO/BP-TZVPD-FINE/t/thf_c0.energy
 Reading vapor pressure and property information for compound 2 from file /apps/cosmologic/COSMOthermX17/COSMOtherm/DATABASE-COSMO/BP-TZVPD-FINE/t/thf.vap
 Free energy of fusion for pure compound 2 (DGFUS = 0.0000000000000000E+00 kcal/mol)
 Enthalpy of fusion for pure compound 2 (DHFUS = 2.0411089866156784E+00 kcal/mol)
 Vapor Pressure [mbar] / Temperature [°C] input for compound 2:
                0.1000           -78.0000
               10.0000           -29.8000
             1000.0000            65.6000
 Antoine equation coefficients (in [mbar]/[K]) for compound 2:        16.3132      2729.8673       -48.5076
 Minimum interpolative temperature for vapor pressure estimation of compound 2:     195.150 K
 Maximum interpolative temperature for vapor pressure estimation of compound 2:     338.750 K
 UNIQUAC volume parameter for compound 2 (UNIQUAC_RI = 2.9415000000000000E+00)
 UNIQUAC surface parameter for compound 2 (UNIQUAC_QI = 2.7200000000000002E+00)
 Boiling temperature of compound 2 (TBOIL = 3.3814999999999998E+02 K)
 Melting temperature of compound 2 (TMELT = 1.6484999999999997E+02 K)
 Experimental dielectric constant for molecule 4   EPSILON = 7.4000000000000004E+00
 Critical temperature of compound 2 (TCRIT = 5.4014999999999998E+02 K)
 Critical pressure of compound 2 (PCRIT = 5.1878400000000001E+04 mbar)

 Compound Information for compound 2 (COSMO file /apps/cosmologic/COSMOthermX17/COSMOtherm/DATABASE-COSMO/BP-TZVPD-FINE/t/thf_c0.cosmo)
 Atomic weights         : 1111111111111
 E_COSMO+dE             : -1.4593035538580976E+05 kcal/mol
 E_gas                  : -1.4592695509887711E+05 kcal/mol
 E_COSMO-E_gas+dE       : -3.4002869326504879E+00 kcal/mol
 E_diel                 : -4.6227005381436808E+00 kcal/mol
 Averaging corr dE      :  2.4962726913688121E-01 kcal/mol
 EvdW in continuum      : -1.0833678779470972E+02 kcal/mol
 Area                   :  1.1360499569500007E+02 A^2
 Volume                 :  1.0165915739441348E+02 A^3
 Molecular Weight       :  7.2106126000000003E+01 a.m.u.
 Total COSMO charge     : -5.3994366694625428E-04 a.u.
 Dipole moment (t,x,y,z):   2.51464E+00  1.32104E-03 -1.61806E-03 -2.51464E+00 Debye                     
 Sigma moments (1-6)    :  -8.74301E-16  3.16284E+01  3.13548E+01  5.29109E+01  7.92833E+01  1.26351E+02 
 H-bond moment (accept) :  2.7304262498882492E+00
 H-bond moment (donor)  :  0.0000000000000000E+00


 Total number of processed compounds:    2
 Total number of processed molecules:    4


----------------
 START job     1
----------------

 ----------------------------------------------------
 Automatic computation of solubities in compound    2
 Computing liquid-liquid solubilities: Heats of fusion are assumed to be zero
 Computing heat of fusion from given reference solubility of AZ13530968         
 Reference solubility in given solvent =  3.696E-02 [g/g]   
 log(x_Ref) =   -2.150
 ----------------------------------------------------



 Results for mixture 1
 ---------------------
 Temperature          :    300.150 K

 Compound Nr.         :                       1                      2
 Compound             :  AZ13530968             thf                   
 Mole Fraction        :  1.0000000000000000E+00 0.0000000000000000E+00

 Compound:  1  (AZ13530968)
 Mole Fraction of the compound in the mixture      :  1.0000000000000000E+00
 Chemical potential of the compound in the mixture : -7.1710377574966913E+00 kcal/mol
 Log10(partial pressure [mbar])                    : -1.0164398645559938E+01
 Free energy of molecule in mix (E_COSMO+dE+Mu)    : -2.2047617619187185E+06 kcal/mol
 Total mean interaction energy in the mix (H_int)  : -1.8434460779094859E+01 kcal/mol
 Misfit interaction energy in the mix (H_MF)       :  5.3767897493174202E+00 kcal/mol
 H-Bond interaction energy in the mix (H_HB)       : -3.0728051661645113E+00 kcal/mol
 VdW interaction energy in the mix (H_vdW)         : -2.0754257339033753E+01 kcal/mol
 Ring correction                                   : -2.2232394000000002E+00 kcal/mol




 Results for mixture 2
 ---------------------
 Temperature          :    300.150 K

 Compound Nr.         :                       1                      2
 Compound             :  AZ13530968             thf                   
 Mole Fraction        :  0.0000000000000000E+00 1.0000000000000000E+00

 Compound:  2  (thf)
 Mole Fraction of the compound in the mixture      :  1.0000000000000000E+00
 Chemical potential of the compound in the mixture : -1.7917052369102331E+00 kcal/mol
 Log10(partial pressure [mbar])                    :  2.4969093047236468E+00
 Free energy of molecule in mix (E_COSMO+dE+Mu)    : -1.4593214709104667E+05 kcal/mol
 Total mean interaction energy in the mix (H_int)  : -3.3983208900267541E+00 kcal/mol
 Misfit interaction energy in the mix (H_MF)       :  2.1788991508508073E+00 kcal/mol
 H-Bond interaction energy in the mix (H_HB)       :  0.0000000000000000E+00 kcal/mol
 VdW interaction energy in the mix (H_vdW)         : -5.5772200408775614E+00 kcal/mol
 Ring correction                                   : -6.1756650000000002E-01 kcal/mol




 Results for mixture 3
 ---------------------
 Temperature          :    298.150 K

 Compound Nr.         :                       1                      2
 Compound             :  AZ13530968             thf                   
 Mole Fraction        :  0.0000000000000000E+00 1.0000000000000000E+00

 Compound:  1  (AZ13530968)
 Mole Fraction of the compound in the mixture      :  0.0000000000000000E+00
 Chemical potential of the compound in the mixture : -7.8578609959772336E+00 kcal/mol
 Log10(partial pressure [mbar])                    : -1.0779982727964541E+01
 Free energy of molecule in mix (E_COSMO+dE+Mu)    : -2.2047624487419571E+06 kcal/mol
 Total mean interaction energy in the mix (H_int)  : -1.4522433978472357E+01 kcal/mol
 Misfit interaction energy in the mix (H_MF)       :  6.1964912374847358E+00 kcal/mol
 H-Bond interaction energy in the mix (H_HB)       : -2.0466262186600450E+00 kcal/mol
 VdW interaction energy in the mix (H_vdW)         : -1.8694922886485173E+01 kcal/mol
 Ring correction                                   : -2.2232394000000006E+00 kcal/mol

 Compound:  2  (thf)
 Mole Fraction of the compound in the mixture      :  1.0000000000000000E+00
 Chemical potential of the compound in the mixture : -1.8024396063230435E+00 kcal/mol
 Log10(partial pressure [mbar])                    :  2.4620961781342707E+00
 Free energy of molecule in mix (E_COSMO+dE+Mu)    : -1.4593215782541607E+05 kcal/mol
 Total mean interaction energy in the mix (H_int)  : -3.4069719907665403E+00 kcal/mol
 Misfit interaction energy in the mix (H_MF)       :  2.1767601999198467E+00 kcal/mol
 H-Bond interaction energy in the mix (H_HB)       :  0.0000000000000000E+00 kcal/mol
 VdW interaction energy in the mix (H_vdW)         : -5.5837321906863870E+00 kcal/mol
 Ring correction                                   : -6.1756650000000002E-01 kcal/mol




 Results for mixture 4
 ---------------------
 Temperature          :    300.150 K

 Compound Nr.         :                       1                      2
 Compound             :  AZ13530968             thf                   
 Mole Fraction        :  7.0831755953161719E-03 9.9291682440468387E-01

 Compound:  1  (AZ13530968)
 Mole Fraction of the compound in the mixture      :  7.0831755953161719E-03
 Chemical potential of the compound in the mixture : -7.8634792325389959E+00 kcal/mol
 Log10(partial pressure [mbar])                    : -1.0668579873012250E+01
 Free energy of molecule in mix (E_COSMO+dE+Mu)    : -2.2047624543601936E+06 kcal/mol
 Total mean interaction energy in the mix (H_int)  : -1.4729692683475200E+01 kcal/mol
 Misfit interaction energy in the mix (H_MF)       :  6.0859339281896947E+00 kcal/mol
 H-Bond interaction energy in the mix (H_HB)       : -2.1182309228699157E+00 kcal/mol
 VdW interaction energy in the mix (H_vdW)         : -1.8720200165408997E+01 kcal/mol
 Ring correction                                   : -2.2232394000000002E+00 kcal/mol
 Log10(x_Solubility)                               : -2.1497719916999034E+00
 w_Solubility [g(Solute)/g(Solution)]              :  3.7227906266562111E-02

 Compound:  2  (thf)
 Mole Fraction of the compound in the mixture      :  9.9291682440468387E-01
 Chemical potential of the compound in the mixture : -1.7915654115078790E+00 kcal/mol
 Log10(partial pressure [mbar])                    :  2.4970111145451681E+00
 Free energy of molecule in mix (E_COSMO+dE+Mu)    : -1.4593214695122128E+05 kcal/mol
 Total mean interaction energy in the mix (H_int)  : -3.4340164973169225E+00 kcal/mol
 Misfit interaction energy in the mix (H_MF)       :  2.1697633508840068E+00 kcal/mol
 H-Bond interaction energy in the mix (H_HB)       : -1.4064100832625315E-02 kcal/mol
 VdW interaction energy in the mix (H_vdW)         : -5.5897157473683041E+00 kcal/mol
 Ring correction                                   : -6.1756650000000002E-01 kcal/mol
 Log10(x_Solubility)                               :  0.0000000000000000E+00


----------------
 END job       1
----------------
