 ------------------------------------------------------------------------------ 
 COSMOtherm Version C30-1701 (revision 3140)
 ------------------------------------------------------------------------------ 
 written by Frank Eckert, Andreas Klamt, Larissa Koch, Selman Terzi
 Copyright (C) 1999-2017, COSMOlogic GmbH & Co. KG

 Job-Name   : !! Calculation of Gfus of AZ13530968 in iso-Propyl Acetate (ID:75). !!
 Job-Date   : 03/21/2017
 Job-Time   : 11:18:05
 Hostname   : ukmcdwlx007
 OS-Type    : linux
 Executable : Linux 64-bit

 Reading COSMOtherm parameter file BP_TZVPD_FINE_C30_1701.ctd from directory /apps/cosmologic/COSMOthermX17/COSMOtherm/CTDATA-FILES/
 Info: # COSMOtherm parameter file BP_TZVPD_FINE_C30_1701.ctd for BP-TZVPD-FINE (BP-TZVP optimized) COSMO files                                              

 Reading COSMOtherm license key license.txt from directory /apps/cosmologic/COSMOthermX17/licensefiles/

 COSMOtherm license key expiration date 22-dec-2018
 COSMOtherm license key version 17.0
 Customer : AstraZeneca
 ID       : 100905

 License keys:
  product                   |    licensed version    | status
 ------------------------------------------------------------------------------ 
  COSMOtherm                |          17.0          | active
  TURBOMOLE                 |          7.1           | active
  COSMOconf                 |          4.1           | active
 ------------------------------------------------------------------------------ 


 Reading COSMO information for molecule 1 from file /dbs/AZcosmotherm/AZ_BP_TZVPD-FINE/a/AZ13530968_c0.cosmo
 Reading gas phase energy information for molecule 1 from file /dbs/AZcosmotherm/AZ_BP_TZVPD-FINE/a/AZ13530968_c0.energy

 Compound Information for compound 1 conformer 1 (COSMO file /dbs/AZcosmotherm/AZ_BP_TZVPD-FINE/a/AZ13530968_c0.cosmo)
 Atomic weights         : 111111111111111111111111111111111111111111111
 E_COSMO+dE             : -2.2047545908809612E+06 kcal/mol
 E_gas                  : -2.2047407758595427E+06 kcal/mol
 E_COSMO-E_gas+dE       : -1.3815021418500692E+01 kcal/mol
 E_diel                 : -1.8741097682544183E+01 kcal/mol
 Averaging corr dE      :  1.1080556917143740E+00 kcal/mol
 EvdW in continuum      : -3.5869582409676792E+02 kcal/mol
 Area                   :  3.4755790236900066E+02 A^2
 Volume                 :  4.0289052007962806E+02 A^3
 Molecular Weight       :  3.7629256400000003E+02 a.m.u.
 Total COSMO charge     :  2.8206111837914350E-03 a.u.
 Dipole moment (t,x,y,z):   7.17471E+00  4.88760E-01  7.15649E+00 -1.49195E-01 Debye                     
 Sigma moments (1-6)    :   6.62526E-14  1.26082E+02  4.57635E+01  2.08980E+02  1.75017E+02  5.52993E+02 
 H-bond moment (accept) :  6.7616750700730961E+00
 H-bond moment (donor)  :  2.3418698075613533E+00


 Reading COSMO information for molecule 2 from file /dbs/AZcosmotherm/AZ_BP_TZVPD-FINE/a/AZ13530968_c1.cosmo
 Reading gas phase energy information for molecule 2 from file /dbs/AZcosmotherm/AZ_BP_TZVPD-FINE/a/AZ13530968_c1.energy

 Compound Information for compound 1 conformer 2 (COSMO file /dbs/AZcosmotherm/AZ_BP_TZVPD-FINE/a/AZ13530968_c1.cosmo)
 Atomic weights         : 111111111111111111111111111111111111111111111
 E_COSMO+dE             : -2.2047512413992281E+06 kcal/mol
 E_gas                  : -2.2047383753013550E+06 kcal/mol
 E_COSMO-E_gas+dE       : -1.2866097873076797E+01 kcal/mol
 E_diel                 : -1.7660782740455844E+01 kcal/mol
 Averaging corr dE      :  1.0676646047629947E+00 kcal/mol
 EvdW in continuum      : -3.5141710084911767E+02 kcal/mol
 Area                   :  3.4092533972000086E+02 A^2
 Volume                 :  4.0306834173301530E+02 A^3
 Molecular Weight       :  3.7629256400000003E+02 a.m.u.
 Total COSMO charge     :  3.0803784690760063E-03 a.u.
 Dipole moment (t,x,y,z):   7.74371E+00 -4.36480E+00 -6.19843E+00  1.57892E+00 Debye                     
 Sigma moments (1-6)    :   1.61537E-14  1.15954E+02  3.55562E+01  1.85701E+02  1.44749E+02  4.84586E+02 
 H-bond moment (accept) :  5.5908276593953437E+00
 H-bond moment (donor)  :  2.1977940140201802E+00


 Reading COSMO information for molecule 3 from file /dbs/AZcosmotherm/AZ_BP_TZVPD-FINE/a/AZ13530968_c2.cosmo
 Reading gas phase energy information for molecule 3 from file /dbs/AZcosmotherm/AZ_BP_TZVPD-FINE/a/AZ13530968_c2.energy

 Compound Information for compound 1 conformer 3 (COSMO file /dbs/AZcosmotherm/AZ_BP_TZVPD-FINE/a/AZ13530968_c2.cosmo)
 Atomic weights         : 111111111111111111111111111111111111111111111
 E_COSMO+dE             : -2.2047494696116853E+06 kcal/mol
 E_gas                  : -2.2047358857822344E+06 kcal/mol
 E_COSMO-E_gas+dE       : -1.3583829450886697E+01 kcal/mol
 E_diel                 : -1.8510678826816303E+01 kcal/mol
 Averaging corr dE      :  1.0973693821534591E+00 kcal/mol
 EvdW in continuum      : -3.5676861025593655E+02 kcal/mol
 Area                   :  3.4596571778000055E+02 A^2
 Volume                 :  4.0336322930821598E+02 A^3
 Molecular Weight       :  3.7629256400000003E+02 a.m.u.
 Total COSMO charge     :  2.4033856911052707E-03 a.u.
 Dipole moment (t,x,y,z):   7.34088E+00 -4.69042E+00 -5.64665E+00 -6.21380E-02 Debye                     
 Sigma moments (1-6)    :   7.86905E-14  1.23492E+02  4.46705E+01  2.02476E+02  1.74512E+02  5.37388E+02 
 H-bond moment (accept) :  6.4082977499049703E+00
 H-bond moment (donor)  :  2.1788107554402876E+00


 Reading COSMO information for molecule 4 from file /apps/cosmologic/COSMOthermX17/COSMOtherm/DATABASE-COSMO/BP-TZVPD-FINE/i/isopropylacetate_c0.cosmo
 Reading gas phase energy information for molecule 4 from file /apps/cosmologic/COSMOthermX17/COSMOtherm/DATABASE-COSMO/BP-TZVPD-FINE/i/isopropylacetate_c0.energy
 Reading vapor pressure and property information for compound 2 from file /apps/cosmologic/COSMOthermX17/COSMOtherm/DATABASE-COSMO/BP-TZVPD-FINE/i/isopropylacetate.vap
 Free energy of fusion for pure compound 2 (DGFUS = 0.0000000000000000E+00 kcal/mol)
 Vapor Pressure [mbar] / Temperature [°C] input for compound 2:
                0.1000           -61.0000
               10.0000           -11.0000
             1000.0000            88.2000
 Antoine equation coefficients (in [mbar]/[K]) for compound 2:        16.2679      2815.7622       -60.5240
 Minimum interpolative temperature for vapor pressure estimation of compound 2:     212.150 K
 Maximum interpolative temperature for vapor pressure estimation of compound 2:     361.350 K
 Boiling temperature of compound 2 (TBOIL = 3.6175000000000000E+02 K)
 Melting temperature of compound 2 (TMELT = 1.9974999999999997E+02 K)

 Compound Information for compound 2 conformer 1 (COSMO file /apps/cosmologic/COSMOthermX17/COSMOtherm/DATABASE-COSMO/BP-TZVPD-FINE/i/isopropylacetate_c0.cosmo)
 Atomic weights         : 11111111111111111
 E_COSMO+dE             : -2.1786456212827426E+05 kcal/mol
 E_gas                  : -2.1785929941643958E+05 kcal/mol
 E_COSMO-E_gas+dE       : -5.2627118346863426E+00 kcal/mol
 E_diel                 : -6.9366996230741167E+00 kcal/mol
 Averaging corr dE      :  4.0581180330732730E-01 kcal/mol
 EvdW in continuum      : -1.4871407758377401E+02 kcal/mol
 Area                   :  1.5295507777400002E+02 A^2
 Volume                 :  1.4219360328405082E+02 A^3
 Molecular Weight       :  1.0213223000000002E+02 a.m.u.
 Total COSMO charge     :  5.0998357031662779E-04 a.u.
 Dipole moment (t,x,y,z):   2.78116E+00  1.88411E+00  1.51327E+00 -1.37659E+00 Debye                     
 Sigma moments (1-6)    :  -1.48631E-14  4.81278E+01  3.22114E+01  5.57026E+01  6.47928E+01  9.30122E+01 
 H-bond moment (accept) :  1.8014534408454841E+00
 H-bond moment (donor)  :  0.0000000000000000E+00


 Reading COSMO information for molecule 5 from file /apps/cosmologic/COSMOthermX17/COSMOtherm/DATABASE-COSMO/BP-TZVPD-FINE/i/isopropylacetate_c1.cosmo
 Reading gas phase energy information for molecule 5 from file /apps/cosmologic/COSMOthermX17/COSMOtherm/DATABASE-COSMO/BP-TZVPD-FINE/i/isopropylacetate_c1.energy
 Reading vapor pressure and property information for compound 2 from file /apps/cosmologic/COSMOthermX17/COSMOtherm/DATABASE-COSMO/BP-TZVPD-FINE/i/isopropylacetate.vap
 Vapor Pressure [mbar] / Temperature [°C] input for compound 2:
                0.1000           -61.0000
               10.0000           -11.0000
             1000.0000            88.2000
 Antoine equation coefficients (in [mbar]/[K]) for compound 2:        16.2679      2815.7622       -60.5240
 Minimum interpolative temperature for vapor pressure estimation of compound 2:     212.150 K
 Maximum interpolative temperature for vapor pressure estimation of compound 2:     361.350 K

 Compound Information for compound 2 conformer 2 (COSMO file /apps/cosmologic/COSMOthermX17/COSMOtherm/DATABASE-COSMO/BP-TZVPD-FINE/i/isopropylacetate_c1.cosmo)
 Atomic weights         : 11111111111111111
 E_COSMO+dE             : -2.1786134667974597E+05 kcal/mol
 E_gas                  : -2.1785227223445170E+05 kcal/mol
 E_COSMO-E_gas+dE       : -9.0744452942744829E+00 kcal/mol
 E_diel                 : -1.2752877854571834E+01 kcal/mol
 Averaging corr dE      :  3.6288306316713770E-01 kcal/mol
 EvdW in continuum      : -1.4690470126939803E+02 kcal/mol
 Area                   :  1.5037945163500007E+02 A^2
 Volume                 :  1.4176386762169813E+02 A^3
 Molecular Weight       :  1.0213223000000002E+02 a.m.u.
 Total COSMO charge     :  8.1263072974659963E-05 a.u.
 Dipole moment (t,x,y,z):   6.63574E+00  5.04248E+00  2.77706E+00 -3.30068E+00 Debye                     
 Sigma moments (1-6)    :   4.16611E-14  6.61397E+01  4.75223E+01  9.11606E+01  1.11609E+02  1.74580E+02 
 H-bond moment (accept) :  3.2962506582397295E+00
 H-bond moment (donor)  :  0.0000000000000000E+00


 Total number of processed compounds:    2
 Total number of processed molecules:    5


----------------
 START job     1
----------------

 ----------------------------------------------------
 Automatic computation of solubities in compound    2
 Computing liquid-liquid solubilities: Heats of fusion are assumed to be zero
 Computing heat of fusion from given reference solubility of AZ13530968         
 Reference solubility in given solvent =  7.345E-03 [g/g]   
 log(x_Ref) =   -2.700
 ----------------------------------------------------



 Results for mixture 1
 ---------------------
 Temperature          :    300.150 K

 Compound Nr.         :                       1                      2
 Compound             :  AZ13530968             isopropylacetate      
 Mole Fraction        :  1.0000000000000000E+00 0.0000000000000000E+00

 Compound:  1  (AZ13530968)
 Mole Fraction of the compound in the mixture      :  1.0000000000000000E+00
 Chemical potential of the compound in the mixture : -7.1710377574966913E+00 kcal/mol
 Log10(partial pressure [mbar])                    : -1.0164398645559938E+01
 Free energy of molecule in mix (E_COSMO+dE+Mu)    : -2.2047617619187185E+06 kcal/mol
 Total mean interaction energy in the mix (H_int)  : -1.8434460779094859E+01 kcal/mol
 Misfit interaction energy in the mix (H_MF)       :  5.3767897493174202E+00 kcal/mol
 H-Bond interaction energy in the mix (H_HB)       : -3.0728051661645113E+00 kcal/mol
 VdW interaction energy in the mix (H_vdW)         : -2.0754257339033753E+01 kcal/mol
 Ring correction                                   : -2.2232394000000002E+00 kcal/mol




 Results for mixture 2
 ---------------------
 Temperature          :    300.150 K

 Compound Nr.         :                       1                      2
 Compound             :  AZ13530968             isopropylacetate      
 Mole Fraction        :  0.0000000000000000E+00 1.0000000000000000E+00

 Compound:  2  (isopropylacetate)
 Mole Fraction of the compound in the mixture      :  1.0000000000000000E+00
 Chemical potential of the compound in the mixture : -1.7457220545069261E+00 kcal/mol
 Log10(partial pressure [mbar])                    :  1.6239863175126263E+00
 Free energy of molecule in mix (E_COSMO+dE+Mu)    : -2.1786630785032877E+05 kcal/mol
 Total mean interaction energy in the mix (H_int)  : -4.1384559849483873E+00 kcal/mol
 Misfit interaction energy in the mix (H_MF)       :  2.9282027471275662E+00 kcal/mol
 H-Bond interaction energy in the mix (H_HB)       :  1.7755563727834772E-03 kcal/mol
 VdW interaction energy in the mix (H_vdW)         : -7.0693163002994037E+00 kcal/mol
 Ring correction                                   :  0.0000000000000000E+00 kcal/mol




 Results for mixture 3
 ---------------------
 Temperature          :    298.150 K

 Compound Nr.         :                       1                      2
 Compound             :  AZ13530968             isopropylacetate      
 Mole Fraction        :  0.0000000000000000E+00 1.0000000000000000E+00

 Compound:  1  (AZ13530968)
 Mole Fraction of the compound in the mixture      :  0.0000000000000000E+00
 Chemical potential of the compound in the mixture : -7.2450813474497089E+00 kcal/mol
 Log10(partial pressure [mbar])                    : -1.0330811979673820E+01
 Free energy of molecule in mix (E_COSMO+dE+Mu)    : -2.2047618359623086E+06 kcal/mol
 Total mean interaction energy in the mix (H_int)  : -1.3700999845750818E+01 kcal/mol
 Misfit interaction energy in the mix (H_MF)       :  5.5504396379351517E+00 kcal/mol
 H-Bond interaction energy in the mix (H_HB)       : -1.0757124983674446E+00 kcal/mol
 VdW interaction energy in the mix (H_vdW)         : -1.8196807400727476E+01 kcal/mol
 Ring correction                                   : -2.2232394000000002E+00 kcal/mol

 Compound:  2  (isopropylacetate)
 Mole Fraction of the compound in the mixture      :  1.0000000000000000E+00
 Chemical potential of the compound in the mixture : -1.7617122964026246E+00 kcal/mol
 Log10(partial pressure [mbar])                    :  1.5794647377358644E+00
 Free energy of molecule in mix (E_COSMO+dE+Mu)    : -2.1786632384057067E+05 kcal/mol
 Total mean interaction energy in the mix (H_int)  : -4.1521109657805289E+00 kcal/mol
 Misfit interaction energy in the mix (H_MF)       :  2.9231470335236951E+00 kcal/mol
 H-Bond interaction energy in the mix (H_HB)       :  1.7197029630907960E-03 kcal/mol
 VdW interaction energy in the mix (H_vdW)         : -7.0778154803021174E+00 kcal/mol
 Ring correction                                   :  0.0000000000000000E+00 kcal/mol




 Results for mixture 4
 ---------------------
 Temperature          :    300.150 K

 Compound Nr.         :                       1                      2
 Compound             :  AZ13530968             isopropylacetate      
 Mole Fraction        :  1.9936503070263267E-03 9.9800634969297364E-01

 Compound:  1  (AZ13530968)
 Mole Fraction of the compound in the mixture      :  1.9936503070263267E-03
 Chemical potential of the compound in the mixture : -7.1802355585278965E+00 kcal/mol
 Log10(partial pressure [mbar])                    : -1.0171095758284869E+01
 Free energy of molecule in mix (E_COSMO+dE+Mu)    : -2.2047617711165198E+06 kcal/mol
 Total mean interaction energy in the mix (H_int)  : -1.3700878597113810E+01 kcal/mol
 Misfit interaction energy in the mix (H_MF)       :  5.5665943341319837E+00 kcal/mol
 H-Bond interaction energy in the mix (H_HB)       : -1.1010267670540599E+00 kcal/mol
 VdW interaction energy in the mix (H_vdW)         : -1.8188345212355678E+01 kcal/mol
 Ring correction                                   : -2.2232394000000002E+00 kcal/mol
 Log10(x_Solubility)                               : -2.7003510160581032E+00
 w_Solubility [g(Solute)/g(Solution)]              :  7.3600116390752854E-03

 Compound:  2  (isopropylacetate)
 Mole Fraction of the compound in the mixture      :  9.9800634969297364E-01
 Chemical potential of the compound in the mixture : -1.7457036886603332E+00 kcal/mol
 Log10(partial pressure [mbar])                    :  1.6239996900724920E+00
 Free energy of molecule in mix (E_COSMO+dE+Mu)    : -2.1786630783196291E+05 kcal/mol
 Total mean interaction energy in the mix (H_int)  : -4.1460910358109944E+00 kcal/mol
 Misfit interaction energy in the mix (H_MF)       :  2.9270674141479480E+00 kcal/mol
 H-Bond interaction energy in the mix (H_HB)       : -3.2421163223637000E-04 kcal/mol
 VdW interaction energy in the mix (H_vdW)         : -7.0737241226609289E+00 kcal/mol
 Ring correction                                   :  0.0000000000000000E+00 kcal/mol
 Log10(x_Solubility)                               :  0.0000000000000000E+00


----------------
 END job       1
----------------
