 ------------------------------------------------------------------------------ 
 COSMOtherm Version C30-1701 (revision 3140)
 ------------------------------------------------------------------------------ 
 written by Frank Eckert, Andreas Klamt, Larissa Koch, Selman Terzi
 Copyright (C) 1999-2017, COSMOlogic GmbH & Co. KG

 Job-Name   : !! Calculation of Gfus of AZ13530968 in CPME [Cyclopentyl Methyl Ether] (ID:50). !!
 Job-Date   : 03/21/2017
 Job-Time   : 11:16:48
 Hostname   : ukmcdwlx007
 OS-Type    : linux
 Executable : Linux 64-bit

 Reading COSMOtherm parameter file BP_TZVPD_FINE_C30_1701.ctd from directory /apps/cosmologic/COSMOthermX17/COSMOtherm/CTDATA-FILES/
 Info: # COSMOtherm parameter file BP_TZVPD_FINE_C30_1701.ctd for BP-TZVPD-FINE (BP-TZVP optimized) COSMO files                                              

 Reading COSMOtherm license key license.txt from directory /apps/cosmologic/COSMOthermX17/licensefiles/

 COSMOtherm license key expiration date 22-dec-2018
 COSMOtherm license key version 17.0
 Customer : AstraZeneca
 ID       : 100905

 License keys:
  product                   |    licensed version    | status
 ------------------------------------------------------------------------------ 
  COSMOtherm                |          17.0          | active
  TURBOMOLE                 |          7.1           | active
  COSMOconf                 |          4.1           | active
 ------------------------------------------------------------------------------ 


 Reading COSMO information for molecule 1 from file /dbs/AZcosmotherm/AZ_BP_TZVPD-FINE/a/AZ13530968_c0.cosmo
 Reading gas phase energy information for molecule 1 from file /dbs/AZcosmotherm/AZ_BP_TZVPD-FINE/a/AZ13530968_c0.energy

 Compound Information for compound 1 conformer 1 (COSMO file /dbs/AZcosmotherm/AZ_BP_TZVPD-FINE/a/AZ13530968_c0.cosmo)
 Atomic weights         : 111111111111111111111111111111111111111111111
 E_COSMO+dE             : -2.2047545908809612E+06 kcal/mol
 E_gas                  : -2.2047407758595427E+06 kcal/mol
 E_COSMO-E_gas+dE       : -1.3815021418500692E+01 kcal/mol
 E_diel                 : -1.8741097682544183E+01 kcal/mol
 Averaging corr dE      :  1.1080556917143740E+00 kcal/mol
 EvdW in continuum      : -3.5869582409676792E+02 kcal/mol
 Area                   :  3.4755790236900066E+02 A^2
 Volume                 :  4.0289052007962806E+02 A^3
 Molecular Weight       :  3.7629256400000003E+02 a.m.u.
 Total COSMO charge     :  2.8206111837914350E-03 a.u.
 Dipole moment (t,x,y,z):   7.17471E+00  4.88760E-01  7.15649E+00 -1.49195E-01 Debye                     
 Sigma moments (1-6)    :   6.62526E-14  1.26082E+02  4.57635E+01  2.08980E+02  1.75017E+02  5.52993E+02 
 H-bond moment (accept) :  6.7616750700730961E+00
 H-bond moment (donor)  :  2.3418698075613533E+00


 Reading COSMO information for molecule 2 from file /dbs/AZcosmotherm/AZ_BP_TZVPD-FINE/a/AZ13530968_c1.cosmo
 Reading gas phase energy information for molecule 2 from file /dbs/AZcosmotherm/AZ_BP_TZVPD-FINE/a/AZ13530968_c1.energy

 Compound Information for compound 1 conformer 2 (COSMO file /dbs/AZcosmotherm/AZ_BP_TZVPD-FINE/a/AZ13530968_c1.cosmo)
 Atomic weights         : 111111111111111111111111111111111111111111111
 E_COSMO+dE             : -2.2047512413992281E+06 kcal/mol
 E_gas                  : -2.2047383753013550E+06 kcal/mol
 E_COSMO-E_gas+dE       : -1.2866097873076797E+01 kcal/mol
 E_diel                 : -1.7660782740455844E+01 kcal/mol
 Averaging corr dE      :  1.0676646047629947E+00 kcal/mol
 EvdW in continuum      : -3.5141710084911767E+02 kcal/mol
 Area                   :  3.4092533972000086E+02 A^2
 Volume                 :  4.0306834173301530E+02 A^3
 Molecular Weight       :  3.7629256400000003E+02 a.m.u.
 Total COSMO charge     :  3.0803784690760063E-03 a.u.
 Dipole moment (t,x,y,z):   7.74371E+00 -4.36480E+00 -6.19843E+00  1.57892E+00 Debye                     
 Sigma moments (1-6)    :   1.61537E-14  1.15954E+02  3.55562E+01  1.85701E+02  1.44749E+02  4.84586E+02 
 H-bond moment (accept) :  5.5908276593953437E+00
 H-bond moment (donor)  :  2.1977940140201802E+00


 Reading COSMO information for molecule 3 from file /dbs/AZcosmotherm/AZ_BP_TZVPD-FINE/a/AZ13530968_c2.cosmo
 Reading gas phase energy information for molecule 3 from file /dbs/AZcosmotherm/AZ_BP_TZVPD-FINE/a/AZ13530968_c2.energy

 Compound Information for compound 1 conformer 3 (COSMO file /dbs/AZcosmotherm/AZ_BP_TZVPD-FINE/a/AZ13530968_c2.cosmo)
 Atomic weights         : 111111111111111111111111111111111111111111111
 E_COSMO+dE             : -2.2047494696116853E+06 kcal/mol
 E_gas                  : -2.2047358857822344E+06 kcal/mol
 E_COSMO-E_gas+dE       : -1.3583829450886697E+01 kcal/mol
 E_diel                 : -1.8510678826816303E+01 kcal/mol
 Averaging corr dE      :  1.0973693821534591E+00 kcal/mol
 EvdW in continuum      : -3.5676861025593655E+02 kcal/mol
 Area                   :  3.4596571778000055E+02 A^2
 Volume                 :  4.0336322930821598E+02 A^3
 Molecular Weight       :  3.7629256400000003E+02 a.m.u.
 Total COSMO charge     :  2.4033856911052707E-03 a.u.
 Dipole moment (t,x,y,z):   7.34088E+00 -4.69042E+00 -5.64665E+00 -6.21380E-02 Debye                     
 Sigma moments (1-6)    :   7.86905E-14  1.23492E+02  4.46705E+01  2.02476E+02  1.74512E+02  5.37388E+02 
 H-bond moment (accept) :  6.4082977499049703E+00
 H-bond moment (donor)  :  2.1788107554402876E+00


 Reading COSMO information for molecule 4 from file /dbs/AZcosmotherm/AZ_BP_TZVPD-FINE/c/CPME_c0.cosmo
 Reading gas phase energy information for molecule 4 from file /dbs/AZcosmotherm/AZ_BP_TZVPD-FINE/c/CPME_c0.energy
 Reading vapor pressure and property information for compound 2 from file /dbs/AZcosmotherm/AZ_BP_TZVPD-FINE/c/CPME.vap
 Note: Vapor Pressure / property file /dbs/AZcosmotherm/AZ_BP_TZVPD-FINE/c/CPME.vap is empty
 Free energy of fusion for pure compound 2 (DGFUS = 0.0000000000000000E+00 kcal/mol)

 Compound Information for compound 2 conformer 1 (COSMO file /dbs/AZcosmotherm/AZ_BP_TZVPD-FINE/c/CPME_c0.cosmo)
 Atomic weights         : 1111111111111111111
 E_COSMO+dE             : -1.9528458055267346E+05 kcal/mol
 E_gas                  : -1.9528187832108026E+05 kcal/mol
 E_COSMO-E_gas+dE       : -2.7022315931972116E+00 kcal/mol
 E_diel                 : -3.7612161189351934E+00 kcal/mol
 Averaging corr dE      :  2.8585575213754899E-01 kcal/mol
 EvdW in continuum      : -1.4147300175942738E+02 kcal/mol
 Area                   :  1.5027235720299998E+02 A^2
 Volume                 :  1.4459567745189102E+02 A^3
 Molecular Weight       :  1.0015947400000002E+02 a.m.u.
 Total COSMO charge     : -1.3589322236896129E-04 a.u.
 Dipole moment (t,x,y,z):   1.75232E+00  1.16295E-02  9.95910E-01 -1.44175E+00 Debye                     
 Sigma moments (1-6)    :  -1.41970E-14  2.82623E+01  2.36682E+01  3.97217E+01  5.72507E+01  8.94667E+01 
 H-bond moment (accept) :  1.8780363554166264E+00
 H-bond moment (donor)  :  0.0000000000000000E+00


 Reading COSMO information for molecule 5 from file /dbs/AZcosmotherm/AZ_BP_TZVPD-FINE/c/CPME_c1.cosmo
 Reading gas phase energy information for molecule 5 from file /dbs/AZcosmotherm/AZ_BP_TZVPD-FINE/c/CPME_c1.energy

 Compound Information for compound 2 conformer 2 (COSMO file /dbs/AZcosmotherm/AZ_BP_TZVPD-FINE/c/CPME_c1.cosmo)
 Atomic weights         : 1111111111111111111
 E_COSMO+dE             : -1.9528175792680078E+05 kcal/mol
 E_gas                  : -1.9527860286390129E+05 kcal/mol
 E_COSMO-E_gas+dE       : -3.1550628994882572E+00 kcal/mol
 E_diel                 : -4.2333492605656415E+00 kcal/mol
 Averaging corr dE      :  2.7790385747236301E-01 kcal/mol
 EvdW in continuum      : -1.3976627336915763E+02 kcal/mol
 Area                   :  1.4809252414100007E+02 A^2
 Volume                 :  1.4427856217001701E+02 A^3
 Molecular Weight       :  1.0015947400000002E+02 a.m.u.
 Total COSMO charge     : -1.2584906130116202E-04 a.u.
 Dipole moment (t,x,y,z):   1.96775E+00 -3.88371E-01  1.06893E+00 -1.60580E+00 Debye                     
 Sigma moments (1-6)    :   5.75928E-15  3.09803E+01  2.63182E+01  4.45074E+01  6.38257E+01  9.94190E+01 
 H-bond moment (accept) :  2.2236995636865275E+00
 H-bond moment (donor)  :  0.0000000000000000E+00


 Total number of processed compounds:    2
 Total number of processed molecules:    5


----------------
 START job     1
----------------

 ----------------------------------------------------
 Automatic computation of solubities in compound    2
 Computing liquid-liquid solubilities: Heats of fusion are assumed to be zero
 Computing heat of fusion from given reference solubility of AZ13530968         
 Reference solubility in given solvent =  6.867E-03 [g/g]   
 log(x_Ref) =   -2.738
 ----------------------------------------------------



 Results for mixture 1
 ---------------------
 Temperature          :    300.150 K

 Compound Nr.         :                       1                      2
 Compound             :  AZ13530968             CPME                  
 Mole Fraction        :  1.0000000000000000E+00 0.0000000000000000E+00

 Compound:  1  (AZ13530968)
 Mole Fraction of the compound in the mixture      :  1.0000000000000000E+00
 Chemical potential of the compound in the mixture : -7.1710377574966913E+00 kcal/mol
 Log10(partial pressure [mbar])                    : -1.0164398645559938E+01
 Free energy of molecule in mix (E_COSMO+dE+Mu)    : -2.2047617619187185E+06 kcal/mol
 Total mean interaction energy in the mix (H_int)  : -1.8434460779094859E+01 kcal/mol
 Misfit interaction energy in the mix (H_MF)       :  5.3767897493174202E+00 kcal/mol
 H-Bond interaction energy in the mix (H_HB)       : -3.0728051661645113E+00 kcal/mol
 VdW interaction energy in the mix (H_vdW)         : -2.0754257339033753E+01 kcal/mol
 Ring correction                                   : -2.2232394000000002E+00 kcal/mol




 Results for mixture 2
 ---------------------
 Temperature          :    300.150 K

 Compound Nr.         :                       1                      2
 Compound             :  AZ13530968             CPME                  
 Mole Fraction        :  0.0000000000000000E+00 1.0000000000000000E+00

 Compound:  2  (CPME)
 Mole Fraction of the compound in the mixture      :  1.0000000000000000E+00
 Chemical potential of the compound in the mixture : -3.4684918203270843E+00 kcal/mol
 Log10(partial pressure [mbar])                    :  1.7860607935347617E+00
 Free energy of molecule in mix (E_COSMO+dE+Mu)    : -1.9528804904449379E+05 kcal/mol
 Total mean interaction energy in the mix (H_int)  : -5.7711322626282007E+00 kcal/mol
 Misfit interaction energy in the mix (H_MF)       :  1.9552675656271721E+00 kcal/mol
 H-Bond interaction energy in the mix (H_HB)       :  0.0000000000000000E+00 kcal/mol
 VdW interaction energy in the mix (H_vdW)         : -7.7406711249337832E+00 kcal/mol
 Ring correction                                   : -6.1756649999999991E-01 kcal/mol




 Results for mixture 3
 ---------------------
 Temperature          :    298.150 K

 Compound Nr.         :                       1                      2
 Compound             :  AZ13530968             CPME                  
 Mole Fraction        :  0.0000000000000000E+00 1.0000000000000000E+00

 Compound:  1  (AZ13530968)
 Mole Fraction of the compound in the mixture      :  0.0000000000000000E+00
 Chemical potential of the compound in the mixture : -5.9101898749825894E+00 kcal/mol
 Log10(partial pressure [mbar])                    : -9.3523294158097130E+00
 Free energy of molecule in mix (E_COSMO+dE+Mu)    : -2.2047605010708361E+06 kcal/mol
 Total mean interaction energy in the mix (H_int)  : -1.3983586180989828E+01 kcal/mol
 Misfit interaction energy in the mix (H_MF)       :  6.2115918384738427E+00 kcal/mol
 H-Bond interaction energy in the mix (H_HB)       : -1.0217641864796563E+00 kcal/mol
 VdW interaction energy in the mix (H_vdW)         : -1.9198365845820128E+01 kcal/mol
 Ring correction                                   : -2.2232393999999998E+00 kcal/mol

 Compound:  2  (CPME)
 Mole Fraction of the compound in the mixture      :  1.0000000000000000E+00
 Chemical potential of the compound in the mixture : -3.4838735883282341E+00 kcal/mol
 Log10(partial pressure [mbar])                    :  1.7429962429102335E+00
 Free energy of molecule in mix (E_COSMO+dE+Mu)    : -1.9528806442626179E+05 kcal/mol
 Total mean interaction energy in the mix (H_int)  : -5.7825663315723492E+00 kcal/mol
 Misfit interaction energy in the mix (H_MF)       :  1.9532415018854064E+00 kcal/mol
 H-Bond interaction energy in the mix (H_HB)       :  0.0000000000000000E+00 kcal/mol
 VdW interaction energy in the mix (H_vdW)         : -7.7495797662336869E+00 kcal/mol
 Ring correction                                   : -6.1756650000000002E-01 kcal/mol




 Results for mixture 4
 ---------------------
 Temperature          :    300.150 K

 Compound Nr.         :                       1                      2
 Compound             :  AZ13530968             CPME                  
 Mole Fraction        :  1.8279417252436282E-03 9.9817205827475641E-01

 Compound:  1  (AZ13530968)
 Mole Fraction of the compound in the mixture      :  1.8279417252436282E-03
 Chemical potential of the compound in the mixture : -5.9777900424456574E+00 kcal/mol
 Log10(partial pressure [mbar])                    : -9.2955698429635305E+00
 Free energy of molecule in mix (E_COSMO+dE+Mu)    : -2.2047605686710034E+06 kcal/mol
 Total mean interaction energy in the mix (H_int)  : -1.4108853150683014E+01 kcal/mol
 Misfit interaction energy in the mix (H_MF)       :  6.0923709387483083E+00 kcal/mol
 H-Bond interaction energy in the mix (H_HB)       : -1.0431089408146581E+00 kcal/mol
 VdW interaction energy in the mix (H_vdW)         : -1.9183499099165154E+01 kcal/mol
 Ring correction                                   : -2.2232394000000006E+00 kcal/mol
 Log10(x_Solubility)                               : -2.7380376536834441E+00
 w_Solubility [g(Solute)/g(Solution)]              :  6.8800332779037328E-03

 Compound:  2  (CPME)
 Mole Fraction of the compound in the mixture      :  9.9817205827475641E-01
 Chemical potential of the compound in the mixture : -3.4684080251348233E+00 kcal/mol
 Log10(partial pressure [mbar])                    :  1.7861218065797790E+00
 Free energy of molecule in mix (E_COSMO+dE+Mu)    : -1.9528804896069859E+05 kcal/mol
 Total mean interaction energy in the mix (H_int)  : -5.7752485625082270E+00 kcal/mol
 Misfit interaction energy in the mix (H_MF)       :  1.9554262761686101E+00 kcal/mol
 H-Bond interaction energy in the mix (H_HB)       : -1.8224034701408150E-03 kcal/mol
 VdW interaction energy in the mix (H_vdW)         : -7.7431776842976250E+00 kcal/mol
 Ring correction                                   : -6.1756650000000002E-01 kcal/mol
 Log10(x_Solubility)                               :  0.0000000000000000E+00


----------------
 END job       1
----------------
