 ------------------------------------------------------------------------------ 
 COSMOtherm Version C30-1701 (revision 3140)
 ------------------------------------------------------------------------------ 
 written by Frank Eckert, Andreas Klamt, Larissa Koch, Selman Terzi
 Copyright (C) 1999-2017, COSMOlogic GmbH & Co. KG

 Job-Name   : !! Calculation of Gfus of AZ13530968 in Toluene (ID:110). !!
 Job-Date   : 03/21/2017
 Job-Time   : 11:19:08
 Hostname   : ukmcdwlx007
 OS-Type    : linux
 Executable : Linux 64-bit

 Reading COSMOtherm parameter file BP_TZVPD_FINE_C30_1701.ctd from directory /apps/cosmologic/COSMOthermX17/COSMOtherm/CTDATA-FILES/
 Info: # COSMOtherm parameter file BP_TZVPD_FINE_C30_1701.ctd for BP-TZVPD-FINE (BP-TZVP optimized) COSMO files                                              

 Reading COSMOtherm license key license.txt from directory /apps/cosmologic/COSMOthermX17/licensefiles/

 COSMOtherm license key expiration date 22-dec-2018
 COSMOtherm license key version 17.0
 Customer : AstraZeneca
 ID       : 100905

 License keys:
  product                   |    licensed version    | status
 ------------------------------------------------------------------------------ 
  COSMOtherm                |          17.0          | active
  TURBOMOLE                 |          7.1           | active
  COSMOconf                 |          4.1           | active
 ------------------------------------------------------------------------------ 


 Reading COSMO information for molecule 1 from file /dbs/AZcosmotherm/AZ_BP_TZVPD-FINE/a/AZ13530968_c0.cosmo
 Reading gas phase energy information for molecule 1 from file /dbs/AZcosmotherm/AZ_BP_TZVPD-FINE/a/AZ13530968_c0.energy

 Compound Information for compound 1 conformer 1 (COSMO file /dbs/AZcosmotherm/AZ_BP_TZVPD-FINE/a/AZ13530968_c0.cosmo)
 Atomic weights         : 111111111111111111111111111111111111111111111
 E_COSMO+dE             : -2.2047545908809612E+06 kcal/mol
 E_gas                  : -2.2047407758595427E+06 kcal/mol
 E_COSMO-E_gas+dE       : -1.3815021418500692E+01 kcal/mol
 E_diel                 : -1.8741097682544183E+01 kcal/mol
 Averaging corr dE      :  1.1080556917143740E+00 kcal/mol
 EvdW in continuum      : -3.5869582409676792E+02 kcal/mol
 Area                   :  3.4755790236900066E+02 A^2
 Volume                 :  4.0289052007962806E+02 A^3
 Molecular Weight       :  3.7629256400000003E+02 a.m.u.
 Total COSMO charge     :  2.8206111837914350E-03 a.u.
 Dipole moment (t,x,y,z):   7.17471E+00  4.88760E-01  7.15649E+00 -1.49195E-01 Debye                     
 Sigma moments (1-6)    :   6.62526E-14  1.26082E+02  4.57635E+01  2.08980E+02  1.75017E+02  5.52993E+02 
 H-bond moment (accept) :  6.7616750700730961E+00
 H-bond moment (donor)  :  2.3418698075613533E+00


 Reading COSMO information for molecule 2 from file /dbs/AZcosmotherm/AZ_BP_TZVPD-FINE/a/AZ13530968_c1.cosmo
 Reading gas phase energy information for molecule 2 from file /dbs/AZcosmotherm/AZ_BP_TZVPD-FINE/a/AZ13530968_c1.energy

 Compound Information for compound 1 conformer 2 (COSMO file /dbs/AZcosmotherm/AZ_BP_TZVPD-FINE/a/AZ13530968_c1.cosmo)
 Atomic weights         : 111111111111111111111111111111111111111111111
 E_COSMO+dE             : -2.2047512413992281E+06 kcal/mol
 E_gas                  : -2.2047383753013550E+06 kcal/mol
 E_COSMO-E_gas+dE       : -1.2866097873076797E+01 kcal/mol
 E_diel                 : -1.7660782740455844E+01 kcal/mol
 Averaging corr dE      :  1.0676646047629947E+00 kcal/mol
 EvdW in continuum      : -3.5141710084911767E+02 kcal/mol
 Area                   :  3.4092533972000086E+02 A^2
 Volume                 :  4.0306834173301530E+02 A^3
 Molecular Weight       :  3.7629256400000003E+02 a.m.u.
 Total COSMO charge     :  3.0803784690760063E-03 a.u.
 Dipole moment (t,x,y,z):   7.74371E+00 -4.36480E+00 -6.19843E+00  1.57892E+00 Debye                     
 Sigma moments (1-6)    :   1.61537E-14  1.15954E+02  3.55562E+01  1.85701E+02  1.44749E+02  4.84586E+02 
 H-bond moment (accept) :  5.5908276593953437E+00
 H-bond moment (donor)  :  2.1977940140201802E+00


 Reading COSMO information for molecule 3 from file /dbs/AZcosmotherm/AZ_BP_TZVPD-FINE/a/AZ13530968_c2.cosmo
 Reading gas phase energy information for molecule 3 from file /dbs/AZcosmotherm/AZ_BP_TZVPD-FINE/a/AZ13530968_c2.energy

 Compound Information for compound 1 conformer 3 (COSMO file /dbs/AZcosmotherm/AZ_BP_TZVPD-FINE/a/AZ13530968_c2.cosmo)
 Atomic weights         : 111111111111111111111111111111111111111111111
 E_COSMO+dE             : -2.2047494696116853E+06 kcal/mol
 E_gas                  : -2.2047358857822344E+06 kcal/mol
 E_COSMO-E_gas+dE       : -1.3583829450886697E+01 kcal/mol
 E_diel                 : -1.8510678826816303E+01 kcal/mol
 Averaging corr dE      :  1.0973693821534591E+00 kcal/mol
 EvdW in continuum      : -3.5676861025593655E+02 kcal/mol
 Area                   :  3.4596571778000055E+02 A^2
 Volume                 :  4.0336322930821598E+02 A^3
 Molecular Weight       :  3.7629256400000003E+02 a.m.u.
 Total COSMO charge     :  2.4033856911052707E-03 a.u.
 Dipole moment (t,x,y,z):   7.34088E+00 -4.69042E+00 -5.64665E+00 -6.21380E-02 Debye                     
 Sigma moments (1-6)    :   7.86905E-14  1.23492E+02  4.46705E+01  2.02476E+02  1.74512E+02  5.37388E+02 
 H-bond moment (accept) :  6.4082977499049703E+00
 H-bond moment (donor)  :  2.1788107554402876E+00


 Reading COSMO information for molecule 4 from file /apps/cosmologic/COSMOthermX17/COSMOtherm/DATABASE-COSMO/BP-TZVPD-FINE/t/toluene_c0.cosmo
 Reading gas phase energy information for molecule 4 from file /apps/cosmologic/COSMOthermX17/COSMOtherm/DATABASE-COSMO/BP-TZVPD-FINE/t/toluene_c0.energy
 Reading vapor pressure and property information for compound 2 from file /apps/cosmologic/COSMOthermX17/COSMOtherm/DATABASE-COSMO/BP-TZVPD-FINE/t/toluene.vap
 Free energy of fusion for pure compound 2 (DGFUS = 0.0000000000000000E+00 kcal/mol)
 Enthalpy of fusion for pure compound 2 (DHFUS = 1.5860420650095601E+00 kcal/mol)
 Wagner equation coefficients ([mbar]/[K]) for compound 2:     41080.0000       591.7500        -7.2861         1.3809        -2.8343        -2.7917
 Vapor Pressure [mbar] / Temperature [°C] input for compound 2:
                0.1000           -57.1000
               10.0000             1.5000
             1000.0000           110.1000
 Antoine equation coefficients (in [mbar]/[K]) for compound 2:        17.7023      3920.1202       -20.0916
 Minimum interpolative temperature for vapor pressure estimation of compound 2:     216.050 K
 Maximum interpolative temperature for vapor pressure estimation of compound 2:     383.250 K
 Minimum temperature for vapor pressure estimation of pure compound 2 (TPVMIN = 3.0900000000000000E+02 K)
 Maximum temperature for vapor pressure estimation of pure compound 2 (TPVMAX = 5.9200000000000000E+02 K)
 UNIQUAC volume parameter for compound 2 (UNIQUAC_RI = 3.9228000000000001E+00)
 UNIQUAC surface parameter for compound 2 (UNIQUAC_QI = 2.9680000000000000E+00)
 Boiling temperature of compound 2 (TBOIL = 3.8375000000000000E+02 K)
 Melting temperature of compound 2 (TMELT = 1.7824999999999997E+02 K)
 Critical temperature of compound 2 (TCRIT = 5.9179999999999995E+02 K)
 Critical pressure of compound 2 (PCRIT = 4.1086000000000000E+04 mbar)

 Compound Information for compound 2 (COSMO file /apps/cosmologic/COSMOthermX17/COSMOtherm/DATABASE-COSMO/BP-TZVPD-FINE/t/toluene_c0.cosmo)
 Atomic weights         : 111111111111111
 E_COSMO+dE             : -1.7047795960635663E+05 kcal/mol
 E_gas                  : -1.7047548234272480E+05 kcal/mol
 E_COSMO-E_gas+dE       : -2.4772636318230070E+00 kcal/mol
 E_diel                 : -3.1436315003383095E+00 kcal/mol
 Averaging corr dE      :  1.9709493029706532E-01 kcal/mol
 EvdW in continuum      : -1.3482220546199770E+02 kcal/mol
 Area                   :  1.4181152062600000E+02 A^2
 Volume                 :  1.3532376007485439E+02 A^3
 Molecular Weight       :  9.2139036000000004E+01 a.m.u.
 Total COSMO charge     :  8.9433976445345124E-04 a.u.
 Dipole moment (t,x,y,z):   6.33647E-01  6.30811E-01 -5.98824E-02  9.53214E-05 Debye                     
 Sigma moments (1-6)    :  -2.56184E-14  2.35852E+01  7.64783E-02  7.05091E+00  3.10959E-02  2.47545E+00 
 H-bond moment (accept) :  0.0000000000000000E+00
 H-bond moment (donor)  :  0.0000000000000000E+00


 Total number of processed compounds:    2
 Total number of processed molecules:    4


----------------
 START job     1
----------------

 ----------------------------------------------------
 Automatic computation of solubities in compound    2
 Computing liquid-liquid solubilities: Heats of fusion are assumed to be zero
 Computing heat of fusion from given reference solubility of AZ13530968         
 Reference solubility in given solvent =  1.740E-04 [g/g]   
 log(x_Ref) =   -4.370
 ----------------------------------------------------



 Results for mixture 1
 ---------------------
 Temperature          :    300.150 K

 Compound Nr.         :                       1                      2
 Compound             :  AZ13530968             toluene               
 Mole Fraction        :  1.0000000000000000E+00 0.0000000000000000E+00

 Compound:  1  (AZ13530968)
 Mole Fraction of the compound in the mixture      :  1.0000000000000000E+00
 Chemical potential of the compound in the mixture : -7.1710377574966913E+00 kcal/mol
 Log10(partial pressure [mbar])                    : -1.0164398645559938E+01
 Free energy of molecule in mix (E_COSMO+dE+Mu)    : -2.2047617619187185E+06 kcal/mol
 Total mean interaction energy in the mix (H_int)  : -1.8434460779094859E+01 kcal/mol
 Misfit interaction energy in the mix (H_MF)       :  5.3767897493174202E+00 kcal/mol
 H-Bond interaction energy in the mix (H_HB)       : -3.0728051661645113E+00 kcal/mol
 VdW interaction energy in the mix (H_vdW)         : -2.0754257339033753E+01 kcal/mol
 Ring correction                                   : -2.2232394000000002E+00 kcal/mol




 Results for mixture 2
 ---------------------
 Temperature          :    300.150 K

 Compound Nr.         :                       1                      2
 Compound             :  AZ13530968             toluene               
 Mole Fraction        :  0.0000000000000000E+00 1.0000000000000000E+00

 Compound:  2  (toluene)
 Mole Fraction of the compound in the mixture      :  1.0000000000000000E+00
 Chemical potential of the compound in the mixture : -3.8653830661015571E+00 kcal/mol
 Log10(partial pressure [mbar])                    :  1.5691608626686973E+00
 Free energy of molecule in mix (E_COSMO+dE+Mu)    : -1.7048182498942272E+05 kcal/mol
 Total mean interaction energy in the mix (H_int)  : -6.0834910295998563E+00 kcal/mol
 Misfit interaction energy in the mix (H_MF)       :  1.5090694308908483E+00 kcal/mol
 H-Bond interaction energy in the mix (H_HB)       :  2.8543246852845833E-02 kcal/mol
 VdW interaction energy in the mix (H_vdW)         : -7.6211037073435506E+00 kcal/mol
 Ring correction                                   : -7.4107980000000007E-01 kcal/mol




 Results for mixture 3
 ---------------------
 Temperature          :    298.150 K

 Compound Nr.         :                       1                      2
 Compound             :  AZ13530968             toluene               
 Mole Fraction        :  0.0000000000000000E+00 1.0000000000000000E+00

 Compound:  1  (AZ13530968)
 Mole Fraction of the compound in the mixture      :  0.0000000000000000E+00
 Chemical potential of the compound in the mixture : -5.1313430981905395E+00 kcal/mol
 Log10(partial pressure [mbar])                    : -8.7814305774162769E+00
 Free energy of molecule in mix (E_COSMO+dE+Mu)    : -2.2047597222240595E+06 kcal/mol
 Total mean interaction energy in the mix (H_int)  : -1.3862623420909101E+01 kcal/mol
 Misfit interaction energy in the mix (H_MF)       :  5.6123124266994244E+00 kcal/mol
 H-Bond interaction energy in the mix (H_HB)       :  8.1049771574154168E-03 kcal/mol
 VdW interaction energy in the mix (H_vdW)         : -1.9508077016561291E+01 kcal/mol
 Ring correction                                   : -2.2232394000000006E+00 kcal/mol

 Compound:  2  (toluene)
 Mole Fraction of the compound in the mixture      :  1.0000000000000000E+00
 Chemical potential of the compound in the mixture : -3.8802007258465769E+00 kcal/mol
 Log10(partial pressure [mbar])                    :  1.5251312954593743E+00
 Free energy of molecule in mix (E_COSMO+dE+Mu)    : -1.7048183980708246E+05 kcal/mol
 Total mean interaction energy in the mix (H_int)  : -6.0947440996874578E+00 kcal/mol
 Misfit interaction energy in the mix (H_MF)       :  1.5066211807375418E+00 kcal/mol
 H-Bond interaction energy in the mix (H_HB)       :  2.8242646896102827E-02 kcal/mol
 VdW interaction energy in the mix (H_vdW)         : -7.6296079273211026E+00 kcal/mol
 Ring correction                                   : -7.4107980000000007E-01 kcal/mol




 Results for mixture 4
 ---------------------
 Temperature          :    300.150 K

 Compound Nr.         :                       1                      2
 Compound             :  AZ13530968             toluene               
 Mole Fraction        :  4.2613854730527824E-05 9.9995738614526952E-01

 Compound:  1  (AZ13530968)
 Mole Fraction of the compound in the mixture      :  4.2613854730527824E-05
 Chemical potential of the compound in the mixture : -5.4649803821601166E+00 kcal/mol
 Log10(partial pressure [mbar])                    : -8.9221823246084657E+00
 Free energy of molecule in mix (E_COSMO+dE+Mu)    : -2.2047600558613432E+06 kcal/mol
 Total mean interaction energy in the mix (H_int)  : -1.4224199911374210E+01 kcal/mol
 Misfit interaction energy in the mix (H_MF)       :  5.2317095695526161E+00 kcal/mol
 H-Bond interaction energy in the mix (H_HB)       :  4.6731284669749113E-03 kcal/mol
 VdW interaction energy in the mix (H_vdW)         : -1.9485099755297163E+01 kcal/mol
 Ring correction                                   : -2.2232394000000006E+00 kcal/mol
 Log10(x_Solubility)                               : -4.3704491789542406E+00
 w_Solubility [g(Solute)/g(Solution)]              :  1.7404089199006038E-04

 Compound:  2  (toluene)
 Mole Fraction of the compound in the mixture      :  9.9995738614526952E-01
 Chemical potential of the compound in the mixture : -3.8653812418308813E+00 kcal/mol
 Log10(partial pressure [mbar])                    :  1.5691621909586129E+00
 Free energy of molecule in mix (E_COSMO+dE+Mu)    : -1.7048182498759846E+05 kcal/mol
 Total mean interaction energy in the mix (H_int)  : -6.0834635130852242E+00 kcal/mol
 Misfit interaction energy in the mix (H_MF)       :  1.5091359825488979E+00 kcal/mol
 H-Bond interaction energy in the mix (H_HB)       :  2.8540534968878553E-02 kcal/mol
 VdW interaction energy in the mix (H_vdW)         : -7.6211400306030015E+00 kcal/mol
 Ring correction                                   : -7.4107980000000007E-01 kcal/mol
 Log10(x_Solubility)                               :  0.0000000000000000E+00


----------------
 END job       1
----------------
