 ------------------------------------------------------------------------------ 
 COSMOtherm Version C30-1701 (revision 3140)
 ------------------------------------------------------------------------------ 
 written by Frank Eckert, Andreas Klamt, Larissa Koch, Selman Terzi
 Copyright (C) 1999-2017, COSMOlogic GmbH & Co. KG

 Job-Name   : !! Calculation of Gfus of AZ13530968 in Acetonitrile (ID:30). !!
 Job-Date   : 03/21/2017
 Job-Time   : 11:15:52
 Hostname   : ukmcdwlx007
 OS-Type    : linux
 Executable : Linux 64-bit

 Reading COSMOtherm parameter file BP_TZVPD_FINE_C30_1701.ctd from directory /apps/cosmologic/COSMOthermX17/COSMOtherm/CTDATA-FILES/
 Info: # COSMOtherm parameter file BP_TZVPD_FINE_C30_1701.ctd for BP-TZVPD-FINE (BP-TZVP optimized) COSMO files                                              

 Reading COSMOtherm license key license.txt from directory /apps/cosmologic/COSMOthermX17/licensefiles/

 COSMOtherm license key expiration date 22-dec-2018
 COSMOtherm license key version 17.0
 Customer : AstraZeneca
 ID       : 100905

 License keys:
  product                   |    licensed version    | status
 ------------------------------------------------------------------------------ 
  COSMOtherm                |          17.0          | active
  TURBOMOLE                 |          7.1           | active
  COSMOconf                 |          4.1           | active
 ------------------------------------------------------------------------------ 


 Reading COSMO information for molecule 1 from file /dbs/AZcosmotherm/AZ_BP_TZVPD-FINE/a/AZ13530968_c0.cosmo
 Reading gas phase energy information for molecule 1 from file /dbs/AZcosmotherm/AZ_BP_TZVPD-FINE/a/AZ13530968_c0.energy

 Compound Information for compound 1 conformer 1 (COSMO file /dbs/AZcosmotherm/AZ_BP_TZVPD-FINE/a/AZ13530968_c0.cosmo)
 Atomic weights         : 111111111111111111111111111111111111111111111
 E_COSMO+dE             : -2.2047545908809612E+06 kcal/mol
 E_gas                  : -2.2047407758595427E+06 kcal/mol
 E_COSMO-E_gas+dE       : -1.3815021418500692E+01 kcal/mol
 E_diel                 : -1.8741097682544183E+01 kcal/mol
 Averaging corr dE      :  1.1080556917143740E+00 kcal/mol
 EvdW in continuum      : -3.5869582409676792E+02 kcal/mol
 Area                   :  3.4755790236900066E+02 A^2
 Volume                 :  4.0289052007962806E+02 A^3
 Molecular Weight       :  3.7629256400000003E+02 a.m.u.
 Total COSMO charge     :  2.8206111837914350E-03 a.u.
 Dipole moment (t,x,y,z):   7.17471E+00  4.88760E-01  7.15649E+00 -1.49195E-01 Debye                     
 Sigma moments (1-6)    :   6.62526E-14  1.26082E+02  4.57635E+01  2.08980E+02  1.75017E+02  5.52993E+02 
 H-bond moment (accept) :  6.7616750700730961E+00
 H-bond moment (donor)  :  2.3418698075613533E+00


 Reading COSMO information for molecule 2 from file /dbs/AZcosmotherm/AZ_BP_TZVPD-FINE/a/AZ13530968_c1.cosmo
 Reading gas phase energy information for molecule 2 from file /dbs/AZcosmotherm/AZ_BP_TZVPD-FINE/a/AZ13530968_c1.energy

 Compound Information for compound 1 conformer 2 (COSMO file /dbs/AZcosmotherm/AZ_BP_TZVPD-FINE/a/AZ13530968_c1.cosmo)
 Atomic weights         : 111111111111111111111111111111111111111111111
 E_COSMO+dE             : -2.2047512413992281E+06 kcal/mol
 E_gas                  : -2.2047383753013550E+06 kcal/mol
 E_COSMO-E_gas+dE       : -1.2866097873076797E+01 kcal/mol
 E_diel                 : -1.7660782740455844E+01 kcal/mol
 Averaging corr dE      :  1.0676646047629947E+00 kcal/mol
 EvdW in continuum      : -3.5141710084911767E+02 kcal/mol
 Area                   :  3.4092533972000086E+02 A^2
 Volume                 :  4.0306834173301530E+02 A^3
 Molecular Weight       :  3.7629256400000003E+02 a.m.u.
 Total COSMO charge     :  3.0803784690760063E-03 a.u.
 Dipole moment (t,x,y,z):   7.74371E+00 -4.36480E+00 -6.19843E+00  1.57892E+00 Debye                     
 Sigma moments (1-6)    :   1.61537E-14  1.15954E+02  3.55562E+01  1.85701E+02  1.44749E+02  4.84586E+02 
 H-bond moment (accept) :  5.5908276593953437E+00
 H-bond moment (donor)  :  2.1977940140201802E+00


 Reading COSMO information for molecule 3 from file /dbs/AZcosmotherm/AZ_BP_TZVPD-FINE/a/AZ13530968_c2.cosmo
 Reading gas phase energy information for molecule 3 from file /dbs/AZcosmotherm/AZ_BP_TZVPD-FINE/a/AZ13530968_c2.energy

 Compound Information for compound 1 conformer 3 (COSMO file /dbs/AZcosmotherm/AZ_BP_TZVPD-FINE/a/AZ13530968_c2.cosmo)
 Atomic weights         : 111111111111111111111111111111111111111111111
 E_COSMO+dE             : -2.2047494696116853E+06 kcal/mol
 E_gas                  : -2.2047358857822344E+06 kcal/mol
 E_COSMO-E_gas+dE       : -1.3583829450886697E+01 kcal/mol
 E_diel                 : -1.8510678826816303E+01 kcal/mol
 Averaging corr dE      :  1.0973693821534591E+00 kcal/mol
 EvdW in continuum      : -3.5676861025593655E+02 kcal/mol
 Area                   :  3.4596571778000055E+02 A^2
 Volume                 :  4.0336322930821598E+02 A^3
 Molecular Weight       :  3.7629256400000003E+02 a.m.u.
 Total COSMO charge     :  2.4033856911052707E-03 a.u.
 Dipole moment (t,x,y,z):   7.34088E+00 -4.69042E+00 -5.64665E+00 -6.21380E-02 Debye                     
 Sigma moments (1-6)    :   7.86905E-14  1.23492E+02  4.46705E+01  2.02476E+02  1.74512E+02  5.37388E+02 
 H-bond moment (accept) :  6.4082977499049703E+00
 H-bond moment (donor)  :  2.1788107554402876E+00


 Reading COSMO information for molecule 4 from file /apps/cosmologic/COSMOthermX17/COSMOtherm/DATABASE-COSMO/BP-TZVPD-FINE/a/acetonitrile_c0.cosmo
 Reading gas phase energy information for molecule 4 from file /apps/cosmologic/COSMOthermX17/COSMOtherm/DATABASE-COSMO/BP-TZVPD-FINE/a/acetonitrile_c0.energy
 Reading vapor pressure and property information for compound 2 from file /apps/cosmologic/COSMOthermX17/COSMOtherm/DATABASE-COSMO/BP-TZVPD-FINE/a/acetonitrile.vap
 Free energy of fusion for pure compound 2 (DGFUS = 0.0000000000000000E+00 kcal/mol)
 Enthalpy of fusion for pure compound 2 (DHFUS = 1.9519598470363286E+00 kcal/mol)
 Vapor Pressure [mbar] / Temperature [°C] input for compound 2:
               10.0000           -20.0000
              100.0000            21.4000
             1000.0000            81.2000
 Antoine equation coefficients (in [mbar]/[K]) for compound 2:        17.2694      3407.9411       -25.4500
 Minimum interpolative temperature for vapor pressure estimation of compound 2:     253.150 K
 Maximum interpolative temperature for vapor pressure estimation of compound 2:     354.350 K
 UNIQUAC volume parameter for compound 2 (UNIQUAC_RI = 1.8701000000000001E+00)
 UNIQUAC surface parameter for compound 2 (UNIQUAC_QI = 1.7240000000000000E+00)
 Boiling temperature of compound 2 (TBOIL = 3.5475000000000000E+02 K)
 Melting temperature of compound 2 (TMELT = 2.2934999999999997E+02 K)
 Experimental dielectric constant for molecule 4   EPSILON = 3.5700000000000003E+01
 Critical temperature of compound 2 (TCRIT = 5.4550000000000000E+02 K)
 Critical pressure of compound 2 (PCRIT = 4.8332000000000000E+04 mbar)

 Compound Information for compound 2 (COSMO file /apps/cosmologic/COSMOthermX17/COSMOtherm/DATABASE-COSMO/BP-TZVPD-FINE/a/acetonitrile_c0.cosmo)
 Atomic weights         : 111111
 E_COSMO+dE             : -8.3347938545393685E+04 kcal/mol
 E_gas                  : -8.3340820430113643E+04 kcal/mol
 E_COSMO-E_gas+dE       : -7.1181152800418204E+00 kcal/mol
 E_diel                 : -9.4574601138442667E+00 kcal/mol
 Averaging corr dE      :  1.9864655448352808E-01 kcal/mol
 EvdW in continuum      : -8.8396234890715590E+01 kcal/mol
 Area                   :  8.3321078339999985E+01 A^2
 Volume                 :  6.5468005388761256E+01 A^3
 Molecular Weight       :  4.1052121000000000E+01 a.m.u.
 Total COSMO charge     : -2.6095680434652381E-04 a.u.
 Dipole moment (t,x,y,z):   5.19050E+00  5.13401E+00 -5.47709E-01  5.32174E-01 Debye                     
 Sigma moments (1-6)    :   3.18495E-15  4.83662E+01  1.70533E+01  4.98537E+01  3.48782E+01  6.62149E+01 
 H-bond moment (accept) :  9.1378138063189096E-01
 H-bond moment (donor)  :  0.0000000000000000E+00


 Total number of processed compounds:    2
 Total number of processed molecules:    4


----------------
 START job     1
----------------

 ----------------------------------------------------
 Automatic computation of solubities in compound    2
 Computing liquid-liquid solubilities: Heats of fusion are assumed to be zero
 Computing heat of fusion from given reference solubility of AZ13530968         
 Reference solubility in given solvent =  1.161E-03 [g/g]   
 log(x_Ref) =   -3.898
 ----------------------------------------------------



 Results for mixture 1
 ---------------------
 Temperature          :    300.150 K

 Compound Nr.         :                       1                      2
 Compound             :  AZ13530968             acetonitrile          
 Mole Fraction        :  1.0000000000000000E+00 0.0000000000000000E+00

 Compound:  1  (AZ13530968)
 Mole Fraction of the compound in the mixture      :  1.0000000000000000E+00
 Chemical potential of the compound in the mixture : -7.1710377574966913E+00 kcal/mol
 Log10(partial pressure [mbar])                    : -1.0164398645559938E+01
 Free energy of molecule in mix (E_COSMO+dE+Mu)    : -2.2047617619187185E+06 kcal/mol
 Total mean interaction energy in the mix (H_int)  : -1.8434460779094859E+01 kcal/mol
 Misfit interaction energy in the mix (H_MF)       :  5.3767897493174202E+00 kcal/mol
 H-Bond interaction energy in the mix (H_HB)       : -3.0728051661645113E+00 kcal/mol
 VdW interaction energy in the mix (H_vdW)         : -2.0754257339033753E+01 kcal/mol
 Ring correction                                   : -2.2232394000000002E+00 kcal/mol




 Results for mixture 2
 ---------------------
 Temperature          :    300.150 K

 Compound Nr.         :                       1                      2
 Compound             :  AZ13530968             acetonitrile          
 Mole Fraction        :  0.0000000000000000E+00 1.0000000000000000E+00

 Compound:  2  (acetonitrile)
 Mole Fraction of the compound in the mixture      :  1.0000000000000000E+00
 Chemical potential of the compound in the mixture :  2.6567397797533471E-01 kcal/mol
 Log10(partial pressure [mbar])                    :  1.7375644868625693E+00
 Free energy of molecule in mix (E_COSMO+dE+Mu)    : -8.3347672871415707E+04 kcal/mol
 Total mean interaction energy in the mix (H_int)  : -1.0841723643256258E+00 kcal/mol
 Misfit interaction energy in the mix (H_MF)       :  1.8629126260183699E+00 kcal/mol
 H-Bond interaction energy in the mix (H_HB)       :  2.0021207053077882E-02 kcal/mol
 VdW interaction energy in the mix (H_vdW)         : -2.9671061973970736E+00 kcal/mol
 Ring correction                                   :  0.0000000000000000E+00 kcal/mol




 Results for mixture 3
 ---------------------
 Temperature          :    298.150 K

 Compound Nr.         :                       1                      2
 Compound             :  AZ13530968             acetonitrile          
 Mole Fraction        :  0.0000000000000000E+00 1.0000000000000000E+00

 Compound:  1  (AZ13530968)
 Mole Fraction of the compound in the mixture      :  0.0000000000000000E+00
 Chemical potential of the compound in the mixture : -6.1282935479464618E+00 kcal/mol
 Log10(partial pressure [mbar])                    : -9.5122005705152333E+00
 Free energy of molecule in mix (E_COSMO+dE+Mu)    : -2.2047607191745089E+06 kcal/mol
 Total mean interaction energy in the mix (H_int)  : -9.7598832816126500E+00 kcal/mol
 Misfit interaction energy in the mix (H_MF)       :  7.8459114287326601E+00 kcal/mol
 H-Bond interaction energy in the mix (H_HB)       : -5.8868605824488129E-01 kcal/mol
 VdW interaction energy in the mix (H_vdW)         : -1.7033650910559569E+01 kcal/mol
 Ring correction                                   : -2.2232394000000002E+00 kcal/mol

 Compound:  2  (acetonitrile)
 Mole Fraction of the compound in the mixture      :  1.0000000000000000E+00
 Chemical potential of the compound in the mixture :  2.5663918125511248E-01 kcal/mol
 Log10(partial pressure [mbar])                    :  1.6989034461176493E+00
 Free energy of molecule in mix (E_COSMO+dE+Mu)    : -8.3347681906212427E+04 kcal/mol
 Total mean interaction energy in the mix (H_int)  : -1.0962440867010184E+00 kcal/mol
 Misfit interaction energy in the mix (H_MF)       :  1.8556498028827046E+00 kcal/mol
 H-Bond interaction energy in the mix (H_HB)       :  2.0003831782342676E-02 kcal/mol
 VdW interaction energy in the mix (H_vdW)         : -2.9718977213660658E+00 kcal/mol
 Ring correction                                   :  0.0000000000000000E+00 kcal/mol




 Results for mixture 4
 ---------------------
 Temperature          :    300.150 K

 Compound Nr.         :                       1                      2
 Compound             :  AZ13530968             acetonitrile          
 Mole Fraction        :  1.2661455524715502E-04 9.9987338544475279E-01

 Compound:  1  (AZ13530968)
 Mole Fraction of the compound in the mixture      :  1.2661455524715502E-04
 Chemical potential of the compound in the mixture : -6.0420023869612764E+00 kcal/mol
 Log10(partial pressure [mbar])                    : -9.3423242039346093E+00
 Free energy of molecule in mix (E_COSMO+dE+Mu)    : -2.2047606328833480E+06 kcal/mol
 Total mean interaction energy in the mix (H_int)  : -9.6812176452372167E+00 kcal/mol
 Misfit interaction energy in the mix (H_MF)       :  7.8966298464632709E+00 kcal/mol
 H-Bond interaction energy in the mix (H_HB)       : -5.8509749499646779E-01 kcal/mol
 VdW interaction energy in the mix (H_vdW)         : -1.7010104799969703E+01 kcal/mol
 Ring correction                                   : -2.2232394000000002E+00 kcal/mol
 Log10(x_Solubility)                               : -3.8975163661972489E+00
 w_Solubility [g(Solute)/g(Solution)]              :  1.1607231898218856E-03

 Compound:  2  (acetonitrile)
 Mole Fraction of the compound in the mixture      :  9.9987338544475279E-01
 Chemical potential of the compound in the mixture :  2.6567255103265314E-01 kcal/mol
 Log10(partial pressure [mbar])                    :  1.7375634478755377E+00
 Free energy of molecule in mix (E_COSMO+dE+Mu)    : -8.3347672872842653E+04 kcal/mol
 Total mean interaction energy in the mix (H_int)  : -1.0848531998283846E+00 kcal/mol
 Misfit interaction energy in the mix (H_MF)       :  1.8628718049283479E+00 kcal/mol
 H-Bond interaction energy in the mix (H_HB)       :  1.9938780916043990E-02 kcal/mol
 VdW interaction energy in the mix (H_vdW)         : -2.9676637856727766E+00 kcal/mol
 Ring correction                                   :  0.0000000000000000E+00 kcal/mol
 Log10(x_Solubility)                               :  0.0000000000000000E+00


----------------
 END job       1
----------------
